rank: 3, PID: 2173128
rank: 0, PID: 2173125
rank: 2, PID: 2173127
rank: 1, PID: 2173126
rank: 1, PID: 2174847
rank: 2, PID: 2174848
rank: 0, PID: 2174846
rank: 3, PID: 2174849
rank: 0, PID: 2175306
rank: 3, PID: 2175309
rank: 2, PID: 2175308
rank: 1, PID: 2175307
Tokenizer in 6.2086 seconds.
Train nodes: 2304, Val nodes: 3943, Test nodes: 3944

Number of parameters: 138702467
LM start time: 2025-04-11 18:16:28.321
Start running train at 04-11 18:16:28

Number of parameters: 138702467
LM start time: 2025-04-11 18:16:28.393
Start running train at 04-11 18:16:28
Created directory lm_workloads/exps_lm/pubmed/microsoft/deberta-base-seed0/

Number of parameters: 138702467
LM start time: 2025-04-11 18:16:28.818
Start running train at 04-11 18:16:28

Number of parameters: 138702467
LM start time: 2025-04-11 18:16:28.875
Start running train at 04-11 18:16:28
[2025-04-11 18:16:29,158] [INFO] [real_accelerator.py:203:get_accelerator] Setting ds_accelerator to cuda (auto detect)
[2025-04-11 18:16:29,191] [INFO] [real_accelerator.py:203:get_accelerator] Setting ds_accelerator to cuda (auto detect)
[2025-04-11 18:16:29,638] [INFO] [real_accelerator.py:203:get_accelerator] Setting ds_accelerator to cuda (auto detect)
[2025-04-11 18:16:29,703] [INFO] [real_accelerator.py:203:get_accelerator] Setting ds_accelerator to cuda (auto detect)
DDP-DDP-DDP-DDP-DDP-DDP-DDP
DDP-DDP-DDP-DDP-DDP-DDP-DDP
DDP-DDP-DDP-DDP-DDP-DDP-DDP
DDP-DDP-DDP-DDP-DDP-DDP-DDP
Rank 0, Iter 2/48: Loss = 1.2914, Iter Time = 0.8112s.
Rank 0, Iter 3/48: Loss = 1.1956, Iter Time = 0.8139s.
Rank 0, Iter 4/48: Loss = 1.2199, Iter Time = 0.8027s.
Rank 0, Iter 5/48: Loss = 1.2783, Iter Time = 0.6148s.
Rank 0, Iter 6/48: Loss = 1.3730, Iter Time = 0.6158s.
Rank 0, Iter 7/48: Loss = 1.4142, Iter Time = 0.6163s.
Rank 0, Iter 8/48: Loss = 1.2791, Iter Time = 0.6165s.
Rank 0, Iter 9/48: Loss = 1.1967, Iter Time = 0.4213s.
Rank 0, Iter 10/48: Loss = 1.1001, Iter Time = 0.4214s.
Rank 0, Iter 11/48: Loss = 1.0616, Iter Time = 0.4314s.
Rank 0, Iter 12/48: Loss = 1.1075, Iter Time = 0.4287s.
Rank 0, Iter 13/48: Loss = 1.0664, Iter Time = 0.2330s.
Rank 0, Iter 14/48: Loss = 1.1385, Iter Time = 0.2489s.
Rank 0, Iter 15/48: Loss = 1.0811, Iter Time = 0.2605s.
Rank 0, Iter 16/48: Loss = 1.0865, Iter Time = 0.4291s.
Rank 0, Iter 17/48: Loss = 1.0857, Iter Time = 0.8498s.
Rank 0, Iter 18/48: Loss = 1.0957, Iter Time = 0.8370s.
Rank 0, Iter 19/48: Loss = 1.2212, Iter Time = 0.8357s.
Rank 0, Iter 20/48: Loss = 1.1146, Iter Time = 0.8370s.
Rank 0, Iter 21/48: Loss = 1.0962, Iter Time = 0.6219s.
Rank 0, Iter 22/48: Loss = 1.4145, Iter Time = 0.6192s.
Rank 0, Iter 23/48: Loss = 1.2892, Iter Time = 0.6215s.
Rank 0, Iter 24/48: Loss = 1.2351, Iter Time = 0.6218s.
Rank 0, Iter 25/48: Loss = 1.1701, Iter Time = 0.4258s.
Rank 0, Iter 26/48: Loss = 1.2235, Iter Time = 0.4255s.
Rank 0, Iter 27/48: Loss = 1.1547, Iter Time = 0.4262s.
Rank 0, Iter 28/48: Loss = 1.0750, Iter Time = 0.4250s.
Rank 0, Iter 29/48: Loss = 1.0587, Iter Time = 0.2293s.
Rank 0, Iter 30/48: Loss = 1.0929, Iter Time = 0.2377s.
Rank 0, Iter 31/48: Loss = 1.0908, Iter Time = 0.2499s.
Rank 0, Iter 32/48: Loss = 1.0884, Iter Time = 0.4185s.
Rank 0, Iter 33/48: Loss = 1.0895, Iter Time = 0.8328s.
Rank 0, Iter 34/48: Loss = 1.0785, Iter Time = 0.8189s.
Rank 0, Iter 35/48: Loss = 1.1161, Iter Time = 0.8199s.
Rank 0, Iter 36/48: Loss = 1.1002, Iter Time = 0.8207s.
Rank 0, Iter 37/48: Loss = 1.0739, Iter Time = 0.6221s.
Rank 0, Iter 38/48: Loss = 1.0195, Iter Time = 0.6232s.
Rank 0, Iter 39/48: Loss = 1.0801, Iter Time = 0.6232s.
Rank 0, Iter 40/48: Loss = 1.0564, Iter Time = 0.6237s.
Rank 0, Iter 41/48: Loss = 1.0704, Iter Time = 0.4261s.
Rank 0, Iter 42/48: Loss = 1.0383, Iter Time = 0.4270s.
Rank 0, Iter 43/48: Loss = 1.0133, Iter Time = 0.4275s.
Rank 0, Iter 44/48: Loss = 1.0667, Iter Time = 0.4276s.
Rank 0, Iter 45/48: Loss = 1.0213, Iter Time = 0.2310s.
Rank 0, Iter 46/48: Loss = 1.0543, Iter Time = 0.2367s.
Rank 0, Iter 47/48: Loss = 1.0336, Iter Time = 0.2524s.
Rank 0, Iter 48/48: Loss = 1.0369, Iter Time = 0.4434s.
rank: 0, PID: 2183817
rank: 3, PID: 2183820
rank: 2, PID: 2183819
rank: 1, PID: 2183818
Tokenizer in 6.3445 seconds.
Train nodes: 11830, Val nodes: 3943, Test nodes: 3944

Number of parameters: 138702467
LM start time: 2025-04-11 18:26:25.261
Start running train at 04-11 18:26:25

Number of parameters: 138702467
LM start time: 2025-04-11 18:26:25.441
Start running train at 04-11 18:26:25

Number of parameters: 138702467
LM start time: 2025-04-11 18:26:25.635
Start running train at 04-11 18:26:25

Number of parameters: 138702467
LM start time: 2025-04-11 18:26:25.977
Start running train at 04-11 18:26:25
[2025-04-11 18:26:26,038] [INFO] [real_accelerator.py:203:get_accelerator] Setting ds_accelerator to cuda (auto detect)
[2025-04-11 18:26:26,279] [INFO] [real_accelerator.py:203:get_accelerator] Setting ds_accelerator to cuda (auto detect)
[2025-04-11 18:26:26,323] [INFO] [real_accelerator.py:203:get_accelerator] Setting ds_accelerator to cuda (auto detect)
[2025-04-11 18:26:26,714] [INFO] [real_accelerator.py:203:get_accelerator] Setting ds_accelerator to cuda (auto detect)
DDP-DDP-DDP-DDP-DDP-DDP-DDP
DDP-DDP-DDP-DDP-DDP-DDP-DDP
DDP-DDP-DDP-DDP-DDP-DDP-DDP
DDP-DDP-DDP-DDP-DDP-DDP-DDP
Rank 0, Iter 2/246: Loss = 1.2914, Iter Time = 0.8184s.
Rank 0, Iter 3/246: Loss = 1.1956, Iter Time = 0.8251s.
Rank 0, Iter 4/246: Loss = 1.2199, Iter Time = 0.8108s.
Rank 0, Iter 5/246: Loss = 1.2774, Iter Time = 0.8198s.
Step 5 - Eval Accuracy: 0.3929

Step 5 - Eval Accuracy: 0.3929

Step 5 - Eval Accuracy: 0.3929

Step 5 - Eval Accuracy: 0.3929

rank: 0, PID: 2310058
rank: 1, PID: 2310059
rank: 3, PID: 2310061
rank: 2, PID: 2310060
Tokenizer in 5.9207 seconds.
Train nodes: 11830, Val nodes: 3943, Test nodes: 3944

Number of parameters: 138702467
LM start time: 2025-04-12 04:04:12.044

Number of parameters: 138702467
Start running train at 04-12 04:04:12
LM start time: 2025-04-12 04:04:12.074
Start running train at 04-12 04:04:12

Number of parameters: 138702467
LM start time: 2025-04-12 04:04:12.203
Start running train at 04-12 04:04:12

Number of parameters: 138702467
LM start time: 2025-04-12 04:04:12.418
Start running train at 04-12 04:04:12
[2025-04-12 04:04:13,027] [INFO] [real_accelerator.py:203:get_accelerator] Setting ds_accelerator to cuda (auto detect)
[2025-04-12 04:04:13,055] [INFO] [real_accelerator.py:203:get_accelerator] Setting ds_accelerator to cuda (auto detect)
[2025-04-12 04:04:13,074] [INFO] [real_accelerator.py:203:get_accelerator] Setting ds_accelerator to cuda (auto detect)
[2025-04-12 04:04:13,171] [INFO] [real_accelerator.py:203:get_accelerator] Setting ds_accelerator to cuda (auto detect)
DDP-DDP-DDP-DDP-DDP-DDP-DDP
DDP-DDP-DDP-DDP-DDP-DDP-DDP
DDP-DDP-DDP-DDP-DDP-DDP-DDP
DDP-DDP-DDP-DDP-DDP-DDP-DDP
Rank 0, Iter 1/246: Iter Time = 1.4448s.
{'loss': 1.2914, 'grad_norm': 5.437707424163818, 'learning_rate': 1.991869918699187e-05, 'epoch': 0.012195121951219513}
Rank 0, Iter 2/246: Iter Time = 0.8183s.
{'loss': 1.1956, 'grad_norm': inf, 'learning_rate': 1.991869918699187e-05, 'epoch': 0.024390243902439025}
Rank 0, Iter 3/246: Iter Time = 0.8246s.
{'loss': 1.2199, 'grad_norm': 13.850326538085938, 'learning_rate': 1.983739837398374e-05, 'epoch': 0.036585365853658534}
Rank 0, Iter 4/246: Iter Time = 0.8122s.
{'loss': 1.2774, 'grad_norm': inf, 'learning_rate': 1.983739837398374e-05, 'epoch': 0.04878048780487805}
Rank 0, Iter 5/246: Iter Time = 0.8211s.
{'loss': 1.5026, 'grad_norm': 9.188579559326172, 'learning_rate': 1.975609756097561e-05, 'epoch': 0.06097560975609756}
{'eval_loss': 1.515424370765686, 'eval_accuracy': 0.39287551440329216, 'eval_runtime': 13.2826, 'eval_samples_per_second': 593.784, 'eval_steps_per_second': 2.108, 'epoch': 0.06097560975609756}Step 5 - Eval Accuracy: 0.3929


Step 5 - Eval Accuracy: 0.3929

Step 5 - Eval Accuracy: 0.3929

Step 5 - Eval Accuracy: 0.3929

Rank 0, Iter 6/246: Iter Time = 0.8303s.
{'loss': 1.4233, 'grad_norm': 8.524462699890137, 'learning_rate': 1.9674796747967483e-05, 'epoch': 0.07317073170731707}
Rank 0, Iter 7/246: Iter Time = 0.8314s.
{'loss': 1.4209, 'grad_norm': 2.99967360496521, 'learning_rate': 1.959349593495935e-05, 'epoch': 0.08536585365853659}
Rank 0, Iter 8/246: Iter Time = 0.8314s.
{'loss': 1.3773, 'grad_norm': 8.944149017333984, 'learning_rate': 1.9512195121951222e-05, 'epoch': 0.0975609756097561}
Rank 0, Iter 9/246: Iter Time = 0.8275s.
{'loss': 1.1673, 'grad_norm': 9.750879287719727, 'learning_rate': 1.943089430894309e-05, 'epoch': 0.10975609756097561}
Rank 0, Iter 10/246: Iter Time = 0.8272s.
{'loss': 1.1299, 'grad_norm': 10.956579208374023, 'learning_rate': 1.934959349593496e-05, 'epoch': 0.12195121951219512}
Step 10 - Eval Accuracy: 0.3430

{'eval_loss': 1.139218807220459, 'eval_accuracy': 0.3429783950617284, 'eval_runtime': 13.5091, 'eval_samples_per_second': 583.828, 'eval_steps_per_second': 2.073, 'epoch': 0.12195121951219512}
Step 10 - Eval Accuracy: 0.3430

Step 10 - Eval Accuracy: 0.3430

Step 10 - Eval Accuracy: 0.3430

Rank 0, Iter 11/246: Iter Time = 0.8421s.
{'loss': 1.141, 'grad_norm': 6.98246955871582, 'learning_rate': 1.926829268292683e-05, 'epoch': 0.13414634146341464}
Rank 0, Iter 12/246: Iter Time = 0.8379s.
{'loss': 1.1084, 'grad_norm': 4.949281215667725, 'learning_rate': 1.91869918699187e-05, 'epoch': 0.14634146341463414}
Rank 0, Iter 13/246: Iter Time = 0.8381s.
{'loss': 1.0802, 'grad_norm': 7.881821632385254, 'learning_rate': 1.9105691056910573e-05, 'epoch': 0.15853658536585366}
Rank 0, Iter 14/246: Iter Time = 0.8363s.
{'loss': 1.0544, 'grad_norm': 3.560607433319092, 'learning_rate': 1.902439024390244e-05, 'epoch': 0.17073170731707318}
Rank 0, Iter 15/246: Iter Time = 0.8393s.
{'loss': 1.0977, 'grad_norm': 5.565468788146973, 'learning_rate': 1.8943089430894312e-05, 'epoch': 0.18292682926829268}
Step 15 - Eval Accuracy: 0.4064

{'eval_loss': 1.0999715328216553, 'eval_accuracy': 0.4063786008230453, 'eval_runtime': 13.8364, 'eval_samples_per_second': 570.019, 'eval_steps_per_second': 2.024, 'epoch': 0.18292682926829268}
Step 15 - Eval Accuracy: 0.4064

Step 15 - Eval Accuracy: 0.4064

Step 15 - Eval Accuracy: 0.4064

Rank 0, Iter 16/246: Iter Time = 0.8447s.
{'loss': 1.1005, 'grad_norm': 4.755149841308594, 'learning_rate': 1.886178861788618e-05, 'epoch': 0.1951219512195122}
Rank 0, Iter 17/246: Iter Time = 0.8437s.
{'loss': 1.1207, 'grad_norm': 8.501997947692871, 'learning_rate': 1.878048780487805e-05, 'epoch': 0.2073170731707317}
Rank 0, Iter 18/246: Iter Time = 0.8448s.
{'loss': 1.0428, 'grad_norm': 3.859923839569092, 'learning_rate': 1.869918699186992e-05, 'epoch': 0.21951219512195122}
Rank 0, Iter 19/246: Iter Time = 0.8454s.
{'loss': 1.0521, 'grad_norm': 6.82063627243042, 'learning_rate': 1.861788617886179e-05, 'epoch': 0.23170731707317074}
Rank 0, Iter 20/246: Iter Time = 0.8457s.
{'loss': 1.0638, 'grad_norm': 3.8542044162750244, 'learning_rate': 1.8536585365853663e-05, 'epoch': 0.24390243902439024}
Step 20 - Eval Accuracy: 0.4474
{'eval_loss': 1.0692590475082397, 'eval_accuracy': 0.4474022633744856, 'eval_runtime': 13.0113, 'eval_samples_per_second': 606.166, 'eval_steps_per_second': 2.152, 'epoch': 0.24390243902439024}Step 20 - Eval Accuracy: 0.4474



Step 20 - Eval Accuracy: 0.4474

Step 20 - Eval Accuracy: 0.4474

Rank 0, Iter 21/246: Iter Time = 0.7346s.
{'loss': 1.315, 'grad_norm': 7.621103763580322, 'learning_rate': 1.845528455284553e-05, 'epoch': 0.25609756097560976}
Rank 0, Iter 22/246: Iter Time = 0.6259s.
{'loss': 1.4915, 'grad_norm': 17.612071990966797, 'learning_rate': 1.83739837398374e-05, 'epoch': 0.2682926829268293}
Rank 0, Iter 23/246: Iter Time = 0.6284s.
{'loss': 1.2424, 'grad_norm': 8.088740348815918, 'learning_rate': 1.829268292682927e-05, 'epoch': 0.2804878048780488}
Rank 0, Iter 24/246: Iter Time = 0.6310s.
{'loss': 1.2598, 'grad_norm': 11.266502380371094, 'learning_rate': 1.821138211382114e-05, 'epoch': 0.2926829268292683}
Rank 0, Iter 25/246: Iter Time = 0.6304s.
{'loss': 1.1178, 'grad_norm': 5.800511837005615, 'learning_rate': 1.813008130081301e-05, 'epoch': 0.3048780487804878}
{'eval_loss': 1.1301007270812988, 'eval_accuracy': 0.4255401234567901, 'eval_runtime': 13.4163, 'eval_samples_per_second': 587.865, 'eval_steps_per_second': 2.087, 'epoch': 0.3048780487804878}Step 25 - Eval Accuracy: 0.4255


Step 25 - Eval Accuracy: 0.4255

Step 25 - Eval Accuracy: 0.4255

Step 25 - Eval Accuracy: 0.4255

Rank 0, Iter 26/246: Iter Time = 0.6331s.
{'loss': 1.1246, 'grad_norm': 9.169061660766602, 'learning_rate': 1.804878048780488e-05, 'epoch': 0.3170731707317073}
Rank 0, Iter 27/246: Iter Time = 0.6334s.
{'loss': 1.1568, 'grad_norm': 8.850449562072754, 'learning_rate': 1.796747967479675e-05, 'epoch': 0.32926829268292684}
Rank 0, Iter 28/246: Iter Time = 0.6306s.
{'loss': 1.1152, 'grad_norm': 5.195247650146484, 'learning_rate': 1.788617886178862e-05, 'epoch': 0.34146341463414637}
Rank 0, Iter 29/246: Iter Time = 0.6298s.
{'loss': 1.1237, 'grad_norm': 3.6195218563079834, 'learning_rate': 1.7804878048780488e-05, 'epoch': 0.35365853658536583}
Rank 0, Iter 30/246: Iter Time = 0.6300s.
{'loss': 1.0953, 'grad_norm': 3.431577444076538, 'learning_rate': 1.772357723577236e-05, 'epoch': 0.36585365853658536}
{'eval_loss': 1.1371630430221558, 'eval_accuracy': 0.439429012345679, 'eval_runtime': 13.478, 'eval_samples_per_second': 585.177, 'eval_steps_per_second': 2.077, 'epoch': 0.36585365853658536}Step 30 - Eval Accuracy: 0.4394


Step 30 - Eval Accuracy: 0.4394
Step 30 - Eval Accuracy: 0.4394

Step 30 - Eval Accuracy: 0.4394


Rank 0, Iter 31/246: Iter Time = 0.6316s.
{'loss': 1.0783, 'grad_norm': 4.083265781402588, 'learning_rate': 1.7642276422764227e-05, 'epoch': 0.3780487804878049}
Rank 0, Iter 32/246: Iter Time = 0.6287s.
{'loss': 1.0739, 'grad_norm': 10.588098526000977, 'learning_rate': 1.75609756097561e-05, 'epoch': 0.3902439024390244}
Rank 0, Iter 33/246: Iter Time = 0.6293s.
{'loss': 1.0953, 'grad_norm': 5.001230716705322, 'learning_rate': 1.747967479674797e-05, 'epoch': 0.4024390243902439}
Rank 0, Iter 34/246: Iter Time = 0.6276s.
{'loss': 1.0504, 'grad_norm': 3.4525625705718994, 'learning_rate': 1.739837398373984e-05, 'epoch': 0.4146341463414634}
Rank 0, Iter 35/246: Iter Time = 0.6288s.
{'loss': 1.0763, 'grad_norm': 3.9057576656341553, 'learning_rate': 1.7317073170731708e-05, 'epoch': 0.4268292682926829}
Step 35 - Eval Accuracy: 0.4511
{'eval_loss': 1.1484495401382446, 'eval_accuracy': 0.45113168724279834, 'eval_runtime': 13.8513, 'eval_samples_per_second': 569.406, 'eval_steps_per_second': 2.021, 'epoch': 0.4268292682926829}

Step 35 - Eval Accuracy: 0.4511

Step 35 - Eval Accuracy: 0.4511

Step 35 - Eval Accuracy: 0.4511

Rank 0, Iter 36/246: Iter Time = 0.6282s.
{'loss': 1.0356, 'grad_norm': 4.339649677276611, 'learning_rate': 1.7235772357723578e-05, 'epoch': 0.43902439024390244}
Rank 0, Iter 37/246: Iter Time = 0.6287s.
{'loss': 1.0632, 'grad_norm': 6.407727241516113, 'learning_rate': 1.7154471544715447e-05, 'epoch': 0.45121951219512196}
Rank 0, Iter 38/246: Iter Time = 0.6288s.
{'loss': 1.0777, 'grad_norm': 9.049107551574707, 'learning_rate': 1.7073170731707317e-05, 'epoch': 0.4634146341463415}
Rank 0, Iter 39/246: Iter Time = 0.6288s.
{'loss': 1.0468, 'grad_norm': 4.1044602394104, 'learning_rate': 1.699186991869919e-05, 'epoch': 0.47560975609756095}
Rank 0, Iter 40/246: Iter Time = 0.6289s.
{'loss': 1.0498, 'grad_norm': 3.393775224685669, 'learning_rate': 1.691056910569106e-05, 'epoch': 0.4878048780487805}
{'eval_loss': 1.0992858409881592, 'eval_accuracy': 0.45164609053497945, 'eval_runtime': 13.3519, 'eval_samples_per_second': 590.702, 'eval_steps_per_second': 2.097, 'epoch': 0.4878048780487805}Step 40 - Eval Accuracy: 0.4516

Step 40 - Eval Accuracy: 0.4516


Step 40 - Eval Accuracy: 0.4516

Step 40 - Eval Accuracy: 0.4516

Rank 0, Iter 41/246: Iter Time = 0.6377s.
{'loss': 1.0306, 'grad_norm': 2.250180244445801, 'learning_rate': 1.682926829268293e-05, 'epoch': 0.5}
Rank 0, Iter 42/246: Iter Time = 0.4315s.
{'loss': 1.1323, 'grad_norm': 7.417017459869385, 'learning_rate': 1.6747967479674798e-05, 'epoch': 0.5121951219512195}
Rank 0, Iter 43/246: Iter Time = 0.4340s.
{'loss': 1.096, 'grad_norm': 8.031631469726562, 'learning_rate': 1.6666666666666667e-05, 'epoch': 0.524390243902439}
Rank 0, Iter 44/246: Iter Time = 0.4330s.
{'loss': 1.0447, 'grad_norm': 2.486274003982544, 'learning_rate': 1.6585365853658537e-05, 'epoch': 0.5365853658536586}
Rank 0, Iter 45/246: Iter Time = 0.4330s.
{'loss': 1.0484, 'grad_norm': 5.770777702331543, 'learning_rate': 1.6504065040650406e-05, 'epoch': 0.5487804878048781}
Step 45 - Eval Accuracy: 0.4461
{'eval_loss': 1.0661596059799194, 'eval_accuracy': 0.4461162551440329, 'eval_runtime': 13.2951, 'eval_samples_per_second': 593.224, 'eval_steps_per_second': 2.106, 'epoch': 0.5487804878048781}

Step 45 - Eval Accuracy: 0.4461

Step 45 - Eval Accuracy: 0.4461
Step 45 - Eval Accuracy: 0.4461


Rank 0, Iter 46/246: Iter Time = 0.4282s.
{'loss': 1.0342, 'grad_norm': 2.0154614448547363, 'learning_rate': 1.642276422764228e-05, 'epoch': 0.5609756097560976}
Rank 0, Iter 47/246: Iter Time = 0.4262s.
{'loss': 1.0421, 'grad_norm': 3.383199453353882, 'learning_rate': 1.6341463414634145e-05, 'epoch': 0.573170731707317}
Rank 0, Iter 48/246: Iter Time = 0.4268s.
{'loss': 1.0295, 'grad_norm': 5.723187446594238, 'learning_rate': 1.6260162601626018e-05, 'epoch': 0.5853658536585366}
Rank 0, Iter 49/246: Iter Time = 0.4274s.
{'loss': 1.0234, 'grad_norm': 2.2694432735443115, 'learning_rate': 1.6178861788617888e-05, 'epoch': 0.5975609756097561}
Rank 0, Iter 50/246: Iter Time = 0.4286s.
{'loss': 1.0154, 'grad_norm': 3.739637851715088, 'learning_rate': 1.6097560975609757e-05, 'epoch': 0.6097560975609756}
{'eval_loss': 1.0605006217956543, 'eval_accuracy': 0.45627572016460904, 'eval_runtime': 13.3207, 'eval_samples_per_second': 592.085, 'eval_steps_per_second': 2.102, 'epoch': 0.6097560975609756}
Step 50 - Eval Accuracy: 0.4563
Step 50 - Eval Accuracy: 0.4563

Step 50 - Eval Accuracy: 0.4563


Step 50 - Eval Accuracy: 0.4563

Rank 0, Iter 51/246: Iter Time = 0.4309s.
{'loss': 1.0087, 'grad_norm': 6.651076316833496, 'learning_rate': 1.6016260162601627e-05, 'epoch': 0.6219512195121951}
Rank 0, Iter 52/246: Iter Time = 0.4266s.
{'loss': 0.9987, 'grad_norm': 4.471275806427002, 'learning_rate': 1.5934959349593496e-05, 'epoch': 0.6341463414634146}
Rank 0, Iter 53/246: Iter Time = 0.4276s.
{'loss': 1.0117, 'grad_norm': 5.508670806884766, 'learning_rate': 1.585365853658537e-05, 'epoch': 0.6463414634146342}
Rank 0, Iter 54/246: Iter Time = 0.4270s.
{'loss': 0.9978, 'grad_norm': 5.654898643493652, 'learning_rate': 1.5772357723577235e-05, 'epoch': 0.6585365853658537}
Rank 0, Iter 55/246: Iter Time = 0.4283s.
{'loss': 0.9967, 'grad_norm': 7.7509589195251465, 'learning_rate': 1.5691056910569108e-05, 'epoch': 0.6707317073170732}
{'eval_loss': 1.0621947050094604, 'eval_accuracy': 0.45460390946502055, 'eval_runtime': 13.2875, 'eval_samples_per_second': 593.563, 'eval_steps_per_second': 2.107, 'epoch': 0.6707317073170732}Step 55 - Eval Accuracy: 0.4546


Step 55 - Eval Accuracy: 0.4546

Step 55 - Eval Accuracy: 0.4546

Step 55 - Eval Accuracy: 0.4546

Rank 0, Iter 56/246: Iter Time = 0.4301s.
{'loss': 0.9966, 'grad_norm': 7.955747127532959, 'learning_rate': 1.5609756097560978e-05, 'epoch': 0.6829268292682927}
Rank 0, Iter 57/246: Iter Time = 0.4308s.
{'loss': 0.9486, 'grad_norm': 2.889904022216797, 'learning_rate': 1.5528455284552847e-05, 'epoch': 0.6951219512195121}
Rank 0, Iter 58/246: Iter Time = 0.4286s.
{'loss': 0.9578, 'grad_norm': 3.5614242553710938, 'learning_rate': 1.5447154471544717e-05, 'epoch': 0.7073170731707317}
Rank 0, Iter 59/246: Iter Time = 0.4289s.
{'loss': 0.9576, 'grad_norm': 2.8161399364471436, 'learning_rate': 1.5365853658536586e-05, 'epoch': 0.7195121951219512}
Rank 0, Iter 60/246: Iter Time = 0.4291s.
{'loss': 0.9571, 'grad_norm': 5.083670616149902, 'learning_rate': 1.528455284552846e-05, 'epoch': 0.7317073170731707}
{'eval_loss': 1.0526378154754639, 'eval_accuracy': 0.47003600823045266, 'eval_runtime': 13.2484, 'eval_samples_per_second': 595.316, 'eval_steps_per_second': 2.113, 'epoch': 0.7317073170731707}Step 60 - Eval Accuracy: 0.4700


Step 60 - Eval Accuracy: 0.4700

Step 60 - Eval Accuracy: 0.4700

Step 60 - Eval Accuracy: 0.4700

Rank 0, Iter 61/246: Iter Time = 0.4401s.
{'loss': 0.9491, 'grad_norm': 3.815568447113037, 'learning_rate': 1.5203252032520327e-05, 'epoch': 0.7439024390243902}
Rank 0, Iter 62/246: Iter Time = 0.3327s.
{'loss': 1.0597, 'grad_norm': 2.766624927520752, 'learning_rate': 1.5121951219512196e-05, 'epoch': 0.7560975609756098}
Rank 0, Iter 63/246: Iter Time = 0.2365s.
{'loss': 1.0787, 'grad_norm': 3.8932747840881348, 'learning_rate': 1.5040650406504067e-05, 'epoch': 0.7682926829268293}
Rank 0, Iter 64/246: Iter Time = 0.2508s.
{'loss': 1.0738, 'grad_norm': 4.251652717590332, 'learning_rate': 1.4959349593495935e-05, 'epoch': 0.7804878048780488}
Rank 0, Iter 65/246: Iter Time = 0.2619s.
{'loss': 1.0527, 'grad_norm': 2.431886911392212, 'learning_rate': 1.4878048780487806e-05, 'epoch': 0.7926829268292683}
Step 65 - Eval Accuracy: 0.4758

{'eval_loss': 1.052498459815979, 'eval_accuracy': 0.4758230452674897, 'eval_runtime': 13.2801, 'eval_samples_per_second': 593.898, 'eval_steps_per_second': 2.108, 'epoch': 0.7926829268292683}
Step 65 - Eval Accuracy: 0.4758

Step 65 - Eval Accuracy: 0.4758

Step 65 - Eval Accuracy: 0.4758

Rank 0, Iter 66/246: Iter Time = 0.2409s.
{'loss': 1.0515, 'grad_norm': 2.1979634761810303, 'learning_rate': 1.4796747967479676e-05, 'epoch': 0.8048780487804879}
Rank 0, Iter 67/246: Iter Time = 0.2426s.
{'loss': 1.0566, 'grad_norm': 2.65492844581604, 'learning_rate': 1.4715447154471545e-05, 'epoch': 0.8170731707317073}
Rank 0, Iter 68/246: Iter Time = 0.2588s.
{'loss': 1.0516, 'grad_norm': 2.6869142055511475, 'learning_rate': 1.4634146341463415e-05, 'epoch': 0.8292682926829268}
Rank 0, Iter 69/246: Iter Time = 0.2734s.
{'loss': 1.0433, 'grad_norm': 3.687213897705078, 'learning_rate': 1.4552845528455286e-05, 'epoch': 0.8414634146341463}
Rank 0, Iter 70/246: Iter Time = 0.2763s.
{'loss': 1.0456, 'grad_norm': 3.132570743560791, 'learning_rate': 1.4471544715447157e-05, 'epoch': 0.8536585365853658}
{'eval_loss': 1.0471705198287964, 'eval_accuracy': 0.47260802469135804, 'eval_runtime': 13.2821, 'eval_samples_per_second': 593.806, 'eval_steps_per_second': 2.108, 'epoch': 0.8536585365853658}Step 70 - Eval Accuracy: 0.4726

Step 70 - Eval Accuracy: 0.4726


Step 70 - Eval Accuracy: 0.4726

Step 70 - Eval Accuracy: 0.4726

Rank 0, Iter 71/246: Iter Time = 0.2414s.
{'loss': 1.0323, 'grad_norm': 3.3088178634643555, 'learning_rate': 1.4390243902439025e-05, 'epoch': 0.8658536585365854}
Rank 0, Iter 72/246: Iter Time = 0.2451s.
{'loss': 1.0243, 'grad_norm': 1.5384418964385986, 'learning_rate': 1.4308943089430896e-05, 'epoch': 0.8780487804878049}
Rank 0, Iter 73/246: Iter Time = 0.2625s.
{'loss': 1.0115, 'grad_norm': 2.3000283241271973, 'learning_rate': 1.4227642276422766e-05, 'epoch': 0.8902439024390244}
Rank 0, Iter 74/246: Iter Time = 0.2726s.
{'loss': 1.0063, 'grad_norm': 2.002753496170044, 'learning_rate': 1.4146341463414635e-05, 'epoch': 0.9024390243902439}
Rank 0, Iter 75/246: Iter Time = 0.2752s.
{'loss': 1.024, 'grad_norm': 6.029549598693848, 'learning_rate': 1.4065040650406505e-05, 'epoch': 0.9146341463414634}
{'eval_loss': 1.0503484010696411, 'eval_accuracy': 0.4723508230452675, 'eval_runtime': 13.2782, 'eval_samples_per_second': 593.983, 'eval_steps_per_second': 2.109, 'epoch': 0.9146341463414634}Step 75 - Eval Accuracy: 0.4724


Step 75 - Eval Accuracy: 0.4724

Step 75 - Eval Accuracy: 0.4724

Step 75 - Eval Accuracy: 0.4724

Rank 0, Iter 76/246: Iter Time = 0.2400s.
{'loss': 1.0229, 'grad_norm': 4.4834208488464355, 'learning_rate': 1.3983739837398376e-05, 'epoch': 0.926829268292683}
Rank 0, Iter 77/246: Iter Time = 0.2463s.
{'loss': 0.9803, 'grad_norm': 5.197530746459961, 'learning_rate': 1.3902439024390244e-05, 'epoch': 0.9390243902439024}
Rank 0, Iter 78/246: Iter Time = 0.2659s.
{'loss': 0.9471, 'grad_norm': 1.3503235578536987, 'learning_rate': 1.3821138211382115e-05, 'epoch': 0.9512195121951219}
Rank 0, Iter 79/246: Iter Time = 0.2773s.
{'loss': 0.9765, 'grad_norm': 3.4926676750183105, 'learning_rate': 1.3739837398373986e-05, 'epoch': 0.9634146341463414}
Rank 0, Iter 80/246: Iter Time = 0.2841s.
{'loss': 0.9425, 'grad_norm': 4.088720321655273, 'learning_rate': 1.3658536585365855e-05, 'epoch': 0.975609756097561}
{'eval_loss': 1.0571447610855103, 'eval_accuracy': 0.47093621399176955, 'eval_runtime': 13.2711, 'eval_samples_per_second': 594.3, 'eval_steps_per_second': 2.11, 'epoch': 0.975609756097561}Step 80 - Eval Accuracy: 0.4709


Step 80 - Eval Accuracy: 0.4709

Step 80 - Eval Accuracy: 0.4709

Step 80 - Eval Accuracy: 0.4709

Rank 0, Iter 81/246: Iter Time = 0.2412s.
{'loss': 0.9847, 'grad_norm': 4.353207111358643, 'learning_rate': 1.3577235772357725e-05, 'epoch': 0.9878048780487805}
Rank 0, Iter 82/246: Iter Time = 0.3623s.
{'loss': 0.9793, 'grad_norm': 3.311302661895752, 'learning_rate': 1.3495934959349594e-05, 'epoch': 1.0}
Rank 0, Iter 83/246: Iter Time = 0.8459s.
{'loss': 1.0514, 'grad_norm': 9.837983131408691, 'learning_rate': 1.3414634146341466e-05, 'epoch': 1.0121951219512195}
Rank 0, Iter 84/246: Iter Time = 0.8326s.
{'loss': 1.112, 'grad_norm': 10.755927085876465, 'learning_rate': 1.3333333333333333e-05, 'epoch': 1.024390243902439}
Rank 0, Iter 85/246: Iter Time = 0.8352s.
{'loss': 1.0724, 'grad_norm': 4.886022090911865, 'learning_rate': 1.3252032520325204e-05, 'epoch': 1.0365853658536586}
{'eval_loss': 1.013413906097412, 'eval_accuracy': 0.5146604938271605, 'eval_runtime': 13.1867, 'eval_samples_per_second': 598.102, 'eval_steps_per_second': 2.123, 'epoch': 1.0365853658536586}
Step 85 - Eval Accuracy: 0.5147

Step 85 - Eval Accuracy: 0.5147

Step 85 - Eval Accuracy: 0.5147

Step 85 - Eval Accuracy: 0.5147

Rank 0, Iter 86/246: Iter Time = 0.8328s.
{'loss': 1.0512, 'grad_norm': 3.2971622943878174, 'learning_rate': 1.3170731707317076e-05, 'epoch': 1.048780487804878}
Rank 0, Iter 87/246: Iter Time = 0.8300s.
{'loss': 1.0157, 'grad_norm': 5.680605411529541, 'learning_rate': 1.3089430894308943e-05, 'epoch': 1.0609756097560976}
Rank 0, Iter 88/246: Iter Time = 0.8295s.
{'loss': 1.0172, 'grad_norm': 4.691555976867676, 'learning_rate': 1.3008130081300815e-05, 'epoch': 1.0731707317073171}
Rank 0, Iter 89/246: Iter Time = 0.8309s.
{'loss': 1.0633, 'grad_norm': 12.218551635742188, 'learning_rate': 1.2926829268292684e-05, 'epoch': 1.0853658536585367}
Rank 0, Iter 90/246: Iter Time = 0.8311s.
{'loss': 1.0249, 'grad_norm': 9.834173202514648, 'learning_rate': 1.2845528455284555e-05, 'epoch': 1.0975609756097562}
Step 90 - Eval Accuracy: 0.5260

Step 90 - Eval Accuracy: 0.5260

{'eval_loss': 1.0242995023727417, 'eval_accuracy': 0.525977366255144, 'eval_runtime': 13.3021, 'eval_samples_per_second': 592.915, 'eval_steps_per_second': 2.105, 'epoch': 1.0975609756097562}
Step 90 - Eval Accuracy: 0.5260

Step 90 - Eval Accuracy: 0.5260

Rank 0, Iter 91/246: Iter Time = 0.8302s.
{'loss': 1.0332, 'grad_norm': 8.51349925994873, 'learning_rate': 1.2764227642276423e-05, 'epoch': 1.1097560975609757}
Rank 0, Iter 92/246: Iter Time = 0.8301s.
{'loss': 1.0003, 'grad_norm': 6.053383827209473, 'learning_rate': 1.2682926829268294e-05, 'epoch': 1.1219512195121952}
Rank 0, Iter 93/246: Iter Time = 0.8297s.
{'loss': 0.9827, 'grad_norm': 8.465729713439941, 'learning_rate': 1.2601626016260164e-05, 'epoch': 1.1341463414634148}
Rank 0, Iter 94/246: Iter Time = 0.8310s.
{'loss': 0.9759, 'grad_norm': 4.702667713165283, 'learning_rate': 1.2520325203252033e-05, 'epoch': 1.146341463414634}
Rank 0, Iter 95/246: Iter Time = 0.8304s.
{'loss': 0.9424, 'grad_norm': 4.312603950500488, 'learning_rate': 1.2439024390243903e-05, 'epoch': 1.1585365853658536}
{'eval_loss': 0.9732620716094971, 'eval_accuracy': 0.6013374485596708, 'eval_runtime': 13.2513, 'eval_samples_per_second': 595.185, 'eval_steps_per_second': 2.113, 'epoch': 1.1585365853658536}
Step 95 - Eval Accuracy: 0.6013

Step 95 - Eval Accuracy: 0.6013

Step 95 - Eval Accuracy: 0.6013

Step 95 - Eval Accuracy: 0.6013

Rank 0, Iter 96/246: Iter Time = 0.8351s.
{'loss': 0.9666, 'grad_norm': 4.645115375518799, 'learning_rate': 1.2357723577235774e-05, 'epoch': 1.170731707317073}
Rank 0, Iter 97/246: Iter Time = 0.8313s.
{'loss': 0.9488, 'grad_norm': 5.016546726226807, 'learning_rate': 1.2276422764227642e-05, 'epoch': 1.1829268292682926}
Rank 0, Iter 98/246: Iter Time = 0.8300s.
{'loss': 0.9578, 'grad_norm': 5.819301605224609, 'learning_rate': 1.2195121951219513e-05, 'epoch': 1.1951219512195121}
Rank 0, Iter 99/246: Iter Time = 0.8319s.
{'loss': 1.0123, 'grad_norm': 9.430879592895508, 'learning_rate': 1.2113821138211384e-05, 'epoch': 1.2073170731707317}
Rank 0, Iter 100/246: Iter Time = 0.8310s.
{'loss': 0.9761, 'grad_norm': 5.031697750091553, 'learning_rate': 1.2032520325203254e-05, 'epoch': 1.2195121951219512}
Step 100 - Eval Accuracy: 0.6231

{'eval_loss': 0.9901993274688721, 'eval_accuracy': 0.623070987654321, 'eval_runtime': 13.2239, 'eval_samples_per_second': 596.42, 'eval_steps_per_second': 2.117, 'epoch': 1.2195121951219512}
Step 100 - Eval Accuracy: 0.6231

Step 100 - Eval Accuracy: 0.6231

Step 100 - Eval Accuracy: 0.6231

Rank 0, Iter 101/246: Iter Time = 0.8315s.
{'loss': 0.9247, 'grad_norm': 2.6773877143859863, 'learning_rate': 1.1951219512195123e-05, 'epoch': 1.2317073170731707}
Rank 0, Iter 102/246: Iter Time = 0.8301s.
{'loss': 0.9753, 'grad_norm': 4.268357753753662, 'learning_rate': 1.1869918699186992e-05, 'epoch': 1.2439024390243902}
Rank 0, Iter 103/246: Iter Time = 0.7310s.
{'loss': 0.9944, 'grad_norm': 7.190699577331543, 'learning_rate': 1.1788617886178864e-05, 'epoch': 1.2560975609756098}
Rank 0, Iter 104/246: Iter Time = 0.6290s.
{'loss': 1.1406, 'grad_norm': 17.965999603271484, 'learning_rate': 1.1707317073170731e-05, 'epoch': 1.2682926829268293}
Rank 0, Iter 105/246: Iter Time = 0.6298s.
{'loss': 1.1082, 'grad_norm': 14.664088249206543, 'learning_rate': 1.1626016260162603e-05, 'epoch': 1.2804878048780488}
{'eval_loss': 0.9423377513885498, 'eval_accuracy': 0.6580504115226338, 'eval_runtime': 13.2496, 'eval_samples_per_second': 595.264, 'eval_steps_per_second': 2.113, 'epoch': 1.2804878048780488}Step 105 - Eval Accuracy: 0.6581


Step 105 - Eval Accuracy: 0.6581

Step 105 - Eval Accuracy: 0.6581

Step 105 - Eval Accuracy: 0.6581

Rank 0, Iter 106/246: Iter Time = 0.6347s.
{'loss': 0.9776, 'grad_norm': 6.031638145446777, 'learning_rate': 1.1544715447154474e-05, 'epoch': 1.2926829268292683}
Rank 0, Iter 107/246: Iter Time = 0.6299s.
{'loss': 0.9842, 'grad_norm': 12.048248291015625, 'learning_rate': 1.1463414634146342e-05, 'epoch': 1.3048780487804879}
Rank 0, Iter 108/246: Iter Time = 0.6290s.
{'loss': 0.9991, 'grad_norm': 5.327762603759766, 'learning_rate': 1.1382113821138213e-05, 'epoch': 1.3170731707317074}
Rank 0, Iter 109/246: Iter Time = 0.6306s.
{'loss': 0.9416, 'grad_norm': 3.414045572280884, 'learning_rate': 1.1300813008130082e-05, 'epoch': 1.329268292682927}
Rank 0, Iter 110/246: Iter Time = 0.6321s.
{'loss': 0.9585, 'grad_norm': 4.71640157699585, 'learning_rate': 1.1219512195121953e-05, 'epoch': 1.3414634146341464}
{'eval_loss': 0.9634379148483276, 'eval_accuracy': 0.602880658436214, 'eval_runtime': 13.2932, 'eval_samples_per_second': 593.312, 'eval_steps_per_second': 2.106, 'epoch': 1.3414634146341464}
Step 110 - Eval Accuracy: 0.6029

Step 110 - Eval Accuracy: 0.6029

Step 110 - Eval Accuracy: 0.6029

Step 110 - Eval Accuracy: 0.6029

Rank 0, Iter 111/246: Iter Time = 0.6316s.
{'loss': 0.9759, 'grad_norm': 8.60171127319336, 'learning_rate': 1.1138211382113821e-05, 'epoch': 1.3536585365853657}
Rank 0, Iter 112/246: Iter Time = 0.6318s.
{'loss': 0.942, 'grad_norm': 8.746835708618164, 'learning_rate': 1.1056910569105692e-05, 'epoch': 1.3658536585365852}
Rank 0, Iter 113/246: Iter Time = 0.6295s.
{'loss': 0.952, 'grad_norm': 10.133806228637695, 'learning_rate': 1.0975609756097562e-05, 'epoch': 1.3780487804878048}
Rank 0, Iter 114/246: Iter Time = 0.6319s.
{'loss': 0.8968, 'grad_norm': 3.1968038082122803, 'learning_rate': 1.0894308943089431e-05, 'epoch': 1.3902439024390243}
Rank 0, Iter 115/246: Iter Time = 0.6292s.
{'loss': 0.9392, 'grad_norm': 5.086264610290527, 'learning_rate': 1.0813008130081301e-05, 'epoch': 1.4024390243902438}
{'eval_loss': 0.9766954779624939, 'eval_accuracy': 0.589891975308642, 'eval_runtime': 13.5517, 'eval_samples_per_second': 581.992, 'eval_steps_per_second': 2.066, 'epoch': 1.4024390243902438}Step 115 - Eval Accuracy: 0.5899


Step 115 - Eval Accuracy: 0.5899
Step 115 - Eval Accuracy: 0.5899


Step 115 - Eval Accuracy: 0.5899

Rank 0, Iter 116/246: Iter Time = 0.6326s.
{'loss': 0.9016, 'grad_norm': 2.646944522857666, 'learning_rate': 1.0731707317073172e-05, 'epoch': 1.4146341463414633}
Rank 0, Iter 117/246: Iter Time = 0.6301s.
{'loss': 0.8881, 'grad_norm': 3.0562596321105957, 'learning_rate': 1.065040650406504e-05, 'epoch': 1.4268292682926829}
Rank 0, Iter 118/246: Iter Time = 0.6315s.
{'loss': 0.8963, 'grad_norm': 3.3549201488494873, 'learning_rate': 1.0569105691056911e-05, 'epoch': 1.4390243902439024}
Rank 0, Iter 119/246: Iter Time = 0.6320s.
{'loss': 0.9022, 'grad_norm': 2.414618492126465, 'learning_rate': 1.0487804878048782e-05, 'epoch': 1.451219512195122}
Rank 0, Iter 120/246: Iter Time = 0.6306s.
{'loss': 0.9889, 'grad_norm': 6.492992877960205, 'learning_rate': 1.0406504065040652e-05, 'epoch': 1.4634146341463414}
{'eval_loss': 0.9908543229103088, 'eval_accuracy': 0.5857767489711934, 'eval_runtime': 13.3, 'eval_samples_per_second': 593.009, 'eval_steps_per_second': 2.105, 'epoch': 1.4634146341463414}
Step 120 - Eval Accuracy: 0.5858
Step 120 - Eval Accuracy: 0.5858

Step 120 - Eval Accuracy: 0.5858


Step 120 - Eval Accuracy: 0.5858

Rank 0, Iter 121/246: Iter Time = 0.6338s.
{'loss': 0.9546, 'grad_norm': 3.309314489364624, 'learning_rate': 1.0325203252032521e-05, 'epoch': 1.475609756097561}
Rank 0, Iter 122/246: Iter Time = 0.6310s.
{'loss': 0.9406, 'grad_norm': 3.0517666339874268, 'learning_rate': 1.024390243902439e-05, 'epoch': 1.4878048780487805}
Rank 0, Iter 123/246: Iter Time = 0.6305s.
{'loss': 0.8707, 'grad_norm': 3.234714984893799, 'learning_rate': 1.0162601626016262e-05, 'epoch': 1.5}
Rank 0, Iter 124/246: Iter Time = 0.4300s.
{'loss': 0.9253, 'grad_norm': 6.724971771240234, 'learning_rate': 1.008130081300813e-05, 'epoch': 1.5121951219512195}
Rank 0, Iter 125/246: Iter Time = 0.4305s.
{'loss': 0.9492, 'grad_norm': 4.3452677726745605, 'learning_rate': 1e-05, 'epoch': 1.524390243902439}
{'eval_loss': 0.9693725109100342, 'eval_accuracy': 0.61059670781893, 'eval_runtime': 13.2611, 'eval_samples_per_second': 594.745, 'eval_steps_per_second': 2.111, 'epoch': 1.524390243902439}
Step 125 - Eval Accuracy: 0.6106
Step 125 - Eval Accuracy: 0.6106


Step 125 - Eval Accuracy: 0.6106

Step 125 - Eval Accuracy: 0.6106

Rank 0, Iter 126/246: Iter Time = 0.4376s.
{'loss': 0.9488, 'grad_norm': 7.931524276733398, 'learning_rate': 9.91869918699187e-06, 'epoch': 1.5365853658536586}
Rank 0, Iter 127/246: Iter Time = 0.4301s.
{'loss': 0.9414, 'grad_norm': 2.4551644325256348, 'learning_rate': 9.837398373983741e-06, 'epoch': 1.548780487804878}
Rank 0, Iter 128/246: Iter Time = 0.4334s.
{'loss': 0.9381, 'grad_norm': 2.257584810256958, 'learning_rate': 9.756097560975611e-06, 'epoch': 1.5609756097560976}
Rank 0, Iter 129/246: Iter Time = 0.4305s.
{'loss': 0.9339, 'grad_norm': 4.6952738761901855, 'learning_rate': 9.67479674796748e-06, 'epoch': 1.5731707317073171}
Rank 0, Iter 130/246: Iter Time = 0.4307s.
{'loss': 0.9037, 'grad_norm': 3.775500535964966, 'learning_rate': 9.59349593495935e-06, 'epoch': 1.5853658536585367}
Step 130 - Eval Accuracy: 0.6039
{'eval_loss': 0.9838168025016785, 'eval_accuracy': 0.6039094650205762, 'eval_runtime': 13.2907, 'eval_samples_per_second': 593.421, 'eval_steps_per_second': 2.107, 'epoch': 1.5853658536585367}

Step 130 - Eval Accuracy: 0.6039

Step 130 - Eval Accuracy: 0.6039
Step 130 - Eval Accuracy: 0.6039


Rank 0, Iter 131/246: Iter Time = 0.4357s.
{'loss': 0.9324, 'grad_norm': 5.502681732177734, 'learning_rate': 9.51219512195122e-06, 'epoch': 1.5975609756097562}
Rank 0, Iter 132/246: Iter Time = 0.4300s.
{'loss': 0.9192, 'grad_norm': 7.038538932800293, 'learning_rate': 9.43089430894309e-06, 'epoch': 1.6097560975609757}
Rank 0, Iter 133/246: Iter Time = 0.4314s.
{'loss': 0.915, 'grad_norm': 2.404508590698242, 'learning_rate': 9.34959349593496e-06, 'epoch': 1.6219512195121952}
Rank 0, Iter 134/246: Iter Time = 0.4303s.
{'loss': 0.8991, 'grad_norm': 2.405715227127075, 'learning_rate': 9.268292682926831e-06, 'epoch': 1.6341463414634148}
Rank 0, Iter 135/246: Iter Time = 0.4308s.
{'loss': 0.8933, 'grad_norm': 3.9266011714935303, 'learning_rate': 9.1869918699187e-06, 'epoch': 1.6463414634146343}
Step 135 - Eval Accuracy: 0.6147

{'eval_loss': 0.9794607758522034, 'eval_accuracy': 0.6147119341563786, 'eval_runtime': 13.291, 'eval_samples_per_second': 593.41, 'eval_steps_per_second': 2.107, 'epoch': 1.6463414634146343}
Step 135 - Eval Accuracy: 0.6147

Step 135 - Eval Accuracy: 0.6147

Step 135 - Eval Accuracy: 0.6147

Rank 0, Iter 136/246: Iter Time = 0.4369s.
{'loss': 0.8935, 'grad_norm': 4.511878490447998, 'learning_rate': 9.10569105691057e-06, 'epoch': 1.6585365853658538}
Rank 0, Iter 137/246: Iter Time = 0.4296s.
{'loss': 0.9095, 'grad_norm': 3.990718364715576, 'learning_rate': 9.02439024390244e-06, 'epoch': 1.6707317073170733}
Rank 0, Iter 138/246: Iter Time = 0.4335s.
{'loss': 0.8587, 'grad_norm': 3.429986000061035, 'learning_rate': 8.94308943089431e-06, 'epoch': 1.6829268292682928}
Rank 0, Iter 139/246: Iter Time = 0.4310s.
{'loss': 0.8819, 'grad_norm': 5.259091377258301, 'learning_rate': 8.86178861788618e-06, 'epoch': 1.6951219512195121}
Rank 0, Iter 140/246: Iter Time = 0.4307s.
{'loss': 0.8681, 'grad_norm': 5.21514892578125, 'learning_rate': 8.78048780487805e-06, 'epoch': 1.7073170731707317}
Step 140 - Eval Accuracy: 0.6227

{'eval_loss': 0.9678645133972168, 'eval_accuracy': 0.6226851851851852, 'eval_runtime': 13.3133, 'eval_samples_per_second': 592.416, 'eval_steps_per_second': 2.103, 'epoch': 1.7073170731707317}
Step 140 - Eval Accuracy: 0.6227

Step 140 - Eval Accuracy: 0.6227

Step 140 - Eval Accuracy: 0.6227

Rank 0, Iter 141/246: Iter Time = 0.4355s.
{'loss': 0.8722, 'grad_norm': 3.716019868850708, 'learning_rate': 8.69918699186992e-06, 'epoch': 1.7195121951219512}
Rank 0, Iter 142/246: Iter Time = 0.4308s.
{'loss': 0.8689, 'grad_norm': 2.1737637519836426, 'learning_rate': 8.617886178861789e-06, 'epoch': 1.7317073170731707}
Rank 0, Iter 143/246: Iter Time = 0.4307s.
{'loss': 0.8755, 'grad_norm': 3.524872064590454, 'learning_rate': 8.536585365853658e-06, 'epoch': 1.7439024390243902}
Rank 0, Iter 144/246: Iter Time = 0.3349s.
{'loss': 0.9097, 'grad_norm': 3.8948068618774414, 'learning_rate': 8.45528455284553e-06, 'epoch': 1.7560975609756098}
Rank 0, Iter 145/246: Iter Time = 0.2354s.
{'loss': 0.9485, 'grad_norm': 4.7092485427856445, 'learning_rate': 8.373983739837399e-06, 'epoch': 1.7682926829268293}
{'eval_loss': 0.9657073616981506, 'eval_accuracy': 0.6193415637860082, 'eval_runtime': 13.3848, 'eval_samples_per_second': 589.252, 'eval_steps_per_second': 2.092, 'epoch': 1.7682926829268293}Step 145 - Eval Accuracy: 0.6193


Step 145 - Eval Accuracy: 0.6193

Step 145 - Eval Accuracy: 0.6193

Step 145 - Eval Accuracy: 0.6193

Rank 0, Iter 146/246: Iter Time = 0.2419s.
{'loss': 0.9485, 'grad_norm': 4.950170993804932, 'learning_rate': 8.292682926829268e-06, 'epoch': 1.7804878048780488}
Rank 0, Iter 147/246: Iter Time = 0.2431s.
{'loss': 0.9087, 'grad_norm': 4.113585472106934, 'learning_rate': 8.21138211382114e-06, 'epoch': 1.7926829268292683}
Rank 0, Iter 148/246: Iter Time = 0.2626s.
{'loss': 0.8881, 'grad_norm': 3.5482239723205566, 'learning_rate': 8.130081300813009e-06, 'epoch': 1.8048780487804879}
Rank 0, Iter 149/246: Iter Time = 0.2717s.
{'loss': 0.8877, 'grad_norm': 2.6548376083374023, 'learning_rate': 8.048780487804879e-06, 'epoch': 1.8170731707317072}
Rank 0, Iter 150/246: Iter Time = 0.2798s.
{'loss': 0.8941, 'grad_norm': 2.4858086109161377, 'learning_rate': 7.967479674796748e-06, 'epoch': 1.8292682926829267}
{'eval_loss': 0.9729124903678894, 'eval_accuracy': 0.6032664609053497, 'eval_runtime': 13.39, 'eval_samples_per_second': 589.023, 'eval_steps_per_second': 2.091, 'epoch': 1.8292682926829267}Step 150 - Eval Accuracy: 0.6033


Step 150 - Eval Accuracy: 0.6033
Step 150 - Eval Accuracy: 0.6033


Step 150 - Eval Accuracy: 0.6033

Rank 0, Iter 151/246: Iter Time = 0.2438s.
{'loss': 0.9156, 'grad_norm': 1.808850884437561, 'learning_rate': 7.886178861788618e-06, 'epoch': 1.8414634146341462}
Rank 0, Iter 152/246: Iter Time = 0.2448s.
{'loss': 0.9025, 'grad_norm': 1.6621657609939575, 'learning_rate': 7.804878048780489e-06, 'epoch': 1.8536585365853657}
Rank 0, Iter 153/246: Iter Time = 0.2622s.
{'loss': 0.9152, 'grad_norm': 1.5400904417037964, 'learning_rate': 7.723577235772358e-06, 'epoch': 1.8658536585365852}
Rank 0, Iter 154/246: Iter Time = 0.2771s.
{'loss': 0.8861, 'grad_norm': 1.83867609500885, 'learning_rate': 7.64227642276423e-06, 'epoch': 1.8780487804878048}
Rank 0, Iter 155/246: Iter Time = 0.2741s.
{'loss': 0.8844, 'grad_norm': 2.7750840187072754, 'learning_rate': 7.560975609756098e-06, 'epoch': 1.8902439024390243}
Step 155 - Eval Accuracy: 0.6058
{'eval_loss': 0.9710150361061096, 'eval_accuracy': 0.6058384773662552, 'eval_runtime': 13.4211, 'eval_samples_per_second': 587.657, 'eval_steps_per_second': 2.086, 'epoch': 1.8902439024390243}

Step 155 - Eval Accuracy: 0.6058
Step 155 - Eval Accuracy: 0.6058


Step 155 - Eval Accuracy: 0.6058

Rank 0, Iter 156/246: Iter Time = 0.2374s.
{'loss': 0.8697, 'grad_norm': 2.4588804244995117, 'learning_rate': 7.4796747967479676e-06, 'epoch': 1.9024390243902438}
Rank 0, Iter 157/246: Iter Time = 0.2422s.
{'loss': 0.9069, 'grad_norm': 5.511622428894043, 'learning_rate': 7.398373983739838e-06, 'epoch': 1.9146341463414633}
Rank 0, Iter 158/246: Iter Time = 0.2620s.
{'loss': 0.9153, 'grad_norm': 3.5674521923065186, 'learning_rate': 7.317073170731707e-06, 'epoch': 1.9268292682926829}
Rank 0, Iter 159/246: Iter Time = 0.2671s.
{'loss': 0.8747, 'grad_norm': 3.318369150161743, 'learning_rate': 7.2357723577235786e-06, 'epoch': 1.9390243902439024}
Rank 0, Iter 160/246: Iter Time = 0.2677s.
{'loss': 0.8676, 'grad_norm': 1.7918280363082886, 'learning_rate': 7.154471544715448e-06, 'epoch': 1.951219512195122}
{'eval_loss': 0.9658031463623047, 'eval_accuracy': 0.6135545267489712, 'eval_runtime': 13.587, 'eval_samples_per_second': 580.483, 'eval_steps_per_second': 2.061, 'epoch': 1.951219512195122}Step 160 - Eval Accuracy: 0.6136


Step 160 - Eval Accuracy: 0.6136

Step 160 - Eval Accuracy: 0.6136

Step 160 - Eval Accuracy: 0.6136

Rank 0, Iter 161/246: Iter Time = 0.2409s.
{'loss': 0.8657, 'grad_norm': 2.156740427017212, 'learning_rate': 7.0731707317073175e-06, 'epoch': 1.9634146341463414}
Rank 0, Iter 162/246: Iter Time = 0.2419s.
{'loss': 0.8323, 'grad_norm': 2.8647236824035645, 'learning_rate': 6.991869918699188e-06, 'epoch': 1.975609756097561}
Rank 0, Iter 163/246: Iter Time = 0.2506s.
{'loss': 0.8605, 'grad_norm': 3.508108377456665, 'learning_rate': 6.910569105691057e-06, 'epoch': 1.9878048780487805}
Rank 0, Iter 164/246: Iter Time = 0.4486s.
{'loss': 0.8592, 'grad_norm': 2.832063913345337, 'learning_rate': 6.829268292682928e-06, 'epoch': 2.0}
Rank 0, Iter 165/246: Iter Time = 0.8443s.
{'loss': 0.8689, 'grad_norm': 7.193058013916016, 'learning_rate': 6.747967479674797e-06, 'epoch': 2.0121951219512195}
{'eval_loss': 0.9537157416343689, 'eval_accuracy': 0.6297582304526749, 'eval_runtime': 13.3416, 'eval_samples_per_second': 591.158, 'eval_steps_per_second': 2.099, 'epoch': 2.0121951219512195}
Step 165 - Eval Accuracy: 0.6298
Step 165 - Eval Accuracy: 0.6298


Step 165 - Eval Accuracy: 0.6298
Step 165 - Eval Accuracy: 0.6298


Rank 0, Iter 166/246: Iter Time = 0.8329s.
{'loss': 0.9373, 'grad_norm': 6.11016845703125, 'learning_rate': 6.666666666666667e-06, 'epoch': 2.024390243902439}
Rank 0, Iter 167/246: Iter Time = 0.8316s.
{'loss': 0.917, 'grad_norm': 8.474494934082031, 'learning_rate': 6.585365853658538e-06, 'epoch': 2.0365853658536586}
Rank 0, Iter 168/246: Iter Time = 0.8339s.
{'loss': 0.9281, 'grad_norm': 6.343613624572754, 'learning_rate': 6.504065040650407e-06, 'epoch': 2.048780487804878}
Rank 0, Iter 169/246: Iter Time = 0.8302s.
{'loss': 0.8879, 'grad_norm': 3.0980827808380127, 'learning_rate': 6.422764227642278e-06, 'epoch': 2.0609756097560976}
Rank 0, Iter 170/246: Iter Time = 0.8305s.
{'loss': 0.903, 'grad_norm': 2.0336616039276123, 'learning_rate': 6.341463414634147e-06, 'epoch': 2.073170731707317}
Step 170 - Eval Accuracy: 0.7371
{'eval_loss': 0.8896979093551636, 'eval_accuracy': 0.7371399176954733, 'eval_runtime': 13.4047, 'eval_samples_per_second': 588.374, 'eval_steps_per_second': 2.089, 'epoch': 2.073170731707317}

Step 170 - Eval Accuracy: 0.7371
Step 170 - Eval Accuracy: 0.7371


Step 170 - Eval Accuracy: 0.7371

Rank 0, Iter 171/246: Iter Time = 0.8349s.
{'loss': 0.9008, 'grad_norm': 4.957218647003174, 'learning_rate': 6.260162601626017e-06, 'epoch': 2.0853658536585367}
Rank 0, Iter 172/246: Iter Time = 0.8348s.
{'loss': 0.9128, 'grad_norm': 2.7171826362609863, 'learning_rate': 6.178861788617887e-06, 'epoch': 2.097560975609756}
Rank 0, Iter 173/246: Iter Time = 0.8312s.
{'loss': 0.9536, 'grad_norm': 2.059875011444092, 'learning_rate': 6.0975609756097564e-06, 'epoch': 2.1097560975609757}
Rank 0, Iter 174/246: Iter Time = 0.8323s.
{'loss': 0.9094, 'grad_norm': 4.279207229614258, 'learning_rate': 6.016260162601627e-06, 'epoch': 2.1219512195121952}
Rank 0, Iter 175/246: Iter Time = 0.8306s.
{'loss': 0.8731, 'grad_norm': 2.279972791671753, 'learning_rate': 5.934959349593496e-06, 'epoch': 2.1341463414634148}
{'eval_loss': 0.8800143003463745, 'eval_accuracy': 0.739454732510288, 'eval_runtime': 13.4284, 'eval_samples_per_second': 587.339, 'eval_steps_per_second': 2.085, 'epoch': 2.1341463414634148}
Step 175 - Eval Accuracy: 0.7395

Step 175 - Eval Accuracy: 0.7395
Step 175 - Eval Accuracy: 0.7395
Step 175 - Eval Accuracy: 0.7395



Rank 0, Iter 176/246: Iter Time = 0.8311s.
{'loss': 0.8846, 'grad_norm': 4.555058002471924, 'learning_rate': 5.853658536585366e-06, 'epoch': 2.1463414634146343}
Rank 0, Iter 177/246: Iter Time = 0.8327s.
{'loss': 0.8591, 'grad_norm': 3.156343698501587, 'learning_rate': 5.772357723577237e-06, 'epoch': 2.158536585365854}
Rank 0, Iter 178/246: Iter Time = 0.8309s.
{'loss': 0.8654, 'grad_norm': 2.6632258892059326, 'learning_rate': 5.691056910569106e-06, 'epoch': 2.1707317073170733}
Rank 0, Iter 179/246: Iter Time = 0.8319s.
{'loss': 0.8516, 'grad_norm': 3.604217767715454, 'learning_rate': 5.609756097560977e-06, 'epoch': 2.182926829268293}
Rank 0, Iter 180/246: Iter Time = 0.8311s.
{'loss': 0.8337, 'grad_norm': 3.5203981399536133, 'learning_rate': 5.528455284552846e-06, 'epoch': 2.1951219512195124}
{'eval_loss': 0.8734248876571655, 'eval_accuracy': 0.758616255144033, 'eval_runtime': 13.4634, 'eval_samples_per_second': 585.811, 'eval_steps_per_second': 2.08, 'epoch': 2.1951219512195124}
Step 180 - Eval Accuracy: 0.7586
Step 180 - Eval Accuracy: 0.7586


Step 180 - Eval Accuracy: 0.7586

Step 180 - Eval Accuracy: 0.7586

Rank 0, Iter 181/246: Iter Time = 0.8321s.
{'loss': 0.9206, 'grad_norm': 4.508162021636963, 'learning_rate': 5.447154471544716e-06, 'epoch': 2.207317073170732}
Rank 0, Iter 182/246: Iter Time = 0.8319s.
{'loss': 0.8423, 'grad_norm': 2.30233097076416, 'learning_rate': 5.365853658536586e-06, 'epoch': 2.2195121951219514}
Rank 0, Iter 183/246: Iter Time = 0.8320s.
{'loss': 0.8198, 'grad_norm': 2.1681127548217773, 'learning_rate': 5.2845528455284555e-06, 'epoch': 2.231707317073171}
Rank 0, Iter 184/246: Iter Time = 0.8313s.
{'loss': 0.8598, 'grad_norm': 2.7708702087402344, 'learning_rate': 5.203252032520326e-06, 'epoch': 2.2439024390243905}
Rank 0, Iter 185/246: Iter Time = 0.7318s.
{'loss': 0.8289, 'grad_norm': 2.1974666118621826, 'learning_rate': 5.121951219512195e-06, 'epoch': 2.2560975609756095}
{'eval_loss': 0.858553409576416, 'eval_accuracy': 0.7703189300411523, 'eval_runtime': 13.4961, 'eval_samples_per_second': 584.39, 'eval_steps_per_second': 2.075, 'epoch': 2.2560975609756095}
Step 185 - Eval Accuracy: 0.7703
Step 185 - Eval Accuracy: 0.7703


Step 185 - Eval Accuracy: 0.7703

Step 185 - Eval Accuracy: 0.7703

Rank 0, Iter 186/246: Iter Time = 0.6342s.
{'loss': 0.9187, 'grad_norm': 6.635935306549072, 'learning_rate': 5.040650406504065e-06, 'epoch': 2.2682926829268295}
Rank 0, Iter 187/246: Iter Time = 0.6308s.
{'loss': 0.8802, 'grad_norm': 4.397505283355713, 'learning_rate': 4.959349593495935e-06, 'epoch': 2.2804878048780486}
Rank 0, Iter 188/246: Iter Time = 0.6333s.
{'loss': 0.8441, 'grad_norm': 5.096858501434326, 'learning_rate': 4.8780487804878055e-06, 'epoch': 2.292682926829268}
Rank 0, Iter 189/246: Iter Time = 0.6312s.
{'loss': 0.8454, 'grad_norm': 2.6349849700927734, 'learning_rate': 4.796747967479675e-06, 'epoch': 2.3048780487804876}
Rank 0, Iter 190/246: Iter Time = 0.6312s.
{'loss': 0.8127, 'grad_norm': 1.6358745098114014, 'learning_rate': 4.715447154471545e-06, 'epoch': 2.317073170731707}
Step 190 - Eval Accuracy: 0.7791
Step 190 - Eval Accuracy: 0.7791


{'eval_loss': 0.8551729917526245, 'eval_accuracy': 0.7790637860082305, 'eval_runtime': 13.4722, 'eval_samples_per_second': 585.427, 'eval_steps_per_second': 2.078, 'epoch': 2.317073170731707}
Step 190 - Eval Accuracy: 0.7791

Step 190 - Eval Accuracy: 0.7791

Rank 0, Iter 191/246: Iter Time = 0.6344s.
{'loss': 0.8319, 'grad_norm': 3.4213414192199707, 'learning_rate': 4.634146341463416e-06, 'epoch': 2.3292682926829267}
Rank 0, Iter 192/246: Iter Time = 0.6312s.
{'loss': 0.8845, 'grad_norm': 3.674809455871582, 'learning_rate': 4.552845528455285e-06, 'epoch': 2.341463414634146}
Rank 0, Iter 193/246: Iter Time = 0.6293s.
{'loss': 0.8284, 'grad_norm': 3.853074073791504, 'learning_rate': 4.471544715447155e-06, 'epoch': 2.3536585365853657}
Rank 0, Iter 194/246: Iter Time = 0.6315s.
{'loss': 0.7979, 'grad_norm': 2.06099271774292, 'learning_rate': 4.390243902439025e-06, 'epoch': 2.3658536585365852}
Rank 0, Iter 195/246: Iter Time = 0.6305s.
{'loss': 0.8007, 'grad_norm': 4.793936252593994, 'learning_rate': 4.308943089430894e-06, 'epoch': 2.3780487804878048}
Step 195 - Eval Accuracy: 0.7761
Step 195 - Eval Accuracy: 0.7761
{'eval_loss': 0.8605188727378845, 'eval_accuracy': 0.7761059670781894, 'eval_runtime': 13.4494, 'eval_samples_per_second': 586.421, 'eval_steps_per_second': 2.082, 'epoch': 2.3780487804878048}


Step 195 - Eval Accuracy: 0.7761

Step 195 - Eval Accuracy: 0.7761

Rank 0, Iter 196/246: Iter Time = 0.6312s.
{'loss': 0.7852, 'grad_norm': 5.042241096496582, 'learning_rate': 4.227642276422765e-06, 'epoch': 2.3902439024390243}
Rank 0, Iter 197/246: Iter Time = 0.6324s.
{'loss': 0.8482, 'grad_norm': 5.161673545837402, 'learning_rate': 4.146341463414634e-06, 'epoch': 2.402439024390244}
Rank 0, Iter 198/246: Iter Time = 0.6304s.
{'loss': 0.8303, 'grad_norm': 7.524925231933594, 'learning_rate': 4.0650406504065046e-06, 'epoch': 2.4146341463414633}
Rank 0, Iter 199/246: Iter Time = 0.6337s.
{'loss': 0.7941, 'grad_norm': 4.443938255310059, 'learning_rate': 3.983739837398374e-06, 'epoch': 2.426829268292683}
Rank 0, Iter 200/246: Iter Time = 0.6305s.
{'loss': 0.7752, 'grad_norm': 3.1748201847076416, 'learning_rate': 3.902439024390244e-06, 'epoch': 2.4390243902439024}
Step 200 - Eval Accuracy: 0.7831

{'eval_loss': 0.8551924824714661, 'eval_accuracy': 0.7830504115226338, 'eval_runtime': 13.5039, 'eval_samples_per_second': 584.054, 'eval_steps_per_second': 2.073, 'epoch': 2.4390243902439024}Step 200 - Eval Accuracy: 0.7831
Step 200 - Eval Accuracy: 0.7831



Step 200 - Eval Accuracy: 0.7831

Rank 0, Iter 201/246: Iter Time = 0.6348s.
{'loss': 0.8013, 'grad_norm': 2.608510732650757, 'learning_rate': 3.821138211382115e-06, 'epoch': 2.451219512195122}
Rank 0, Iter 202/246: Iter Time = 0.6317s.
{'loss': 0.8544, 'grad_norm': 3.801276922225952, 'learning_rate': 3.7398373983739838e-06, 'epoch': 2.4634146341463414}
Rank 0, Iter 203/246: Iter Time = 0.6300s.
{'loss': 0.8193, 'grad_norm': 2.8790221214294434, 'learning_rate': 3.6585365853658537e-06, 'epoch': 2.475609756097561}
Rank 0, Iter 204/246: Iter Time = 0.6311s.
{'loss': 0.85, 'grad_norm': 2.0950961112976074, 'learning_rate': 3.577235772357724e-06, 'epoch': 2.4878048780487805}
Rank 0, Iter 205/246: Iter Time = 0.6309s.
{'loss': 0.7869, 'grad_norm': 1.9230303764343262, 'learning_rate': 3.495934959349594e-06, 'epoch': 2.5}
{'eval_loss': 0.8461273312568665, 'eval_accuracy': 0.7907664609053497, 'eval_runtime': 13.5638, 'eval_samples_per_second': 581.476, 'eval_steps_per_second': 2.064, 'epoch': 2.5}
Step 205 - Eval Accuracy: 0.7908
Step 205 - Eval Accuracy: 0.7908
Step 205 - Eval Accuracy: 0.7908



Step 205 - Eval Accuracy: 0.7908

Rank 0, Iter 206/246: Iter Time = 0.4370s.
{'loss': 0.771, 'grad_norm': 2.2719693183898926, 'learning_rate': 3.414634146341464e-06, 'epoch': 2.5121951219512195}
Rank 0, Iter 207/246: Iter Time = 0.4318s.
{'loss': 0.8109, 'grad_norm': 4.309736251831055, 'learning_rate': 3.3333333333333333e-06, 'epoch': 2.524390243902439}
Rank 0, Iter 208/246: Iter Time = 0.4318s.
{'loss': 0.8138, 'grad_norm': 1.8889511823654175, 'learning_rate': 3.2520325203252037e-06, 'epoch': 2.5365853658536586}
Rank 0, Iter 209/246: Iter Time = 0.4326s.
{'loss': 0.8017, 'grad_norm': 2.9353392124176025, 'learning_rate': 3.1707317073170736e-06, 'epoch': 2.548780487804878}
Rank 0, Iter 210/246: Iter Time = 0.4317s.
{'loss': 0.8126, 'grad_norm': 1.7701411247253418, 'learning_rate': 3.0894308943089435e-06, 'epoch': 2.5609756097560976}
{'eval_loss': 0.8413676023483276, 'eval_accuracy': 0.79565329218107, 'eval_runtime': 13.3948, 'eval_samples_per_second': 588.809, 'eval_steps_per_second': 2.09, 'epoch': 2.5609756097560976}
Step 210 - Eval Accuracy: 0.7957

Step 210 - Eval Accuracy: 0.7957
Step 210 - Eval Accuracy: 0.7957


Step 210 - Eval Accuracy: 0.7957

Rank 0, Iter 211/246: Iter Time = 0.4369s.
{'loss': 0.8387, 'grad_norm': 2.797659397125244, 'learning_rate': 3.0081300813008134e-06, 'epoch': 2.573170731707317}
Rank 0, Iter 212/246: Iter Time = 0.4293s.
{'loss': 0.81, 'grad_norm': 4.009852886199951, 'learning_rate': 2.926829268292683e-06, 'epoch': 2.5853658536585367}
Rank 0, Iter 213/246: Iter Time = 0.4328s.
{'loss': 0.8048, 'grad_norm': 3.5700008869171143, 'learning_rate': 2.845528455284553e-06, 'epoch': 2.597560975609756}
Rank 0, Iter 214/246: Iter Time = 0.4331s.
{'loss': 0.8149, 'grad_norm': 3.195589542388916, 'learning_rate': 2.764227642276423e-06, 'epoch': 2.6097560975609757}
Rank 0, Iter 215/246: Iter Time = 0.4307s.
{'loss': 0.8126, 'grad_norm': 3.8972065448760986, 'learning_rate': 2.682926829268293e-06, 'epoch': 2.6219512195121952}
{'eval_loss': 0.8400037288665771, 'eval_accuracy': 0.8005401234567902, 'eval_runtime': 13.391, 'eval_samples_per_second': 588.98, 'eval_steps_per_second': 2.091, 'epoch': 2.6219512195121952}
Step 215 - Eval Accuracy: 0.8005

Step 215 - Eval Accuracy: 0.8005

Step 215 - Eval Accuracy: 0.8005

Step 215 - Eval Accuracy: 0.8005

Rank 0, Iter 216/246: Iter Time = 0.4372s.
{'loss': 0.8004, 'grad_norm': 2.977468967437744, 'learning_rate': 2.601626016260163e-06, 'epoch': 2.6341463414634148}
Rank 0, Iter 217/246: Iter Time = 0.4308s.
{'loss': 0.7968, 'grad_norm': 2.3629889488220215, 'learning_rate': 2.5203252032520324e-06, 'epoch': 2.6463414634146343}
Rank 0, Iter 218/246: Iter Time = 0.4307s.
{'loss': 0.7957, 'grad_norm': 3.4481656551361084, 'learning_rate': 2.4390243902439027e-06, 'epoch': 2.658536585365854}
Rank 0, Iter 219/246: Iter Time = 0.4342s.
{'loss': 0.812, 'grad_norm': 2.562274217605591, 'learning_rate': 2.3577235772357727e-06, 'epoch': 2.6707317073170733}
Rank 0, Iter 220/246: Iter Time = 0.4328s.
{'loss': 0.7643, 'grad_norm': 2.124044179916382, 'learning_rate': 2.2764227642276426e-06, 'epoch': 2.682926829268293}
{'eval_loss': 0.8386691212654114, 'eval_accuracy': 0.8016975308641975, 'eval_runtime': 13.3493, 'eval_samples_per_second': 590.817, 'eval_steps_per_second': 2.097, 'epoch': 2.682926829268293}
Step 220 - Eval Accuracy: 0.8017

Step 220 - Eval Accuracy: 0.8017

Step 220 - Eval Accuracy: 0.8017

Step 220 - Eval Accuracy: 0.8017

Rank 0, Iter 221/246: Iter Time = 0.4360s.
{'loss': 0.786, 'grad_norm': 4.581524848937988, 'learning_rate': 2.1951219512195125e-06, 'epoch': 2.6951219512195124}
Rank 0, Iter 222/246: Iter Time = 0.4289s.
{'loss': 0.774, 'grad_norm': 2.541522264480591, 'learning_rate': 2.1138211382113824e-06, 'epoch': 2.7073170731707314}
Rank 0, Iter 223/246: Iter Time = 0.4302s.
{'loss': 0.7957, 'grad_norm': 2.4870388507843018, 'learning_rate': 2.0325203252032523e-06, 'epoch': 2.7195121951219514}
Rank 0, Iter 224/246: Iter Time = 0.4314s.
{'loss': 0.7819, 'grad_norm': 1.7537472248077393, 'learning_rate': 1.951219512195122e-06, 'epoch': 2.7317073170731705}
Rank 0, Iter 225/246: Iter Time = 0.4310s.
{'loss': 0.793, 'grad_norm': 2.0930395126342773, 'learning_rate': 1.8699186991869919e-06, 'epoch': 2.7439024390243905}
{'eval_loss': 0.8374959230422974, 'eval_accuracy': 0.8020833333333334, 'eval_runtime': 13.3089, 'eval_samples_per_second': 592.609, 'eval_steps_per_second': 2.104, 'epoch': 2.7439024390243905}
Step 225 - Eval Accuracy: 0.8021

Step 225 - Eval Accuracy: 0.8021

Step 225 - Eval Accuracy: 0.8021

Step 225 - Eval Accuracy: 0.8021

Rank 0, Iter 226/246: Iter Time = 0.3405s.
{'loss': 0.8268, 'grad_norm': 3.0536320209503174, 'learning_rate': 1.788617886178862e-06, 'epoch': 2.7560975609756095}
Rank 0, Iter 227/246: Iter Time = 0.2363s.
{'loss': 0.8648, 'grad_norm': 2.8676342964172363, 'learning_rate': 1.707317073170732e-06, 'epoch': 2.7682926829268295}
Rank 0, Iter 228/246: Iter Time = 0.2445s.
{'loss': 0.8864, 'grad_norm': 4.816703796386719, 'learning_rate': 1.6260162601626018e-06, 'epoch': 2.7804878048780486}
Rank 0, Iter 229/246: Iter Time = 0.2549s.
{'loss': 0.85, 'grad_norm': 4.405450820922852, 'learning_rate': 1.5447154471544717e-06, 'epoch': 2.7926829268292686}
Rank 0, Iter 230/246: Iter Time = 0.2673s.
{'loss': 0.8324, 'grad_norm': 3.680429697036743, 'learning_rate': 1.4634146341463414e-06, 'epoch': 2.8048780487804876}
{'eval_loss': 0.8368722796440125, 'eval_accuracy': 0.801440329218107, 'eval_runtime': 13.3692, 'eval_samples_per_second': 589.938, 'eval_steps_per_second': 2.094, 'epoch': 2.8048780487804876}Step 230 - Eval Accuracy: 0.8014
Step 230 - Eval Accuracy: 0.8014



Step 230 - Eval Accuracy: 0.8014

Step 230 - Eval Accuracy: 0.8014

Rank 0, Iter 231/246: Iter Time = 0.2415s.
{'loss': 0.8102, 'grad_norm': 3.0872929096221924, 'learning_rate': 1.3821138211382116e-06, 'epoch': 2.817073170731707}
Rank 0, Iter 232/246: Iter Time = 0.2435s.
{'loss': 0.8587, 'grad_norm': 3.298336982727051, 'learning_rate': 1.3008130081300815e-06, 'epoch': 2.8292682926829267}
Rank 0, Iter 233/246: Iter Time = 0.2703s.
{'loss': 0.843, 'grad_norm': 2.347033977508545, 'learning_rate': 1.2195121951219514e-06, 'epoch': 2.841463414634146}
Rank 0, Iter 234/246: Iter Time = 0.2762s.
{'loss': 0.829, 'grad_norm': 4.431802749633789, 'learning_rate': 1.1382113821138213e-06, 'epoch': 2.8536585365853657}
Rank 0, Iter 235/246: Iter Time = 0.2795s.
{'loss': 0.8359, 'grad_norm': 5.341156482696533, 'learning_rate': 1.0569105691056912e-06, 'epoch': 2.8658536585365852}
{'eval_loss': 0.8383423686027527, 'eval_accuracy': 0.7974537037037037, 'eval_runtime': 13.3422, 'eval_samples_per_second': 591.134, 'eval_steps_per_second': 2.099, 'epoch': 2.8658536585365852}
Step 235 - Eval Accuracy: 0.7975
Step 235 - Eval Accuracy: 0.7975

Step 235 - Eval Accuracy: 0.7975


Step 235 - Eval Accuracy: 0.7975

Rank 0, Iter 236/246: Iter Time = 0.2385s.
{'loss': 0.8403, 'grad_norm': 3.8366730213165283, 'learning_rate': 9.75609756097561e-07, 'epoch': 2.8780487804878048}
Rank 0, Iter 237/246: Iter Time = 0.2434s.
{'loss': 0.8148, 'grad_norm': 4.937234878540039, 'learning_rate': 8.94308943089431e-07, 'epoch': 2.8902439024390243}
Rank 0, Iter 238/246: Iter Time = 0.2639s.
{'loss': 0.8244, 'grad_norm': 4.534522533416748, 'learning_rate': 8.130081300813009e-07, 'epoch': 2.902439024390244}
Rank 0, Iter 239/246: Iter Time = 0.2711s.
{'loss': 0.8499, 'grad_norm': 3.3175852298736572, 'learning_rate': 7.317073170731707e-07, 'epoch': 2.9146341463414633}
Rank 0, Iter 240/246: Iter Time = 0.2691s.
{'loss': 0.8447, 'grad_norm': 2.9716992378234863, 'learning_rate': 6.504065040650407e-07, 'epoch': 2.926829268292683}
{'eval_loss': 0.8400452733039856, 'eval_accuracy': 0.7965534979423868, 'eval_runtime': 13.3278, 'eval_samples_per_second': 591.77, 'eval_steps_per_second': 2.101, 'epoch': 2.926829268292683}
Step 240 - Eval Accuracy: 0.7966
Step 240 - Eval Accuracy: 0.7966


Step 240 - Eval Accuracy: 0.7966

Step 240 - Eval Accuracy: 0.7966

Rank 0, Iter 241/246: Iter Time = 0.2429s.
{'loss': 0.8147, 'grad_norm': 2.679734468460083, 'learning_rate': 5.691056910569106e-07, 'epoch': 2.9390243902439024}
Rank 0, Iter 242/246: Iter Time = 0.2429s.
{'loss': 0.8061, 'grad_norm': 3.753866195678711, 'learning_rate': 4.878048780487805e-07, 'epoch': 2.951219512195122}
Rank 0, Iter 243/246: Iter Time = 0.2538s.
{'loss': 0.8233, 'grad_norm': 2.6029839515686035, 'learning_rate': 4.0650406504065046e-07, 'epoch': 2.9634146341463414}
Rank 0, Iter 244/246: Iter Time = 0.2693s.
{'loss': 0.79, 'grad_norm': 1.6207252740859985, 'learning_rate': 3.2520325203252037e-07, 'epoch': 2.975609756097561}
Rank 0, Iter 245/246: Iter Time = 0.2738s.
{'loss': 0.8146, 'grad_norm': 3.8627724647521973, 'learning_rate': 2.439024390243903e-07, 'epoch': 2.9878048780487805}
{'eval_loss': 0.8405026197433472, 'eval_accuracy': 0.7946244855967078, 'eval_runtime': 13.3191, 'eval_samples_per_second': 592.158, 'eval_steps_per_second': 2.102, 'epoch': 2.9878048780487805}Step 245 - Eval Accuracy: 0.7946

Step 245 - Eval Accuracy: 0.7946


Step 245 - Eval Accuracy: 0.7946

Step 245 - Eval Accuracy: 0.7946

Rank 0, Iter 246/246: Iter Time = 0.4220s.
{'loss': 0.8178, 'grad_norm': 2.873445749282837, 'learning_rate': 1.6260162601626018e-07, 'epoch': 3.0}
{'train_runtime': 925.7708, 'train_samples_per_second': 38.336, 'train_steps_per_second': 0.266, 'train_loss': 0.9553683686062573, 'epoch': 3.0}
Finished running train at 04-12 04:19:40, running time = 15.47min.
LM finish time: 2025-04-12 04:19:40.429
Start running eval_and_save at 04-12 04:19:40
Finished running train at 04-12 04:19:40, running time = 15.47min.
LM finish time: 2025-04-12 04:19:40.429
Start running eval_and_save at 04-12 04:19:40
Finished running train at 04-12 04:19:40, running time = 15.47min.
Finished running train at 04-12 04:19:40, running time = 15.47min.
LM finish time: 2025-04-12 04:19:40.429
LM finish time: 2025-04-12 04:19:40.429
Start running eval_and_save at 04-12 04:19:40
Start running eval_and_save at 04-12 04:19:40
[LM] TrainAcc: 0.8228, ValAcc: 0.8179, TestAcc: 0.8172

[LM] TrainAcc: 0.8228, ValAcc: 0.8179, TestAcc: 0.8172

[LM] TrainAcc: 0.8228, ValAcc: 0.8179, TestAcc: 0.8172

[LM] TrainAcc: 0.8228, ValAcc: 0.8179, TestAcc: 0.8172

Finished running eval_and_save at 04-12 04:20:13, running time = 33.21s.
Finished running eval_and_save at 04-12 04:20:13, running time = 33.21s.
Finished running eval_and_save at 04-12 04:20:13, running time = 33.21s.
Finished running eval_and_save at 04-12 04:20:13, running time = 33.21s.
