> initializing torch distributed ...
Loading trained LM features (title and abstract) ...
LM_emb_path: ./lm_workloads/prt_lm/ogbn-products/microsoft/deberta-base-seed0.emb
ogbn-products load successfully
Train nodes: 14708, Val nodes: 1572, Test nodes: 37745
Num of train batches: 1, num of train microbatches: 1, microbatch size: 54025
stage=0 layers=0 - 28
Training...
stage=3 layers=84 - 112
stage=1 layers=28 - 56
stage=2 layers=56 - 84
Epoch 00000 | Loss 4.0900 | Epoch Time 1.65s
Epoch 00000 | Valid acc: 24.36% | Test acc: 17.37%
Epoch 00001 | Loss 3.0778 | Epoch Time 2.66s
Epoch 00002 | Loss 2.7917 | Epoch Time 2.69s
Epoch 00003 | Loss 2.5701 | Epoch Time 2.66s
Epoch 00004 | Loss 2.3443 | Epoch Time 2.67s
Epoch 00005 | Loss 2.1278 | Avg Epoch Time 2.6690s
Epoch 00005 | Valid acc: 57.70% | Test acc: 44.39%
Epoch 00006 | Loss 1.9286 | Avg Epoch Time 2.6705s
Epoch 00007 | Loss 1.7535 | Avg Epoch Time 2.6733s
Epoch 00008 | Loss 1.5946 | Avg Epoch Time 2.6868s
Epoch 00009 | Loss 1.4593 | Avg Epoch Time 2.6873s
Epoch 00010 | Loss 1.3360 | Avg Epoch Time 2.6871s
Epoch 00010 | Valid acc: 77.35% | Test acc: 59.58%
Epoch 00011 | Loss 1.2256 | Avg Epoch Time 2.6934s
Epoch 00012 | Loss 1.1440 | Avg Epoch Time 2.6931s
Epoch 00013 | Loss 1.0605 | Avg Epoch Time 2.6930s
Epoch 00014 | Loss 0.9951 | Avg Epoch Time 2.6937s
Epoch 00015 | Loss 0.9396 | Avg Epoch Time 2.6980s
Epoch 00015 | Valid acc: 83.27% | Test acc: 64.14%
Epoch 00016 | Loss 0.8834 | Avg Epoch Time 2.6983s
Epoch 00017 | Loss 0.8361 | Avg Epoch Time 2.6986s
Epoch 00018 | Loss 0.7875 | Avg Epoch Time 2.6990s
Epoch 00019 | Loss 0.7543 | Avg Epoch Time 2.6995s
Epoch 00020 | Loss 0.7246 | Avg Epoch Time 2.7029s
Epoch 00020 | Valid acc: 85.05% | Test acc: 66.09%
Epoch 00021 | Loss 0.6935 | Avg Epoch Time 2.7040s
Epoch 00022 | Loss 0.6714 | Avg Epoch Time 2.7047s
Epoch 00023 | Loss 0.6513 | Avg Epoch Time 2.7053s
Epoch 00024 | Loss 0.6296 | Avg Epoch Time 2.7056s
Epoch 00025 | Loss 0.6153 | Avg Epoch Time 2.7063s
Epoch 00025 | Valid acc: 86.77% | Test acc: 69.50%
Epoch 00026 | Loss 0.5974 | Avg Epoch Time 2.7063s
Epoch 00027 | Loss 0.5820 | Avg Epoch Time 2.7065s
Epoch 00028 | Loss 0.5679 | Avg Epoch Time 2.7066s
Epoch 00029 | Loss 0.5557 | Avg Epoch Time 2.7065s
Epoch 00030 | Loss 0.5434 | Avg Epoch Time 2.7067s
Epoch 00030 | Valid acc: 87.66% | Test acc: 71.56%
Epoch 00031 | Loss 0.5327 | Avg Epoch Time 2.7066s
Epoch 00032 | Loss 0.5241 | Avg Epoch Time 2.7068s
Epoch 00033 | Loss 0.5100 | Avg Epoch Time 2.7070s
Epoch 00034 | Loss 0.5017 | Avg Epoch Time 2.7074s
Epoch 00035 | Loss 0.4944 | Avg Epoch Time 2.7087s
Epoch 00035 | Valid acc: 87.85% | Test acc: 72.01%
Epoch 00036 | Loss 0.4844 | Avg Epoch Time 2.7088s
Epoch 00037 | Loss 0.4753 | Avg Epoch Time 2.7089s
Epoch 00038 | Loss 0.4669 | Avg Epoch Time 2.7090s
Epoch 00039 | Loss 0.4613 | Avg Epoch Time 2.7091s
Epoch 00040 | Loss 0.4559 | Avg Epoch Time 2.7092s
Epoch 00040 | Valid acc: 88.17% | Test acc: 72.81%
Epoch 00041 | Loss 0.4456 | Avg Epoch Time 2.7093s
Epoch 00042 | Loss 0.4408 | Avg Epoch Time 2.7094s
Epoch 00043 | Loss 0.4381 | Avg Epoch Time 2.7095s
Epoch 00044 | Loss 0.4509 | Avg Epoch Time 2.7107s
Epoch 00045 | Loss 0.4683 | Avg Epoch Time 2.7107s
Epoch 00045 | Valid acc: 88.61% | Test acc: 73.67%
Epoch 00046 | Loss 0.4302 | Avg Epoch Time 2.7123s
Epoch 00047 | Loss 0.4397 | Avg Epoch Time 2.7123s
Epoch 00048 | Loss 0.4199 | Avg Epoch Time 2.7123s
Epoch 00049 | Loss 0.4290 | Avg Epoch Time 2.7139s
Epoch 00050 | Loss 0.4193 | Avg Epoch Time 2.7140s
Epoch 00050 | Valid acc: 89.06% | Test acc: 74.10%
Epoch 00051 | Loss 0.4136 | Avg Epoch Time 2.7140s
Epoch 00052 | Loss 0.4186 | Avg Epoch Time 2.7141s
Epoch 00053 | Loss 0.4006 | Avg Epoch Time 2.7141s
Epoch 00054 | Loss 0.4068 | Avg Epoch Time 2.7142s
Epoch 00055 | Loss 0.3975 | Avg Epoch Time 2.7144s
Epoch 00055 | Valid acc: 88.61% | Test acc: 74.56%
Epoch 00056 | Loss 0.3901 | Avg Epoch Time 2.7146s
Epoch 00057 | Loss 0.3932 | Avg Epoch Time 2.7147s
Epoch 00058 | Loss 0.3850 | Avg Epoch Time 2.7150s
Epoch 00059 | Loss 0.3913 | Avg Epoch Time 2.7152s
Epoch 00060 | Loss 0.3847 | Avg Epoch Time 2.7157s
Epoch 00060 | Valid acc: 88.36% | Test acc: 75.21%
Epoch 00061 | Loss 0.3762 | Avg Epoch Time 2.7157s
Epoch 00062 | Loss 0.3737 | Avg Epoch Time 2.7157s
Epoch 00063 | Loss 0.3759 | Avg Epoch Time 2.7156s
Epoch 00064 | Loss 0.3677 | Avg Epoch Time 2.7156s
Epoch 00065 | Loss 0.3677 | Avg Epoch Time 2.7156s
Epoch 00065 | Valid acc: 88.68% | Test acc: 75.93%
Epoch 00066 | Loss 0.3644 | Avg Epoch Time 2.7155s
Epoch 00067 | Loss 0.3605 | Avg Epoch Time 2.7155s
Epoch 00068 | Loss 0.3587 | Avg Epoch Time 2.7155s
Epoch 00069 | Loss 0.3519 | Avg Epoch Time 2.7155s
Epoch 00070 | Loss 0.3556 | Avg Epoch Time 2.7156s
Epoch 00070 | Valid acc: 88.42% | Test acc: 74.90%
Epoch 00071 | Loss 0.3570 | Avg Epoch Time 2.7156s
Epoch 00072 | Loss 0.3523 | Avg Epoch Time 2.7156s
Epoch 00073 | Loss 0.3466 | Avg Epoch Time 2.7157s
Epoch 00074 | Loss 0.3442 | Avg Epoch Time 2.7157s
Epoch 00075 | Loss 0.3406 | Avg Epoch Time 2.7157s
Epoch 00075 | Valid acc: 88.55% | Test acc: 74.85%
Epoch 00076 | Loss 0.3430 | Avg Epoch Time 2.7157s
Epoch 00077 | Loss 0.3332 | Avg Epoch Time 2.7157s
Epoch 00078 | Loss 0.3302 | Avg Epoch Time 2.7157s
Epoch 00079 | Loss 0.3364 | Avg Epoch Time 2.7157s
Epoch 00080 | Loss 0.3267 | Avg Epoch Time 2.7157s
Epoch 00080 | Valid acc: 88.42% | Test acc: 76.94%
Epoch 00081 | Loss 0.3253 | Avg Epoch Time 2.7163s
Epoch 00082 | Loss 0.3254 | Avg Epoch Time 2.7164s
Epoch 00083 | Loss 0.3241 | Avg Epoch Time 2.7166s
Epoch 00084 | Loss 0.3233 | Avg Epoch Time 2.7167s
Epoch 00085 | Loss 0.3237 | Avg Epoch Time 2.7167s
Epoch 00085 | Valid acc: 89.44% | Test acc: 77.59%
Epoch 00086 | Loss 0.3171 | Avg Epoch Time 2.7167s
Epoch 00087 | Loss 0.3159 | Avg Epoch Time 2.7167s
Epoch 00088 | Loss 0.3141 | Avg Epoch Time 2.7179s
Epoch 00089 | Loss 0.3084 | Avg Epoch Time 2.7180s
Epoch 00090 | Loss 0.3290 | Avg Epoch Time 2.7185s
Epoch 00090 | Valid acc: 88.30% | Test acc: 75.45%
Epoch 00091 | Loss 0.3536 | Avg Epoch Time 2.7186s
Epoch 00092 | Loss 0.3330 | Avg Epoch Time 2.7186s
Epoch 00093 | Loss 0.3209 | Avg Epoch Time 2.7186s
Epoch 00094 | Loss 0.3184 | Avg Epoch Time 2.7186s
Epoch 00095 | Loss 0.3154 | Avg Epoch Time 2.7186s
Epoch 00095 | Valid acc: 88.80% | Test acc: 75.94%
Epoch 00096 | Loss 0.3052 | Avg Epoch Time 2.7186s
Epoch 00097 | Loss 0.3105 | Avg Epoch Time 2.7187s
Epoch 00098 | Loss 0.3065 | Avg Epoch Time 2.7187s
Epoch 00099 | Loss 0.2938 | Avg Epoch Time 2.7192s
Epoch 00100 | Loss 0.3013 | Avg Epoch Time 2.7194s
Epoch 00100 | Valid acc: 89.06% | Test acc: 76.72%
Epoch 00101 | Loss 0.2931 | Avg Epoch Time 2.7195s
Epoch 00102 | Loss 0.2870 | Avg Epoch Time 2.7195s
Epoch 00103 | Loss 0.2895 | Avg Epoch Time 2.7195s
Epoch 00104 | Loss 0.2863 | Avg Epoch Time 2.7195s
Epoch 00105 | Loss 0.2782 | Avg Epoch Time 2.7195s
Epoch 00105 | Valid acc: 88.74% | Test acc: 77.46%
Epoch 00106 | Loss 0.2806 | Avg Epoch Time 2.7196s
Epoch 00107 | Loss 0.2789 | Avg Epoch Time 2.7196s
Epoch 00108 | Loss 0.2760 | Avg Epoch Time 2.7201s
Epoch 00109 | Loss 0.2811 | Avg Epoch Time 2.7201s
Epoch 00110 | Loss 0.2950 | Avg Epoch Time 2.7202s
Epoch 00110 | Valid acc: 89.69% | Test acc: 75.76%
Epoch 00111 | Loss 0.3035 | Avg Epoch Time 2.7202s
Epoch 00112 | Loss 0.3124 | Avg Epoch Time 2.7206s
Epoch 00113 | Loss 0.2926 | Avg Epoch Time 2.7206s
Epoch 00114 | Loss 0.2922 | Avg Epoch Time 2.7207s
Epoch 00115 | Loss 0.2853 | Avg Epoch Time 2.7207s
Epoch 00115 | Valid acc: 88.61% | Test acc: 76.96%
Epoch 00116 | Loss 0.2792 | Avg Epoch Time 2.7208s
Epoch 00117 | Loss 0.2842 | Avg Epoch Time 2.7209s
Epoch 00118 | Loss 0.2758 | Avg Epoch Time 2.7209s
Epoch 00119 | Loss 0.2745 | Avg Epoch Time 2.7210s
Epoch 00120 | Loss 0.2703 | Avg Epoch Time 2.7210s
Epoch 00120 | Valid acc: 88.93% | Test acc: 77.57%
Epoch 00121 | Loss 0.2662 | Avg Epoch Time 2.7210s
Epoch 00122 | Loss 0.2603 | Avg Epoch Time 2.7211s
Epoch 00123 | Loss 0.2576 | Avg Epoch Time 2.7211s
Epoch 00124 | Loss 0.2546 | Avg Epoch Time 2.7211s
Epoch 00125 | Loss 0.2554 | Avg Epoch Time 2.7211s
Epoch 00125 | Valid acc: 89.06% | Test acc: 76.89%
Epoch 00126 | Loss 0.2564 | Avg Epoch Time 2.7211s
Epoch 00127 | Loss 0.2684 | Avg Epoch Time 2.7211s
Epoch 00128 | Loss 0.2805 | Avg Epoch Time 2.7212s
Epoch 00129 | Loss 0.2916 | Avg Epoch Time 2.7212s
Epoch 00130 | Loss 0.2952 | Avg Epoch Time 2.7213s
Epoch 00130 | Valid acc: 89.57% | Test acc: 75.31%
Epoch 00131 | Loss 0.2698 | Avg Epoch Time 2.7213s
Epoch 00132 | Loss 0.2726 | Avg Epoch Time 2.7213s
Epoch 00133 | Loss 0.2764 | Avg Epoch Time 2.7213s
Epoch 00134 | Loss 0.2750 | Avg Epoch Time 2.7213s
Epoch 00135 | Loss 0.2729 | Avg Epoch Time 2.7213s
Epoch 00135 | Valid acc: 89.76% | Test acc: 76.46%
Epoch 00136 | Loss 0.2852 | Avg Epoch Time 2.7214s
Epoch 00137 | Loss 0.2657 | Avg Epoch Time 2.7215s
Epoch 00138 | Loss 0.2652 | Avg Epoch Time 2.7215s
Epoch 00139 | Loss 0.2606 | Avg Epoch Time 2.7216s
Epoch 00140 | Loss 0.2595 | Avg Epoch Time 2.7216s
Epoch 00140 | Valid acc: 88.61% | Test acc: 77.43%
Epoch 00141 | Loss 0.2466 | Avg Epoch Time 2.7216s
Epoch 00142 | Loss 0.2501 | Avg Epoch Time 2.7216s
Epoch 00143 | Loss 0.2480 | Avg Epoch Time 2.7216s
Epoch 00144 | Loss 0.2469 | Avg Epoch Time 2.7216s
Epoch 00145 | Loss 0.2353 | Avg Epoch Time 2.7219s
Epoch 00145 | Valid acc: 89.06% | Test acc: 79.34%
Epoch 00146 | Loss 0.2432 | Avg Epoch Time 2.7219s
Epoch 00147 | Loss 0.2345 | Avg Epoch Time 2.7220s
Epoch 00148 | Loss 0.2340 | Avg Epoch Time 2.7220s
Epoch 00149 | Loss 0.2271 | Avg Epoch Time 2.7220s
Epoch 00150 | Loss 0.2309 | Avg Epoch Time 2.7220s
Epoch 00150 | Valid acc: 89.69% | Test acc: 78.32%
Epoch 00151 | Loss 0.2207 | Avg Epoch Time 2.7220s
Epoch 00152 | Loss 0.2252 | Avg Epoch Time 2.7221s
Epoch 00153 | Loss 0.2214 | Avg Epoch Time 2.7223s
Epoch 00154 | Loss 0.2136 | Avg Epoch Time 2.7226s
Epoch 00155 | Loss 0.2208 | Avg Epoch Time 2.7225s
Epoch 00155 | Valid acc: 89.63% | Test acc: 76.90%
Epoch 00156 | Loss 0.2135 | Avg Epoch Time 2.7225s
Epoch 00157 | Loss 0.2081 | Avg Epoch Time 2.7226s
Epoch 00158 | Loss 0.2154 | Avg Epoch Time 2.7226s
Epoch 00159 | Loss 0.2158 | Avg Epoch Time 2.7225s
Epoch 00160 | Loss 0.2214 | Avg Epoch Time 2.7225s
Epoch 00160 | Valid acc: 89.19% | Test acc: 77.58%
Epoch 00161 | Loss 0.2278 | Avg Epoch Time 2.7225s
Epoch 00162 | Loss 0.2199 | Avg Epoch Time 2.7224s
Epoch 00163 | Loss 0.2109 | Avg Epoch Time 2.7226s
Epoch 00164 | Loss 0.2080 | Avg Epoch Time 2.7226s
Epoch 00165 | Loss 0.2065 | Avg Epoch Time 2.7232s
Epoch 00165 | Valid acc: 89.50% | Test acc: 77.17%
Epoch 00166 | Loss 0.1977 | Avg Epoch Time 2.7232s
Epoch 00167 | Loss 0.2024 | Avg Epoch Time 2.7231s
Epoch 00168 | Loss 0.2037 | Avg Epoch Time 2.7230s
Epoch 00169 | Loss 0.1999 | Avg Epoch Time 2.7229s
Epoch 00170 | Loss 0.2094 | Avg Epoch Time 2.7229s
Epoch 00170 | Valid acc: 89.38% | Test acc: 76.72%
Epoch 00171 | Loss 0.2021 | Avg Epoch Time 2.7229s
Epoch 00172 | Loss 0.2004 | Avg Epoch Time 2.7231s
Epoch 00173 | Loss 0.1919 | Avg Epoch Time 2.7230s
Epoch 00174 | Loss 0.1945 | Avg Epoch Time 2.7230s
Epoch 00175 | Loss 0.1894 | Avg Epoch Time 2.7229s
Epoch 00175 | Valid acc: 89.69% | Test acc: 77.87%
Epoch 00176 | Loss 0.1793 | Avg Epoch Time 2.7235s
Epoch 00177 | Loss 0.1850 | Avg Epoch Time 2.7234s
Epoch 00178 | Loss 0.1828 | Avg Epoch Time 2.7233s
Epoch 00179 | Loss 0.1837 | Avg Epoch Time 2.7233s
Epoch 00180 | Loss 0.1845 | Avg Epoch Time 2.7232s
Epoch 00180 | Valid acc: 89.06% | Test acc: 76.95%
Epoch 00181 | Loss 0.1877 | Avg Epoch Time 2.7232s
Epoch 00182 | Loss 0.1937 | Avg Epoch Time 2.7231s
Epoch 00183 | Loss 0.1911 | Avg Epoch Time 2.7231s
Epoch 00184 | Loss 0.1909 | Avg Epoch Time 2.7236s
Epoch 00185 | Loss 0.2343 | Avg Epoch Time 2.7236s
Epoch 00185 | Valid acc: 89.44% | Test acc: 76.80%
Epoch 00186 | Loss 0.2092 | Avg Epoch Time 2.7236s
Epoch 00187 | Loss 0.1950 | Avg Epoch Time 2.7235s
Epoch 00188 | Loss 0.2135 | Avg Epoch Time 2.7234s
Epoch 00189 | Loss 0.2233 | Avg Epoch Time 2.7234s
Epoch 00190 | Loss 0.2492 | Avg Epoch Time 2.7234s
Epoch 00190 | Valid acc: 89.31% | Test acc: 75.17%
Epoch 00191 | Loss 0.2208 | Avg Epoch Time 2.7233s
Epoch 00192 | Loss 0.2221 | Avg Epoch Time 2.7233s
Epoch 00193 | Loss 0.2073 | Avg Epoch Time 2.7233s
Epoch 00194 | Loss 0.2031 | Avg Epoch Time 2.7232s
Epoch 00195 | Loss 0.2087 | Avg Epoch Time 2.7232s
Epoch 00195 | Valid acc: 89.44% | Test acc: 76.71%
Epoch 00196 | Loss 0.2003 | Avg Epoch Time 2.7232s
Epoch 00197 | Loss 0.1870 | Avg Epoch Time 2.7231s
Epoch 00198 | Loss 0.1938 | Avg Epoch Time 2.7231s
Epoch 00199 | Loss 0.1931 | Avg Epoch Time 2.7231s
Epoch 00200 | Loss 0.1862 | Avg Epoch Time 2.7230s
Epoch 00200 | Valid acc: 89.38% | Test acc: 77.42%
Epoch 00201 | Loss 0.1748 | Avg Epoch Time 2.7230s
Epoch 00202 | Loss 0.1825 | Avg Epoch Time 2.7230s
Epoch 00203 | Loss 0.1728 | Avg Epoch Time 2.7229s
Epoch 00204 | Loss 0.1757 | Avg Epoch Time 2.7229s
Epoch 00205 | Loss 0.1701 | Avg Epoch Time 2.7229s
Epoch 00205 | Valid acc: 89.69% | Test acc: 77.09%
Epoch 00206 | Loss 0.1669 | Avg Epoch Time 2.7229s
Epoch 00207 | Loss 0.1618 | Avg Epoch Time 2.7228s
Epoch 00208 | Loss 0.1664 | Avg Epoch Time 2.7228s
Epoch 00209 | Loss 0.1576 | Avg Epoch Time 2.7229s
Epoch 00210 | Loss 0.1636 | Avg Epoch Time 2.7229s
Epoch 00210 | Valid acc: 89.06% | Test acc: 76.35%
Epoch 00211 | Loss 0.1664 | Avg Epoch Time 2.7229s
Epoch 00212 | Loss 0.1647 | Avg Epoch Time 2.7229s
Epoch 00213 | Loss 0.1800 | Avg Epoch Time 2.7230s
Epoch 00214 | Loss 0.1780 | Avg Epoch Time 2.7229s
Epoch 00215 | Loss 0.1655 | Avg Epoch Time 2.7229s
Epoch 00215 | Valid acc: 89.19% | Test acc: 75.88%
Epoch 00216 | Loss 0.1785 | Avg Epoch Time 2.7228s
Epoch 00217 | Loss 0.1840 | Avg Epoch Time 2.7228s
Epoch 00218 | Loss 0.2031 | Avg Epoch Time 2.7232s
Epoch 00219 | Loss 0.1723 | Avg Epoch Time 2.7232s
Epoch 00220 | Loss 0.1790 | Avg Epoch Time 2.7232s
Epoch 00220 | Valid acc: 89.95% | Test acc: 77.90%
Epoch 00221 | Loss 0.1599 | Avg Epoch Time 2.7232s
Epoch 00222 | Loss 0.1710 | Avg Epoch Time 2.7233s
Epoch 00223 | Loss 0.1559 | Avg Epoch Time 2.7233s
Epoch 00224 | Loss 0.1570 | Avg Epoch Time 2.7234s
Epoch 00225 | Loss 0.1534 | Avg Epoch Time 2.7234s
Epoch 00225 | Valid acc: 90.08% | Test acc: 77.98%
Epoch 00226 | Loss 0.1467 | Avg Epoch Time 2.7238s
Epoch 00227 | Loss 0.1473 | Avg Epoch Time 2.7240s
Epoch 00228 | Loss 0.1485 | Avg Epoch Time 2.7240s
Epoch 00229 | Loss 0.1410 | Avg Epoch Time 2.7240s
Epoch 00230 | Loss 0.1421 | Avg Epoch Time 2.7240s
Epoch 00230 | Valid acc: 89.82% | Test acc: 77.04%
Epoch 00231 | Loss 0.1352 | Avg Epoch Time 2.7240s
Epoch 00232 | Loss 0.1324 | Avg Epoch Time 2.7240s
Epoch 00233 | Loss 0.1335 | Avg Epoch Time 2.7240s
Epoch 00234 | Loss 0.1279 | Avg Epoch Time 2.7240s
Epoch 00235 | Loss 0.1273 | Avg Epoch Time 2.7240s
Epoch 00235 | Valid acc: 89.82% | Test acc: 77.85%
Epoch 00236 | Loss 0.1265 | Avg Epoch Time 2.7242s
Epoch 00237 | Loss 0.1267 | Avg Epoch Time 2.7242s
Epoch 00238 | Loss 0.1254 | Avg Epoch Time 2.7242s
Epoch 00239 | Loss 0.1243 | Avg Epoch Time 2.7242s
Epoch 00240 | Loss 0.1247 | Avg Epoch Time 2.7242s
Epoch 00240 | Valid acc: 89.12% | Test acc: 76.85%
Epoch 00241 | Loss 0.1319 | Avg Epoch Time 2.7242s
Epoch 00242 | Loss 0.1415 | Avg Epoch Time 2.7242s
Epoch 00243 | Loss 0.1438 | Avg Epoch Time 2.7242s
Epoch 00244 | Loss 0.1636 | Avg Epoch Time 2.7242s
Epoch 00245 | Loss 0.1526 | Avg Epoch Time 2.7242s
Epoch 00245 | Valid acc: 87.40% | Test acc: 78.09%
Epoch 00246 | Loss 0.1928 | Avg Epoch Time 2.7242s
Epoch 00247 | Loss 0.1834 | Avg Epoch Time 2.7242s
Epoch 00248 | Loss 0.1768 | Avg Epoch Time 2.7242s
Epoch 00249 | Loss 0.1581 | Avg Epoch Time 2.7242s
Epoch 00250 | Loss 0.1676 | Avg Epoch Time 2.7242s
Epoch 00250 | Valid acc: 89.06% | Test acc: 77.41%
Epoch 00251 | Loss 0.1684 | Avg Epoch Time 2.7242s
Epoch 00252 | Loss 0.1813 | Avg Epoch Time 2.7242s
Epoch 00253 | Loss 0.1743 | Avg Epoch Time 2.7242s
Epoch 00254 | Loss 0.1666 | Avg Epoch Time 2.7242s
Epoch 00255 | Loss 0.1586 | Avg Epoch Time 2.7242s
Epoch 00255 | Valid acc: 89.57% | Test acc: 78.55%
Epoch 00256 | Loss 0.1548 | Avg Epoch Time 2.7242s
Epoch 00257 | Loss 0.1494 | Avg Epoch Time 2.7242s
Epoch 00258 | Loss 0.1400 | Avg Epoch Time 2.7243s
Epoch 00259 | Loss 0.1389 | Avg Epoch Time 2.7243s
Epoch 00260 | Loss 0.1336 | Avg Epoch Time 2.7243s
Epoch 00260 | Valid acc: 89.06% | Test acc: 76.68%
Epoch 00261 | Loss 0.1353 | Avg Epoch Time 2.7243s
Epoch 00262 | Loss 0.1299 | Avg Epoch Time 2.7243s
Epoch 00263 | Loss 0.1234 | Avg Epoch Time 2.7243s
Epoch 00264 | Loss 0.1252 | Avg Epoch Time 2.7243s
Epoch 00265 | Loss 0.1196 | Avg Epoch Time 2.7243s
Epoch 00265 | Valid acc: 89.38% | Test acc: 76.20%
Epoch 00266 | Loss 0.1265 | Avg Epoch Time 2.7243s
Epoch 00267 | Loss 0.1220 | Avg Epoch Time 2.7243s
Epoch 00268 | Loss 0.1147 | Avg Epoch Time 2.7243s
Epoch 00269 | Loss 0.1175 | Avg Epoch Time 2.7243s
Epoch 00270 | Loss 0.1085 | Avg Epoch Time 2.7242s
Epoch 00270 | Valid acc: 90.01% | Test acc: 77.27%
Epoch 00271 | Loss 0.1114 | Avg Epoch Time 2.7242s
Epoch 00272 | Loss 0.1140 | Avg Epoch Time 2.7242s
Epoch 00273 | Loss 0.1098 | Avg Epoch Time 2.7244s
Epoch 00274 | Loss 0.1148 | Avg Epoch Time 2.7244s
Epoch 00275 | Loss 0.1178 | Avg Epoch Time 2.7244s
Epoch 00275 | Valid acc: 89.38% | Test acc: 77.95%
Epoch 00276 | Loss 0.1076 | Avg Epoch Time 2.7244s
Epoch 00277 | Loss 0.1058 | Avg Epoch Time 2.7244s
Epoch 00278 | Loss 0.1136 | Avg Epoch Time 2.7243s
Epoch 00279 | Loss 0.1013 | Avg Epoch Time 2.7243s
Epoch 00280 | Loss 0.1074 | Avg Epoch Time 2.7243s
Epoch 00280 | Valid acc: 89.50% | Test acc: 77.11%
Epoch 00281 | Loss 0.1162 | Avg Epoch Time 2.7243s
Epoch 00282 | Loss 0.1073 | Avg Epoch Time 2.7244s
Epoch 00283 | Loss 0.1163 | Avg Epoch Time 2.7244s
Epoch 00284 | Loss 0.1213 | Avg Epoch Time 2.7244s
Epoch 00285 | Loss 0.1463 | Avg Epoch Time 2.7244s
Epoch 00285 | Valid acc: 89.89% | Test acc: 74.87%
Epoch 00286 | Loss 0.1360 | Avg Epoch Time 2.7244s
Epoch 00287 | Loss 0.1335 | Avg Epoch Time 2.7243s
Epoch 00288 | Loss 0.1375 | Avg Epoch Time 2.7243s
Epoch 00289 | Loss 0.1218 | Avg Epoch Time 2.7243s
Epoch 00290 | Loss 0.1188 | Avg Epoch Time 2.7242s
Epoch 00290 | Valid acc: 89.63% | Test acc: 77.13%
Epoch 00291 | Loss 0.1081 | Avg Epoch Time 2.7244s
Epoch 00292 | Loss 0.1132 | Avg Epoch Time 2.7243s
Epoch 00293 | Loss 0.1063 | Avg Epoch Time 2.7243s
Epoch 00294 | Loss 0.1097 | Avg Epoch Time 2.7246s
Epoch 00295 | Loss 0.0998 | Avg Epoch Time 2.7246s
Epoch 00295 | Valid acc: 89.31% | Test acc: 77.03%
Epoch 00296 | Loss 0.1037 | Avg Epoch Time 2.7246s
Epoch 00297 | Loss 0.1024 | Avg Epoch Time 2.7246s
Epoch 00298 | Loss 0.0983 | Avg Epoch Time 2.7246s
Epoch 00299 | Loss 0.0978 | Avg Epoch Time 2.7245s
Epoch 00300 | Loss 0.1047 | Avg Epoch Time 2.7245s
Epoch 00300 | Valid acc: 89.12% | Test acc: 77.29%
Epoch 00301 | Loss 0.0899 | Avg Epoch Time 2.7245s
Epoch 00302 | Loss 0.0971 | Avg Epoch Time 2.7245s
Epoch 00303 | Loss 0.0903 | Avg Epoch Time 2.7244s
Epoch 00304 | Loss 0.0931 | Avg Epoch Time 2.7244s
Epoch 00305 | Loss 0.0903 | Avg Epoch Time 2.7243s
Epoch 00305 | Valid acc: 89.38% | Test acc: 77.51%
Epoch 00306 | Loss 0.0891 | Avg Epoch Time 2.7243s
Epoch 00307 | Loss 0.0846 | Avg Epoch Time 2.7243s
Epoch 00308 | Loss 0.0870 | Avg Epoch Time 2.7243s
Epoch 00309 | Loss 0.0832 | Avg Epoch Time 2.7243s
Epoch 00310 | Loss 0.0806 | Avg Epoch Time 2.7242s
Epoch 00310 | Valid acc: 89.19% | Test acc: 76.60%
Epoch 00311 | Loss 0.0835 | Avg Epoch Time 2.7242s
Epoch 00312 | Loss 0.0829 | Avg Epoch Time 2.7242s
Epoch 00313 | Loss 0.0748 | Avg Epoch Time 2.7244s
Epoch 00314 | Loss 0.0789 | Avg Epoch Time 2.7244s
Epoch 00315 | Loss 0.0827 | Avg Epoch Time 2.7244s
Epoch 00315 | Valid acc: 89.44% | Test acc: 76.76%
Epoch 00316 | Loss 0.0748 | Avg Epoch Time 2.7244s
Epoch 00317 | Loss 0.0792 | Avg Epoch Time 2.7243s
Epoch 00318 | Loss 0.0773 | Avg Epoch Time 2.7243s
Epoch 00319 | Loss 0.0754 | Avg Epoch Time 2.7243s
Epoch 00320 | Loss 0.0826 | Avg Epoch Time 2.7243s
Epoch 00320 | Valid acc: 88.99% | Test acc: 76.21%
Epoch 00321 | Loss 0.0859 | Avg Epoch Time 2.7243s
Epoch 00322 | Loss 0.0823 | Avg Epoch Time 2.7243s
Epoch 00323 | Loss 0.0861 | Avg Epoch Time 2.7243s
Epoch 00324 | Loss 0.0771 | Avg Epoch Time 2.7243s
Epoch 00325 | Loss 0.0824 | Avg Epoch Time 2.7243s
Epoch 00325 | Valid acc: 89.12% | Test acc: 76.74%
Epoch 00326 | Loss 0.0821 | Avg Epoch Time 2.7242s
Epoch 00327 | Loss 0.0773 | Avg Epoch Time 2.7242s
Epoch 00328 | Loss 0.0823 | Avg Epoch Time 2.7243s
Epoch 00329 | Loss 0.0816 | Avg Epoch Time 2.7243s
Epoch 00330 | Loss 0.0965 | Avg Epoch Time 2.7243s
Epoch 00330 | Valid acc: 88.74% | Test acc: 76.99%
Epoch 00331 | Loss 0.1094 | Avg Epoch Time 2.7242s
Epoch 00332 | Loss 0.1198 | Avg Epoch Time 2.7244s
Epoch 00333 | Loss 0.1130 | Avg Epoch Time 2.7244s
Epoch 00334 | Loss 0.1301 | Avg Epoch Time 2.7244s
Epoch 00335 | Loss 0.1459 | Avg Epoch Time 2.7243s
Epoch 00335 | Valid acc: 88.36% | Test acc: 76.73%
Epoch 00336 | Loss 0.1177 | Avg Epoch Time 2.7243s
Epoch 00337 | Loss 0.1268 | Avg Epoch Time 2.7244s
Epoch 00338 | Loss 0.1215 | Avg Epoch Time 2.7244s
Epoch 00339 | Loss 0.1121 | Avg Epoch Time 2.7244s
Epoch 00340 | Loss 0.1018 | Avg Epoch Time 2.7244s
Epoch 00340 | Valid acc: 89.63% | Test acc: 77.19%
Epoch 00341 | Loss 0.1135 | Avg Epoch Time 2.7244s
Epoch 00342 | Loss 0.0906 | Avg Epoch Time 2.7244s
Epoch 00343 | Loss 0.1020 | Avg Epoch Time 2.7244s
Epoch 00344 | Loss 0.0901 | Avg Epoch Time 2.7244s
Epoch 00345 | Loss 0.0861 | Avg Epoch Time 2.7244s
Epoch 00345 | Valid acc: 88.99% | Test acc: 77.32%
Epoch 00346 | Loss 0.0866 | Avg Epoch Time 2.7245s
Epoch 00347 | Loss 0.0855 | Avg Epoch Time 2.7245s
Epoch 00348 | Loss 0.0787 | Avg Epoch Time 2.7248s
Epoch 00349 | Loss 0.0763 | Avg Epoch Time 2.7248s
Epoch 00350 | Loss 0.0785 | Avg Epoch Time 2.7248s
Epoch 00350 | Valid acc: 89.12% | Test acc: 76.31%
Epoch 00351 | Loss 0.0784 | Avg Epoch Time 2.7247s
Epoch 00352 | Loss 0.0797 | Avg Epoch Time 2.7247s
Epoch 00353 | Loss 0.0714 | Avg Epoch Time 2.7247s
Epoch 00354 | Loss 0.0745 | Avg Epoch Time 2.7247s
Epoch 00355 | Loss 0.0777 | Avg Epoch Time 2.7248s
Epoch 00355 | Valid acc: 89.19% | Test acc: 77.03%
Epoch 00356 | Loss 0.0719 | Avg Epoch Time 2.7248s
Epoch 00357 | Loss 0.0705 | Avg Epoch Time 2.7249s
Epoch 00358 | Loss 0.0673 | Avg Epoch Time 2.7248s
Epoch 00359 | Loss 0.0667 | Avg Epoch Time 2.7249s
Epoch 00360 | Loss 0.0663 | Avg Epoch Time 2.7248s
Epoch 00360 | Valid acc: 89.31% | Test acc: 76.56%
Epoch 00361 | Loss 0.0654 | Avg Epoch Time 2.7248s
Epoch 00362 | Loss 0.0628 | Avg Epoch Time 2.7248s
Epoch 00363 | Loss 0.0591 | Avg Epoch Time 2.7249s
Epoch 00364 | Loss 0.0599 | Avg Epoch Time 2.7249s
Epoch 00365 | Loss 0.0603 | Avg Epoch Time 2.7249s
Epoch 00365 | Valid acc: 89.06% | Test acc: 76.71%
Epoch 00366 | Loss 0.0606 | Avg Epoch Time 2.7251s
Epoch 00367 | Loss 0.0595 | Avg Epoch Time 2.7253s
Epoch 00368 | Loss 0.0567 | Avg Epoch Time 2.7253s
Epoch 00369 | Loss 0.0582 | Avg Epoch Time 2.7253s
Epoch 00370 | Loss 0.0564 | Avg Epoch Time 2.7253s
Epoch 00370 | Valid acc: 89.44% | Test acc: 76.84%
Epoch 00371 | Loss 0.0514 | Avg Epoch Time 2.7254s
Epoch 00372 | Loss 0.0548 | Avg Epoch Time 2.7254s
Epoch 00373 | Loss 0.0513 | Avg Epoch Time 2.7253s
Epoch 00374 | Loss 0.0510 | Avg Epoch Time 2.7253s
Epoch 00375 | Loss 0.0505 | Avg Epoch Time 2.7254s
Epoch 00375 | Valid acc: 89.25% | Test acc: 75.56%
Epoch 00376 | Loss 0.0523 | Avg Epoch Time 2.7253s
Epoch 00377 | Loss 0.0518 | Avg Epoch Time 2.7253s
Epoch 00378 | Loss 0.0511 | Avg Epoch Time 2.7254s
Epoch 00379 | Loss 0.0523 | Avg Epoch Time 2.7254s
Epoch 00380 | Loss 0.0499 | Avg Epoch Time 2.7254s
Epoch 00380 | Valid acc: 89.06% | Test acc: 76.31%
Epoch 00381 | Loss 0.0470 | Avg Epoch Time 2.7255s
Epoch 00382 | Loss 0.0518 | Avg Epoch Time 2.7255s
Epoch 00383 | Loss 0.0556 | Avg Epoch Time 2.7255s
Epoch 00384 | Loss 0.0661 | Avg Epoch Time 2.7255s
Epoch 00385 | Loss 0.0853 | Avg Epoch Time 2.7255s
Epoch 00385 | Valid acc: 88.30% | Test acc: 75.79%
Epoch 00386 | Loss 0.1130 | Avg Epoch Time 2.7255s
Epoch 00387 | Loss 0.0757 | Avg Epoch Time 2.7255s
Epoch 00388 | Loss 0.1127 | Avg Epoch Time 2.7255s
Epoch 00389 | Loss 0.1077 | Avg Epoch Time 2.7255s
Epoch 00390 | Loss 0.1371 | Avg Epoch Time 2.7255s
Epoch 00390 | Valid acc: 87.02% | Test acc: 74.74%
Epoch 00391 | Loss 0.1691 | Avg Epoch Time 2.7255s
Epoch 00392 | Loss 0.1242 | Avg Epoch Time 2.7255s
Epoch 00393 | Loss 0.1681 | Avg Epoch Time 2.7255s
Epoch 00394 | Loss 0.1334 | Avg Epoch Time 2.7256s
Epoch 00395 | Loss 0.1531 | Avg Epoch Time 2.7256s
Epoch 00395 | Valid acc: 88.61% | Test acc: 74.45%
Epoch 00396 | Loss 0.1513 | Avg Epoch Time 2.7256s
Epoch 00397 | Loss 0.1387 | Avg Epoch Time 2.7256s
Epoch 00398 | Loss 0.1467 | Avg Epoch Time 2.7256s
Epoch 00399 | Loss 0.1287 | Avg Epoch Time 2.7256s
Epoch 00400 | Loss 0.1180 | Avg Epoch Time 2.7256s
Epoch 00400 | Valid acc: 88.61% | Test acc: 78.08%
Epoch 00401 | Loss 0.1186 | Avg Epoch Time 2.7257s
Epoch 00402 | Loss 0.1074 | Avg Epoch Time 2.7257s
Epoch 00403 | Loss 0.1013 | Avg Epoch Time 2.7257s
Epoch 00404 | Loss 0.0950 | Avg Epoch Time 2.7257s
Epoch 00405 | Loss 0.0911 | Avg Epoch Time 2.7257s
Epoch 00405 | Valid acc: 89.19% | Test acc: 77.67%
Epoch 00406 | Loss 0.0868 | Avg Epoch Time 2.7257s
Epoch 00407 | Loss 0.0866 | Avg Epoch Time 2.7257s
Epoch 00408 | Loss 0.0811 | Avg Epoch Time 2.7256s
Epoch 00409 | Loss 0.0783 | Avg Epoch Time 2.7256s
Epoch 00410 | Loss 0.0734 | Avg Epoch Time 2.7257s
Epoch 00410 | Valid acc: 88.87% | Test acc: 76.35%
Epoch 00411 | Loss 0.0671 | Avg Epoch Time 2.7257s
Epoch 00412 | Loss 0.0700 | Avg Epoch Time 2.7257s
Epoch 00413 | Loss 0.0681 | Avg Epoch Time 2.7257s
Epoch 00414 | Loss 0.0641 | Avg Epoch Time 2.7257s
Epoch 00415 | Loss 0.0625 | Avg Epoch Time 2.7257s
Epoch 00415 | Valid acc: 88.74% | Test acc: 77.16%
Epoch 00416 | Loss 0.0566 | Avg Epoch Time 2.7257s
Epoch 00417 | Loss 0.0631 | Avg Epoch Time 2.7256s
Epoch 00418 | Loss 0.0564 | Avg Epoch Time 2.7256s
Epoch 00419 | Loss 0.0593 | Avg Epoch Time 2.7257s
Epoch 00420 | Loss 0.0565 | Avg Epoch Time 2.7257s
Epoch 00420 | Valid acc: 89.12% | Test acc: 76.67%
Epoch 00421 | Loss 0.0561 | Avg Epoch Time 2.7257s
Epoch 00422 | Loss 0.0534 | Avg Epoch Time 2.7257s
Epoch 00423 | Loss 0.0508 | Avg Epoch Time 2.7257s
Epoch 00424 | Loss 0.0511 | Avg Epoch Time 2.7257s
Epoch 00425 | Loss 0.0515 | Avg Epoch Time 2.7256s
Epoch 00425 | Valid acc: 89.12% | Test acc: 76.89%
Epoch 00426 | Loss 0.0475 | Avg Epoch Time 2.7256s
Epoch 00427 | Loss 0.0483 | Avg Epoch Time 2.7257s
Epoch 00428 | Loss 0.0488 | Avg Epoch Time 2.7256s
Epoch 00429 | Loss 0.0476 | Avg Epoch Time 2.7256s
Epoch 00430 | Loss 0.0482 | Avg Epoch Time 2.7256s
Epoch 00430 | Valid acc: 88.99% | Test acc: 76.56%
Epoch 00431 | Loss 0.0465 | Avg Epoch Time 2.7256s
Epoch 00432 | Loss 0.0446 | Avg Epoch Time 2.7256s
Epoch 00433 | Loss 0.0459 | Avg Epoch Time 2.7256s
Epoch 00434 | Loss 0.0436 | Avg Epoch Time 2.7256s
Epoch 00435 | Loss 0.0448 | Avg Epoch Time 2.7256s
Epoch 00435 | Valid acc: 88.93% | Test acc: 77.19%
Epoch 00436 | Loss 0.0430 | Avg Epoch Time 2.7256s
Epoch 00437 | Loss 0.0499 | Avg Epoch Time 2.7255s
Epoch 00438 | Loss 0.0445 | Avg Epoch Time 2.7255s
Epoch 00439 | Loss 0.0419 | Avg Epoch Time 2.7256s
Epoch 00440 | Loss 0.0434 | Avg Epoch Time 2.7256s
Epoch 00440 | Valid acc: 88.68% | Test acc: 77.40%
Epoch 00441 | Loss 0.0414 | Avg Epoch Time 2.7255s
Epoch 00442 | Loss 0.0397 | Avg Epoch Time 2.7255s
Epoch 00443 | Loss 0.0425 | Avg Epoch Time 2.7255s
Epoch 00444 | Loss 0.0378 | Avg Epoch Time 2.7255s
Epoch 00445 | Loss 0.0413 | Avg Epoch Time 2.7255s
Epoch 00445 | Valid acc: 89.12% | Test acc: 77.27%
Epoch 00446 | Loss 0.0393 | Avg Epoch Time 2.7255s
Epoch 00447 | Loss 0.0423 | Avg Epoch Time 2.7255s
Epoch 00448 | Loss 0.0371 | Avg Epoch Time 2.7255s
Epoch 00449 | Loss 0.0389 | Avg Epoch Time 2.7255s
Epoch 00450 | Loss 0.0389 | Avg Epoch Time 2.7255s
Epoch 00450 | Valid acc: 88.10% | Test acc: 76.46%
Epoch 00451 | Loss 0.0435 | Avg Epoch Time 2.7255s
Epoch 00452 | Loss 0.0523 | Avg Epoch Time 2.7255s
Epoch 00453 | Loss 0.0561 | Avg Epoch Time 2.7257s
Epoch 00454 | Loss 0.0858 | Avg Epoch Time 2.7257s
Epoch 00455 | Loss 0.0711 | Avg Epoch Time 2.7257s
Epoch 00455 | Valid acc: 87.72% | Test acc: 77.33%
Epoch 00456 | Loss 0.0886 | Avg Epoch Time 2.7257s
Epoch 00457 | Loss 0.0937 | Avg Epoch Time 2.7259s
Epoch 00458 | Loss 0.0722 | Avg Epoch Time 2.7259s
Epoch 00459 | Loss 0.0722 | Avg Epoch Time 2.7259s
Epoch 00460 | Loss 0.0687 | Avg Epoch Time 2.7259s
Epoch 00460 | Valid acc: 89.19% | Test acc: 76.24%
Epoch 00461 | Loss 0.0627 | Avg Epoch Time 2.7261s
Epoch 00462 | Loss 0.0676 | Avg Epoch Time 2.7261s
Epoch 00463 | Loss 0.0635 | Avg Epoch Time 2.7261s
Epoch 00464 | Loss 0.0578 | Avg Epoch Time 2.7260s
Epoch 00465 | Loss 0.0560 | Avg Epoch Time 2.7261s
Epoch 00465 | Valid acc: 88.93% | Test acc: 75.52%
Epoch 00466 | Loss 0.0569 | Avg Epoch Time 2.7261s
Epoch 00467 | Loss 0.0544 | Avg Epoch Time 2.7261s
Epoch 00468 | Loss 0.0505 | Avg Epoch Time 2.7261s
Epoch 00469 | Loss 0.0524 | Avg Epoch Time 2.7261s
Epoch 00470 | Loss 0.0468 | Avg Epoch Time 2.7261s
Epoch 00470 | Valid acc: 88.68% | Test acc: 77.46%
Epoch 00471 | Loss 0.0487 | Avg Epoch Time 2.7261s
Epoch 00472 | Loss 0.0444 | Avg Epoch Time 2.7261s
Epoch 00473 | Loss 0.0489 | Avg Epoch Time 2.7261s
Epoch 00474 | Loss 0.0427 | Avg Epoch Time 2.7262s
Epoch 00475 | Loss 0.0431 | Avg Epoch Time 2.7262s
Epoch 00475 | Valid acc: 88.99% | Test acc: 76.13%
Epoch 00476 | Loss 0.0416 | Avg Epoch Time 2.7262s
Epoch 00477 | Loss 0.0394 | Avg Epoch Time 2.7261s
Epoch 00478 | Loss 0.0449 | Avg Epoch Time 2.7262s
Epoch 00479 | Loss 0.0417 | Avg Epoch Time 2.7262s
Epoch 00480 | Loss 0.0353 | Avg Epoch Time 2.7262s
Epoch 00480 | Valid acc: 88.87% | Test acc: 76.59%
Epoch 00481 | Loss 0.0419 | Avg Epoch Time 2.7262s
Epoch 00482 | Loss 0.0364 | Avg Epoch Time 2.7262s
Epoch 00483 | Loss 0.0377 | Avg Epoch Time 2.7262s
Epoch 00484 | Loss 0.0360 | Avg Epoch Time 2.7262s
Epoch 00485 | Loss 0.0365 | Avg Epoch Time 2.7262s
Epoch 00485 | Valid acc: 89.31% | Test acc: 75.96%
Epoch 00486 | Loss 0.0373 | Avg Epoch Time 2.7263s
Epoch 00487 | Loss 0.0372 | Avg Epoch Time 2.7263s
Epoch 00488 | Loss 0.0340 | Avg Epoch Time 2.7263s
Epoch 00489 | Loss 0.0316 | Avg Epoch Time 2.7263s
Epoch 00490 | Loss 0.0372 | Avg Epoch Time 2.7263s
Epoch 00490 | Valid acc: 88.55% | Test acc: 76.80%
Epoch 00491 | Loss 0.0340 | Avg Epoch Time 2.7263s
Epoch 00492 | Loss 0.0341 | Avg Epoch Time 2.7263s
Epoch 00493 | Loss 0.0321 | Avg Epoch Time 2.7263s
Epoch 00494 | Loss 0.0348 | Avg Epoch Time 2.7263s
Epoch 00495 | Loss 0.0345 | Avg Epoch Time 2.7263s
Epoch 00495 | Valid acc: 88.49% | Test acc: 76.22%
Epoch 00496 | Loss 0.0327 | Avg Epoch Time 2.7263s
Epoch 00497 | Loss 0.0326 | Avg Epoch Time 2.7263s
Epoch 00498 | Loss 0.0295 | Avg Epoch Time 2.7263s
Epoch 00499 | Loss 0.0324 | Avg Epoch Time 2.7263s
Best TestAcc: 79.3350
