> initializing torch distributed ...
stage=1 layers = 28-56
stage=3 layers = 84-112
stage=2 layers = 56-84
cora load successfully
Train nodes: 1624, Val nodes: 542, Test nodes: 542
Num of train batches: 1, num of train microbatches: 1, microbatch size: 2708

Number of parameters: 1992327
stage=0 layers = 0-28
Training...
Epoch 00000 | Loss 1.9476 | Epoch Time 1.68s
Epoch 00000 | Valid acc: 31.00% | Test acc: 28.23%
Epoch 00001 | Loss 1.9246 | Epoch Time 0.03s
Epoch 00002 | Loss 1.8505 | Epoch Time 0.04s
Epoch 00003 | Loss 1.8522 | Epoch Time 0.05s
Epoch 00004 | Loss 1.8485 | Epoch Time 0.05s
Epoch 00005 | Loss 1.8400 | Avg Epoch Time 0.0524s
Epoch 00005 | Valid acc: 31.00% | Test acc: 28.23%
Epoch 00006 | Loss 1.8330 | Avg Epoch Time 0.0546s
Epoch 00007 | Loss 1.8398 | Avg Epoch Time 0.0544s
Epoch 00008 | Loss 1.8388 | Avg Epoch Time 0.0549s
Epoch 00009 | Loss 1.8367 | Avg Epoch Time 0.0552s
Epoch 00010 | Loss 1.8331 | Avg Epoch Time 0.0555s
Epoch 00010 | Valid acc: 31.00% | Test acc: 28.23%
Epoch 00011 | Loss 1.8323 | Avg Epoch Time 0.0557s
Epoch 00012 | Loss 1.8337 | Avg Epoch Time 0.0563s
Epoch 00013 | Loss 1.8253 | Avg Epoch Time 0.0568s
Epoch 00014 | Loss 1.8197 | Avg Epoch Time 0.0578s
Epoch 00015 | Loss 1.8148 | Avg Epoch Time 0.0583s
Epoch 00015 | Valid acc: 31.00% | Test acc: 28.23%
Epoch 00016 | Loss 1.8027 | Avg Epoch Time 0.0586s
Epoch 00017 | Loss 1.7790 | Avg Epoch Time 0.0590s
Epoch 00018 | Loss 1.7514 | Avg Epoch Time 0.0594s
Epoch 00019 | Loss 1.7137 | Avg Epoch Time 0.0597s
Epoch 00020 | Loss 1.6484 | Avg Epoch Time 0.0600s
Epoch 00020 | Valid acc: 44.10% | Test acc: 43.91%
Epoch 00021 | Loss 1.5624 | Avg Epoch Time 0.0602s
Epoch 00022 | Loss 1.4584 | Avg Epoch Time 0.0607s
Epoch 00023 | Loss 1.3637 | Avg Epoch Time 0.0609s
Epoch 00024 | Loss 1.4592 | Avg Epoch Time 0.0610s
Epoch 00025 | Loss 1.3823 | Avg Epoch Time 0.0610s
Epoch 00025 | Valid acc: 42.80% | Test acc: 42.25%
Epoch 00026 | Loss 1.3386 | Avg Epoch Time 0.0610s
Epoch 00027 | Loss 1.2580 | Avg Epoch Time 0.0610s
Epoch 00028 | Loss 1.3211 | Avg Epoch Time 0.0610s
Epoch 00029 | Loss 1.3317 | Avg Epoch Time 0.0612s
Epoch 00030 | Loss 1.2482 | Avg Epoch Time 0.0615s
Epoch 00030 | Valid acc: 44.10% | Test acc: 44.10%
Epoch 00031 | Loss 1.2311 | Avg Epoch Time 0.0615s
Epoch 00032 | Loss 1.2498 | Avg Epoch Time 0.0616s
Epoch 00033 | Loss 1.2198 | Avg Epoch Time 0.0617s
Epoch 00034 | Loss 1.1711 | Avg Epoch Time 0.0618s
Epoch 00035 | Loss 1.1416 | Avg Epoch Time 0.0618s
Epoch 00035 | Valid acc: 52.40% | Test acc: 55.17%
Epoch 00036 | Loss 1.1142 | Avg Epoch Time 0.0619s
Epoch 00037 | Loss 1.0651 | Avg Epoch Time 0.0619s
Epoch 00038 | Loss 0.9730 | Avg Epoch Time 0.0622s
Epoch 00039 | Loss 0.9010 | Avg Epoch Time 0.0622s
Epoch 00040 | Loss 0.8057 | Avg Epoch Time 0.0622s
Epoch 00040 | Valid acc: 65.31% | Test acc: 66.05%
Epoch 00041 | Loss 0.7405 | Avg Epoch Time 0.0623s
Epoch 00042 | Loss 0.7173 | Avg Epoch Time 0.0623s
Epoch 00043 | Loss 0.6938 | Avg Epoch Time 0.0623s
Epoch 00044 | Loss 0.6967 | Avg Epoch Time 0.0623s
Epoch 00045 | Loss 0.6744 | Avg Epoch Time 0.0623s
Epoch 00045 | Valid acc: 71.40% | Test acc: 68.27%
Epoch 00046 | Loss 0.6618 | Avg Epoch Time 0.0624s
Epoch 00047 | Loss 0.6524 | Avg Epoch Time 0.0625s
Epoch 00048 | Loss 0.6388 | Avg Epoch Time 0.0624s
Epoch 00049 | Loss 0.6346 | Avg Epoch Time 0.0623s
Epoch 00050 | Loss 0.6260 | Avg Epoch Time 0.0624s
Epoch 00050 | Valid acc: 72.88% | Test acc: 70.48%
Epoch 00051 | Loss 0.6215 | Avg Epoch Time 0.0624s
Epoch 00052 | Loss 0.6131 | Avg Epoch Time 0.0624s
Epoch 00053 | Loss 0.6074 | Avg Epoch Time 0.0624s
Epoch 00054 | Loss 0.5952 | Avg Epoch Time 0.0626s
Epoch 00055 | Loss 0.5861 | Avg Epoch Time 0.0626s
Epoch 00055 | Valid acc: 72.88% | Test acc: 69.56%
Epoch 00056 | Loss 0.5793 | Avg Epoch Time 0.0626s
Epoch 00057 | Loss 0.5653 | Avg Epoch Time 0.0626s
Epoch 00058 | Loss 0.5591 | Avg Epoch Time 0.0626s
Epoch 00059 | Loss 0.5466 | Avg Epoch Time 0.0627s
Epoch 00060 | Loss 0.5239 | Avg Epoch Time 0.0627s
Epoch 00060 | Valid acc: 74.17% | Test acc: 72.32%
Epoch 00061 | Loss 0.5077 | Avg Epoch Time 0.0627s
Epoch 00062 | Loss 0.4972 | Avg Epoch Time 0.0628s
Epoch 00063 | Loss 0.4844 | Avg Epoch Time 0.0628s
Epoch 00064 | Loss 0.4775 | Avg Epoch Time 0.0629s
Epoch 00065 | Loss 0.5073 | Avg Epoch Time 0.0629s
Epoch 00065 | Valid acc: 77.68% | Test acc: 76.01%
Epoch 00066 | Loss 0.4205 | Avg Epoch Time 0.0628s
Epoch 00067 | Loss 0.4517 | Avg Epoch Time 0.0629s
Epoch 00068 | Loss 0.5127 | Avg Epoch Time 0.0629s
Epoch 00069 | Loss 0.4361 | Avg Epoch Time 0.0629s
Epoch 00070 | Loss 0.4228 | Avg Epoch Time 0.0630s
Epoch 00070 | Valid acc: 79.52% | Test acc: 79.34%
Epoch 00071 | Loss 0.3680 | Avg Epoch Time 0.0630s
Epoch 00072 | Loss 0.3632 | Avg Epoch Time 0.0630s
Epoch 00073 | Loss 0.3522 | Avg Epoch Time 0.0630s
Epoch 00074 | Loss 0.3251 | Avg Epoch Time 0.0630s
Epoch 00075 | Loss 0.3195 | Avg Epoch Time 0.0630s
Epoch 00075 | Valid acc: 80.63% | Test acc: 81.37%
Epoch 00076 | Loss 0.2925 | Avg Epoch Time 0.0631s
Epoch 00077 | Loss 0.2982 | Avg Epoch Time 0.0631s
Epoch 00078 | Loss 0.2591 | Avg Epoch Time 0.0632s
Epoch 00079 | Loss 0.2653 | Avg Epoch Time 0.0632s
Epoch 00080 | Loss 0.2403 | Avg Epoch Time 0.0632s
Epoch 00080 | Valid acc: 83.03% | Test acc: 80.63%
Epoch 00081 | Loss 0.2349 | Avg Epoch Time 0.0632s
Epoch 00082 | Loss 0.2108 | Avg Epoch Time 0.0632s
Epoch 00083 | Loss 0.2146 | Avg Epoch Time 0.0632s
Epoch 00084 | Loss 0.1852 | Avg Epoch Time 0.0632s
Epoch 00085 | Loss 0.2020 | Avg Epoch Time 0.0632s
Epoch 00085 | Valid acc: 82.47% | Test acc: 82.66%
Epoch 00086 | Loss 0.2031 | Avg Epoch Time 0.0633s
Epoch 00087 | Loss 0.1755 | Avg Epoch Time 0.0633s
Epoch 00088 | Loss 0.1663 | Avg Epoch Time 0.0633s
Epoch 00089 | Loss 0.1739 | Avg Epoch Time 0.0634s
Epoch 00090 | Loss 0.1475 | Avg Epoch Time 0.0634s
Epoch 00090 | Valid acc: 82.29% | Test acc: 84.50%
Epoch 00091 | Loss 0.1562 | Avg Epoch Time 0.0634s
Epoch 00092 | Loss 0.1455 | Avg Epoch Time 0.0634s
Epoch 00093 | Loss 0.1377 | Avg Epoch Time 0.0634s
Epoch 00094 | Loss 0.1212 | Avg Epoch Time 0.0634s
Epoch 00095 | Loss 0.1294 | Avg Epoch Time 0.0635s
Epoch 00095 | Valid acc: 83.03% | Test acc: 83.21%
Epoch 00096 | Loss 0.1041 | Avg Epoch Time 0.0635s
Epoch 00097 | Loss 0.1130 | Avg Epoch Time 0.0635s
Epoch 00098 | Loss 0.0986 | Avg Epoch Time 0.0635s
Epoch 00099 | Loss 0.1000 | Avg Epoch Time 0.0635s
Epoch 00100 | Loss 0.0945 | Avg Epoch Time 0.0635s
Epoch 00100 | Valid acc: 83.58% | Test acc: 83.39%
Epoch 00101 | Loss 0.0894 | Avg Epoch Time 0.0635s
Epoch 00102 | Loss 0.0842 | Avg Epoch Time 0.0635s
Epoch 00103 | Loss 0.0756 | Avg Epoch Time 0.0635s
Epoch 00104 | Loss 0.0741 | Avg Epoch Time 0.0635s
Epoch 00105 | Loss 0.0809 | Avg Epoch Time 0.0636s
Epoch 00105 | Valid acc: 83.76% | Test acc: 83.58%
Epoch 00106 | Loss 0.0703 | Avg Epoch Time 0.0636s
Epoch 00107 | Loss 0.0744 | Avg Epoch Time 0.0636s
Epoch 00108 | Loss 0.0618 | Avg Epoch Time 0.0636s
Epoch 00109 | Loss 0.0604 | Avg Epoch Time 0.0636s
Epoch 00110 | Loss 0.0613 | Avg Epoch Time 0.0636s
Epoch 00110 | Valid acc: 84.13% | Test acc: 83.95%
Epoch 00111 | Loss 0.0548 | Avg Epoch Time 0.0636s
Epoch 00112 | Loss 0.0599 | Avg Epoch Time 0.0636s
Epoch 00113 | Loss 0.0504 | Avg Epoch Time 0.0636s
Epoch 00114 | Loss 0.0468 | Avg Epoch Time 0.0636s
Epoch 00115 | Loss 0.0520 | Avg Epoch Time 0.0636s
Epoch 00115 | Valid acc: 83.58% | Test acc: 84.13%
Epoch 00116 | Loss 0.0482 | Avg Epoch Time 0.0636s
Epoch 00117 | Loss 0.0416 | Avg Epoch Time 0.0637s
Epoch 00118 | Loss 0.0475 | Avg Epoch Time 0.0637s
Epoch 00119 | Loss 0.0414 | Avg Epoch Time 0.0637s
Epoch 00120 | Loss 0.0440 | Avg Epoch Time 0.0637s
Epoch 00120 | Valid acc: 83.95% | Test acc: 83.39%
Epoch 00121 | Loss 0.0364 | Avg Epoch Time 0.0637s
Epoch 00122 | Loss 0.0322 | Avg Epoch Time 0.0638s
Epoch 00123 | Loss 0.0328 | Avg Epoch Time 0.0638s
Epoch 00124 | Loss 0.0319 | Avg Epoch Time 0.0638s
Epoch 00125 | Loss 0.0320 | Avg Epoch Time 0.0638s
Epoch 00125 | Valid acc: 83.58% | Test acc: 83.39%
Epoch 00126 | Loss 0.0337 | Avg Epoch Time 0.0638s
Epoch 00127 | Loss 0.0251 | Avg Epoch Time 0.0638s
Epoch 00128 | Loss 0.0280 | Avg Epoch Time 0.0638s
Epoch 00129 | Loss 0.0294 | Avg Epoch Time 0.0638s
Epoch 00130 | Loss 0.0259 | Avg Epoch Time 0.0638s
Epoch 00130 | Valid acc: 84.32% | Test acc: 83.76%
Epoch 00131 | Loss 0.0221 | Avg Epoch Time 0.0638s
Epoch 00132 | Loss 0.0232 | Avg Epoch Time 0.0638s
Epoch 00133 | Loss 0.0216 | Avg Epoch Time 0.0638s
Epoch 00134 | Loss 0.0227 | Avg Epoch Time 0.0638s
Epoch 00135 | Loss 0.0179 | Avg Epoch Time 0.0638s
Epoch 00135 | Valid acc: 84.32% | Test acc: 84.32%
Epoch 00136 | Loss 0.0207 | Avg Epoch Time 0.0638s
Epoch 00137 | Loss 0.0180 | Avg Epoch Time 0.0638s
Epoch 00138 | Loss 0.0160 | Avg Epoch Time 0.0638s
Epoch 00139 | Loss 0.0144 | Avg Epoch Time 0.0638s
Epoch 00140 | Loss 0.0137 | Avg Epoch Time 0.0639s
Epoch 00140 | Valid acc: 83.95% | Test acc: 83.76%
Epoch 00141 | Loss 0.0159 | Avg Epoch Time 0.0639s
Epoch 00142 | Loss 0.0133 | Avg Epoch Time 0.0639s
Epoch 00143 | Loss 0.0163 | Avg Epoch Time 0.0639s
Epoch 00144 | Loss 0.0135 | Avg Epoch Time 0.0639s
Epoch 00145 | Loss 0.0113 | Avg Epoch Time 0.0639s
Epoch 00145 | Valid acc: 83.76% | Test acc: 84.69%
Epoch 00146 | Loss 0.0151 | Avg Epoch Time 0.0639s
Epoch 00147 | Loss 0.0114 | Avg Epoch Time 0.0639s
Epoch 00148 | Loss 0.0100 | Avg Epoch Time 0.0639s
Epoch 00149 | Loss 0.0108 | Avg Epoch Time 0.0639s
Epoch 00150 | Loss 0.0104 | Avg Epoch Time 0.0639s
Epoch 00150 | Valid acc: 84.13% | Test acc: 83.95%
Epoch 00151 | Loss 0.0079 | Avg Epoch Time 0.0639s
Epoch 00152 | Loss 0.0096 | Avg Epoch Time 0.0639s
Epoch 00153 | Loss 0.0093 | Avg Epoch Time 0.0639s
Epoch 00154 | Loss 0.0079 | Avg Epoch Time 0.0639s
Epoch 00155 | Loss 0.0080 | Avg Epoch Time 0.0639s
Epoch 00155 | Valid acc: 83.76% | Test acc: 85.42%
Epoch 00156 | Loss 0.0059 | Avg Epoch Time 0.0639s
Epoch 00157 | Loss 0.0060 | Avg Epoch Time 0.0639s
Epoch 00158 | Loss 0.0081 | Avg Epoch Time 0.0640s
Epoch 00159 | Loss 0.0064 | Avg Epoch Time 0.0640s
Epoch 00160 | Loss 0.0085 | Avg Epoch Time 0.0640s
Epoch 00160 | Valid acc: 84.13% | Test acc: 85.06%
Epoch 00161 | Loss 0.0056 | Avg Epoch Time 0.0640s
Epoch 00162 | Loss 0.0050 | Avg Epoch Time 0.0640s
Epoch 00163 | Loss 0.0064 | Avg Epoch Time 0.0640s
Epoch 00164 | Loss 0.0054 | Avg Epoch Time 0.0640s
Epoch 00165 | Loss 0.0053 | Avg Epoch Time 0.0640s
Epoch 00165 | Valid acc: 83.95% | Test acc: 84.87%
Epoch 00166 | Loss 0.0049 | Avg Epoch Time 0.0640s
Epoch 00167 | Loss 0.0037 | Avg Epoch Time 0.0640s
Epoch 00168 | Loss 0.0041 | Avg Epoch Time 0.0640s
Epoch 00169 | Loss 0.0038 | Avg Epoch Time 0.0640s
Epoch 00170 | Loss 0.0032 | Avg Epoch Time 0.0640s
Epoch 00170 | Valid acc: 84.69% | Test acc: 84.69%
Epoch 00171 | Loss 0.0046 | Avg Epoch Time 0.0640s
Epoch 00172 | Loss 0.0051 | Avg Epoch Time 0.0640s
Epoch 00173 | Loss 0.0035 | Avg Epoch Time 0.0640s
Epoch 00174 | Loss 0.0038 | Avg Epoch Time 0.0640s
Epoch 00175 | Loss 0.0049 | Avg Epoch Time 0.0640s
Epoch 00175 | Valid acc: 83.21% | Test acc: 84.32%
Epoch 00176 | Loss 0.0052 | Avg Epoch Time 0.0641s
Epoch 00177 | Loss 0.0041 | Avg Epoch Time 0.0641s
Epoch 00178 | Loss 0.0044 | Avg Epoch Time 0.0641s
Epoch 00179 | Loss 0.0031 | Avg Epoch Time 0.0641s
Epoch 00180 | Loss 0.0036 | Avg Epoch Time 0.0641s
Epoch 00180 | Valid acc: 84.13% | Test acc: 84.69%
Epoch 00181 | Loss 0.0024 | Avg Epoch Time 0.0641s
Epoch 00182 | Loss 0.0029 | Avg Epoch Time 0.0641s
Epoch 00183 | Loss 0.0029 | Avg Epoch Time 0.0641s
Epoch 00184 | Loss 0.0031 | Avg Epoch Time 0.0641s
Epoch 00185 | Loss 0.0048 | Avg Epoch Time 0.0641s
Epoch 00185 | Valid acc: 84.13% | Test acc: 85.06%
Epoch 00186 | Loss 0.0026 | Avg Epoch Time 0.0641s
Epoch 00187 | Loss 0.0045 | Avg Epoch Time 0.0641s
Epoch 00188 | Loss 0.0021 | Avg Epoch Time 0.0641s
Epoch 00189 | Loss 0.0031 | Avg Epoch Time 0.0641s
Epoch 00190 | Loss 0.0034 | Avg Epoch Time 0.0641s
Epoch 00190 | Valid acc: 83.58% | Test acc: 84.87%
Epoch 00191 | Loss 0.0020 | Avg Epoch Time 0.0641s
Epoch 00192 | Loss 0.0028 | Avg Epoch Time 0.0641s
Epoch 00193 | Loss 0.0030 | Avg Epoch Time 0.0641s
Epoch 00194 | Loss 0.0030 | Avg Epoch Time 0.0641s
Epoch 00195 | Loss 0.0035 | Avg Epoch Time 0.0641s
Epoch 00195 | Valid acc: 83.76% | Test acc: 84.69%
Epoch 00196 | Loss 0.0019 | Avg Epoch Time 0.0641s
Epoch 00197 | Loss 0.0035 | Avg Epoch Time 0.0641s
Epoch 00198 | Loss 0.0031 | Avg Epoch Time 0.0641s
Epoch 00199 | Loss 0.0014 | Avg Epoch Time 0.0641s
Epoch 00200 | Loss 0.0033 | Avg Epoch Time 0.0641s
Epoch 00200 | Valid acc: 83.58% | Test acc: 83.95%
Epoch 00201 | Loss 0.0028 | Avg Epoch Time 0.0641s
Epoch 00202 | Loss 0.0023 | Avg Epoch Time 0.0641s
Epoch 00203 | Loss 0.0036 | Avg Epoch Time 0.0641s
Epoch 00204 | Loss 0.0019 | Avg Epoch Time 0.0641s
Epoch 00205 | Loss 0.0017 | Avg Epoch Time 0.0641s
Epoch 00205 | Valid acc: 83.95% | Test acc: 84.69%
Epoch 00206 | Loss 0.0033 | Avg Epoch Time 0.0641s
Epoch 00207 | Loss 0.0035 | Avg Epoch Time 0.0641s
Epoch 00208 | Loss 0.0011 | Avg Epoch Time 0.0641s
Epoch 00209 | Loss 0.0083 | Avg Epoch Time 0.0641s
Epoch 00210 | Loss 0.0044 | Avg Epoch Time 0.0641s
Epoch 00210 | Valid acc: 84.69% | Test acc: 84.32%
Epoch 00211 | Loss 0.0072 | Avg Epoch Time 0.0641s
Epoch 00212 | Loss 0.0078 | Avg Epoch Time 0.0642s
Epoch 00213 | Loss 0.0020 | Avg Epoch Time 0.0642s
Epoch 00214 | Loss 0.0027 | Avg Epoch Time 0.0642s
Epoch 00215 | Loss 0.0033 | Avg Epoch Time 0.0642s
Epoch 00215 | Valid acc: 83.21% | Test acc: 84.13%
Epoch 00216 | Loss 0.0041 | Avg Epoch Time 0.0642s
Epoch 00217 | Loss 0.0024 | Avg Epoch Time 0.0642s
Epoch 00218 | Loss 0.0024 | Avg Epoch Time 0.0642s
Epoch 00219 | Loss 0.0026 | Avg Epoch Time 0.0642s
Epoch 00220 | Loss 0.0015 | Avg Epoch Time 0.0642s
Epoch 00220 | Valid acc: 84.32% | Test acc: 84.32%
Epoch 00221 | Loss 0.0023 | Avg Epoch Time 0.0642s
Epoch 00222 | Loss 0.0025 | Avg Epoch Time 0.0642s
Epoch 00223 | Loss 0.0018 | Avg Epoch Time 0.0642s
Epoch 00224 | Loss 0.0015 | Avg Epoch Time 0.0642s
Epoch 00225 | Loss 0.0017 | Avg Epoch Time 0.0642s
Epoch 00225 | Valid acc: 84.32% | Test acc: 84.32%
Epoch 00226 | Loss 0.0013 | Avg Epoch Time 0.0642s
Epoch 00227 | Loss 0.0017 | Avg Epoch Time 0.0642s
Epoch 00228 | Loss 0.0018 | Avg Epoch Time 0.0642s
Epoch 00229 | Loss 0.0026 | Avg Epoch Time 0.0642s
Epoch 00230 | Loss 0.0016 | Avg Epoch Time 0.0643s
Epoch 00230 | Valid acc: 84.50% | Test acc: 85.06%
Epoch 00231 | Loss 0.0014 | Avg Epoch Time 0.0643s
Epoch 00232 | Loss 0.0011 | Avg Epoch Time 0.0642s
Epoch 00233 | Loss 0.0010 | Avg Epoch Time 0.0642s
Epoch 00234 | Loss 0.0021 | Avg Epoch Time 0.0642s
Epoch 00235 | Loss 0.0011 | Avg Epoch Time 0.0642s
Epoch 00235 | Valid acc: 84.50% | Test acc: 84.13%
Epoch 00236 | Loss 0.0010 | Avg Epoch Time 0.0642s
Epoch 00237 | Loss 0.0010 | Avg Epoch Time 0.0642s
Epoch 00238 | Loss 0.0006 | Avg Epoch Time 0.0642s
Epoch 00239 | Loss 0.0007 | Avg Epoch Time 0.0642s
Epoch 00240 | Loss 0.0009 | Avg Epoch Time 0.0642s
Epoch 00240 | Valid acc: 84.32% | Test acc: 84.50%
Epoch 00241 | Loss 0.0007 | Avg Epoch Time 0.0642s
Epoch 00242 | Loss 0.0012 | Avg Epoch Time 0.0642s
Epoch 00243 | Loss 0.0006 | Avg Epoch Time 0.0642s
Epoch 00244 | Loss 0.0007 | Avg Epoch Time 0.0642s
Epoch 00245 | Loss 0.0008 | Avg Epoch Time 0.0642s
Epoch 00245 | Valid acc: 84.13% | Test acc: 83.95%
Epoch 00246 | Loss 0.0008 | Avg Epoch Time 0.0642s
Epoch 00247 | Loss 0.0009 | Avg Epoch Time 0.0642s
Epoch 00248 | Loss 0.0005 | Avg Epoch Time 0.0643s
Epoch 00249 | Loss 0.0009 | Avg Epoch Time 0.0643s
Epoch 00250 | Loss 0.0009 | Avg Epoch Time 0.0643s
Epoch 00250 | Valid acc: 83.95% | Test acc: 83.95%
Epoch 00251 | Loss 0.0005 | Avg Epoch Time 0.0643s
Epoch 00252 | Loss 0.0004 | Avg Epoch Time 0.0643s
Epoch 00253 | Loss 0.0005 | Avg Epoch Time 0.0643s
Epoch 00254 | Loss 0.0006 | Avg Epoch Time 0.0643s
Epoch 00255 | Loss 0.0004 | Avg Epoch Time 0.0643s
Epoch 00255 | Valid acc: 83.95% | Test acc: 84.50%
Epoch 00256 | Loss 0.0004 | Avg Epoch Time 0.0643s
Epoch 00257 | Loss 0.0005 | Avg Epoch Time 0.0643s
Epoch 00258 | Loss 0.0004 | Avg Epoch Time 0.0643s
Epoch 00259 | Loss 0.0008 | Avg Epoch Time 0.0643s
Epoch 00260 | Loss 0.0005 | Avg Epoch Time 0.0643s
Epoch 00260 | Valid acc: 83.95% | Test acc: 84.69%
Epoch 00261 | Loss 0.0004 | Avg Epoch Time 0.0643s
Epoch 00262 | Loss 0.0006 | Avg Epoch Time 0.0643s
Epoch 00263 | Loss 0.0003 | Avg Epoch Time 0.0643s
Epoch 00264 | Loss 0.0007 | Avg Epoch Time 0.0643s
Epoch 00265 | Loss 0.0006 | Avg Epoch Time 0.0643s
Epoch 00265 | Valid acc: 84.50% | Test acc: 84.87%
Epoch 00266 | Loss 0.0006 | Avg Epoch Time 0.0643s
Epoch 00267 | Loss 0.0007 | Avg Epoch Time 0.0643s
Epoch 00268 | Loss 0.0006 | Avg Epoch Time 0.0643s
Epoch 00269 | Loss 0.0002 | Avg Epoch Time 0.0643s
Epoch 00270 | Loss 0.0003 | Avg Epoch Time 0.0643s
Epoch 00270 | Valid acc: 83.58% | Test acc: 84.13%
Epoch 00271 | Loss 0.0003 | Avg Epoch Time 0.0643s
Epoch 00272 | Loss 0.0005 | Avg Epoch Time 0.0643s
Epoch 00273 | Loss 0.0003 | Avg Epoch Time 0.0643s
Epoch 00274 | Loss 0.0003 | Avg Epoch Time 0.0643s
Epoch 00275 | Loss 0.0003 | Avg Epoch Time 0.0643s
Epoch 00275 | Valid acc: 83.39% | Test acc: 84.32%
Epoch 00276 | Loss 0.0003 | Avg Epoch Time 0.0643s
Epoch 00277 | Loss 0.0003 | Avg Epoch Time 0.0643s
Epoch 00278 | Loss 0.0003 | Avg Epoch Time 0.0643s
Epoch 00279 | Loss 0.0003 | Avg Epoch Time 0.0643s
Epoch 00280 | Loss 0.0002 | Avg Epoch Time 0.0643s
Epoch 00280 | Valid acc: 83.95% | Test acc: 84.13%
Epoch 00281 | Loss 0.0002 | Avg Epoch Time 0.0643s
Epoch 00282 | Loss 0.0003 | Avg Epoch Time 0.0643s
Epoch 00283 | Loss 0.0002 | Avg Epoch Time 0.0643s
Epoch 00284 | Loss 0.0003 | Avg Epoch Time 0.0644s
Epoch 00285 | Loss 0.0003 | Avg Epoch Time 0.0644s
Epoch 00285 | Valid acc: 83.76% | Test acc: 84.13%
Epoch 00286 | Loss 0.0002 | Avg Epoch Time 0.0644s
Epoch 00287 | Loss 0.0005 | Avg Epoch Time 0.0644s
Epoch 00288 | Loss 0.0003 | Avg Epoch Time 0.0644s
Epoch 00289 | Loss 0.0002 | Avg Epoch Time 0.0644s
Epoch 00290 | Loss 0.0003 | Avg Epoch Time 0.0643s
Epoch 00290 | Valid acc: 83.95% | Test acc: 84.32%
Epoch 00291 | Loss 0.0002 | Avg Epoch Time 0.0643s
Epoch 00292 | Loss 0.0002 | Avg Epoch Time 0.0643s
Epoch 00293 | Loss 0.0002 | Avg Epoch Time 0.0643s
Epoch 00294 | Loss 0.0002 | Avg Epoch Time 0.0643s
Epoch 00295 | Loss 0.0002 | Avg Epoch Time 0.0643s
Epoch 00295 | Valid acc: 84.13% | Test acc: 84.32%
Epoch 00296 | Loss 0.0002 | Avg Epoch Time 0.0643s
Epoch 00297 | Loss 0.0002 | Avg Epoch Time 0.0643s
Epoch 00298 | Loss 0.0003 | Avg Epoch Time 0.0643s
Epoch 00299 | Loss 0.0002 | Avg Epoch Time 0.0643s
Epoch 00300 | Loss 0.0002 | Avg Epoch Time 0.0643s
Epoch 00300 | Valid acc: 84.13% | Test acc: 84.50%
Epoch 00301 | Loss 0.0002 | Avg Epoch Time 0.0643s
Epoch 00302 | Loss 0.0002 | Avg Epoch Time 0.0644s
Epoch 00303 | Loss 0.0002 | Avg Epoch Time 0.0644s
Epoch 00304 | Loss 0.0002 | Avg Epoch Time 0.0644s
Epoch 00305 | Loss 0.0002 | Avg Epoch Time 0.0644s
Epoch 00305 | Valid acc: 84.50% | Test acc: 84.32%
Epoch 00306 | Loss 0.0001 | Avg Epoch Time 0.0644s
Epoch 00307 | Loss 0.0002 | Avg Epoch Time 0.0644s
Epoch 00308 | Loss 0.0002 | Avg Epoch Time 0.0643s
Epoch 00309 | Loss 0.0003 | Avg Epoch Time 0.0643s
Epoch 00310 | Loss 0.0002 | Avg Epoch Time 0.0643s
Epoch 00310 | Valid acc: 83.76% | Test acc: 83.95%
Epoch 00311 | Loss 0.0002 | Avg Epoch Time 0.0643s
Epoch 00312 | Loss 0.0002 | Avg Epoch Time 0.0643s
Epoch 00313 | Loss 0.0002 | Avg Epoch Time 0.0643s
Epoch 00314 | Loss 0.0002 | Avg Epoch Time 0.0643s
Epoch 00315 | Loss 0.0001 | Avg Epoch Time 0.0643s
Epoch 00315 | Valid acc: 83.76% | Test acc: 84.32%
Epoch 00316 | Loss 0.0002 | Avg Epoch Time 0.0642s
Epoch 00317 | Loss 0.0001 | Avg Epoch Time 0.0642s
Epoch 00318 | Loss 0.0001 | Avg Epoch Time 0.0642s
Epoch 00319 | Loss 0.0001 | Avg Epoch Time 0.0642s
Epoch 00320 | Loss 0.0002 | Avg Epoch Time 0.0643s
Epoch 00320 | Valid acc: 83.95% | Test acc: 84.50%
Epoch 00321 | Loss 0.0001 | Avg Epoch Time 0.0643s
Epoch 00322 | Loss 0.0001 | Avg Epoch Time 0.0643s
Epoch 00323 | Loss 0.0002 | Avg Epoch Time 0.0643s
Epoch 00324 | Loss 0.0001 | Avg Epoch Time 0.0643s
Epoch 00325 | Loss 0.0001 | Avg Epoch Time 0.0643s
Epoch 00325 | Valid acc: 83.95% | Test acc: 84.50%
Epoch 00326 | Loss 0.0001 | Avg Epoch Time 0.0643s
Epoch 00327 | Loss 0.0001 | Avg Epoch Time 0.0643s
Epoch 00328 | Loss 0.0001 | Avg Epoch Time 0.0643s
Epoch 00329 | Loss 0.0001 | Avg Epoch Time 0.0643s
Epoch 00330 | Loss 0.0001 | Avg Epoch Time 0.0643s
Epoch 00330 | Valid acc: 83.76% | Test acc: 84.50%
Epoch 00331 | Loss 0.0001 | Avg Epoch Time 0.0643s
Epoch 00332 | Loss 0.0001 | Avg Epoch Time 0.0643s
Epoch 00333 | Loss 0.0001 | Avg Epoch Time 0.0643s
Epoch 00334 | Loss 0.0001 | Avg Epoch Time 0.0643s
Epoch 00335 | Loss 0.0001 | Avg Epoch Time 0.0642s
Epoch 00335 | Valid acc: 83.95% | Test acc: 84.50%
Epoch 00336 | Loss 0.0001 | Avg Epoch Time 0.0642s
Epoch 00337 | Loss 0.0001 | Avg Epoch Time 0.0642s
Epoch 00338 | Loss 0.0001 | Avg Epoch Time 0.0643s
Epoch 00339 | Loss 0.0001 | Avg Epoch Time 0.0643s
Epoch 00340 | Loss 0.0001 | Avg Epoch Time 0.0643s
Epoch 00340 | Valid acc: 83.58% | Test acc: 84.50%
Epoch 00341 | Loss 0.0001 | Avg Epoch Time 0.0643s
Epoch 00342 | Loss 0.0001 | Avg Epoch Time 0.0643s
Epoch 00343 | Loss 0.0001 | Avg Epoch Time 0.0643s
Epoch 00344 | Loss 0.0001 | Avg Epoch Time 0.0643s
Epoch 00345 | Loss 0.0001 | Avg Epoch Time 0.0643s
Epoch 00345 | Valid acc: 83.58% | Test acc: 84.50%
Epoch 00346 | Loss 0.0001 | Avg Epoch Time 0.0643s
Epoch 00347 | Loss 0.0001 | Avg Epoch Time 0.0643s
Epoch 00348 | Loss 0.0001 | Avg Epoch Time 0.0643s
Epoch 00349 | Loss 0.0001 | Avg Epoch Time 0.0643s
Epoch 00350 | Loss 0.0001 | Avg Epoch Time 0.0643s
Epoch 00350 | Valid acc: 83.39% | Test acc: 84.69%
Epoch 00351 | Loss 0.0001 | Avg Epoch Time 0.0643s
Epoch 00352 | Loss 0.0001 | Avg Epoch Time 0.0643s
Epoch 00353 | Loss 0.0001 | Avg Epoch Time 0.0643s
Epoch 00354 | Loss 0.0001 | Avg Epoch Time 0.0642s
Epoch 00355 | Loss 0.0002 | Avg Epoch Time 0.0642s
Epoch 00355 | Valid acc: 83.58% | Test acc: 84.69%
Epoch 00356 | Loss 0.0001 | Avg Epoch Time 0.0643s
Epoch 00357 | Loss 0.0001 | Avg Epoch Time 0.0643s
Epoch 00358 | Loss 0.0001 | Avg Epoch Time 0.0643s
Epoch 00359 | Loss 0.0001 | Avg Epoch Time 0.0643s
Epoch 00360 | Loss 0.0001 | Avg Epoch Time 0.0643s
Epoch 00360 | Valid acc: 83.58% | Test acc: 84.50%
Epoch 00361 | Loss 0.0003 | Avg Epoch Time 0.0643s
Epoch 00362 | Loss 0.0002 | Avg Epoch Time 0.0643s
Epoch 00363 | Loss 0.0002 | Avg Epoch Time 0.0643s
Epoch 00364 | Loss 0.0001 | Avg Epoch Time 0.0643s
Epoch 00365 | Loss 0.0001 | Avg Epoch Time 0.0643s
Epoch 00365 | Valid acc: 83.39% | Test acc: 84.32%
Epoch 00366 | Loss 0.0001 | Avg Epoch Time 0.0643s
Epoch 00367 | Loss 0.0001 | Avg Epoch Time 0.0643s
Epoch 00368 | Loss 0.0002 | Avg Epoch Time 0.0643s
Epoch 00369 | Loss 0.0002 | Avg Epoch Time 0.0643s
Epoch 00370 | Loss 0.0001 | Avg Epoch Time 0.0643s
Epoch 00370 | Valid acc: 83.58% | Test acc: 83.95%
Epoch 00371 | Loss 0.0001 | Avg Epoch Time 0.0643s
Epoch 00372 | Loss 0.0001 | Avg Epoch Time 0.0643s
Epoch 00373 | Loss 0.0001 | Avg Epoch Time 0.0643s
Epoch 00374 | Loss 0.0001 | Avg Epoch Time 0.0643s
Epoch 00375 | Loss 0.0001 | Avg Epoch Time 0.0643s
Epoch 00375 | Valid acc: 83.39% | Test acc: 84.50%
Epoch 00376 | Loss 0.0002 | Avg Epoch Time 0.0643s
Epoch 00377 | Loss 0.0001 | Avg Epoch Time 0.0643s
Epoch 00378 | Loss 0.0001 | Avg Epoch Time 0.0643s
Epoch 00379 | Loss 0.0001 | Avg Epoch Time 0.0643s
Epoch 00380 | Loss 0.0002 | Avg Epoch Time 0.0643s
Epoch 00380 | Valid acc: 83.58% | Test acc: 84.50%
Epoch 00381 | Loss 0.0002 | Avg Epoch Time 0.0643s
Epoch 00382 | Loss 0.0001 | Avg Epoch Time 0.0643s
Epoch 00383 | Loss 0.0001 | Avg Epoch Time 0.0643s
Epoch 00384 | Loss 0.0004 | Avg Epoch Time 0.0643s
Epoch 00385 | Loss 0.0001 | Avg Epoch Time 0.0643s
Epoch 00385 | Valid acc: 84.13% | Test acc: 84.69%
Epoch 00386 | Loss 0.0001 | Avg Epoch Time 0.0643s
Epoch 00387 | Loss 0.0002 | Avg Epoch Time 0.0643s
Epoch 00388 | Loss 0.0003 | Avg Epoch Time 0.0643s
Epoch 00389 | Loss 0.0002 | Avg Epoch Time 0.0643s
Epoch 00390 | Loss 0.0004 | Avg Epoch Time 0.0643s
Epoch 00390 | Valid acc: 83.95% | Test acc: 84.87%
Epoch 00391 | Loss 0.0004 | Avg Epoch Time 0.0643s
Epoch 00392 | Loss 0.0002 | Avg Epoch Time 0.0643s
Epoch 00393 | Loss 0.0002 | Avg Epoch Time 0.0643s
Epoch 00394 | Loss 0.0002 | Avg Epoch Time 0.0643s
Epoch 00395 | Loss 0.0001 | Avg Epoch Time 0.0643s
Epoch 00395 | Valid acc: 83.76% | Test acc: 84.69%
Epoch 00396 | Loss 0.0002 | Avg Epoch Time 0.0643s
Epoch 00397 | Loss 0.0001 | Avg Epoch Time 0.0643s
Epoch 00398 | Loss 0.0002 | Avg Epoch Time 0.0643s
Epoch 00399 | Loss 0.0002 | Avg Epoch Time 0.0643s
Epoch 00400 | Loss 0.0002 | Avg Epoch Time 0.0643s
Epoch 00400 | Valid acc: 83.76% | Test acc: 85.06%
Epoch 00401 | Loss 0.0003 | Avg Epoch Time 0.0643s
Epoch 00402 | Loss 0.0003 | Avg Epoch Time 0.0643s
Epoch 00403 | Loss 0.0001 | Avg Epoch Time 0.0643s
Epoch 00404 | Loss 0.0001 | Avg Epoch Time 0.0643s
Epoch 00405 | Loss 0.0002 | Avg Epoch Time 0.0643s
Epoch 00405 | Valid acc: 83.76% | Test acc: 84.69%
Epoch 00406 | Loss 0.0002 | Avg Epoch Time 0.0643s
Epoch 00407 | Loss 0.0001 | Avg Epoch Time 0.0643s
Epoch 00408 | Loss 0.0002 | Avg Epoch Time 0.0643s
Epoch 00409 | Loss 0.0001 | Avg Epoch Time 0.0643s
Epoch 00410 | Loss 0.0001 | Avg Epoch Time 0.0644s
Epoch 00410 | Valid acc: 83.95% | Test acc: 84.87%
Epoch 00411 | Loss 0.0002 | Avg Epoch Time 0.0644s
Epoch 00412 | Loss 0.0003 | Avg Epoch Time 0.0644s
Epoch 00413 | Loss 0.0001 | Avg Epoch Time 0.0644s
Epoch 00414 | Loss 0.0001 | Avg Epoch Time 0.0644s
Epoch 00415 | Loss 0.0001 | Avg Epoch Time 0.0643s
Epoch 00415 | Valid acc: 83.76% | Test acc: 84.50%
Epoch 00416 | Loss 0.0003 | Avg Epoch Time 0.0643s
Epoch 00417 | Loss 0.0001 | Avg Epoch Time 0.0643s
Epoch 00418 | Loss 0.0002 | Avg Epoch Time 0.0643s
Epoch 00419 | Loss 0.0001 | Avg Epoch Time 0.0643s
Epoch 00420 | Loss 0.0001 | Avg Epoch Time 0.0643s
Epoch 00420 | Valid acc: 84.13% | Test acc: 84.69%
Epoch 00421 | Loss 0.0002 | Avg Epoch Time 0.0643s
Epoch 00422 | Loss 0.0005 | Avg Epoch Time 0.0643s
Epoch 00423 | Loss 0.0001 | Avg Epoch Time 0.0643s
Epoch 00424 | Loss 0.0002 | Avg Epoch Time 0.0643s
Epoch 00425 | Loss 0.0002 | Avg Epoch Time 0.0643s
Epoch 00425 | Valid acc: 83.39% | Test acc: 84.50%
Epoch 00426 | Loss 0.0002 | Avg Epoch Time 0.0643s
Epoch 00427 | Loss 0.0017 | Avg Epoch Time 0.0643s
Epoch 00428 | Loss 0.0001 | Avg Epoch Time 0.0644s
Epoch 00429 | Loss 0.0004 | Avg Epoch Time 0.0644s
Epoch 00430 | Loss 0.0007 | Avg Epoch Time 0.0644s
Epoch 00430 | Valid acc: 83.39% | Test acc: 84.87%
Epoch 00431 | Loss 0.0009 | Avg Epoch Time 0.0644s
Epoch 00432 | Loss 0.0003 | Avg Epoch Time 0.0644s
Epoch 00433 | Loss 0.0012 | Avg Epoch Time 0.0644s
Epoch 00434 | Loss 0.0003 | Avg Epoch Time 0.0644s
Epoch 00435 | Loss 0.0002 | Avg Epoch Time 0.0644s
Epoch 00435 | Valid acc: 84.13% | Test acc: 85.24%
Epoch 00436 | Loss 0.0005 | Avg Epoch Time 0.0644s
Epoch 00437 | Loss 0.0002 | Avg Epoch Time 0.0644s
Epoch 00438 | Loss 0.0002 | Avg Epoch Time 0.0644s
Epoch 00439 | Loss 0.0016 | Avg Epoch Time 0.0644s
Epoch 00440 | Loss 0.0003 | Avg Epoch Time 0.0644s
Epoch 00440 | Valid acc: 84.13% | Test acc: 84.32%
Epoch 00441 | Loss 0.0145 | Avg Epoch Time 0.0644s
Epoch 00442 | Loss 0.0005 | Avg Epoch Time 0.0644s
Epoch 00443 | Loss 0.0004 | Avg Epoch Time 0.0644s
Epoch 00444 | Loss 0.0060 | Avg Epoch Time 0.0644s
Epoch 00445 | Loss 0.0005 | Avg Epoch Time 0.0644s
Epoch 00445 | Valid acc: 84.13% | Test acc: 85.24%
Epoch 00446 | Loss 0.0020 | Avg Epoch Time 0.0644s
Epoch 00447 | Loss 0.0041 | Avg Epoch Time 0.0644s
Epoch 00448 | Loss 0.0015 | Avg Epoch Time 0.0644s
Epoch 00449 | Loss 0.0007 | Avg Epoch Time 0.0644s
Epoch 00450 | Loss 0.0024 | Avg Epoch Time 0.0644s
Epoch 00450 | Valid acc: 84.69% | Test acc: 85.98%
Epoch 00451 | Loss 0.0016 | Avg Epoch Time 0.0644s
Epoch 00452 | Loss 0.0013 | Avg Epoch Time 0.0644s
Epoch 00453 | Loss 0.0019 | Avg Epoch Time 0.0644s
Epoch 00454 | Loss 0.0018 | Avg Epoch Time 0.0644s
Epoch 00455 | Loss 0.0008 | Avg Epoch Time 0.0644s
Epoch 00455 | Valid acc: 83.95% | Test acc: 84.87%
Epoch 00456 | Loss 0.0050 | Avg Epoch Time 0.0644s
Epoch 00457 | Loss 0.0299 | Avg Epoch Time 0.0644s
Epoch 00458 | Loss 1.3476 | Avg Epoch Time 0.0644s
Epoch 00459 | Loss 0.4451 | Avg Epoch Time 0.0644s
Epoch 00460 | Loss 0.8408 | Avg Epoch Time 0.0644s
Epoch 00460 | Valid acc: 68.08% | Test acc: 66.61%
Epoch 00461 | Loss 0.7648 | Avg Epoch Time 0.0644s
Epoch 00462 | Loss 0.4609 | Avg Epoch Time 0.0644s
Epoch 00463 | Loss 0.5077 | Avg Epoch Time 0.0644s
Epoch 00464 | Loss 0.3422 | Avg Epoch Time 0.0644s
Epoch 00465 | Loss 0.3938 | Avg Epoch Time 0.0644s
Epoch 00465 | Valid acc: 81.18% | Test acc: 82.84%
Epoch 00466 | Loss 0.2975 | Avg Epoch Time 0.0644s
Epoch 00467 | Loss 0.2708 | Avg Epoch Time 0.0644s
Epoch 00468 | Loss 0.2397 | Avg Epoch Time 0.0644s
Epoch 00469 | Loss 0.1932 | Avg Epoch Time 0.0644s
Epoch 00470 | Loss 0.1865 | Avg Epoch Time 0.0644s
Epoch 00470 | Valid acc: 81.73% | Test acc: 85.06%
Epoch 00471 | Loss 0.1742 | Avg Epoch Time 0.0644s
Epoch 00472 | Loss 0.1541 | Avg Epoch Time 0.0644s
Epoch 00473 | Loss 0.1287 | Avg Epoch Time 0.0644s
Epoch 00474 | Loss 0.1188 | Avg Epoch Time 0.0644s
Epoch 00475 | Loss 0.1128 | Avg Epoch Time 0.0644s
Epoch 00475 | Valid acc: 84.13% | Test acc: 86.16%
Epoch 00476 | Loss 0.1031 | Avg Epoch Time 0.0644s
Epoch 00477 | Loss 0.0832 | Avg Epoch Time 0.0644s
Epoch 00478 | Loss 0.0791 | Avg Epoch Time 0.0644s
Epoch 00479 | Loss 0.0773 | Avg Epoch Time 0.0644s
Epoch 00480 | Loss 0.0735 | Avg Epoch Time 0.0644s
Epoch 00480 | Valid acc: 84.13% | Test acc: 85.98%
Epoch 00481 | Loss 0.0586 | Avg Epoch Time 0.0644s
Epoch 00482 | Loss 0.0571 | Avg Epoch Time 0.0644s
Epoch 00483 | Loss 0.0451 | Avg Epoch Time 0.0644s
Epoch 00484 | Loss 0.0482 | Avg Epoch Time 0.0644s
Epoch 00485 | Loss 0.0413 | Avg Epoch Time 0.0644s
Epoch 00485 | Valid acc: 83.76% | Test acc: 86.72%
Epoch 00486 | Loss 0.0374 | Avg Epoch Time 0.0644s
Epoch 00487 | Loss 0.0376 | Avg Epoch Time 0.0644s
Epoch 00488 | Loss 0.0290 | Avg Epoch Time 0.0644s
Epoch 00489 | Loss 0.0268 | Avg Epoch Time 0.0644s
Epoch 00490 | Loss 0.0288 | Avg Epoch Time 0.0644s
Epoch 00490 | Valid acc: 84.87% | Test acc: 85.98%
Epoch 00491 | Loss 0.0249 | Avg Epoch Time 0.0644s
Epoch 00492 | Loss 0.0258 | Avg Epoch Time 0.0644s
Epoch 00493 | Loss 0.0220 | Avg Epoch Time 0.0644s
Epoch 00494 | Loss 0.0223 | Avg Epoch Time 0.0644s
Epoch 00495 | Loss 0.0198 | Avg Epoch Time 0.0644s
Epoch 00495 | Valid acc: 84.69% | Test acc: 85.79%
Epoch 00496 | Loss 0.0188 | Avg Epoch Time 0.0644s
Epoch 00497 | Loss 0.0215 | Avg Epoch Time 0.0644s
Epoch 00498 | Loss 0.0157 | Avg Epoch Time 0.0644s
Epoch 00499 | Loss 0.0153 | Avg Epoch Time 0.0644s
Epoch 00500 | Loss 0.0142 | Avg Epoch Time 0.0644s
Epoch 00500 | Valid acc: 83.95% | Test acc: 86.35%
Epoch 00501 | Loss 0.0139 | Avg Epoch Time 0.0644s
Epoch 00502 | Loss 0.0156 | Avg Epoch Time 0.0644s
Epoch 00503 | Loss 0.0115 | Avg Epoch Time 0.0643s
Epoch 00504 | Loss 0.0119 | Avg Epoch Time 0.0643s
Epoch 00505 | Loss 0.0102 | Avg Epoch Time 0.0643s
Epoch 00505 | Valid acc: 84.13% | Test acc: 85.98%
Epoch 00506 | Loss 0.0083 | Avg Epoch Time 0.0643s
Epoch 00507 | Loss 0.0072 | Avg Epoch Time 0.0643s
Epoch 00508 | Loss 0.0068 | Avg Epoch Time 0.0642s
Epoch 00509 | Loss 0.0068 | Avg Epoch Time 0.0642s
Epoch 00510 | Loss 0.0074 | Avg Epoch Time 0.0642s
Epoch 00510 | Valid acc: 83.76% | Test acc: 85.61%
Epoch 00511 | Loss 0.0068 | Avg Epoch Time 0.0642s
Epoch 00512 | Loss 0.0067 | Avg Epoch Time 0.0642s
Epoch 00513 | Loss 0.0067 | Avg Epoch Time 0.0642s
Epoch 00514 | Loss 0.0048 | Avg Epoch Time 0.0642s
Epoch 00515 | Loss 0.0066 | Avg Epoch Time 0.0642s
Epoch 00515 | Valid acc: 83.58% | Test acc: 85.79%
Epoch 00516 | Loss 0.0055 | Avg Epoch Time 0.0642s
Epoch 00517 | Loss 0.0055 | Avg Epoch Time 0.0642s
Epoch 00518 | Loss 0.0043 | Avg Epoch Time 0.0642s
Epoch 00519 | Loss 0.0040 | Avg Epoch Time 0.0642s
Epoch 00520 | Loss 0.0032 | Avg Epoch Time 0.0642s
Epoch 00520 | Valid acc: 84.32% | Test acc: 85.61%
Epoch 00521 | Loss 0.0027 | Avg Epoch Time 0.0642s
Epoch 00522 | Loss 0.0018 | Avg Epoch Time 0.0642s
Epoch 00523 | Loss 0.0021 | Avg Epoch Time 0.0642s
Epoch 00524 | Loss 0.0035 | Avg Epoch Time 0.0642s
Epoch 00525 | Loss 0.0021 | Avg Epoch Time 0.0642s
Epoch 00525 | Valid acc: 84.13% | Test acc: 86.35%
Epoch 00526 | Loss 0.0026 | Avg Epoch Time 0.0642s
Epoch 00527 | Loss 0.0025 | Avg Epoch Time 0.0642s
Epoch 00528 | Loss 0.0018 | Avg Epoch Time 0.0642s
Epoch 00529 | Loss 0.0018 | Avg Epoch Time 0.0642s
Epoch 00530 | Loss 0.0014 | Avg Epoch Time 0.0642s
Epoch 00530 | Valid acc: 83.58% | Test acc: 86.16%
Epoch 00531 | Loss 0.0014 | Avg Epoch Time 0.0642s
Epoch 00532 | Loss 0.0013 | Avg Epoch Time 0.0642s
Epoch 00533 | Loss 0.0011 | Avg Epoch Time 0.0642s
Epoch 00534 | Loss 0.0009 | Avg Epoch Time 0.0642s
Epoch 00535 | Loss 0.0013 | Avg Epoch Time 0.0642s
Epoch 00535 | Valid acc: 84.13% | Test acc: 85.79%
Epoch 00536 | Loss 0.0012 | Avg Epoch Time 0.0642s
Epoch 00537 | Loss 0.0022 | Avg Epoch Time 0.0642s
Epoch 00538 | Loss 0.0012 | Avg Epoch Time 0.0642s
Epoch 00539 | Loss 0.0010 | Avg Epoch Time 0.0642s
Epoch 00540 | Loss 0.0009 | Avg Epoch Time 0.0642s
Epoch 00540 | Valid acc: 83.76% | Test acc: 86.16%
Epoch 00541 | Loss 0.0012 | Avg Epoch Time 0.0642s
Epoch 00542 | Loss 0.0012 | Avg Epoch Time 0.0642s
Epoch 00543 | Loss 0.0009 | Avg Epoch Time 0.0642s
Epoch 00544 | Loss 0.0015 | Avg Epoch Time 0.0642s
Epoch 00545 | Loss 0.0009 | Avg Epoch Time 0.0642s
Epoch 00545 | Valid acc: 83.58% | Test acc: 85.79%
Epoch 00546 | Loss 0.0009 | Avg Epoch Time 0.0642s
Epoch 00547 | Loss 0.0009 | Avg Epoch Time 0.0642s
Epoch 00548 | Loss 0.0009 | Avg Epoch Time 0.0642s
Epoch 00549 | Loss 0.0007 | Avg Epoch Time 0.0642s
Epoch 00550 | Loss 0.0009 | Avg Epoch Time 0.0642s
Epoch 00550 | Valid acc: 83.58% | Test acc: 85.24%
Epoch 00551 | Loss 0.0006 | Avg Epoch Time 0.0642s
Epoch 00552 | Loss 0.0008 | Avg Epoch Time 0.0642s
Epoch 00553 | Loss 0.0011 | Avg Epoch Time 0.0642s
Epoch 00554 | Loss 0.0007 | Avg Epoch Time 0.0642s
Epoch 00555 | Loss 0.0007 | Avg Epoch Time 0.0642s
Epoch 00555 | Valid acc: 83.95% | Test acc: 85.61%
Epoch 00556 | Loss 0.0005 | Avg Epoch Time 0.0642s
Epoch 00557 | Loss 0.0006 | Avg Epoch Time 0.0642s
Epoch 00558 | Loss 0.0005 | Avg Epoch Time 0.0642s
Epoch 00559 | Loss 0.0005 | Avg Epoch Time 0.0642s
Epoch 00560 | Loss 0.0006 | Avg Epoch Time 0.0642s
Epoch 00560 | Valid acc: 83.76% | Test acc: 85.61%
Epoch 00561 | Loss 0.0005 | Avg Epoch Time 0.0642s
Epoch 00562 | Loss 0.0009 | Avg Epoch Time 0.0642s
Epoch 00563 | Loss 0.0005 | Avg Epoch Time 0.0642s
Epoch 00564 | Loss 0.0007 | Avg Epoch Time 0.0642s
Epoch 00565 | Loss 0.0013 | Avg Epoch Time 0.0642s
Epoch 00565 | Valid acc: 83.95% | Test acc: 85.61%
Epoch 00566 | Loss 0.0004 | Avg Epoch Time 0.0642s
Epoch 00567 | Loss 0.0005 | Avg Epoch Time 0.0642s
Epoch 00568 | Loss 0.0009 | Avg Epoch Time 0.0642s
Epoch 00569 | Loss 0.0004 | Avg Epoch Time 0.0642s
Epoch 00570 | Loss 0.0005 | Avg Epoch Time 0.0642s
Epoch 00570 | Valid acc: 83.76% | Test acc: 85.61%
Epoch 00571 | Loss 0.0005 | Avg Epoch Time 0.0642s
Epoch 00572 | Loss 0.0005 | Avg Epoch Time 0.0642s
Epoch 00573 | Loss 0.0005 | Avg Epoch Time 0.0642s
Epoch 00574 | Loss 0.0005 | Avg Epoch Time 0.0642s
Epoch 00575 | Loss 0.0003 | Avg Epoch Time 0.0642s
Epoch 00575 | Valid acc: 83.76% | Test acc: 85.79%
Epoch 00576 | Loss 0.0005 | Avg Epoch Time 0.0642s
Epoch 00577 | Loss 0.0005 | Avg Epoch Time 0.0642s
Epoch 00578 | Loss 0.0003 | Avg Epoch Time 0.0642s
Epoch 00579 | Loss 0.0003 | Avg Epoch Time 0.0642s
Epoch 00580 | Loss 0.0005 | Avg Epoch Time 0.0642s
Epoch 00580 | Valid acc: 83.95% | Test acc: 85.61%
Epoch 00581 | Loss 0.0003 | Avg Epoch Time 0.0642s
Epoch 00582 | Loss 0.0004 | Avg Epoch Time 0.0642s
Epoch 00583 | Loss 0.0006 | Avg Epoch Time 0.0642s
Epoch 00584 | Loss 0.0003 | Avg Epoch Time 0.0642s
Epoch 00585 | Loss 0.0004 | Avg Epoch Time 0.0642s
Epoch 00585 | Valid acc: 83.95% | Test acc: 85.79%
Epoch 00586 | Loss 0.0004 | Avg Epoch Time 0.0642s
Epoch 00587 | Loss 0.0009 | Avg Epoch Time 0.0642s
Epoch 00588 | Loss 0.0003 | Avg Epoch Time 0.0642s
Epoch 00589 | Loss 0.0004 | Avg Epoch Time 0.0642s
Epoch 00590 | Loss 0.0003 | Avg Epoch Time 0.0642s
Epoch 00590 | Valid acc: 83.95% | Test acc: 85.42%
Epoch 00591 | Loss 0.0004 | Avg Epoch Time 0.0642s
Epoch 00592 | Loss 0.0003 | Avg Epoch Time 0.0642s
Epoch 00593 | Loss 0.0003 | Avg Epoch Time 0.0642s
Epoch 00594 | Loss 0.0004 | Avg Epoch Time 0.0642s
Epoch 00595 | Loss 0.0003 | Avg Epoch Time 0.0642s
Epoch 00595 | Valid acc: 83.95% | Test acc: 85.79%
Epoch 00596 | Loss 0.0002 | Avg Epoch Time 0.0642s
Epoch 00597 | Loss 0.0004 | Avg Epoch Time 0.0642s
Epoch 00598 | Loss 0.0004 | Avg Epoch Time 0.0642s
Epoch 00599 | Loss 0.0003 | Avg Epoch Time 0.0642s
Epoch 00600 | Loss 0.0003 | Avg Epoch Time 0.0642s
Epoch 00600 | Valid acc: 84.32% | Test acc: 85.79%
Epoch 00601 | Loss 0.0003 | Avg Epoch Time 0.0642s
Epoch 00602 | Loss 0.0004 | Avg Epoch Time 0.0642s
Epoch 00603 | Loss 0.0003 | Avg Epoch Time 0.0642s
Epoch 00604 | Loss 0.0003 | Avg Epoch Time 0.0642s
Epoch 00605 | Loss 0.0003 | Avg Epoch Time 0.0642s
Epoch 00605 | Valid acc: 84.13% | Test acc: 85.98%
Epoch 00606 | Loss 0.0004 | Avg Epoch Time 0.0642s
Epoch 00607 | Loss 0.0003 | Avg Epoch Time 0.0642s
Epoch 00608 | Loss 0.0003 | Avg Epoch Time 0.0642s
Epoch 00609 | Loss 0.0004 | Avg Epoch Time 0.0642s
Epoch 00610 | Loss 0.0003 | Avg Epoch Time 0.0642s
Epoch 00610 | Valid acc: 83.95% | Test acc: 85.79%
Epoch 00611 | Loss 0.0004 | Avg Epoch Time 0.0642s
Epoch 00612 | Loss 0.0004 | Avg Epoch Time 0.0642s
Epoch 00613 | Loss 0.0002 | Avg Epoch Time 0.0642s
Epoch 00614 | Loss 0.0002 | Avg Epoch Time 0.0642s
Epoch 00615 | Loss 0.0004 | Avg Epoch Time 0.0642s
Epoch 00615 | Valid acc: 83.76% | Test acc: 85.42%
Epoch 00616 | Loss 0.0002 | Avg Epoch Time 0.0642s
Epoch 00617 | Loss 0.0002 | Avg Epoch Time 0.0642s
Epoch 00618 | Loss 0.0002 | Avg Epoch Time 0.0642s
Epoch 00619 | Loss 0.0003 | Avg Epoch Time 0.0642s
Epoch 00620 | Loss 0.0002 | Avg Epoch Time 0.0642s
Epoch 00620 | Valid acc: 83.58% | Test acc: 85.42%
Epoch 00621 | Loss 0.0002 | Avg Epoch Time 0.0642s
Epoch 00622 | Loss 0.0002 | Avg Epoch Time 0.0642s
Epoch 00623 | Loss 0.0002 | Avg Epoch Time 0.0642s
Epoch 00624 | Loss 0.0002 | Avg Epoch Time 0.0642s
Epoch 00625 | Loss 0.0004 | Avg Epoch Time 0.0642s
Epoch 00625 | Valid acc: 83.58% | Test acc: 85.42%
Epoch 00626 | Loss 0.0002 | Avg Epoch Time 0.0643s
Epoch 00627 | Loss 0.0003 | Avg Epoch Time 0.0643s
Epoch 00628 | Loss 0.0004 | Avg Epoch Time 0.0643s
Epoch 00629 | Loss 0.0001 | Avg Epoch Time 0.0643s
Epoch 00630 | Loss 0.0002 | Avg Epoch Time 0.0643s
Epoch 00630 | Valid acc: 83.95% | Test acc: 85.42%
Epoch 00631 | Loss 0.0002 | Avg Epoch Time 0.0643s
Epoch 00632 | Loss 0.0003 | Avg Epoch Time 0.0643s
Epoch 00633 | Loss 0.0002 | Avg Epoch Time 0.0643s
Epoch 00634 | Loss 0.0003 | Avg Epoch Time 0.0643s
Epoch 00635 | Loss 0.0002 | Avg Epoch Time 0.0643s
Epoch 00635 | Valid acc: 83.95% | Test acc: 85.79%
Epoch 00636 | Loss 0.0002 | Avg Epoch Time 0.0643s
Epoch 00637 | Loss 0.0002 | Avg Epoch Time 0.0643s
Epoch 00638 | Loss 0.0002 | Avg Epoch Time 0.0643s
Epoch 00639 | Loss 0.0002 | Avg Epoch Time 0.0643s
Epoch 00640 | Loss 0.0001 | Avg Epoch Time 0.0643s
Epoch 00640 | Valid acc: 83.58% | Test acc: 85.61%
Epoch 00641 | Loss 0.0002 | Avg Epoch Time 0.0643s
Epoch 00642 | Loss 0.0002 | Avg Epoch Time 0.0643s
Epoch 00643 | Loss 0.0002 | Avg Epoch Time 0.0643s
Epoch 00644 | Loss 0.0002 | Avg Epoch Time 0.0643s
Epoch 00645 | Loss 0.0002 | Avg Epoch Time 0.0643s
Epoch 00645 | Valid acc: 83.58% | Test acc: 85.79%
Epoch 00646 | Loss 0.0001 | Avg Epoch Time 0.0643s
Epoch 00647 | Loss 0.0003 | Avg Epoch Time 0.0643s
Epoch 00648 | Loss 0.0002 | Avg Epoch Time 0.0643s
Epoch 00649 | Loss 0.0002 | Avg Epoch Time 0.0643s
Epoch 00650 | Loss 0.0002 | Avg Epoch Time 0.0643s
Epoch 00650 | Valid acc: 83.39% | Test acc: 85.79%
Epoch 00651 | Loss 0.0003 | Avg Epoch Time 0.0643s
Epoch 00652 | Loss 0.0001 | Avg Epoch Time 0.0643s
Epoch 00653 | Loss 0.0002 | Avg Epoch Time 0.0643s
Epoch 00654 | Loss 0.0001 | Avg Epoch Time 0.0643s
Epoch 00655 | Loss 0.0001 | Avg Epoch Time 0.0643s
Epoch 00655 | Valid acc: 83.39% | Test acc: 85.42%
Epoch 00656 | Loss 0.0002 | Avg Epoch Time 0.0643s
Epoch 00657 | Loss 0.0002 | Avg Epoch Time 0.0643s
Epoch 00658 | Loss 0.0002 | Avg Epoch Time 0.0643s
Epoch 00659 | Loss 0.0001 | Avg Epoch Time 0.0643s
Epoch 00660 | Loss 0.0003 | Avg Epoch Time 0.0643s
Epoch 00660 | Valid acc: 83.39% | Test acc: 85.61%
Epoch 00661 | Loss 0.0002 | Avg Epoch Time 0.0643s
Epoch 00662 | Loss 0.0002 | Avg Epoch Time 0.0643s
Epoch 00663 | Loss 0.0002 | Avg Epoch Time 0.0643s
Epoch 00664 | Loss 0.0002 | Avg Epoch Time 0.0643s
Epoch 00665 | Loss 0.0002 | Avg Epoch Time 0.0643s
Epoch 00665 | Valid acc: 83.76% | Test acc: 85.79%
Epoch 00666 | Loss 0.0002 | Avg Epoch Time 0.0643s
Epoch 00667 | Loss 0.0002 | Avg Epoch Time 0.0643s
Epoch 00668 | Loss 0.0002 | Avg Epoch Time 0.0643s
Epoch 00669 | Loss 0.0002 | Avg Epoch Time 0.0643s
Epoch 00670 | Loss 0.0002 | Avg Epoch Time 0.0643s
Epoch 00670 | Valid acc: 83.95% | Test acc: 85.79%
Epoch 00671 | Loss 0.0001 | Avg Epoch Time 0.0643s
Epoch 00672 | Loss 0.0001 | Avg Epoch Time 0.0643s
Epoch 00673 | Loss 0.0002 | Avg Epoch Time 0.0643s
Epoch 00674 | Loss 0.0002 | Avg Epoch Time 0.0643s
Epoch 00675 | Loss 0.0002 | Avg Epoch Time 0.0643s
Epoch 00675 | Valid acc: 83.95% | Test acc: 85.98%
Epoch 00676 | Loss 0.0002 | Avg Epoch Time 0.0643s
Epoch 00677 | Loss 0.0001 | Avg Epoch Time 0.0643s
Epoch 00678 | Loss 0.0001 | Avg Epoch Time 0.0643s
Epoch 00679 | Loss 0.0001 | Avg Epoch Time 0.0643s
Epoch 00680 | Loss 0.0001 | Avg Epoch Time 0.0643s
Epoch 00680 | Valid acc: 83.76% | Test acc: 85.79%
Epoch 00681 | Loss 0.0001 | Avg Epoch Time 0.0643s
Epoch 00682 | Loss 0.0001 | Avg Epoch Time 0.0643s
Epoch 00683 | Loss 0.0005 | Avg Epoch Time 0.0643s
Epoch 00684 | Loss 0.0001 | Avg Epoch Time 0.0643s
Epoch 00685 | Loss 0.0002 | Avg Epoch Time 0.0643s
Epoch 00685 | Valid acc: 83.95% | Test acc: 85.79%
Epoch 00686 | Loss 0.0002 | Avg Epoch Time 0.0643s
Epoch 00687 | Loss 0.0001 | Avg Epoch Time 0.0643s
Epoch 00688 | Loss 0.0002 | Avg Epoch Time 0.0643s
Epoch 00689 | Loss 0.0001 | Avg Epoch Time 0.0643s
Epoch 00690 | Loss 0.0001 | Avg Epoch Time 0.0643s
Epoch 00690 | Valid acc: 83.95% | Test acc: 85.79%
Epoch 00691 | Loss 0.0001 | Avg Epoch Time 0.0643s
Epoch 00692 | Loss 0.0001 | Avg Epoch Time 0.0643s
Epoch 00693 | Loss 0.0002 | Avg Epoch Time 0.0643s
Epoch 00694 | Loss 0.0001 | Avg Epoch Time 0.0643s
Epoch 00695 | Loss 0.0002 | Avg Epoch Time 0.0643s
Epoch 00695 | Valid acc: 83.76% | Test acc: 85.61%
Epoch 00696 | Loss 0.0001 | Avg Epoch Time 0.0643s
Epoch 00697 | Loss 0.0001 | Avg Epoch Time 0.0643s
Epoch 00698 | Loss 0.0001 | Avg Epoch Time 0.0643s
Epoch 00699 | Loss 0.0001 | Avg Epoch Time 0.0643s
Epoch 00700 | Loss 0.0001 | Avg Epoch Time 0.0643s
Epoch 00700 | Valid acc: 83.76% | Test acc: 85.42%
Epoch 00701 | Loss 0.0001 | Avg Epoch Time 0.0643s
Epoch 00702 | Loss 0.0001 | Avg Epoch Time 0.0643s
Epoch 00703 | Loss 0.0001 | Avg Epoch Time 0.0643s
Epoch 00704 | Loss 0.0001 | Avg Epoch Time 0.0643s
Epoch 00705 | Loss 0.0001 | Avg Epoch Time 0.0643s
Epoch 00705 | Valid acc: 83.76% | Test acc: 85.42%
Epoch 00706 | Loss 0.0001 | Avg Epoch Time 0.0643s
Epoch 00707 | Loss 0.0001 | Avg Epoch Time 0.0643s
Epoch 00708 | Loss 0.0002 | Avg Epoch Time 0.0643s
Epoch 00709 | Loss 0.0001 | Avg Epoch Time 0.0643s
Epoch 00710 | Loss 0.0002 | Avg Epoch Time 0.0643s
Epoch 00710 | Valid acc: 83.76% | Test acc: 85.61%
Epoch 00711 | Loss 0.0002 | Avg Epoch Time 0.0643s
Epoch 00712 | Loss 0.0001 | Avg Epoch Time 0.0643s
Epoch 00713 | Loss 0.0001 | Avg Epoch Time 0.0643s
Epoch 00714 | Loss 0.0001 | Avg Epoch Time 0.0643s
Epoch 00715 | Loss 0.0001 | Avg Epoch Time 0.0643s
Epoch 00715 | Valid acc: 83.76% | Test acc: 85.79%
Epoch 00716 | Loss 0.0001 | Avg Epoch Time 0.0643s
Epoch 00717 | Loss 0.0001 | Avg Epoch Time 0.0643s
Epoch 00718 | Loss 0.0001 | Avg Epoch Time 0.0643s
Epoch 00719 | Loss 0.0002 | Avg Epoch Time 0.0643s
Epoch 00720 | Loss 0.0002 | Avg Epoch Time 0.0643s
Epoch 00720 | Valid acc: 83.76% | Test acc: 85.61%
Epoch 00721 | Loss 0.0001 | Avg Epoch Time 0.0643s
Epoch 00722 | Loss 0.0001 | Avg Epoch Time 0.0643s
Epoch 00723 | Loss 0.0001 | Avg Epoch Time 0.0643s
Epoch 00724 | Loss 0.0001 | Avg Epoch Time 0.0643s
Epoch 00725 | Loss 0.0001 | Avg Epoch Time 0.0643s
Epoch 00725 | Valid acc: 83.95% | Test acc: 85.79%
Epoch 00726 | Loss 0.0001 | Avg Epoch Time 0.0643s
Epoch 00727 | Loss 0.0001 | Avg Epoch Time 0.0643s
Epoch 00728 | Loss 0.0001 | Avg Epoch Time 0.0643s
Epoch 00729 | Loss 0.0001 | Avg Epoch Time 0.0643s
Epoch 00730 | Loss 0.0001 | Avg Epoch Time 0.0643s
Epoch 00730 | Valid acc: 83.76% | Test acc: 85.79%
Epoch 00731 | Loss 0.0001 | Avg Epoch Time 0.0643s
Epoch 00732 | Loss 0.0001 | Avg Epoch Time 0.0643s
Epoch 00733 | Loss 0.0001 | Avg Epoch Time 0.0643s
Epoch 00734 | Loss 0.0001 | Avg Epoch Time 0.0643s
Epoch 00735 | Loss 0.0001 | Avg Epoch Time 0.0643s
Epoch 00735 | Valid acc: 83.76% | Test acc: 85.61%
Epoch 00736 | Loss 0.0001 | Avg Epoch Time 0.0643s
Epoch 00737 | Loss 0.0001 | Avg Epoch Time 0.0643s
Epoch 00738 | Loss 0.0001 | Avg Epoch Time 0.0643s
Epoch 00739 | Loss 0.0001 | Avg Epoch Time 0.0643s
Epoch 00740 | Loss 0.0001 | Avg Epoch Time 0.0643s
Epoch 00740 | Valid acc: 83.76% | Test acc: 85.79%
Epoch 00741 | Loss 0.0001 | Avg Epoch Time 0.0643s
Epoch 00742 | Loss 0.0001 | Avg Epoch Time 0.0643s
Epoch 00743 | Loss 0.0001 | Avg Epoch Time 0.0643s
Epoch 00744 | Loss 0.0001 | Avg Epoch Time 0.0643s
Epoch 00745 | Loss 0.0001 | Avg Epoch Time 0.0643s
Epoch 00745 | Valid acc: 83.76% | Test acc: 85.79%
Epoch 00746 | Loss 0.0003 | Avg Epoch Time 0.0643s
Epoch 00747 | Loss 0.0001 | Avg Epoch Time 0.0643s
Epoch 00748 | Loss 0.0001 | Avg Epoch Time 0.0643s
Epoch 00749 | Loss 0.0001 | Avg Epoch Time 0.0643s
Epoch 00750 | Loss 0.0001 | Avg Epoch Time 0.0643s
Epoch 00750 | Valid acc: 83.58% | Test acc: 85.79%
Epoch 00751 | Loss 0.0001 | Avg Epoch Time 0.0643s
Epoch 00752 | Loss 0.0001 | Avg Epoch Time 0.0644s
Epoch 00753 | Loss 0.0001 | Avg Epoch Time 0.0644s
Epoch 00754 | Loss 0.0002 | Avg Epoch Time 0.0644s
Epoch 00755 | Loss 0.0001 | Avg Epoch Time 0.0644s
Epoch 00755 | Valid acc: 83.76% | Test acc: 85.61%
Epoch 00756 | Loss 0.0001 | Avg Epoch Time 0.0644s
Epoch 00757 | Loss 0.0001 | Avg Epoch Time 0.0644s
Epoch 00758 | Loss 0.0001 | Avg Epoch Time 0.0644s
Epoch 00759 | Loss 0.0001 | Avg Epoch Time 0.0644s
Epoch 00760 | Loss 0.0001 | Avg Epoch Time 0.0644s
Epoch 00760 | Valid acc: 83.76% | Test acc: 85.79%
Epoch 00761 | Loss 0.0001 | Avg Epoch Time 0.0644s
Epoch 00762 | Loss 0.0001 | Avg Epoch Time 0.0644s
Epoch 00763 | Loss 0.0002 | Avg Epoch Time 0.0644s
Epoch 00764 | Loss 0.0001 | Avg Epoch Time 0.0644s
Epoch 00765 | Loss 0.0001 | Avg Epoch Time 0.0644s
Epoch 00765 | Valid acc: 83.95% | Test acc: 85.79%
Epoch 00766 | Loss 0.0001 | Avg Epoch Time 0.0644s
Epoch 00767 | Loss 0.0001 | Avg Epoch Time 0.0644s
Epoch 00768 | Loss 0.0001 | Avg Epoch Time 0.0644s
Epoch 00769 | Loss 0.0001 | Avg Epoch Time 0.0644s
Epoch 00770 | Loss 0.0001 | Avg Epoch Time 0.0644s
Epoch 00770 | Valid acc: 83.58% | Test acc: 85.98%
Epoch 00771 | Loss 0.0001 | Avg Epoch Time 0.0644s
Epoch 00772 | Loss 0.0001 | Avg Epoch Time 0.0644s
Epoch 00773 | Loss 0.0001 | Avg Epoch Time 0.0644s
Epoch 00774 | Loss 0.0001 | Avg Epoch Time 0.0644s
Epoch 00775 | Loss 0.0001 | Avg Epoch Time 0.0644s
Epoch 00775 | Valid acc: 83.39% | Test acc: 85.79%
Epoch 00776 | Loss 0.0001 | Avg Epoch Time 0.0644s
Epoch 00777 | Loss 0.0002 | Avg Epoch Time 0.0644s
Epoch 00778 | Loss 0.0001 | Avg Epoch Time 0.0644s
Epoch 00779 | Loss 0.0001 | Avg Epoch Time 0.0644s
Epoch 00780 | Loss 0.0001 | Avg Epoch Time 0.0644s
Epoch 00780 | Valid acc: 83.76% | Test acc: 85.42%
Epoch 00781 | Loss 0.0001 | Avg Epoch Time 0.0644s
Epoch 00782 | Loss 0.0001 | Avg Epoch Time 0.0644s
Epoch 00783 | Loss 0.0001 | Avg Epoch Time 0.0644s
Epoch 00784 | Loss 0.0001 | Avg Epoch Time 0.0644s
Epoch 00785 | Loss 0.0001 | Avg Epoch Time 0.0644s
Epoch 00785 | Valid acc: 83.76% | Test acc: 85.42%
Epoch 00786 | Loss 0.0001 | Avg Epoch Time 0.0644s
Epoch 00787 | Loss 0.0001 | Avg Epoch Time 0.0644s
Epoch 00788 | Loss 0.0001 | Avg Epoch Time 0.0644s
Epoch 00789 | Loss 0.0001 | Avg Epoch Time 0.0644s
Epoch 00790 | Loss 0.0001 | Avg Epoch Time 0.0644s
Epoch 00790 | Valid acc: 83.76% | Test acc: 85.42%
Epoch 00791 | Loss 0.0001 | Avg Epoch Time 0.0644s
Epoch 00792 | Loss 0.0000 | Avg Epoch Time 0.0644s
Epoch 00793 | Loss 0.0001 | Avg Epoch Time 0.0644s
Epoch 00794 | Loss 0.0000 | Avg Epoch Time 0.0644s
Epoch 00795 | Loss 0.0001 | Avg Epoch Time 0.0644s
Epoch 00795 | Valid acc: 83.76% | Test acc: 85.42%
Epoch 00796 | Loss 0.0001 | Avg Epoch Time 0.0644s
Epoch 00797 | Loss 0.0001 | Avg Epoch Time 0.0644s
Epoch 00798 | Loss 0.0001 | Avg Epoch Time 0.0644s
Epoch 00799 | Loss 0.0000 | Avg Epoch Time 0.0644s
Epoch 00800 | Loss 0.0000 | Avg Epoch Time 0.0644s
Epoch 00800 | Valid acc: 83.76% | Test acc: 85.79%
Epoch 00801 | Loss 0.0001 | Avg Epoch Time 0.0644s
Epoch 00802 | Loss 0.0001 | Avg Epoch Time 0.0644s
Epoch 00803 | Loss 0.0000 | Avg Epoch Time 0.0644s
Epoch 00804 | Loss 0.0000 | Avg Epoch Time 0.0644s
Epoch 00805 | Loss 0.0001 | Avg Epoch Time 0.0644s
Epoch 00805 | Valid acc: 83.76% | Test acc: 85.79%
Epoch 00806 | Loss 0.0000 | Avg Epoch Time 0.0644s
Epoch 00807 | Loss 0.0001 | Avg Epoch Time 0.0644s
Epoch 00808 | Loss 0.0001 | Avg Epoch Time 0.0644s
Epoch 00809 | Loss 0.0001 | Avg Epoch Time 0.0644s
Epoch 00810 | Loss 0.0001 | Avg Epoch Time 0.0644s
Epoch 00810 | Valid acc: 83.76% | Test acc: 85.79%
Epoch 00811 | Loss 0.0001 | Avg Epoch Time 0.0644s
Epoch 00812 | Loss 0.0000 | Avg Epoch Time 0.0644s
Epoch 00813 | Loss 0.0001 | Avg Epoch Time 0.0644s
Epoch 00814 | Loss 0.0001 | Avg Epoch Time 0.0644s
Epoch 00815 | Loss 0.0000 | Avg Epoch Time 0.0644s
Epoch 00815 | Valid acc: 83.76% | Test acc: 85.98%
Epoch 00816 | Loss 0.0001 | Avg Epoch Time 0.0644s
Epoch 00817 | Loss 0.0000 | Avg Epoch Time 0.0644s
Epoch 00818 | Loss 0.0001 | Avg Epoch Time 0.0644s
Epoch 00819 | Loss 0.0000 | Avg Epoch Time 0.0644s
Epoch 00820 | Loss 0.0001 | Avg Epoch Time 0.0644s
Epoch 00820 | Valid acc: 83.76% | Test acc: 85.79%
Epoch 00821 | Loss 0.0001 | Avg Epoch Time 0.0644s
Epoch 00822 | Loss 0.0000 | Avg Epoch Time 0.0644s
Epoch 00823 | Loss 0.0001 | Avg Epoch Time 0.0644s
Epoch 00824 | Loss 0.0001 | Avg Epoch Time 0.0644s
Epoch 00825 | Loss 0.0001 | Avg Epoch Time 0.0644s
Epoch 00825 | Valid acc: 83.76% | Test acc: 85.79%
Epoch 00826 | Loss 0.0001 | Avg Epoch Time 0.0644s
Epoch 00827 | Loss 0.0001 | Avg Epoch Time 0.0644s
Epoch 00828 | Loss 0.0001 | Avg Epoch Time 0.0644s
Epoch 00829 | Loss 0.0001 | Avg Epoch Time 0.0644s
Epoch 00830 | Loss 0.0001 | Avg Epoch Time 0.0644s
Epoch 00830 | Valid acc: 83.76% | Test acc: 85.79%
Epoch 00831 | Loss 0.0001 | Avg Epoch Time 0.0644s
Epoch 00832 | Loss 0.0000 | Avg Epoch Time 0.0644s
Epoch 00833 | Loss 0.0001 | Avg Epoch Time 0.0644s
Epoch 00834 | Loss 0.0000 | Avg Epoch Time 0.0644s
Epoch 00835 | Loss 0.0001 | Avg Epoch Time 0.0644s
Epoch 00835 | Valid acc: 83.76% | Test acc: 85.61%
Epoch 00836 | Loss 0.0001 | Avg Epoch Time 0.0644s
Epoch 00837 | Loss 0.0000 | Avg Epoch Time 0.0644s
Epoch 00838 | Loss 0.0001 | Avg Epoch Time 0.0644s
Epoch 00839 | Loss 0.0001 | Avg Epoch Time 0.0644s
Epoch 00840 | Loss 0.0001 | Avg Epoch Time 0.0644s
Epoch 00840 | Valid acc: 83.76% | Test acc: 85.98%
Epoch 00841 | Loss 0.0001 | Avg Epoch Time 0.0644s
Epoch 00842 | Loss 0.0001 | Avg Epoch Time 0.0644s
Epoch 00843 | Loss 0.0001 | Avg Epoch Time 0.0644s
Epoch 00844 | Loss 0.0000 | Avg Epoch Time 0.0644s
Epoch 00845 | Loss 0.0000 | Avg Epoch Time 0.0644s
Epoch 00845 | Valid acc: 83.76% | Test acc: 85.98%
Epoch 00846 | Loss 0.0001 | Avg Epoch Time 0.0644s
Epoch 00847 | Loss 0.0000 | Avg Epoch Time 0.0644s
Epoch 00848 | Loss 0.0001 | Avg Epoch Time 0.0644s
Epoch 00849 | Loss 0.0000 | Avg Epoch Time 0.0644s
Epoch 00850 | Loss 0.0001 | Avg Epoch Time 0.0644s
Epoch 00850 | Valid acc: 83.76% | Test acc: 85.98%
Epoch 00851 | Loss 0.0000 | Avg Epoch Time 0.0644s
Epoch 00852 | Loss 0.0000 | Avg Epoch Time 0.0644s
Epoch 00853 | Loss 0.0001 | Avg Epoch Time 0.0644s
Epoch 00854 | Loss 0.0001 | Avg Epoch Time 0.0644s
Epoch 00855 | Loss 0.0000 | Avg Epoch Time 0.0644s
Epoch 00855 | Valid acc: 83.76% | Test acc: 85.98%
Epoch 00856 | Loss 0.0001 | Avg Epoch Time 0.0644s
Epoch 00857 | Loss 0.0000 | Avg Epoch Time 0.0644s
Epoch 00858 | Loss 0.0000 | Avg Epoch Time 0.0644s
Epoch 00859 | Loss 0.0000 | Avg Epoch Time 0.0644s
Epoch 00860 | Loss 0.0000 | Avg Epoch Time 0.0644s
Epoch 00860 | Valid acc: 83.76% | Test acc: 85.79%
Epoch 00861 | Loss 0.0000 | Avg Epoch Time 0.0644s
Epoch 00862 | Loss 0.0002 | Avg Epoch Time 0.0645s
Epoch 00863 | Loss 0.0001 | Avg Epoch Time 0.0645s
Epoch 00864 | Loss 0.0000 | Avg Epoch Time 0.0645s
Epoch 00865 | Loss 0.0001 | Avg Epoch Time 0.0645s
Epoch 00865 | Valid acc: 83.76% | Test acc: 85.79%
Epoch 00866 | Loss 0.0000 | Avg Epoch Time 0.0645s
Epoch 00867 | Loss 0.0001 | Avg Epoch Time 0.0645s
Epoch 00868 | Loss 0.0001 | Avg Epoch Time 0.0644s
Epoch 00869 | Loss 0.0000 | Avg Epoch Time 0.0644s
Epoch 00870 | Loss 0.0000 | Avg Epoch Time 0.0644s
Epoch 00870 | Valid acc: 83.58% | Test acc: 85.98%
Epoch 00871 | Loss 0.0000 | Avg Epoch Time 0.0644s
Epoch 00872 | Loss 0.0001 | Avg Epoch Time 0.0644s
Epoch 00873 | Loss 0.0000 | Avg Epoch Time 0.0644s
Epoch 00874 | Loss 0.0000 | Avg Epoch Time 0.0644s
Epoch 00875 | Loss 0.0000 | Avg Epoch Time 0.0644s
Epoch 00875 | Valid acc: 83.76% | Test acc: 85.79%
Epoch 00876 | Loss 0.0001 | Avg Epoch Time 0.0644s
Epoch 00877 | Loss 0.0000 | Avg Epoch Time 0.0644s
Epoch 00878 | Loss 0.0001 | Avg Epoch Time 0.0645s
Epoch 00879 | Loss 0.0000 | Avg Epoch Time 0.0645s
Epoch 00880 | Loss 0.0000 | Avg Epoch Time 0.0645s
Epoch 00880 | Valid acc: 83.76% | Test acc: 85.79%
Epoch 00881 | Loss 0.0001 | Avg Epoch Time 0.0645s
Epoch 00882 | Loss 0.0001 | Avg Epoch Time 0.0645s
Epoch 00883 | Loss 0.0000 | Avg Epoch Time 0.0645s
Epoch 00884 | Loss 0.0000 | Avg Epoch Time 0.0645s
Epoch 00885 | Loss 0.0001 | Avg Epoch Time 0.0645s
Epoch 00885 | Valid acc: 83.76% | Test acc: 85.98%
Epoch 00886 | Loss 0.0001 | Avg Epoch Time 0.0645s
Epoch 00887 | Loss 0.0000 | Avg Epoch Time 0.0645s
Epoch 00888 | Loss 0.0000 | Avg Epoch Time 0.0645s
Epoch 00889 | Loss 0.0000 | Avg Epoch Time 0.0645s
Epoch 00890 | Loss 0.0000 | Avg Epoch Time 0.0645s
Epoch 00890 | Valid acc: 83.76% | Test acc: 85.98%
Epoch 00891 | Loss 0.0001 | Avg Epoch Time 0.0645s
Epoch 00892 | Loss 0.0000 | Avg Epoch Time 0.0645s
Epoch 00893 | Loss 0.0001 | Avg Epoch Time 0.0645s
Epoch 00894 | Loss 0.0000 | Avg Epoch Time 0.0645s
Epoch 00895 | Loss 0.0000 | Avg Epoch Time 0.0645s
Epoch 00895 | Valid acc: 83.76% | Test acc: 85.98%
Epoch 00896 | Loss 0.0000 | Avg Epoch Time 0.0645s
Epoch 00897 | Loss 0.0000 | Avg Epoch Time 0.0645s
Epoch 00898 | Loss 0.0000 | Avg Epoch Time 0.0645s
Epoch 00899 | Loss 0.0000 | Avg Epoch Time 0.0645s
Epoch 00900 | Loss 0.0000 | Avg Epoch Time 0.0645s
Epoch 00900 | Valid acc: 83.76% | Test acc: 85.98%
Epoch 00901 | Loss 0.0000 | Avg Epoch Time 0.0645s
Epoch 00902 | Loss 0.0000 | Avg Epoch Time 0.0645s
Epoch 00903 | Loss 0.0000 | Avg Epoch Time 0.0645s
Epoch 00904 | Loss 0.0000 | Avg Epoch Time 0.0645s
Epoch 00905 | Loss 0.0001 | Avg Epoch Time 0.0645s
Epoch 00905 | Valid acc: 83.58% | Test acc: 85.98%
Epoch 00906 | Loss 0.0000 | Avg Epoch Time 0.0645s
Epoch 00907 | Loss 0.0001 | Avg Epoch Time 0.0645s
Epoch 00908 | Loss 0.0001 | Avg Epoch Time 0.0645s
Epoch 00909 | Loss 0.0000 | Avg Epoch Time 0.0645s
Epoch 00910 | Loss 0.0000 | Avg Epoch Time 0.0645s
Epoch 00910 | Valid acc: 83.76% | Test acc: 85.98%
Epoch 00911 | Loss 0.0000 | Avg Epoch Time 0.0645s
Epoch 00912 | Loss 0.0000 | Avg Epoch Time 0.0645s
Epoch 00913 | Loss 0.0001 | Avg Epoch Time 0.0645s
Epoch 00914 | Loss 0.0000 | Avg Epoch Time 0.0645s
Epoch 00915 | Loss 0.0000 | Avg Epoch Time 0.0645s
Epoch 00915 | Valid acc: 83.76% | Test acc: 86.16%
Epoch 00916 | Loss 0.0000 | Avg Epoch Time 0.0645s
Epoch 00917 | Loss 0.0001 | Avg Epoch Time 0.0645s
Epoch 00918 | Loss 0.0000 | Avg Epoch Time 0.0645s
Epoch 00919 | Loss 0.0000 | Avg Epoch Time 0.0645s
Epoch 00920 | Loss 0.0001 | Avg Epoch Time 0.0645s
Epoch 00920 | Valid acc: 83.76% | Test acc: 86.16%
Epoch 00921 | Loss 0.0000 | Avg Epoch Time 0.0645s
Epoch 00922 | Loss 0.0001 | Avg Epoch Time 0.0645s
Epoch 00923 | Loss 0.0001 | Avg Epoch Time 0.0645s
Epoch 00924 | Loss 0.0000 | Avg Epoch Time 0.0645s
Epoch 00925 | Loss 0.0000 | Avg Epoch Time 0.0645s
Epoch 00925 | Valid acc: 83.76% | Test acc: 85.98%
Epoch 00926 | Loss 0.0000 | Avg Epoch Time 0.0645s
Epoch 00927 | Loss 0.0000 | Avg Epoch Time 0.0645s
Epoch 00928 | Loss 0.0002 | Avg Epoch Time 0.0645s
Epoch 00929 | Loss 0.0001 | Avg Epoch Time 0.0645s
Epoch 00930 | Loss 0.0000 | Avg Epoch Time 0.0645s
Epoch 00930 | Valid acc: 83.58% | Test acc: 85.61%
Epoch 00931 | Loss 0.0000 | Avg Epoch Time 0.0645s
Epoch 00932 | Loss 0.0000 | Avg Epoch Time 0.0645s
Epoch 00933 | Loss 0.0000 | Avg Epoch Time 0.0645s
Epoch 00934 | Loss 0.0000 | Avg Epoch Time 0.0645s
Epoch 00935 | Loss 0.0001 | Avg Epoch Time 0.0645s
Epoch 00935 | Valid acc: 83.58% | Test acc: 85.61%
Epoch 00936 | Loss 0.0001 | Avg Epoch Time 0.0645s
Epoch 00937 | Loss 0.0001 | Avg Epoch Time 0.0645s
Epoch 00938 | Loss 0.0000 | Avg Epoch Time 0.0645s
Epoch 00939 | Loss 0.0001 | Avg Epoch Time 0.0645s
Epoch 00940 | Loss 0.0000 | Avg Epoch Time 0.0645s
Epoch 00940 | Valid acc: 83.95% | Test acc: 85.98%
Epoch 00941 | Loss 0.0000 | Avg Epoch Time 0.0645s
Epoch 00942 | Loss 0.0000 | Avg Epoch Time 0.0645s
Epoch 00943 | Loss 0.0000 | Avg Epoch Time 0.0645s
Epoch 00944 | Loss 0.0001 | Avg Epoch Time 0.0645s
Epoch 00945 | Loss 0.0000 | Avg Epoch Time 0.0645s
Epoch 00945 | Valid acc: 83.95% | Test acc: 86.53%
Epoch 00946 | Loss 0.0000 | Avg Epoch Time 0.0645s
Epoch 00947 | Loss 0.0000 | Avg Epoch Time 0.0645s
Epoch 00948 | Loss 0.0000 | Avg Epoch Time 0.0645s
Epoch 00949 | Loss 0.0000 | Avg Epoch Time 0.0645s
Epoch 00950 | Loss 0.0000 | Avg Epoch Time 0.0645s
Epoch 00950 | Valid acc: 84.13% | Test acc: 86.16%
Epoch 00951 | Loss 0.0000 | Avg Epoch Time 0.0645s
Epoch 00952 | Loss 0.0000 | Avg Epoch Time 0.0645s
Epoch 00953 | Loss 0.0000 | Avg Epoch Time 0.0645s
Epoch 00954 | Loss 0.0000 | Avg Epoch Time 0.0645s
Epoch 00955 | Loss 0.0000 | Avg Epoch Time 0.0645s
Epoch 00955 | Valid acc: 84.13% | Test acc: 86.16%
Epoch 00956 | Loss 0.0000 | Avg Epoch Time 0.0645s
Epoch 00957 | Loss 0.0000 | Avg Epoch Time 0.0645s
Epoch 00958 | Loss 0.0000 | Avg Epoch Time 0.0645s
Epoch 00959 | Loss 0.0000 | Avg Epoch Time 0.0645s
Epoch 00960 | Loss 0.0000 | Avg Epoch Time 0.0645s
Epoch 00960 | Valid acc: 84.13% | Test acc: 86.35%
Epoch 00961 | Loss 0.0000 | Avg Epoch Time 0.0645s
Epoch 00962 | Loss 0.0001 | Avg Epoch Time 0.0645s
Epoch 00963 | Loss 0.0000 | Avg Epoch Time 0.0645s
Epoch 00964 | Loss 0.0000 | Avg Epoch Time 0.0645s
Epoch 00965 | Loss 0.0000 | Avg Epoch Time 0.0645s
Epoch 00965 | Valid acc: 83.76% | Test acc: 85.98%
Epoch 00966 | Loss 0.0001 | Avg Epoch Time 0.0645s
Epoch 00967 | Loss 0.0001 | Avg Epoch Time 0.0645s
Epoch 00968 | Loss 0.0001 | Avg Epoch Time 0.0645s
Epoch 00969 | Loss 0.0000 | Avg Epoch Time 0.0645s
Epoch 00970 | Loss 0.0000 | Avg Epoch Time 0.0645s
Epoch 00970 | Valid acc: 83.58% | Test acc: 85.98%
Epoch 00971 | Loss 0.0000 | Avg Epoch Time 0.0645s
Epoch 00972 | Loss 0.0000 | Avg Epoch Time 0.0645s
Epoch 00973 | Loss 0.0000 | Avg Epoch Time 0.0645s
Epoch 00974 | Loss 0.0000 | Avg Epoch Time 0.0645s
Epoch 00975 | Loss 0.0000 | Avg Epoch Time 0.0645s
Epoch 00975 | Valid acc: 83.39% | Test acc: 86.16%
Epoch 00976 | Loss 0.0000 | Avg Epoch Time 0.0645s
Epoch 00977 | Loss 0.0000 | Avg Epoch Time 0.0645s
Epoch 00978 | Loss 0.0000 | Avg Epoch Time 0.0645s
Epoch 00979 | Loss 0.0000 | Avg Epoch Time 0.0645s
Epoch 00980 | Loss 0.0000 | Avg Epoch Time 0.0645s
Epoch 00980 | Valid acc: 83.58% | Test acc: 86.16%
Epoch 00981 | Loss 0.0000 | Avg Epoch Time 0.0645s
Epoch 00982 | Loss 0.0000 | Avg Epoch Time 0.0645s
Epoch 00983 | Loss 0.0000 | Avg Epoch Time 0.0645s
Epoch 00984 | Loss 0.0000 | Avg Epoch Time 0.0645s
Epoch 00985 | Loss 0.0000 | Avg Epoch Time 0.0645s
Epoch 00985 | Valid acc: 83.58% | Test acc: 86.16%
Epoch 00986 | Loss 0.0000 | Avg Epoch Time 0.0645s
Epoch 00987 | Loss 0.0000 | Avg Epoch Time 0.0645s
Epoch 00988 | Loss 0.0000 | Avg Epoch Time 0.0645s
Epoch 00989 | Loss 0.0000 | Avg Epoch Time 0.0645s
Epoch 00990 | Loss 0.0000 | Avg Epoch Time 0.0645s
Epoch 00990 | Valid acc: 83.58% | Test acc: 86.16%
Epoch 00991 | Loss 0.0001 | Avg Epoch Time 0.0645s
Epoch 00992 | Loss 0.0000 | Avg Epoch Time 0.0645s
Epoch 00993 | Loss 0.0000 | Avg Epoch Time 0.0645s
Epoch 00994 | Loss 0.0001 | Avg Epoch Time 0.0645s
Epoch 00995 | Loss 0.0000 | Avg Epoch Time 0.0645s
Epoch 00995 | Valid acc: 83.58% | Test acc: 85.98%
Epoch 00996 | Loss 0.0000 | Avg Epoch Time 0.0645s
Epoch 00997 | Loss 0.0000 | Avg Epoch Time 0.0645s
Epoch 00998 | Loss 0.0000 | Avg Epoch Time 0.0645s
Epoch 00999 | Loss 0.0001 | Avg Epoch Time 0.0645s
Best TestAcc: 86.7159
