> initializing torch distributed ...
stage=3 layers = 84-112
Loading trained LM features (title and abstract) ...
LM_emb_path: ./lm_workloads/prt_lm/pubmed/microsoft/deberta-base-seed0.emb
pubmed load successfully
Train nodes: 11830, Val nodes: 3943, Test nodes: 3944
Num of train batches: 1, num of train microbatches: 1, microbatch size: 19717

Number of parameters: 1949507
stage=0 layers = 0-28
stage=1 layers = 28-56
stage=2 layers = 56-84
Training...
Epoch 00000 | Loss 1.1638 | Epoch Time 2.04s
Epoch 00000 | Valid acc: 37.41% | Test acc: 39.96%
Epoch 00001 | Loss 1.6999 | Epoch Time 0.16s
Epoch 00002 | Loss 1.3027 | Epoch Time 0.18s
Epoch 00003 | Loss 1.1138 | Epoch Time 0.17s
Epoch 00004 | Loss 1.0804 | Epoch Time 0.17s
Epoch 00005 | Loss 1.1038 | Avg Epoch Time 0.1759s
Epoch 00005 | Valid acc: 40.71% | Test acc: 39.40%
Epoch 00006 | Loss 1.1028 | Avg Epoch Time 0.1810s
Epoch 00007 | Loss 1.0850 | Avg Epoch Time 0.1805s
Epoch 00008 | Loss 1.0679 | Avg Epoch Time 0.1811s
Epoch 00009 | Loss 1.0590 | Avg Epoch Time 0.1815s
Epoch 00010 | Loss 1.0596 | Avg Epoch Time 0.1817s
Epoch 00010 | Valid acc: 37.41% | Test acc: 39.96%
Epoch 00011 | Loss 1.0570 | Avg Epoch Time 0.1816s
Epoch 00012 | Loss 1.0454 | Avg Epoch Time 0.1816s
Epoch 00013 | Loss 1.0338 | Avg Epoch Time 0.1817s
Epoch 00014 | Loss 1.0212 | Avg Epoch Time 0.1821s
Epoch 00015 | Loss 1.0053 | Avg Epoch Time 0.1821s
Epoch 00015 | Valid acc: 51.56% | Test acc: 52.92%
Epoch 00016 | Loss 0.9856 | Avg Epoch Time 0.1821s
Epoch 00017 | Loss 0.9652 | Avg Epoch Time 0.1821s
Epoch 00018 | Loss 0.9468 | Avg Epoch Time 0.1821s
Epoch 00019 | Loss 0.9079 | Avg Epoch Time 0.1822s
Epoch 00020 | Loss 0.8813 | Avg Epoch Time 0.1822s
Epoch 00020 | Valid acc: 61.07% | Test acc: 58.90%
Epoch 00021 | Loss 0.8661 | Avg Epoch Time 0.1822s
Epoch 00022 | Loss 0.8137 | Avg Epoch Time 0.1824s
Epoch 00023 | Loss 0.7891 | Avg Epoch Time 0.1824s
Epoch 00024 | Loss 0.8142 | Avg Epoch Time 0.1824s
Epoch 00025 | Loss 0.7649 | Avg Epoch Time 0.1824s
Epoch 00025 | Valid acc: 68.60% | Test acc: 70.23%
Epoch 00026 | Loss 0.7369 | Avg Epoch Time 0.1824s
Epoch 00027 | Loss 0.7180 | Avg Epoch Time 0.1824s
Epoch 00028 | Loss 0.7418 | Avg Epoch Time 0.1824s
Epoch 00029 | Loss 0.6996 | Avg Epoch Time 0.1824s
Epoch 00030 | Loss 0.7037 | Avg Epoch Time 0.1827s
Epoch 00030 | Valid acc: 68.17% | Test acc: 69.95%
Epoch 00031 | Loss 0.6962 | Avg Epoch Time 0.1827s
Epoch 00032 | Loss 0.6616 | Avg Epoch Time 0.1827s
Epoch 00033 | Loss 0.6705 | Avg Epoch Time 0.1827s
Epoch 00034 | Loss 0.6418 | Avg Epoch Time 0.1827s
Epoch 00035 | Loss 0.6433 | Avg Epoch Time 0.1827s
Epoch 00035 | Valid acc: 82.58% | Test acc: 82.99%
Epoch 00036 | Loss 0.6104 | Avg Epoch Time 0.1827s
Epoch 00037 | Loss 0.6087 | Avg Epoch Time 0.1826s
Epoch 00038 | Loss 0.5890 | Avg Epoch Time 0.1827s
Epoch 00039 | Loss 0.5805 | Avg Epoch Time 0.1827s
Epoch 00040 | Loss 0.5582 | Avg Epoch Time 0.1827s
Epoch 00040 | Valid acc: 86.56% | Test acc: 87.04%
Epoch 00041 | Loss 0.5476 | Avg Epoch Time 0.1827s
Epoch 00042 | Loss 0.5255 | Avg Epoch Time 0.1827s
Epoch 00043 | Loss 0.5115 | Avg Epoch Time 0.1827s
Epoch 00044 | Loss 0.4895 | Avg Epoch Time 0.1827s
Epoch 00045 | Loss 0.4800 | Avg Epoch Time 0.1827s
Epoch 00045 | Valid acc: 86.99% | Test acc: 87.58%
Epoch 00046 | Loss 0.4582 | Avg Epoch Time 0.1827s
Epoch 00047 | Loss 0.4363 | Avg Epoch Time 0.1827s
Epoch 00048 | Loss 0.4114 | Avg Epoch Time 0.1827s
Epoch 00049 | Loss 0.3913 | Avg Epoch Time 0.1828s
Epoch 00050 | Loss 0.3619 | Avg Epoch Time 0.1827s
Epoch 00050 | Valid acc: 91.96% | Test acc: 92.09%
Epoch 00051 | Loss 0.3437 | Avg Epoch Time 0.1827s
Epoch 00052 | Loss 0.3148 | Avg Epoch Time 0.1827s
Epoch 00053 | Loss 0.3023 | Avg Epoch Time 0.1827s
Epoch 00054 | Loss 0.2976 | Avg Epoch Time 0.1828s
Epoch 00055 | Loss 0.2748 | Avg Epoch Time 0.1828s
Epoch 00055 | Valid acc: 93.38% | Test acc: 93.81%
Epoch 00056 | Loss 0.2720 | Avg Epoch Time 0.1828s
Epoch 00057 | Loss 0.2587 | Avg Epoch Time 0.1828s
Epoch 00058 | Loss 0.2468 | Avg Epoch Time 0.1828s
Epoch 00059 | Loss 0.2399 | Avg Epoch Time 0.1828s
Epoch 00060 | Loss 0.2225 | Avg Epoch Time 0.1828s
Epoch 00060 | Valid acc: 94.60% | Test acc: 94.27%
Epoch 00061 | Loss 0.2166 | Avg Epoch Time 0.1828s
Epoch 00062 | Loss 0.2057 | Avg Epoch Time 0.1828s
Epoch 00063 | Loss 0.2092 | Avg Epoch Time 0.1828s
Epoch 00064 | Loss 0.2015 | Avg Epoch Time 0.1828s
Epoch 00065 | Loss 0.2009 | Avg Epoch Time 0.1828s
Epoch 00065 | Valid acc: 94.65% | Test acc: 94.57%
Epoch 00066 | Loss 0.2016 | Avg Epoch Time 0.1828s
Epoch 00067 | Loss 0.1845 | Avg Epoch Time 0.1828s
Epoch 00068 | Loss 0.1883 | Avg Epoch Time 0.1828s
Epoch 00069 | Loss 0.1849 | Avg Epoch Time 0.1828s
Epoch 00070 | Loss 0.1835 | Avg Epoch Time 0.1828s
Epoch 00070 | Valid acc: 94.67% | Test acc: 94.55%
Epoch 00071 | Loss 0.1758 | Avg Epoch Time 0.1829s
Epoch 00072 | Loss 0.1782 | Avg Epoch Time 0.1829s
Epoch 00073 | Loss 0.1745 | Avg Epoch Time 0.1829s
Epoch 00074 | Loss 0.1705 | Avg Epoch Time 0.1828s
Epoch 00075 | Loss 0.1679 | Avg Epoch Time 0.1828s
Epoch 00075 | Valid acc: 94.22% | Test acc: 94.73%
Epoch 00076 | Loss 0.1735 | Avg Epoch Time 0.1828s
Epoch 00077 | Loss 0.1664 | Avg Epoch Time 0.1828s
Epoch 00078 | Loss 0.1690 | Avg Epoch Time 0.1829s
Epoch 00079 | Loss 0.1665 | Avg Epoch Time 0.1829s
Epoch 00080 | Loss 0.1637 | Avg Epoch Time 0.1829s
Epoch 00080 | Valid acc: 94.57% | Test acc: 94.60%
Epoch 00081 | Loss 0.1609 | Avg Epoch Time 0.1829s
Epoch 00082 | Loss 0.1608 | Avg Epoch Time 0.1829s
Epoch 00083 | Loss 0.1601 | Avg Epoch Time 0.1829s
Epoch 00084 | Loss 0.1602 | Avg Epoch Time 0.1829s
Epoch 00085 | Loss 0.1563 | Avg Epoch Time 0.1829s
Epoch 00085 | Valid acc: 94.67% | Test acc: 94.52%
Epoch 00086 | Loss 0.1588 | Avg Epoch Time 0.1829s
Epoch 00087 | Loss 0.1566 | Avg Epoch Time 0.1829s
Epoch 00088 | Loss 0.1527 | Avg Epoch Time 0.1829s
Epoch 00089 | Loss 0.1563 | Avg Epoch Time 0.1829s
Epoch 00090 | Loss 0.1513 | Avg Epoch Time 0.1829s
Epoch 00090 | Valid acc: 94.72% | Test acc: 94.47%
Epoch 00091 | Loss 0.1501 | Avg Epoch Time 0.1829s
Epoch 00092 | Loss 0.1495 | Avg Epoch Time 0.1829s
Epoch 00093 | Loss 0.1499 | Avg Epoch Time 0.1829s
Epoch 00094 | Loss 0.1486 | Avg Epoch Time 0.1830s
Epoch 00095 | Loss 0.1499 | Avg Epoch Time 0.1830s
Epoch 00095 | Valid acc: 94.80% | Test acc: 94.45%
Epoch 00096 | Loss 0.1493 | Avg Epoch Time 0.1830s
Epoch 00097 | Loss 0.1508 | Avg Epoch Time 0.1830s
Epoch 00098 | Loss 0.1498 | Avg Epoch Time 0.1830s
Epoch 00099 | Loss 0.1491 | Avg Epoch Time 0.1830s
Epoch 00100 | Loss 0.1468 | Avg Epoch Time 0.1830s
Epoch 00100 | Valid acc: 94.85% | Test acc: 94.45%
Epoch 00101 | Loss 0.1470 | Avg Epoch Time 0.1830s
Epoch 00102 | Loss 0.1466 | Avg Epoch Time 0.1830s
Epoch 00103 | Loss 0.1438 | Avg Epoch Time 0.1830s
Epoch 00104 | Loss 0.1510 | Avg Epoch Time 0.1830s
Epoch 00105 | Loss 0.1458 | Avg Epoch Time 0.1830s
Epoch 00105 | Valid acc: 94.85% | Test acc: 94.35%
Epoch 00106 | Loss 0.1466 | Avg Epoch Time 0.1830s
Epoch 00107 | Loss 0.1484 | Avg Epoch Time 0.1831s
Epoch 00108 | Loss 0.1485 | Avg Epoch Time 0.1831s
Epoch 00109 | Loss 0.1452 | Avg Epoch Time 0.1831s
Epoch 00110 | Loss 0.1451 | Avg Epoch Time 0.1831s
Epoch 00110 | Valid acc: 94.93% | Test acc: 94.30%
Epoch 00111 | Loss 0.1424 | Avg Epoch Time 0.1831s
Epoch 00112 | Loss 0.1436 | Avg Epoch Time 0.1831s
Epoch 00113 | Loss 0.1416 | Avg Epoch Time 0.1831s
Epoch 00114 | Loss 0.1408 | Avg Epoch Time 0.1831s
Epoch 00115 | Loss 0.1431 | Avg Epoch Time 0.1831s
Epoch 00115 | Valid acc: 94.80% | Test acc: 94.22%
Epoch 00116 | Loss 0.1409 | Avg Epoch Time 0.1831s
Epoch 00117 | Loss 0.1399 | Avg Epoch Time 0.1831s
Epoch 00118 | Loss 0.1390 | Avg Epoch Time 0.1831s
Epoch 00119 | Loss 0.1398 | Avg Epoch Time 0.1831s
Epoch 00120 | Loss 0.1433 | Avg Epoch Time 0.1831s
Epoch 00120 | Valid acc: 94.50% | Test acc: 94.17%
Epoch 00121 | Loss 0.1377 | Avg Epoch Time 0.1831s
Epoch 00122 | Loss 0.1432 | Avg Epoch Time 0.1832s
Epoch 00123 | Loss 0.1376 | Avg Epoch Time 0.1832s
Epoch 00124 | Loss 0.1409 | Avg Epoch Time 0.1832s
Epoch 00125 | Loss 0.1386 | Avg Epoch Time 0.1832s
Epoch 00125 | Valid acc: 94.80% | Test acc: 94.19%
Epoch 00126 | Loss 0.1373 | Avg Epoch Time 0.1832s
Epoch 00127 | Loss 0.1363 | Avg Epoch Time 0.1832s
Epoch 00128 | Loss 0.1362 | Avg Epoch Time 0.1832s
Epoch 00129 | Loss 0.1362 | Avg Epoch Time 0.1832s
Epoch 00130 | Loss 0.1347 | Avg Epoch Time 0.1832s
Epoch 00130 | Valid acc: 94.70% | Test acc: 94.30%
Epoch 00131 | Loss 0.1364 | Avg Epoch Time 0.1832s
Epoch 00132 | Loss 0.1347 | Avg Epoch Time 0.1832s
Epoch 00133 | Loss 0.1327 | Avg Epoch Time 0.1832s
Epoch 00134 | Loss 0.1349 | Avg Epoch Time 0.1832s
Epoch 00135 | Loss 0.1379 | Avg Epoch Time 0.1832s
Epoch 00135 | Valid acc: 94.72% | Test acc: 94.27%
Epoch 00136 | Loss 0.1293 | Avg Epoch Time 0.1832s
Epoch 00137 | Loss 0.1329 | Avg Epoch Time 0.1832s
Epoch 00138 | Loss 0.1398 | Avg Epoch Time 0.1832s
Epoch 00139 | Loss 0.1409 | Avg Epoch Time 0.1832s
Epoch 00140 | Loss 0.1328 | Avg Epoch Time 0.1833s
Epoch 00140 | Valid acc: 94.85% | Test acc: 94.32%
Epoch 00141 | Loss 0.1336 | Avg Epoch Time 0.1833s
Epoch 00142 | Loss 0.1313 | Avg Epoch Time 0.1833s
Epoch 00143 | Loss 0.1340 | Avg Epoch Time 0.1833s
Epoch 00144 | Loss 0.1308 | Avg Epoch Time 0.1833s
Epoch 00145 | Loss 0.1320 | Avg Epoch Time 0.1833s
Epoch 00145 | Valid acc: 94.65% | Test acc: 94.30%
Epoch 00146 | Loss 0.1311 | Avg Epoch Time 0.1833s
Epoch 00147 | Loss 0.1357 | Avg Epoch Time 0.1833s
Epoch 00148 | Loss 0.1349 | Avg Epoch Time 0.1833s
Epoch 00149 | Loss 0.1277 | Avg Epoch Time 0.1833s
Epoch 00150 | Loss 0.1301 | Avg Epoch Time 0.1833s
Epoch 00150 | Valid acc: 94.70% | Test acc: 94.12%
Epoch 00151 | Loss 0.1261 | Avg Epoch Time 0.1833s
Epoch 00152 | Loss 0.1290 | Avg Epoch Time 0.1833s
Epoch 00153 | Loss 0.1260 | Avg Epoch Time 0.1833s
Epoch 00154 | Loss 0.1261 | Avg Epoch Time 0.1833s
Epoch 00155 | Loss 0.1271 | Avg Epoch Time 0.1833s
Epoch 00155 | Valid acc: 94.55% | Test acc: 94.19%
Epoch 00156 | Loss 0.1310 | Avg Epoch Time 0.1833s
Epoch 00157 | Loss 0.1307 | Avg Epoch Time 0.1833s
Epoch 00158 | Loss 0.1313 | Avg Epoch Time 0.1834s
Epoch 00159 | Loss 0.1286 | Avg Epoch Time 0.1834s
Epoch 00160 | Loss 0.1275 | Avg Epoch Time 0.1834s
Epoch 00160 | Valid acc: 94.83% | Test acc: 94.42%
Epoch 00161 | Loss 0.1265 | Avg Epoch Time 0.1834s
Epoch 00162 | Loss 0.1324 | Avg Epoch Time 0.1834s
Epoch 00163 | Loss 0.1285 | Avg Epoch Time 0.1834s
Epoch 00164 | Loss 0.1348 | Avg Epoch Time 0.1834s
Epoch 00165 | Loss 0.1604 | Avg Epoch Time 0.1834s
Epoch 00165 | Valid acc: 94.90% | Test acc: 94.40%
Epoch 00166 | Loss 0.1395 | Avg Epoch Time 0.1834s
Epoch 00167 | Loss 0.1488 | Avg Epoch Time 0.1834s
Epoch 00168 | Loss 0.1357 | Avg Epoch Time 0.1834s
Epoch 00169 | Loss 0.1446 | Avg Epoch Time 0.1834s
Epoch 00170 | Loss 0.1412 | Avg Epoch Time 0.1834s
Epoch 00170 | Valid acc: 94.98% | Test acc: 94.62%
Epoch 00171 | Loss 0.1432 | Avg Epoch Time 0.1834s
Epoch 00172 | Loss 0.1355 | Avg Epoch Time 0.1834s
Epoch 00173 | Loss 0.1352 | Avg Epoch Time 0.1834s
Epoch 00174 | Loss 0.1344 | Avg Epoch Time 0.1834s
Epoch 00175 | Loss 0.1332 | Avg Epoch Time 0.1834s
Epoch 00175 | Valid acc: 94.95% | Test acc: 94.35%
Epoch 00176 | Loss 0.1296 | Avg Epoch Time 0.1834s
Epoch 00177 | Loss 0.1309 | Avg Epoch Time 0.1834s
Epoch 00178 | Loss 0.1288 | Avg Epoch Time 0.1834s
Epoch 00179 | Loss 0.1297 | Avg Epoch Time 0.1834s
Epoch 00180 | Loss 0.1279 | Avg Epoch Time 0.1834s
Epoch 00180 | Valid acc: 94.90% | Test acc: 94.22%
Epoch 00181 | Loss 0.1291 | Avg Epoch Time 0.1834s
Epoch 00182 | Loss 0.1274 | Avg Epoch Time 0.1834s
Epoch 00183 | Loss 0.1266 | Avg Epoch Time 0.1835s
Epoch 00184 | Loss 0.1268 | Avg Epoch Time 0.1835s
Epoch 00185 | Loss 0.1238 | Avg Epoch Time 0.1835s
Epoch 00185 | Valid acc: 94.67% | Test acc: 94.37%
Epoch 00186 | Loss 0.1236 | Avg Epoch Time 0.1835s
Epoch 00187 | Loss 0.1228 | Avg Epoch Time 0.1835s
Epoch 00188 | Loss 0.1248 | Avg Epoch Time 0.1835s
Epoch 00189 | Loss 0.1208 | Avg Epoch Time 0.1835s
Epoch 00190 | Loss 0.1214 | Avg Epoch Time 0.1835s
Epoch 00190 | Valid acc: 94.65% | Test acc: 94.22%
Epoch 00191 | Loss 0.1233 | Avg Epoch Time 0.1835s
Epoch 00192 | Loss 0.1185 | Avg Epoch Time 0.1835s
Epoch 00193 | Loss 0.1231 | Avg Epoch Time 0.1835s
Epoch 00194 | Loss 0.1193 | Avg Epoch Time 0.1835s
Epoch 00195 | Loss 0.1183 | Avg Epoch Time 0.1835s
Epoch 00195 | Valid acc: 94.88% | Test acc: 94.30%
Epoch 00196 | Loss 0.1165 | Avg Epoch Time 0.1835s
Epoch 00197 | Loss 0.1176 | Avg Epoch Time 0.1835s
Epoch 00198 | Loss 0.1176 | Avg Epoch Time 0.1835s
Epoch 00199 | Loss 0.1152 | Avg Epoch Time 0.1835s
Epoch 00200 | Loss 0.1173 | Avg Epoch Time 0.1835s
Epoch 00200 | Valid acc: 94.93% | Test acc: 94.35%
Epoch 00201 | Loss 0.1146 | Avg Epoch Time 0.1835s
Epoch 00202 | Loss 0.1166 | Avg Epoch Time 0.1835s
Epoch 00203 | Loss 0.1161 | Avg Epoch Time 0.1835s
Epoch 00204 | Loss 0.1172 | Avg Epoch Time 0.1835s
Epoch 00205 | Loss 0.1229 | Avg Epoch Time 0.1835s
Epoch 00205 | Valid acc: 93.00% | Test acc: 93.10%
Epoch 00206 | Loss 0.1580 | Avg Epoch Time 0.1835s
Epoch 00207 | Loss 0.1741 | Avg Epoch Time 0.1835s
Epoch 00208 | Loss 0.1472 | Avg Epoch Time 0.1835s
Epoch 00209 | Loss 0.1381 | Avg Epoch Time 0.1835s
Epoch 00210 | Loss 0.1375 | Avg Epoch Time 0.1835s
Epoch 00210 | Valid acc: 94.72% | Test acc: 94.19%
Epoch 00211 | Loss 0.1398 | Avg Epoch Time 0.1835s
Epoch 00212 | Loss 0.1401 | Avg Epoch Time 0.1836s
Epoch 00213 | Loss 0.1331 | Avg Epoch Time 0.1836s
Epoch 00214 | Loss 0.1296 | Avg Epoch Time 0.1836s
Epoch 00215 | Loss 0.1305 | Avg Epoch Time 0.1836s
Epoch 00215 | Valid acc: 95.16% | Test acc: 94.14%
Epoch 00216 | Loss 0.1271 | Avg Epoch Time 0.1836s
Epoch 00217 | Loss 0.1263 | Avg Epoch Time 0.1836s
Epoch 00218 | Loss 0.1237 | Avg Epoch Time 0.1836s
Epoch 00219 | Loss 0.1268 | Avg Epoch Time 0.1836s
Epoch 00220 | Loss 0.1257 | Avg Epoch Time 0.1836s
Epoch 00220 | Valid acc: 94.88% | Test acc: 94.47%
Epoch 00221 | Loss 0.1222 | Avg Epoch Time 0.1836s
Epoch 00222 | Loss 0.1227 | Avg Epoch Time 0.1836s
Epoch 00223 | Loss 0.1197 | Avg Epoch Time 0.1836s
Epoch 00224 | Loss 0.1241 | Avg Epoch Time 0.1836s
Epoch 00225 | Loss 0.1188 | Avg Epoch Time 0.1836s
Epoch 00225 | Valid acc: 94.70% | Test acc: 94.37%
Epoch 00226 | Loss 0.1219 | Avg Epoch Time 0.1836s
Epoch 00227 | Loss 0.1177 | Avg Epoch Time 0.1836s
Epoch 00228 | Loss 0.1211 | Avg Epoch Time 0.1836s
Epoch 00229 | Loss 0.1176 | Avg Epoch Time 0.1836s
Epoch 00230 | Loss 0.1139 | Avg Epoch Time 0.1836s
Epoch 00230 | Valid acc: 94.83% | Test acc: 94.30%
Epoch 00231 | Loss 0.1180 | Avg Epoch Time 0.1836s
Epoch 00232 | Loss 0.1135 | Avg Epoch Time 0.1836s
Epoch 00233 | Loss 0.1161 | Avg Epoch Time 0.1836s
Epoch 00234 | Loss 0.1128 | Avg Epoch Time 0.1836s
Epoch 00235 | Loss 0.1139 | Avg Epoch Time 0.1836s
Epoch 00235 | Valid acc: 94.67% | Test acc: 94.27%
Epoch 00236 | Loss 0.1099 | Avg Epoch Time 0.1836s
Epoch 00237 | Loss 0.1132 | Avg Epoch Time 0.1836s
Epoch 00238 | Loss 0.1128 | Avg Epoch Time 0.1836s
Epoch 00239 | Loss 0.1123 | Avg Epoch Time 0.1836s
Epoch 00240 | Loss 0.1107 | Avg Epoch Time 0.1837s
Epoch 00240 | Valid acc: 94.72% | Test acc: 94.30%
Epoch 00241 | Loss 0.1097 | Avg Epoch Time 0.1837s
Epoch 00242 | Loss 0.1072 | Avg Epoch Time 0.1837s
Epoch 00243 | Loss 0.1104 | Avg Epoch Time 0.1837s
Epoch 00244 | Loss 0.1074 | Avg Epoch Time 0.1837s
Epoch 00245 | Loss 0.1066 | Avg Epoch Time 0.1837s
Epoch 00245 | Valid acc: 94.72% | Test acc: 94.35%
Epoch 00246 | Loss 0.1090 | Avg Epoch Time 0.1837s
Epoch 00247 | Loss 0.1049 | Avg Epoch Time 0.1837s
Epoch 00248 | Loss 0.1069 | Avg Epoch Time 0.1837s
Epoch 00249 | Loss 0.1063 | Avg Epoch Time 0.1837s
Epoch 00250 | Loss 0.1062 | Avg Epoch Time 0.1837s
Epoch 00250 | Valid acc: 94.37% | Test acc: 93.94%
Epoch 00251 | Loss 0.1114 | Avg Epoch Time 0.1837s
Epoch 00252 | Loss 0.1091 | Avg Epoch Time 0.1837s
Epoch 00253 | Loss 0.1136 | Avg Epoch Time 0.1837s
Epoch 00254 | Loss 0.1154 | Avg Epoch Time 0.1837s
Epoch 00255 | Loss 0.1125 | Avg Epoch Time 0.1837s
Epoch 00255 | Valid acc: 94.72% | Test acc: 94.27%
Epoch 00256 | Loss 0.1093 | Avg Epoch Time 0.1837s
Epoch 00257 | Loss 0.1077 | Avg Epoch Time 0.1837s
Epoch 00258 | Loss 0.1089 | Avg Epoch Time 0.1837s
Epoch 00259 | Loss 0.1085 | Avg Epoch Time 0.1837s
Epoch 00260 | Loss 0.1062 | Avg Epoch Time 0.1837s
Epoch 00260 | Valid acc: 94.83% | Test acc: 94.35%
Epoch 00261 | Loss 0.1055 | Avg Epoch Time 0.1837s
Epoch 00262 | Loss 0.1029 | Avg Epoch Time 0.1837s
Epoch 00263 | Loss 0.1043 | Avg Epoch Time 0.1837s
Epoch 00264 | Loss 0.1032 | Avg Epoch Time 0.1837s
Epoch 00265 | Loss 0.0993 | Avg Epoch Time 0.1837s
Epoch 00265 | Valid acc: 94.67% | Test acc: 94.14%
Epoch 00266 | Loss 0.1043 | Avg Epoch Time 0.1838s
Epoch 00267 | Loss 0.1008 | Avg Epoch Time 0.1838s
Epoch 00268 | Loss 0.1028 | Avg Epoch Time 0.1838s
Epoch 00269 | Loss 0.1192 | Avg Epoch Time 0.1838s
Epoch 00270 | Loss 0.1806 | Avg Epoch Time 0.1838s
Epoch 00270 | Valid acc: 85.32% | Test acc: 85.47%
Epoch 00271 | Loss 0.3548 | Avg Epoch Time 0.1838s
Epoch 00272 | Loss 0.2812 | Avg Epoch Time 0.1838s
Epoch 00273 | Loss 0.2533 | Avg Epoch Time 0.1838s
Epoch 00274 | Loss 0.2488 | Avg Epoch Time 0.1838s
Epoch 00275 | Loss 0.2061 | Avg Epoch Time 0.1838s
Epoch 00275 | Valid acc: 94.40% | Test acc: 94.04%
Epoch 00276 | Loss 0.2147 | Avg Epoch Time 0.1838s
Epoch 00277 | Loss 0.2080 | Avg Epoch Time 0.1838s
Epoch 00278 | Loss 0.2119 | Avg Epoch Time 0.1838s
Epoch 00279 | Loss 0.2063 | Avg Epoch Time 0.1838s
Epoch 00280 | Loss 0.1987 | Avg Epoch Time 0.1838s
Epoch 00280 | Valid acc: 94.85% | Test acc: 94.57%
Epoch 00281 | Loss 0.1963 | Avg Epoch Time 0.1838s
Epoch 00282 | Loss 0.1934 | Avg Epoch Time 0.1838s
Epoch 00283 | Loss 0.1852 | Avg Epoch Time 0.1838s
Epoch 00284 | Loss 0.1864 | Avg Epoch Time 0.1838s
Epoch 00285 | Loss 0.1894 | Avg Epoch Time 0.1838s
Epoch 00285 | Valid acc: 94.80% | Test acc: 94.35%
Epoch 00286 | Loss 0.1866 | Avg Epoch Time 0.1838s
Epoch 00287 | Loss 0.1834 | Avg Epoch Time 0.1838s
Epoch 00288 | Loss 0.1812 | Avg Epoch Time 0.1838s
Epoch 00289 | Loss 0.1779 | Avg Epoch Time 0.1838s
Epoch 00290 | Loss 0.1729 | Avg Epoch Time 0.1838s
Epoch 00290 | Valid acc: 94.65% | Test acc: 94.55%
Epoch 00291 | Loss 0.1720 | Avg Epoch Time 0.1838s
Epoch 00292 | Loss 0.1746 | Avg Epoch Time 0.1838s
Epoch 00293 | Loss 0.1712 | Avg Epoch Time 0.1838s
Epoch 00294 | Loss 0.1706 | Avg Epoch Time 0.1838s
Epoch 00295 | Loss 0.1668 | Avg Epoch Time 0.1838s
Epoch 00295 | Valid acc: 94.85% | Test acc: 94.55%
Epoch 00296 | Loss 0.1665 | Avg Epoch Time 0.1838s
Epoch 00297 | Loss 0.1627 | Avg Epoch Time 0.1838s
Epoch 00298 | Loss 0.1634 | Avg Epoch Time 0.1838s
Epoch 00299 | Loss 0.1596 | Avg Epoch Time 0.1838s
Epoch 00300 | Loss 0.1621 | Avg Epoch Time 0.1838s
Epoch 00300 | Valid acc: 95.11% | Test acc: 94.47%
Epoch 00301 | Loss 0.1589 | Avg Epoch Time 0.1838s
Epoch 00302 | Loss 0.1575 | Avg Epoch Time 0.1839s
Epoch 00303 | Loss 0.1587 | Avg Epoch Time 0.1839s
Epoch 00304 | Loss 0.1536 | Avg Epoch Time 0.1839s
Epoch 00305 | Loss 0.1561 | Avg Epoch Time 0.1839s
Epoch 00305 | Valid acc: 95.11% | Test acc: 94.47%
Epoch 00306 | Loss 0.1547 | Avg Epoch Time 0.1839s
Epoch 00307 | Loss 0.1513 | Avg Epoch Time 0.1839s
Epoch 00308 | Loss 0.1505 | Avg Epoch Time 0.1839s
Epoch 00309 | Loss 0.1484 | Avg Epoch Time 0.1839s
Epoch 00310 | Loss 0.1476 | Avg Epoch Time 0.1839s
Epoch 00310 | Valid acc: 94.88% | Test acc: 94.62%
Epoch 00311 | Loss 0.1462 | Avg Epoch Time 0.1839s
Epoch 00312 | Loss 0.1456 | Avg Epoch Time 0.1839s
Epoch 00313 | Loss 0.1470 | Avg Epoch Time 0.1839s
Epoch 00314 | Loss 0.1490 | Avg Epoch Time 0.1839s
Epoch 00315 | Loss 0.1448 | Avg Epoch Time 0.1839s
Epoch 00315 | Valid acc: 94.95% | Test acc: 94.57%
Epoch 00316 | Loss 0.1443 | Avg Epoch Time 0.1839s
Epoch 00317 | Loss 0.1428 | Avg Epoch Time 0.1839s
Epoch 00318 | Loss 0.1422 | Avg Epoch Time 0.1839s
Epoch 00319 | Loss 0.1401 | Avg Epoch Time 0.1839s
Epoch 00320 | Loss 0.1406 | Avg Epoch Time 0.1839s
Epoch 00320 | Valid acc: 95.13% | Test acc: 94.42%
Epoch 00321 | Loss 0.1396 | Avg Epoch Time 0.1839s
Epoch 00322 | Loss 0.1377 | Avg Epoch Time 0.1839s
Epoch 00323 | Loss 0.1366 | Avg Epoch Time 0.1839s
Epoch 00324 | Loss 0.1359 | Avg Epoch Time 0.1839s
Epoch 00325 | Loss 0.1389 | Avg Epoch Time 0.1839s
Epoch 00325 | Valid acc: 95.08% | Test acc: 94.57%
Epoch 00326 | Loss 0.1355 | Avg Epoch Time 0.1839s
Epoch 00327 | Loss 0.1379 | Avg Epoch Time 0.1839s
Epoch 00328 | Loss 0.1354 | Avg Epoch Time 0.1839s
Epoch 00329 | Loss 0.1350 | Avg Epoch Time 0.1839s
Epoch 00330 | Loss 0.1343 | Avg Epoch Time 0.1839s
Epoch 00330 | Valid acc: 94.88% | Test acc: 94.52%
Epoch 00331 | Loss 0.1346 | Avg Epoch Time 0.1839s
Epoch 00332 | Loss 0.1324 | Avg Epoch Time 0.1839s
Epoch 00333 | Loss 0.1334 | Avg Epoch Time 0.1839s
Epoch 00334 | Loss 0.1302 | Avg Epoch Time 0.1839s
Epoch 00335 | Loss 0.1318 | Avg Epoch Time 0.1839s
Epoch 00335 | Valid acc: 95.11% | Test acc: 94.45%
Epoch 00336 | Loss 0.1309 | Avg Epoch Time 0.1839s
Epoch 00337 | Loss 0.1300 | Avg Epoch Time 0.1839s
Epoch 00338 | Loss 0.1302 | Avg Epoch Time 0.1839s
Epoch 00339 | Loss 0.1272 | Avg Epoch Time 0.1839s
Epoch 00340 | Loss 0.1259 | Avg Epoch Time 0.1839s
Epoch 00340 | Valid acc: 94.93% | Test acc: 94.50%
Epoch 00341 | Loss 0.1278 | Avg Epoch Time 0.1839s
Epoch 00342 | Loss 0.1259 | Avg Epoch Time 0.1839s
Epoch 00343 | Loss 0.1258 | Avg Epoch Time 0.1840s
Epoch 00344 | Loss 0.1267 | Avg Epoch Time 0.1840s
Epoch 00345 | Loss 0.1252 | Avg Epoch Time 0.1840s
Epoch 00345 | Valid acc: 94.70% | Test acc: 94.45%
Epoch 00346 | Loss 0.1265 | Avg Epoch Time 0.1840s
Epoch 00347 | Loss 0.1236 | Avg Epoch Time 0.1840s
Epoch 00348 | Loss 0.1254 | Avg Epoch Time 0.1840s
Epoch 00349 | Loss 0.1244 | Avg Epoch Time 0.1840s
Epoch 00350 | Loss 0.1238 | Avg Epoch Time 0.1840s
Epoch 00350 | Valid acc: 94.80% | Test acc: 94.70%
Epoch 00351 | Loss 0.1243 | Avg Epoch Time 0.1840s
Epoch 00352 | Loss 0.1233 | Avg Epoch Time 0.1840s
Epoch 00353 | Loss 0.1232 | Avg Epoch Time 0.1840s
Epoch 00354 | Loss 0.1223 | Avg Epoch Time 0.1840s
Epoch 00355 | Loss 0.1219 | Avg Epoch Time 0.1840s
Epoch 00355 | Valid acc: 95.00% | Test acc: 94.55%
Epoch 00356 | Loss 0.1206 | Avg Epoch Time 0.1840s
Epoch 00357 | Loss 0.1219 | Avg Epoch Time 0.1840s
Epoch 00358 | Loss 0.1212 | Avg Epoch Time 0.1840s
Epoch 00359 | Loss 0.1203 | Avg Epoch Time 0.1840s
Epoch 00360 | Loss 0.1224 | Avg Epoch Time 0.1840s
Epoch 00360 | Valid acc: 95.00% | Test acc: 94.60%
Epoch 00361 | Loss 0.1214 | Avg Epoch Time 0.1840s
Epoch 00362 | Loss 0.1208 | Avg Epoch Time 0.1840s
Epoch 00363 | Loss 0.1196 | Avg Epoch Time 0.1840s
Epoch 00364 | Loss 0.1190 | Avg Epoch Time 0.1840s
Epoch 00365 | Loss 0.1198 | Avg Epoch Time 0.1840s
Epoch 00365 | Valid acc: 95.16% | Test acc: 94.42%
Epoch 00366 | Loss 0.1197 | Avg Epoch Time 0.1840s
Epoch 00367 | Loss 0.1190 | Avg Epoch Time 0.1840s
Epoch 00368 | Loss 0.1174 | Avg Epoch Time 0.1840s
Epoch 00369 | Loss 0.1199 | Avg Epoch Time 0.1840s
Epoch 00370 | Loss 0.1156 | Avg Epoch Time 0.1840s
Epoch 00370 | Valid acc: 95.08% | Test acc: 94.52%
Epoch 00371 | Loss 0.1175 | Avg Epoch Time 0.1840s
Epoch 00372 | Loss 0.1159 | Avg Epoch Time 0.1840s
Epoch 00373 | Loss 0.1165 | Avg Epoch Time 0.1840s
Epoch 00374 | Loss 0.1161 | Avg Epoch Time 0.1840s
Epoch 00375 | Loss 0.1147 | Avg Epoch Time 0.1840s
Epoch 00375 | Valid acc: 94.98% | Test acc: 94.55%
Epoch 00376 | Loss 0.1160 | Avg Epoch Time 0.1840s
Epoch 00377 | Loss 0.1137 | Avg Epoch Time 0.1840s
Epoch 00378 | Loss 0.1166 | Avg Epoch Time 0.1840s
Epoch 00379 | Loss 0.1175 | Avg Epoch Time 0.1840s
Epoch 00380 | Loss 0.1169 | Avg Epoch Time 0.1840s
Epoch 00380 | Valid acc: 95.11% | Test acc: 94.35%
Epoch 00381 | Loss 0.1167 | Avg Epoch Time 0.1840s
Epoch 00382 | Loss 0.1118 | Avg Epoch Time 0.1840s
Epoch 00383 | Loss 0.1133 | Avg Epoch Time 0.1840s
Epoch 00384 | Loss 0.1134 | Avg Epoch Time 0.1840s
Epoch 00385 | Loss 0.1117 | Avg Epoch Time 0.1840s
Epoch 00385 | Valid acc: 94.95% | Test acc: 94.52%
Epoch 00386 | Loss 0.1121 | Avg Epoch Time 0.1840s
Epoch 00387 | Loss 0.1136 | Avg Epoch Time 0.1840s
Epoch 00388 | Loss 0.1129 | Avg Epoch Time 0.1840s
Epoch 00389 | Loss 0.1123 | Avg Epoch Time 0.1840s
Epoch 00390 | Loss 0.1131 | Avg Epoch Time 0.1840s
Epoch 00390 | Valid acc: 95.11% | Test acc: 94.45%
Epoch 00391 | Loss 0.1102 | Avg Epoch Time 0.1840s
Epoch 00392 | Loss 0.1105 | Avg Epoch Time 0.1840s
Epoch 00393 | Loss 0.1126 | Avg Epoch Time 0.1840s
Epoch 00394 | Loss 0.1090 | Avg Epoch Time 0.1840s
Epoch 00395 | Loss 0.1084 | Avg Epoch Time 0.1840s
Epoch 00395 | Valid acc: 94.90% | Test acc: 94.45%
Epoch 00396 | Loss 0.1099 | Avg Epoch Time 0.1840s
Epoch 00397 | Loss 0.1102 | Avg Epoch Time 0.1840s
Epoch 00398 | Loss 0.1100 | Avg Epoch Time 0.1840s
Epoch 00399 | Loss 0.1089 | Avg Epoch Time 0.1840s
Epoch 00400 | Loss 0.1093 | Avg Epoch Time 0.1840s
Epoch 00400 | Valid acc: 94.93% | Test acc: 94.40%
Epoch 00401 | Loss 0.1081 | Avg Epoch Time 0.1840s
Epoch 00402 | Loss 0.1084 | Avg Epoch Time 0.1840s
Epoch 00403 | Loss 0.1067 | Avg Epoch Time 0.1841s
Epoch 00404 | Loss 0.1065 | Avg Epoch Time 0.1841s
Epoch 00405 | Loss 0.1082 | Avg Epoch Time 0.1841s
Epoch 00405 | Valid acc: 95.03% | Test acc: 94.30%
Epoch 00406 | Loss 0.1072 | Avg Epoch Time 0.1841s
Epoch 00407 | Loss 0.1074 | Avg Epoch Time 0.1841s
Epoch 00408 | Loss 0.1076 | Avg Epoch Time 0.1841s
Epoch 00409 | Loss 0.1083 | Avg Epoch Time 0.1841s
Epoch 00410 | Loss 0.1049 | Avg Epoch Time 0.1841s
Epoch 00410 | Valid acc: 95.28% | Test acc: 94.37%
Epoch 00411 | Loss 0.1063 | Avg Epoch Time 0.1841s
Epoch 00412 | Loss 0.1033 | Avg Epoch Time 0.1841s
Epoch 00413 | Loss 0.1051 | Avg Epoch Time 0.1841s
Epoch 00414 | Loss 0.1067 | Avg Epoch Time 0.1841s
Epoch 00415 | Loss 0.1034 | Avg Epoch Time 0.1841s
Epoch 00415 | Valid acc: 95.00% | Test acc: 94.30%
Epoch 00416 | Loss 0.1027 | Avg Epoch Time 0.1841s
Epoch 00417 | Loss 0.1029 | Avg Epoch Time 0.1841s
Epoch 00418 | Loss 0.1041 | Avg Epoch Time 0.1841s
Epoch 00419 | Loss 0.1025 | Avg Epoch Time 0.1841s
Epoch 00420 | Loss 0.1028 | Avg Epoch Time 0.1841s
Epoch 00420 | Valid acc: 95.11% | Test acc: 94.40%
Epoch 00421 | Loss 0.1038 | Avg Epoch Time 0.1841s
Epoch 00422 | Loss 0.1027 | Avg Epoch Time 0.1841s
Epoch 00423 | Loss 0.1022 | Avg Epoch Time 0.1841s
Epoch 00424 | Loss 0.1039 | Avg Epoch Time 0.1841s
Epoch 00425 | Loss 0.1025 | Avg Epoch Time 0.1841s
Epoch 00425 | Valid acc: 95.13% | Test acc: 94.42%
Epoch 00426 | Loss 0.1016 | Avg Epoch Time 0.1841s
Epoch 00427 | Loss 0.1027 | Avg Epoch Time 0.1841s
Epoch 00428 | Loss 0.0999 | Avg Epoch Time 0.1841s
Epoch 00429 | Loss 0.0992 | Avg Epoch Time 0.1841s
Epoch 00430 | Loss 0.1013 | Avg Epoch Time 0.1841s
Epoch 00430 | Valid acc: 94.85% | Test acc: 94.19%
Epoch 00431 | Loss 0.1009 | Avg Epoch Time 0.1841s
Epoch 00432 | Loss 0.0988 | Avg Epoch Time 0.1841s
Epoch 00433 | Loss 0.1047 | Avg Epoch Time 0.1841s
Epoch 00434 | Loss 0.1013 | Avg Epoch Time 0.1841s
Epoch 00435 | Loss 0.0988 | Avg Epoch Time 0.1841s
Epoch 00435 | Valid acc: 94.70% | Test acc: 94.12%
Epoch 00436 | Loss 0.1009 | Avg Epoch Time 0.1841s
Epoch 00437 | Loss 0.1046 | Avg Epoch Time 0.1841s
Epoch 00438 | Loss 0.1022 | Avg Epoch Time 0.1841s
Epoch 00439 | Loss 0.1018 | Avg Epoch Time 0.1841s
Epoch 00440 | Loss 0.0975 | Avg Epoch Time 0.1841s
Epoch 00440 | Valid acc: 94.70% | Test acc: 94.17%
Epoch 00441 | Loss 0.1011 | Avg Epoch Time 0.1841s
Epoch 00442 | Loss 0.0981 | Avg Epoch Time 0.1841s
Epoch 00443 | Loss 0.0970 | Avg Epoch Time 0.1841s
Epoch 00444 | Loss 0.0985 | Avg Epoch Time 0.1841s
Epoch 00445 | Loss 0.0960 | Avg Epoch Time 0.1841s
Epoch 00445 | Valid acc: 95.00% | Test acc: 94.50%
Epoch 00446 | Loss 0.0971 | Avg Epoch Time 0.1841s
Epoch 00447 | Loss 0.0962 | Avg Epoch Time 0.1841s
Epoch 00448 | Loss 0.0925 | Avg Epoch Time 0.1841s
Epoch 00449 | Loss 0.0944 | Avg Epoch Time 0.1841s
Epoch 00450 | Loss 0.0952 | Avg Epoch Time 0.1841s
Epoch 00450 | Valid acc: 94.78% | Test acc: 94.09%
Epoch 00451 | Loss 0.0938 | Avg Epoch Time 0.1841s
Epoch 00452 | Loss 0.0972 | Avg Epoch Time 0.1841s
Epoch 00453 | Loss 0.0939 | Avg Epoch Time 0.1841s
Epoch 00454 | Loss 0.0955 | Avg Epoch Time 0.1841s
Epoch 00455 | Loss 0.0963 | Avg Epoch Time 0.1841s
Epoch 00455 | Valid acc: 94.52% | Test acc: 93.94%
Epoch 00456 | Loss 0.0952 | Avg Epoch Time 0.1841s
Epoch 00457 | Loss 0.0925 | Avg Epoch Time 0.1841s
Epoch 00458 | Loss 0.0926 | Avg Epoch Time 0.1841s
Epoch 00459 | Loss 0.0942 | Avg Epoch Time 0.1841s
Epoch 00460 | Loss 0.0915 | Avg Epoch Time 0.1841s
Epoch 00460 | Valid acc: 94.88% | Test acc: 94.30%
Epoch 00461 | Loss 0.0912 | Avg Epoch Time 0.1841s
Epoch 00462 | Loss 0.0891 | Avg Epoch Time 0.1841s
Epoch 00463 | Loss 0.0898 | Avg Epoch Time 0.1841s
Epoch 00464 | Loss 0.0896 | Avg Epoch Time 0.1841s
Epoch 00465 | Loss 0.0903 | Avg Epoch Time 0.1841s
Epoch 00465 | Valid acc: 94.65% | Test acc: 94.22%
Epoch 00466 | Loss 0.0869 | Avg Epoch Time 0.1841s
Epoch 00467 | Loss 0.0919 | Avg Epoch Time 0.1841s
Epoch 00468 | Loss 0.0886 | Avg Epoch Time 0.1841s
Epoch 00469 | Loss 0.0879 | Avg Epoch Time 0.1841s
Epoch 00470 | Loss 0.0900 | Avg Epoch Time 0.1841s
Epoch 00470 | Valid acc: 94.40% | Test acc: 94.07%
Epoch 00471 | Loss 0.0953 | Avg Epoch Time 0.1841s
Epoch 00472 | Loss 0.1002 | Avg Epoch Time 0.1841s
Epoch 00473 | Loss 0.1150 | Avg Epoch Time 0.1841s
Epoch 00474 | Loss 0.1039 | Avg Epoch Time 0.1841s
Epoch 00475 | Loss 0.0976 | Avg Epoch Time 0.1841s
Epoch 00475 | Valid acc: 94.14% | Test acc: 93.89%
Epoch 00476 | Loss 0.1016 | Avg Epoch Time 0.1841s
Epoch 00477 | Loss 0.0969 | Avg Epoch Time 0.1841s
Epoch 00478 | Loss 0.0998 | Avg Epoch Time 0.1841s
Epoch 00479 | Loss 0.1010 | Avg Epoch Time 0.1841s
Epoch 00480 | Loss 0.0954 | Avg Epoch Time 0.1841s
Epoch 00480 | Valid acc: 94.78% | Test acc: 94.27%
Epoch 00481 | Loss 0.0979 | Avg Epoch Time 0.1841s
Epoch 00482 | Loss 0.0934 | Avg Epoch Time 0.1842s
Epoch 00483 | Loss 0.0931 | Avg Epoch Time 0.1842s
Epoch 00484 | Loss 0.0931 | Avg Epoch Time 0.1842s
Epoch 00485 | Loss 0.0941 | Avg Epoch Time 0.1842s
Epoch 00485 | Valid acc: 94.60% | Test acc: 94.32%
Epoch 00486 | Loss 0.0903 | Avg Epoch Time 0.1842s
Epoch 00487 | Loss 0.0911 | Avg Epoch Time 0.1842s
Epoch 00488 | Loss 0.0895 | Avg Epoch Time 0.1842s
Epoch 00489 | Loss 0.0888 | Avg Epoch Time 0.1842s
Epoch 00490 | Loss 0.0829 | Avg Epoch Time 0.1842s
Epoch 00490 | Valid acc: 94.47% | Test acc: 94.19%
Epoch 00491 | Loss 0.0864 | Avg Epoch Time 0.1842s
Epoch 00492 | Loss 0.0877 | Avg Epoch Time 0.1842s
Epoch 00493 | Loss 0.0841 | Avg Epoch Time 0.1842s
Epoch 00494 | Loss 0.0832 | Avg Epoch Time 0.1842s
Epoch 00495 | Loss 0.0850 | Avg Epoch Time 0.1842s
Epoch 00495 | Valid acc: 94.83% | Test acc: 94.27%
Epoch 00496 | Loss 0.0825 | Avg Epoch Time 0.1842s
Epoch 00497 | Loss 0.0830 | Avg Epoch Time 0.1842s
Epoch 00498 | Loss 0.0837 | Avg Epoch Time 0.1842s
Epoch 00499 | Loss 0.0859 | Avg Epoch Time 0.1842s
Best TestAcc: 94.7262
