> initializing torch distributed ...
Loading trained LM features (title and abstract) ...
LM_emb_path: ./lm_workloads/prt_lm/ogbn-products/microsoft/deberta-base-seed0.emb
ogbn-products load successfully
Total nodes: 54025, Train nodes: 14708, Val nodes: 1572, Test nodes: 37745

Number of parameters: 11928717
stage=3 layers=15 - 19
Num of train batches: 1, num of train microbatches: 1, microbatch size: 54025

Number of parameters: 11928717
stage=1 layers=5 - 9

Number of parameters: 11928717
stage=0 layers=0 - 4

Number of parameters: 11928717
stage=2 layers=10 - 14
Training...
Epoch 00000 | Loss 5.7938 | Epoch Time 1.08s
Valid acc 4.33% | Test acc 2.25%
Epoch 00001 | Loss 2.9503 | Epoch Time 0.82s
Valid acc 28.75% | Test acc 19.76%
Epoch 00002 | Loss 4.8312 | Epoch Time 0.82s
Valid acc 24.62% | Test acc 17.67%
Epoch 00003 | Loss 3.3379 | Epoch Time 0.83s
Valid acc 61.90% | Test acc 48.09%
Epoch 00004 | Loss 4.1174 | Epoch Time 0.86s
Valid acc 70.17% | Test acc 52.18%
Epoch 00005 | Loss 2.0830 | Epoch Time 0.83s
Valid acc 67.88% | Test acc 50.26%
Epoch 00006 | Loss 1.4208 | Epoch Time 0.83s
Valid acc 66.09% | Test acc 51.03%
Epoch 00007 | Loss 2.1945 | Epoch Time 0.83s
Valid acc 81.49% | Test acc 65.02%
Epoch 00008 | Loss 1.1423 | Epoch Time 0.83s
Valid acc 73.73% | Test acc 60.88%
Epoch 00009 | Loss 1.3463 | Epoch Time 0.83s
Valid acc 83.78% | Test acc 68.84%
Epoch 00010 | Loss 0.9637 | Epoch Time 0.83s
Valid acc 79.20% | Test acc 65.04%
Epoch 00011 | Loss 0.8989 | Epoch Time 0.83s
Valid acc 86.58% | Test acc 68.58%
Epoch 00012 | Loss 0.7773 | Epoch Time 0.83s
Valid acc 83.91% | Test acc 72.64%
Epoch 00013 | Loss 0.7558 | Epoch Time 0.83s
Valid acc 87.02% | Test acc 66.43%
Epoch 00014 | Loss 0.8266 | Epoch Time 0.83s
Valid acc 85.94% | Test acc 66.65%
Epoch 00015 | Loss 0.6520 | Epoch Time 0.83s
Valid acc 87.28% | Test acc 69.27%
Epoch 00016 | Loss 0.5959 | Epoch Time 0.83s
Valid acc 86.07% | Test acc 70.86%
Epoch 00017 | Loss 0.5771 | Epoch Time 0.83s
Valid acc 87.47% | Test acc 71.07%
Epoch 00018 | Loss 0.5878 | Epoch Time 0.85s
Valid acc 85.05% | Test acc 70.56%
Epoch 00019 | Loss 0.5907 | Epoch Time 0.83s
Valid acc 87.72% | Test acc 72.45%
Epoch 00020 | Loss 0.5648 | Epoch Time 0.83s
Valid acc 87.15% | Test acc 72.14%
Epoch 00021 | Loss 0.5397 | Epoch Time 0.83s
Valid acc 88.30% | Test acc 72.14%
Epoch 00022 | Loss 0.5175 | Epoch Time 0.83s
Valid acc 87.53% | Test acc 72.38%
Epoch 00023 | Loss 0.5122 | Epoch Time 0.83s
Valid acc 88.49% | Test acc 73.19%
Epoch 00024 | Loss 0.5047 | Epoch Time 0.83s
Valid acc 87.79% | Test acc 72.36%
Epoch 00025 | Loss 0.5031 | Epoch Time 0.84s
Valid acc 88.30% | Test acc 72.87%
Epoch 00026 | Loss 0.4988 | Epoch Time 0.83s
Valid acc 87.91% | Test acc 72.54%
Epoch 00027 | Loss 0.4968 | Epoch Time 0.83s
Valid acc 88.42% | Test acc 73.34%
Epoch 00028 | Loss 0.5044 | Epoch Time 0.84s
Valid acc 87.91% | Test acc 72.70%
Epoch 00029 | Loss 0.4921 | Epoch Time 0.84s
Valid acc 88.61% | Test acc 73.19%
Epoch 00030 | Loss 0.4822 | Epoch Time 0.83s
Valid acc 88.17% | Test acc 73.16%
Epoch 00031 | Loss 0.4833 | Epoch Time 0.83s
Valid acc 88.74% | Test acc 73.18%
Epoch 00032 | Loss 0.4731 | Epoch Time 0.84s
Valid acc 88.10% | Test acc 73.54%
Epoch 00033 | Loss 0.4700 | Epoch Time 0.83s
Valid acc 88.36% | Test acc 73.30%
Epoch 00034 | Loss 0.4569 | Epoch Time 0.84s
Valid acc 88.23% | Test acc 73.56%
Epoch 00035 | Loss 0.4651 | Epoch Time 0.84s
Valid acc 88.10% | Test acc 73.08%
Epoch 00036 | Loss 0.4665 | Epoch Time 0.84s
Valid acc 88.36% | Test acc 73.78%
Epoch 00037 | Loss 0.4596 | Epoch Time 0.84s
Valid acc 88.30% | Test acc 73.01%
Epoch 00038 | Loss 0.4675 | Epoch Time 0.84s
Valid acc 88.36% | Test acc 73.73%
Epoch 00039 | Loss 0.4667 | Epoch Time 0.84s
Valid acc 88.36% | Test acc 72.95%
Epoch 00040 | Loss 0.4643 | Epoch Time 0.84s
Valid acc 88.42% | Test acc 74.44%
Epoch 00041 | Loss 0.4588 | Epoch Time 0.84s
Valid acc 88.17% | Test acc 72.62%
Epoch 00042 | Loss 0.4555 | Epoch Time 0.84s
Valid acc 88.55% | Test acc 74.88%
Epoch 00043 | Loss 0.4537 | Epoch Time 0.84s
Valid acc 88.49% | Test acc 73.07%
Epoch 00044 | Loss 0.4429 | Epoch Time 0.84s
Valid acc 88.99% | Test acc 75.13%
Epoch 00045 | Loss 0.4433 | Epoch Time 0.84s
Valid acc 88.61% | Test acc 73.70%
Epoch 00046 | Loss 0.4369 | Epoch Time 0.84s
Valid acc 89.25% | Test acc 74.95%
Epoch 00047 | Loss 0.4322 | Epoch Time 0.84s
Valid acc 88.61% | Test acc 74.01%
Epoch 00048 | Loss 0.4359 | Epoch Time 0.84s
Valid acc 89.06% | Test acc 74.45%
Epoch 00049 | Loss 0.4269 | Epoch Time 0.84s
Valid acc 88.68% | Test acc 74.66%
Epoch 00050 | Loss 0.4264 | Epoch Time 0.84s
Valid acc 88.99% | Test acc 74.53%
Epoch 00051 | Loss 0.4325 | Epoch Time 0.84s
Valid acc 88.55% | Test acc 75.13%
Epoch 00052 | Loss 0.4243 | Epoch Time 0.84s
Valid acc 88.87% | Test acc 74.10%
Epoch 00053 | Loss 0.4279 | Epoch Time 0.84s
Valid acc 88.74% | Test acc 75.23%
Epoch 00054 | Loss 0.4302 | Epoch Time 0.84s
Valid acc 88.87% | Test acc 74.57%
Epoch 00055 | Loss 0.4234 | Epoch Time 0.84s
Valid acc 88.80% | Test acc 75.39%
Epoch 00056 | Loss 0.4135 | Epoch Time 0.84s
Valid acc 88.87% | Test acc 74.79%
Epoch 00057 | Loss 0.4195 | Epoch Time 0.84s
Valid acc 88.87% | Test acc 75.05%
Epoch 00058 | Loss 0.4135 | Epoch Time 0.84s
Valid acc 88.68% | Test acc 75.46%
Epoch 00059 | Loss 0.4025 | Epoch Time 0.84s
Valid acc 88.93% | Test acc 74.92%
Epoch 00060 | Loss 0.4026 | Epoch Time 0.84s
Valid acc 88.61% | Test acc 75.87%
Epoch 00061 | Loss 0.4085 | Epoch Time 0.84s
Valid acc 88.87% | Test acc 74.86%
Epoch 00062 | Loss 0.4136 | Epoch Time 0.84s
Valid acc 88.55% | Test acc 75.77%
Epoch 00063 | Loss 0.4086 | Epoch Time 0.84s
Valid acc 88.80% | Test acc 74.71%
Epoch 00064 | Loss 0.4218 | Epoch Time 0.84s
Valid acc 88.36% | Test acc 75.38%
Epoch 00065 | Loss 0.4092 | Epoch Time 0.84s
Valid acc 89.12% | Test acc 75.59%
Epoch 00066 | Loss 0.4109 | Epoch Time 0.84s
Valid acc 88.36% | Test acc 74.85%
Epoch 00067 | Loss 0.4071 | Epoch Time 0.84s
Valid acc 89.12% | Test acc 76.08%
Epoch 00068 | Loss 0.4044 | Epoch Time 0.84s
Valid acc 88.30% | Test acc 74.50%
Epoch 00069 | Loss 0.4009 | Epoch Time 0.84s
Valid acc 89.19% | Test acc 76.51%
Epoch 00070 | Loss 0.3971 | Epoch Time 0.84s
Valid acc 88.80% | Test acc 74.67%
Epoch 00071 | Loss 0.3927 | Epoch Time 0.84s
Valid acc 89.19% | Test acc 76.77%
Epoch 00072 | Loss 0.3939 | Epoch Time 0.85s
Valid acc 88.99% | Test acc 74.54%
Epoch 00073 | Loss 0.3957 | Epoch Time 0.84s
Valid acc 88.93% | Test acc 77.02%
Epoch 00074 | Loss 0.3990 | Epoch Time 0.84s
Valid acc 88.55% | Test acc 74.76%
Epoch 00075 | Loss 0.4000 | Epoch Time 0.85s
Valid acc 88.80% | Test acc 76.80%
Epoch 00076 | Loss 0.4033 | Epoch Time 0.85s
Valid acc 88.74% | Test acc 75.39%
Epoch 00077 | Loss 0.3996 | Epoch Time 0.84s
Valid acc 88.55% | Test acc 76.81%
Epoch 00078 | Loss 0.3969 | Epoch Time 0.85s
Valid acc 88.80% | Test acc 75.22%
Epoch 00079 | Loss 0.3983 | Epoch Time 0.84s
Valid acc 88.55% | Test acc 77.00%
Epoch 00080 | Loss 0.3873 | Epoch Time 0.85s
Valid acc 89.06% | Test acc 74.96%
Epoch 00081 | Loss 0.3862 | Epoch Time 0.85s
Valid acc 88.99% | Test acc 76.96%
Epoch 00082 | Loss 0.3852 | Epoch Time 0.85s
Valid acc 89.19% | Test acc 75.04%
Epoch 00083 | Loss 0.3797 | Epoch Time 0.85s
Valid acc 89.06% | Test acc 77.03%
Epoch 00084 | Loss 0.3774 | Epoch Time 0.85s
Valid acc 89.12% | Test acc 75.10%
Epoch 00085 | Loss 0.3817 | Epoch Time 0.85s
Valid acc 88.80% | Test acc 76.92%
Epoch 00086 | Loss 0.3765 | Epoch Time 0.85s
Valid acc 88.99% | Test acc 75.16%
Epoch 00087 | Loss 0.3820 | Epoch Time 0.85s
Valid acc 88.61% | Test acc 76.91%
Epoch 00088 | Loss 0.3749 | Epoch Time 0.85s
Valid acc 89.25% | Test acc 74.79%
Epoch 00089 | Loss 0.3788 | Epoch Time 0.91s
Valid acc 88.80% | Test acc 76.89%
Epoch 00090 | Loss 0.3764 | Epoch Time 0.85s
Valid acc 89.12% | Test acc 74.39%
Epoch 00091 | Loss 0.3875 | Epoch Time 0.85s
Valid acc 88.55% | Test acc 76.73%
Epoch 00092 | Loss 0.3811 | Epoch Time 0.85s
Valid acc 89.44% | Test acc 74.65%
Epoch 00093 | Loss 0.3829 | Epoch Time 0.85s
Valid acc 88.80% | Test acc 76.93%
Epoch 00094 | Loss 0.3651 | Epoch Time 0.85s
Valid acc 89.38% | Test acc 75.40%
Epoch 00095 | Loss 0.3737 | Epoch Time 0.85s
Valid acc 88.93% | Test acc 76.34%
Epoch 00096 | Loss 0.3634 | Epoch Time 0.85s
Valid acc 89.44% | Test acc 75.96%
Epoch 00097 | Loss 0.3588 | Epoch Time 0.85s
Valid acc 88.80% | Test acc 75.78%
Epoch 00098 | Loss 0.3579 | Epoch Time 0.85s
Valid acc 89.69% | Test acc 76.26%
Epoch 00099 | Loss 0.3557 | Epoch Time 0.85s
Valid acc 88.55% | Test acc 76.45%
Epoch 00100 | Loss 0.3522 | Epoch Time 0.85s
Valid acc 89.82% | Test acc 76.18%
Epoch 00101 | Loss 0.3579 | Epoch Time 0.85s
Valid acc 88.55% | Test acc 77.04%
Epoch 00102 | Loss 0.3577 | Epoch Time 0.85s
Valid acc 89.38% | Test acc 75.52%
Epoch 00103 | Loss 0.3587 | Epoch Time 0.85s
Valid acc 89.12% | Test acc 77.42%
Epoch 00104 | Loss 0.3591 | Epoch Time 0.85s
Valid acc 89.12% | Test acc 75.13%
Epoch 00105 | Loss 0.3654 | Epoch Time 0.85s
Valid acc 89.38% | Test acc 77.33%
Epoch 00106 | Loss 0.3752 | Epoch Time 0.85s
Valid acc 88.93% | Test acc 74.73%
Epoch 00107 | Loss 0.3845 | Epoch Time 0.85s
Valid acc 89.19% | Test acc 77.20%
Epoch 00108 | Loss 0.3880 | Epoch Time 0.85s
Valid acc 89.31% | Test acc 74.77%
Epoch 00109 | Loss 0.3751 | Epoch Time 0.85s
Valid acc 89.12% | Test acc 77.73%
Epoch 00110 | Loss 0.3589 | Epoch Time 0.85s
Valid acc 89.31% | Test acc 74.79%
Epoch 00111 | Loss 0.3529 | Epoch Time 0.85s
Valid acc 89.31% | Test acc 77.66%
Epoch 00112 | Loss 0.3399 | Epoch Time 0.85s
Valid acc 89.44% | Test acc 75.47%
Epoch 00113 | Loss 0.3441 | Epoch Time 0.85s
Valid acc 89.50% | Test acc 77.35%
Epoch 00114 | Loss 0.3506 | Epoch Time 0.85s
Valid acc 89.12% | Test acc 75.70%
Epoch 00115 | Loss 0.3483 | Epoch Time 0.85s
Valid acc 89.63% | Test acc 77.04%
Epoch 00116 | Loss 0.3407 | Epoch Time 0.85s
Valid acc 88.68% | Test acc 76.33%
Epoch 00117 | Loss 0.3529 | Epoch Time 0.85s
Valid acc 89.57% | Test acc 76.43%
Epoch 00118 | Loss 0.3450 | Epoch Time 0.85s
Valid acc 88.74% | Test acc 76.78%
Epoch 00119 | Loss 0.3460 | Epoch Time 0.85s
Valid acc 89.25% | Test acc 75.97%
Epoch 00120 | Loss 0.3385 | Epoch Time 0.85s
Valid acc 89.12% | Test acc 76.91%
Epoch 00121 | Loss 0.3345 | Epoch Time 0.85s
Valid acc 89.12% | Test acc 76.15%
Epoch 00122 | Loss 0.3385 | Epoch Time 0.85s
Valid acc 88.99% | Test acc 77.25%
Epoch 00123 | Loss 0.3370 | Epoch Time 0.85s
Valid acc 89.69% | Test acc 75.71%
Epoch 00124 | Loss 0.3347 | Epoch Time 0.85s
Valid acc 89.12% | Test acc 77.07%
Epoch 00125 | Loss 0.3343 | Epoch Time 0.85s
Valid acc 89.25% | Test acc 76.01%
Epoch 00126 | Loss 0.3332 | Epoch Time 0.85s
Valid acc 89.50% | Test acc 77.19%
Epoch 00127 | Loss 0.3308 | Epoch Time 0.85s
Valid acc 89.19% | Test acc 75.76%
Epoch 00128 | Loss 0.3345 | Epoch Time 0.85s
Valid acc 89.69% | Test acc 77.53%
Epoch 00129 | Loss 0.3376 | Epoch Time 0.85s
Valid acc 89.06% | Test acc 74.87%
Epoch 00130 | Loss 0.3390 | Epoch Time 0.85s
Valid acc 89.25% | Test acc 78.28%
Epoch 00131 | Loss 0.3600 | Epoch Time 0.85s
Valid acc 89.12% | Test acc 73.67%
Epoch 00132 | Loss 0.3522 | Epoch Time 0.85s
Valid acc 89.69% | Test acc 77.92%
Epoch 00133 | Loss 0.3417 | Epoch Time 0.85s
Valid acc 89.25% | Test acc 74.21%
Epoch 00134 | Loss 0.3535 | Epoch Time 0.85s
Valid acc 89.31% | Test acc 77.41%
Epoch 00135 | Loss 0.3500 | Epoch Time 0.85s
Valid acc 89.38% | Test acc 75.86%
Epoch 00136 | Loss 0.3594 | Epoch Time 0.85s
Valid acc 88.42% | Test acc 76.94%
Epoch 00137 | Loss 0.3528 | Epoch Time 0.85s
Valid acc 89.25% | Test acc 76.11%
Epoch 00138 | Loss 0.3556 | Epoch Time 0.84s
Valid acc 88.99% | Test acc 76.67%
Epoch 00139 | Loss 0.3327 | Epoch Time 0.85s
Valid acc 89.63% | Test acc 76.46%
Epoch 00140 | Loss 0.3309 | Epoch Time 0.84s
Valid acc 88.93% | Test acc 76.40%
Epoch 00141 | Loss 0.3271 | Epoch Time 0.85s
Valid acc 89.76% | Test acc 77.14%
Epoch 00142 | Loss 0.3227 | Epoch Time 0.84s
Valid acc 89.19% | Test acc 75.91%
Epoch 00143 | Loss 0.3229 | Epoch Time 0.85s
Valid acc 89.63% | Test acc 77.28%
Epoch 00144 | Loss 0.3180 | Epoch Time 0.85s
Valid acc 88.87% | Test acc 75.46%
Epoch 00145 | Loss 0.3209 | Epoch Time 0.85s
Valid acc 89.63% | Test acc 77.36%
Epoch 00146 | Loss 0.3218 | Epoch Time 0.85s
Valid acc 88.80% | Test acc 75.71%
Epoch 00147 | Loss 0.3271 | Epoch Time 0.85s
Valid acc 89.57% | Test acc 77.54%
Epoch 00148 | Loss 0.3157 | Epoch Time 0.85s
Valid acc 89.31% | Test acc 75.63%
Epoch 00149 | Loss 0.3247 | Epoch Time 0.85s
Valid acc 89.25% | Test acc 77.35%
Epoch 00150 | Loss 0.3168 | Epoch Time 0.85s
Valid acc 89.38% | Test acc 76.06%
Epoch 00151 | Loss 0.3215 | Epoch Time 0.85s
Valid acc 89.44% | Test acc 77.30%
Epoch 00152 | Loss 0.3164 | Epoch Time 0.85s
Valid acc 89.06% | Test acc 75.97%
Epoch 00153 | Loss 0.3153 | Epoch Time 0.85s
Valid acc 89.63% | Test acc 77.51%
Epoch 00154 | Loss 0.3137 | Epoch Time 0.85s
Valid acc 89.25% | Test acc 75.69%
Epoch 00155 | Loss 0.3099 | Epoch Time 0.85s
Valid acc 89.57% | Test acc 77.94%
Epoch 00156 | Loss 0.3124 | Epoch Time 0.85s
Valid acc 89.50% | Test acc 75.50%
Epoch 00157 | Loss 0.3175 | Epoch Time 0.85s
Valid acc 89.50% | Test acc 78.10%
Epoch 00158 | Loss 0.3096 | Epoch Time 0.85s
Valid acc 89.57% | Test acc 75.17%
Epoch 00159 | Loss 0.3090 | Epoch Time 0.85s
Valid acc 89.38% | Test acc 78.65%
Epoch 00160 | Loss 0.3091 | Epoch Time 0.85s
Valid acc 89.63% | Test acc 75.32%
Epoch 00161 | Loss 0.3004 | Epoch Time 0.85s
Valid acc 89.63% | Test acc 77.93%
Epoch 00162 | Loss 0.3103 | Epoch Time 0.85s
Valid acc 89.31% | Test acc 75.79%
Epoch 00163 | Loss 0.3171 | Epoch Time 0.85s
Valid acc 89.57% | Test acc 76.63%
Epoch 00164 | Loss 0.3248 | Epoch Time 0.85s
Valid acc 88.87% | Test acc 76.56%
Epoch 00165 | Loss 0.3176 | Epoch Time 0.85s
Valid acc 89.63% | Test acc 76.33%
Epoch 00166 | Loss 0.3313 | Epoch Time 0.85s
Valid acc 88.99% | Test acc 76.48%
Epoch 00167 | Loss 0.3180 | Epoch Time 0.85s
Valid acc 89.95% | Test acc 76.57%
Epoch 00168 | Loss 0.3204 | Epoch Time 0.85s
Valid acc 88.42% | Test acc 76.39%
Epoch 00169 | Loss 0.3159 | Epoch Time 0.85s
Valid acc 89.89% | Test acc 77.15%
Epoch 00170 | Loss 0.3177 | Epoch Time 0.85s
Valid acc 88.99% | Test acc 76.92%
Epoch 00171 | Loss 0.3073 | Epoch Time 0.85s
Valid acc 89.89% | Test acc 77.24%
Epoch 00172 | Loss 0.2983 | Epoch Time 0.85s
Valid acc 88.99% | Test acc 77.16%
Epoch 00173 | Loss 0.2963 | Epoch Time 0.85s
Valid acc 89.95% | Test acc 76.95%
Epoch 00174 | Loss 0.2899 | Epoch Time 0.85s
Valid acc 88.61% | Test acc 76.80%
Epoch 00175 | Loss 0.3030 | Epoch Time 0.85s
Valid acc 89.44% | Test acc 76.96%
Epoch 00176 | Loss 0.3025 | Epoch Time 0.85s
Valid acc 88.74% | Test acc 76.25%
Epoch 00177 | Loss 0.3119 | Epoch Time 0.85s
Valid acc 89.57% | Test acc 77.06%
Epoch 00178 | Loss 0.3023 | Epoch Time 0.85s
Valid acc 89.19% | Test acc 76.52%
Epoch 00179 | Loss 0.2932 | Epoch Time 0.85s
Valid acc 89.38% | Test acc 77.19%
Epoch 00180 | Loss 0.2884 | Epoch Time 0.85s
Valid acc 89.25% | Test acc 76.50%
Epoch 00181 | Loss 0.2891 | Epoch Time 0.85s
Valid acc 89.44% | Test acc 77.23%
Epoch 00182 | Loss 0.2894 | Epoch Time 0.85s
Valid acc 89.19% | Test acc 76.51%
Epoch 00183 | Loss 0.2959 | Epoch Time 0.85s
Valid acc 89.57% | Test acc 77.08%
Epoch 00184 | Loss 0.3240 | Epoch Time 0.85s
Valid acc 89.31% | Test acc 77.02%
Epoch 00185 | Loss 0.3319 | Epoch Time 0.85s
Valid acc 89.44% | Test acc 76.50%
Epoch 00186 | Loss 0.3291 | Epoch Time 0.85s
Valid acc 88.80% | Test acc 77.15%
Epoch 00187 | Loss 0.3357 | Epoch Time 0.85s
Valid acc 89.25% | Test acc 76.65%
Epoch 00188 | Loss 0.3043 | Epoch Time 0.87s
Valid acc 89.38% | Test acc 77.63%
Epoch 00189 | Loss 0.3030 | Epoch Time 0.85s
Valid acc 89.69% | Test acc 76.13%
Epoch 00190 | Loss 0.2948 | Epoch Time 0.85s
Valid acc 88.99% | Test acc 78.02%
Epoch 00191 | Loss 0.2862 | Epoch Time 0.85s
Valid acc 89.19% | Test acc 75.39%
Epoch 00192 | Loss 0.2946 | Epoch Time 0.84s
Valid acc 88.80% | Test acc 78.15%
Epoch 00193 | Loss 0.2880 | Epoch Time 0.85s
Valid acc 89.50% | Test acc 75.75%
Epoch 00194 | Loss 0.2930 | Epoch Time 0.85s
Valid acc 88.55% | Test acc 77.83%
Epoch 00195 | Loss 0.2793 | Epoch Time 0.85s
Valid acc 89.89% | Test acc 75.85%
Epoch 00196 | Loss 0.2908 | Epoch Time 0.85s
Valid acc 88.99% | Test acc 77.40%
Epoch 00197 | Loss 0.2759 | Epoch Time 0.85s
Valid acc 89.82% | Test acc 76.48%
Epoch 00198 | Loss 0.2826 | Epoch Time 0.85s
Valid acc 89.25% | Test acc 77.09%
Epoch 00199 | Loss 0.2717 | Epoch Time 0.85s
Valid acc 89.95% | Test acc 77.33%
Epoch 00200 | Loss 0.2752 | Epoch Time 0.85s
Valid acc 88.99% | Test acc 76.71%
Epoch 00201 | Loss 0.2744 | Epoch Time 0.85s
Valid acc 89.95% | Test acc 77.34%
Epoch 00202 | Loss 0.2788 | Epoch Time 0.85s
Valid acc 88.55% | Test acc 76.17%
Epoch 00203 | Loss 0.2833 | Epoch Time 0.85s
Valid acc 89.38% | Test acc 77.28%
Epoch 00204 | Loss 0.2938 | Epoch Time 0.85s
Valid acc 88.93% | Test acc 75.04%
Epoch 00205 | Loss 0.2994 | Epoch Time 0.85s
Valid acc 88.87% | Test acc 77.01%
Epoch 00206 | Loss 0.3138 | Epoch Time 0.85s
Valid acc 89.12% | Test acc 75.51%
Epoch 00207 | Loss 0.3091 | Epoch Time 0.85s
Valid acc 88.55% | Test acc 77.85%
Epoch 00208 | Loss 0.3028 | Epoch Time 0.85s
Valid acc 89.19% | Test acc 75.88%
Epoch 00209 | Loss 0.3018 | Epoch Time 0.85s
Valid acc 89.06% | Test acc 77.82%
Epoch 00210 | Loss 0.2847 | Epoch Time 0.85s
Valid acc 89.50% | Test acc 76.25%
Epoch 00211 | Loss 0.2870 | Epoch Time 0.85s
Valid acc 89.69% | Test acc 77.28%
Epoch 00212 | Loss 0.2850 | Epoch Time 0.85s
Valid acc 89.44% | Test acc 77.18%
Epoch 00213 | Loss 0.2714 | Epoch Time 0.85s
Valid acc 89.57% | Test acc 76.87%
Epoch 00214 | Loss 0.2667 | Epoch Time 0.85s
Valid acc 89.57% | Test acc 77.16%
Epoch 00215 | Loss 0.2600 | Epoch Time 0.85s
Valid acc 89.25% | Test acc 77.34%
Epoch 00216 | Loss 0.2545 | Epoch Time 0.85s
Valid acc 89.95% | Test acc 76.89%
Epoch 00217 | Loss 0.2531 | Epoch Time 0.85s
Valid acc 89.25% | Test acc 77.77%
Epoch 00218 | Loss 0.2584 | Epoch Time 0.87s
Valid acc 90.27% | Test acc 76.19%
Epoch 00219 | Loss 0.2695 | Epoch Time 0.85s
Valid acc 89.50% | Test acc 77.36%
Epoch 00220 | Loss 0.2821 | Epoch Time 0.85s
Valid acc 89.76% | Test acc 76.97%
Epoch 00221 | Loss 0.2885 | Epoch Time 0.85s
Valid acc 89.25% | Test acc 76.89%
Epoch 00222 | Loss 0.2967 | Epoch Time 0.85s
Valid acc 89.19% | Test acc 76.66%
Epoch 00223 | Loss 0.3059 | Epoch Time 0.85s
Valid acc 88.61% | Test acc 76.37%
Epoch 00224 | Loss 0.2962 | Epoch Time 0.85s
Valid acc 89.25% | Test acc 76.09%
Epoch 00225 | Loss 0.2979 | Epoch Time 0.85s
Valid acc 89.06% | Test acc 76.75%
Epoch 00226 | Loss 0.2855 | Epoch Time 0.85s
Valid acc 89.76% | Test acc 77.04%
Epoch 00227 | Loss 0.2828 | Epoch Time 0.85s
Valid acc 89.31% | Test acc 77.49%
Epoch 00228 | Loss 0.2593 | Epoch Time 0.85s
Valid acc 90.01% | Test acc 76.97%
Epoch 00229 | Loss 0.2513 | Epoch Time 0.85s
Valid acc 89.50% | Test acc 77.53%
Epoch 00230 | Loss 0.2557 | Epoch Time 0.85s
Valid acc 89.12% | Test acc 76.96%
Epoch 00231 | Loss 0.2584 | Epoch Time 0.85s
Valid acc 89.25% | Test acc 77.11%
Epoch 00232 | Loss 0.2837 | Epoch Time 0.85s
Valid acc 89.06% | Test acc 76.88%
Epoch 00233 | Loss 0.2628 | Epoch Time 0.85s
Valid acc 89.38% | Test acc 76.77%
Epoch 00234 | Loss 0.2706 | Epoch Time 0.85s
Valid acc 88.93% | Test acc 76.45%
Epoch 00235 | Loss 0.2647 | Epoch Time 0.85s
Valid acc 89.63% | Test acc 76.97%
Epoch 00236 | Loss 0.2599 | Epoch Time 0.85s
Valid acc 88.87% | Test acc 76.66%
Epoch 00237 | Loss 0.2636 | Epoch Time 0.85s
Valid acc 89.12% | Test acc 77.43%
Epoch 00238 | Loss 0.2635 | Epoch Time 0.85s
Valid acc 88.93% | Test acc 76.07%
Epoch 00239 | Loss 0.2591 | Epoch Time 0.85s
Valid acc 89.57% | Test acc 77.81%
Epoch 00240 | Loss 0.2480 | Epoch Time 0.85s
Valid acc 89.63% | Test acc 76.27%
Epoch 00241 | Loss 0.2521 | Epoch Time 0.85s
Valid acc 90.08% | Test acc 77.85%
Epoch 00242 | Loss 0.2509 | Epoch Time 0.85s
Valid acc 89.12% | Test acc 76.35%
Epoch 00243 | Loss 0.2784 | Epoch Time 0.85s
Valid acc 89.50% | Test acc 76.91%
Epoch 00244 | Loss 0.2757 | Epoch Time 0.85s
Valid acc 88.74% | Test acc 76.86%
Epoch 00245 | Loss 0.2797 | Epoch Time 0.85s
Valid acc 89.89% | Test acc 75.93%
Epoch 00246 | Loss 0.2765 | Epoch Time 0.85s
Valid acc 88.99% | Test acc 77.67%
Epoch 00247 | Loss 0.2696 | Epoch Time 0.85s
Valid acc 89.82% | Test acc 75.85%
Epoch 00248 | Loss 0.2714 | Epoch Time 0.85s
Valid acc 89.44% | Test acc 77.38%
Epoch 00249 | Loss 0.2588 | Epoch Time 0.85s
Valid acc 89.31% | Test acc 76.48%
Epoch 00250 | Loss 0.2536 | Epoch Time 0.85s
Valid acc 89.06% | Test acc 77.45%
Epoch 00251 | Loss 0.2634 | Epoch Time 0.85s
Valid acc 88.80% | Test acc 76.80%
Epoch 00252 | Loss 0.2539 | Epoch Time 0.85s
Valid acc 89.50% | Test acc 77.19%
Epoch 00253 | Loss 0.2550 | Epoch Time 0.84s
Valid acc 88.61% | Test acc 76.81%
Epoch 00254 | Loss 0.2495 | Epoch Time 0.85s
Valid acc 89.89% | Test acc 77.14%
Epoch 00255 | Loss 0.2464 | Epoch Time 0.85s
Valid acc 88.36% | Test acc 76.97%
Epoch 00256 | Loss 0.2368 | Epoch Time 0.85s
Valid acc 89.50% | Test acc 77.27%
Epoch 00257 | Loss 0.2373 | Epoch Time 0.85s
Valid acc 88.80% | Test acc 76.66%
Epoch 00258 | Loss 0.2410 | Epoch Time 0.85s
Valid acc 88.93% | Test acc 77.95%
Epoch 00259 | Loss 0.2479 | Epoch Time 0.85s
Valid acc 89.57% | Test acc 76.15%
Epoch 00260 | Loss 0.2373 | Epoch Time 0.85s
Valid acc 89.25% | Test acc 78.28%
Epoch 00261 | Loss 0.2330 | Epoch Time 0.85s
Valid acc 89.50% | Test acc 74.83%
Epoch 00262 | Loss 0.2403 | Epoch Time 0.85s
Valid acc 88.55% | Test acc 78.70%
Epoch 00263 | Loss 0.2448 | Epoch Time 0.85s
Valid acc 89.25% | Test acc 73.15%
Epoch 00264 | Loss 0.2666 | Epoch Time 0.85s
Valid acc 88.49% | Test acc 78.30%
Epoch 00265 | Loss 0.2477 | Epoch Time 0.85s
Valid acc 89.38% | Test acc 74.78%
Epoch 00266 | Loss 0.2606 | Epoch Time 0.85s
Valid acc 88.23% | Test acc 77.22%
Epoch 00267 | Loss 0.2570 | Epoch Time 0.85s
Valid acc 89.95% | Test acc 76.90%
Epoch 00268 | Loss 0.2641 | Epoch Time 0.85s
Valid acc 88.68% | Test acc 76.37%
Epoch 00269 | Loss 0.2598 | Epoch Time 0.85s
Valid acc 89.44% | Test acc 77.66%
Epoch 00270 | Loss 0.2597 | Epoch Time 0.85s
Valid acc 88.99% | Test acc 76.96%
Epoch 00271 | Loss 0.2503 | Epoch Time 0.85s
Valid acc 89.50% | Test acc 77.42%
Epoch 00272 | Loss 0.2340 | Epoch Time 0.85s
Valid acc 89.31% | Test acc 77.25%
Epoch 00273 | Loss 0.2348 | Epoch Time 0.85s
Valid acc 89.19% | Test acc 77.77%
Epoch 00274 | Loss 0.2292 | Epoch Time 0.85s
Valid acc 89.69% | Test acc 76.78%
Epoch 00275 | Loss 0.2302 | Epoch Time 0.85s
Valid acc 88.99% | Test acc 77.95%
Epoch 00276 | Loss 0.2184 | Epoch Time 0.85s
Valid acc 89.82% | Test acc 76.56%
Epoch 00277 | Loss 0.2138 | Epoch Time 0.85s
Valid acc 89.25% | Test acc 78.20%
Epoch 00278 | Loss 0.2243 | Epoch Time 0.85s
Valid acc 89.38% | Test acc 75.87%
Epoch 00279 | Loss 0.2394 | Epoch Time 0.85s
Valid acc 88.74% | Test acc 77.97%
Epoch 00280 | Loss 0.2595 | Epoch Time 0.85s
Valid acc 89.38% | Test acc 75.80%
Epoch 00281 | Loss 0.2725 | Epoch Time 0.85s
Valid acc 88.30% | Test acc 77.15%
Epoch 00282 | Loss 0.2728 | Epoch Time 0.85s
Valid acc 89.38% | Test acc 76.00%
Epoch 00283 | Loss 0.2605 | Epoch Time 0.85s
Valid acc 89.12% | Test acc 77.98%
Epoch 00284 | Loss 0.2571 | Epoch Time 0.85s
Valid acc 89.25% | Test acc 76.43%
Epoch 00285 | Loss 0.2439 | Epoch Time 0.85s
Valid acc 89.38% | Test acc 77.81%
Epoch 00286 | Loss 0.2177 | Epoch Time 0.85s
Valid acc 89.38% | Test acc 76.82%
Epoch 00287 | Loss 0.2106 | Epoch Time 0.85s
Valid acc 89.38% | Test acc 78.28%
Epoch 00288 | Loss 0.2184 | Epoch Time 0.85s
Valid acc 89.31% | Test acc 76.86%
Epoch 00289 | Loss 0.2259 | Epoch Time 0.85s
Valid acc 89.12% | Test acc 77.83%
Epoch 00290 | Loss 0.2519 | Epoch Time 0.85s
Valid acc 89.44% | Test acc 77.03%
Epoch 00291 | Loss 0.2288 | Epoch Time 0.85s
Valid acc 89.63% | Test acc 77.25%
Epoch 00292 | Loss 0.2349 | Epoch Time 0.85s
Valid acc 89.19% | Test acc 76.96%
Epoch 00293 | Loss 0.2285 | Epoch Time 0.85s
Valid acc 89.50% | Test acc 77.91%
Epoch 00294 | Loss 0.2388 | Epoch Time 0.85s
Valid acc 90.01% | Test acc 76.80%
Epoch 00295 | Loss 0.2364 | Epoch Time 0.85s
Valid acc 89.06% | Test acc 78.51%
Epoch 00296 | Loss 0.2293 | Epoch Time 0.85s
Valid acc 89.76% | Test acc 76.58%
Epoch 00297 | Loss 0.2333 | Epoch Time 0.85s
Valid acc 88.87% | Test acc 77.94%
Epoch 00298 | Loss 0.2256 | Epoch Time 0.85s
Valid acc 89.06% | Test acc 76.72%
Epoch 00299 | Loss 0.2299 | Epoch Time 0.85s
Valid acc 89.44% | Test acc 77.10%
Epoch 00300 | Loss 0.2281 | Epoch Time 0.85s
Valid acc 88.74% | Test acc 77.42%
Epoch 00301 | Loss 0.2307 | Epoch Time 0.85s
Valid acc 89.38% | Test acc 76.80%
Epoch 00302 | Loss 0.2110 | Epoch Time 0.85s
Valid acc 88.99% | Test acc 77.62%
Epoch 00303 | Loss 0.2167 | Epoch Time 0.85s
Valid acc 88.74% | Test acc 76.25%
Epoch 00304 | Loss 0.2150 | Epoch Time 0.85s
Valid acc 89.19% | Test acc 76.66%
Epoch 00305 | Loss 0.2293 | Epoch Time 0.85s
Valid acc 89.57% | Test acc 75.18%
Epoch 00306 | Loss 0.2174 | Epoch Time 0.85s
Valid acc 89.25% | Test acc 78.01%
Epoch 00307 | Loss 0.2171 | Epoch Time 0.87s
Valid acc 89.44% | Test acc 75.93%
Epoch 00308 | Loss 0.2105 | Epoch Time 0.85s
Valid acc 89.57% | Test acc 78.06%
Epoch 00309 | Loss 0.2028 | Epoch Time 0.85s
Valid acc 89.76% | Test acc 75.97%
Epoch 00310 | Loss 0.2056 | Epoch Time 0.85s
Valid acc 89.44% | Test acc 77.88%
Epoch 00311 | Loss 0.1953 | Epoch Time 0.85s
Valid acc 89.38% | Test acc 76.60%
Epoch 00312 | Loss 0.2092 | Epoch Time 0.85s
Valid acc 89.69% | Test acc 77.60%
Epoch 00313 | Loss 0.2112 | Epoch Time 0.85s
Valid acc 89.25% | Test acc 76.64%
Epoch 00314 | Loss 0.2276 | Epoch Time 0.85s
Valid acc 89.44% | Test acc 76.69%
Epoch 00315 | Loss 0.2141 | Epoch Time 0.85s
Valid acc 89.82% | Test acc 76.84%
Epoch 00316 | Loss 0.2135 | Epoch Time 0.85s
Valid acc 89.31% | Test acc 76.84%
Epoch 00317 | Loss 0.2136 | Epoch Time 0.85s
Valid acc 89.69% | Test acc 76.76%
Epoch 00318 | Loss 0.2131 | Epoch Time 0.85s
Valid acc 89.06% | Test acc 77.13%
Epoch 00319 | Loss 0.2351 | Epoch Time 0.85s
Valid acc 89.44% | Test acc 76.82%
Epoch 00320 | Loss 0.2249 | Epoch Time 0.85s
Valid acc 89.38% | Test acc 77.05%
Epoch 00321 | Loss 0.2319 | Epoch Time 0.85s
Valid acc 89.31% | Test acc 77.60%
Epoch 00322 | Loss 0.2439 | Epoch Time 0.85s
Valid acc 88.36% | Test acc 76.49%
Epoch 00323 | Loss 0.2897 | Epoch Time 0.85s
Valid acc 88.49% | Test acc 77.68%
Epoch 00324 | Loss 0.2752 | Epoch Time 0.85s
Valid acc 89.50% | Test acc 77.06%
Epoch 00325 | Loss 0.2246 | Epoch Time 0.85s
Valid acc 89.06% | Test acc 77.10%
Epoch 00326 | Loss 0.2160 | Epoch Time 0.85s
Valid acc 89.63% | Test acc 78.00%
Epoch 00327 | Loss 0.2052 | Epoch Time 0.85s
Valid acc 89.06% | Test acc 76.74%
Epoch 00328 | Loss 0.2026 | Epoch Time 0.85s
Valid acc 89.95% | Test acc 77.80%
Epoch 00329 | Loss 0.2042 | Epoch Time 0.85s
Valid acc 88.93% | Test acc 76.23%
Epoch 00330 | Loss 0.2073 | Epoch Time 0.84s
Valid acc 89.57% | Test acc 77.78%
Epoch 00331 | Loss 0.2122 | Epoch Time 0.85s
Valid acc 89.44% | Test acc 76.45%
Epoch 00332 | Loss 0.2090 | Epoch Time 0.85s
Valid acc 90.01% | Test acc 77.19%
Epoch 00333 | Loss 0.2195 | Epoch Time 0.85s
Valid acc 89.76% | Test acc 76.50%
Epoch 00334 | Loss 0.1910 | Epoch Time 0.85s
Valid acc 89.82% | Test acc 77.88%
Epoch 00335 | Loss 0.1870 | Epoch Time 0.85s
Valid acc 89.57% | Test acc 75.87%
Epoch 00336 | Loss 0.1949 | Epoch Time 0.85s
Valid acc 89.63% | Test acc 77.88%
Epoch 00337 | Loss 0.1993 | Epoch Time 0.87s
Valid acc 88.68% | Test acc 74.99%
Epoch 00338 | Loss 0.2195 | Epoch Time 0.85s
Valid acc 89.63% | Test acc 77.00%
Epoch 00339 | Loss 0.1977 | Epoch Time 0.85s
Valid acc 88.80% | Test acc 77.80%
Epoch 00340 | Loss 0.1992 | Epoch Time 0.85s
Valid acc 89.63% | Test acc 76.53%
Epoch 00341 | Loss 0.1994 | Epoch Time 0.85s
Valid acc 88.93% | Test acc 78.34%
Epoch 00342 | Loss 0.1923 | Epoch Time 0.85s
Valid acc 89.63% | Test acc 76.20%
Epoch 00343 | Loss 0.1923 | Epoch Time 0.85s
Valid acc 88.74% | Test acc 78.57%
Epoch 00344 | Loss 0.1953 | Epoch Time 0.85s
Valid acc 89.69% | Test acc 75.51%
Epoch 00345 | Loss 0.2100 | Epoch Time 0.85s
Valid acc 88.49% | Test acc 77.99%
Epoch 00346 | Loss 0.2240 | Epoch Time 0.85s
Valid acc 88.04% | Test acc 74.87%
Epoch 00347 | Loss 0.2386 | Epoch Time 0.85s
Valid acc 89.44% | Test acc 77.49%
Epoch 00348 | Loss 0.2157 | Epoch Time 0.85s
Valid acc 89.25% | Test acc 76.89%
Epoch 00349 | Loss 0.1930 | Epoch Time 0.85s
Valid acc 90.01% | Test acc 77.15%
Epoch 00350 | Loss 0.1890 | Epoch Time 0.85s
Valid acc 89.38% | Test acc 77.21%
Epoch 00351 | Loss 0.1831 | Epoch Time 0.84s
Valid acc 90.14% | Test acc 77.55%
Epoch 00352 | Loss 0.1979 | Epoch Time 0.85s
Valid acc 88.93% | Test acc 77.51%
Epoch 00353 | Loss 0.1872 | Epoch Time 0.84s
Valid acc 90.01% | Test acc 76.73%
Epoch 00354 | Loss 0.1966 | Epoch Time 0.85s
Valid acc 88.93% | Test acc 77.51%
Epoch 00355 | Loss 0.1913 | Epoch Time 0.85s
Valid acc 90.33% | Test acc 76.92%
Epoch 00356 | Loss 0.1961 | Epoch Time 0.85s
Valid acc 89.19% | Test acc 77.39%
Epoch 00357 | Loss 0.1933 | Epoch Time 0.85s
Valid acc 90.20% | Test acc 77.17%
Epoch 00358 | Loss 0.1967 | Epoch Time 0.85s
Valid acc 89.19% | Test acc 78.25%
Epoch 00359 | Loss 0.1918 | Epoch Time 0.85s
Valid acc 90.14% | Test acc 75.93%
Epoch 00360 | Loss 0.1960 | Epoch Time 0.85s
Valid acc 89.38% | Test acc 79.05%
Epoch 00361 | Loss 0.1930 | Epoch Time 0.85s
Valid acc 89.57% | Test acc 75.50%
Epoch 00362 | Loss 0.1926 | Epoch Time 0.85s
Valid acc 89.63% | Test acc 78.65%
Epoch 00363 | Loss 0.2004 | Epoch Time 0.85s
Valid acc 89.31% | Test acc 76.09%
Epoch 00364 | Loss 0.1949 | Epoch Time 0.85s
Valid acc 88.93% | Test acc 78.07%
Epoch 00365 | Loss 0.1917 | Epoch Time 0.85s
Valid acc 89.50% | Test acc 76.99%
Epoch 00366 | Loss 0.1815 | Epoch Time 0.85s
Valid acc 89.12% | Test acc 77.12%
Epoch 00367 | Loss 0.1830 | Epoch Time 0.85s
Valid acc 89.38% | Test acc 77.38%
Epoch 00368 | Loss 0.1716 | Epoch Time 0.85s
Valid acc 89.76% | Test acc 77.32%
Epoch 00369 | Loss 0.1711 | Epoch Time 0.85s
Valid acc 89.69% | Test acc 76.96%
Epoch 00370 | Loss 0.1715 | Epoch Time 0.85s
Valid acc 89.82% | Test acc 77.98%
Epoch 00371 | Loss 0.1720 | Epoch Time 0.85s
Valid acc 89.44% | Test acc 75.41%
Epoch 00372 | Loss 0.1805 | Epoch Time 0.85s
Valid acc 89.12% | Test acc 78.16%
Epoch 00373 | Loss 0.1829 | Epoch Time 0.85s
Valid acc 89.31% | Test acc 76.11%
Epoch 00374 | Loss 0.1876 | Epoch Time 0.85s
Valid acc 88.74% | Test acc 77.93%
Epoch 00375 | Loss 0.1888 | Epoch Time 0.85s
Valid acc 89.63% | Test acc 75.81%
Epoch 00376 | Loss 0.2015 | Epoch Time 0.85s
Valid acc 89.31% | Test acc 77.92%
Epoch 00377 | Loss 0.1778 | Epoch Time 0.85s
Valid acc 89.69% | Test acc 76.15%
Epoch 00378 | Loss 0.1845 | Epoch Time 0.85s
Valid acc 89.06% | Test acc 77.70%
Epoch 00379 | Loss 0.1774 | Epoch Time 0.85s
Valid acc 89.57% | Test acc 76.43%
Epoch 00380 | Loss 0.1643 | Epoch Time 0.85s
Valid acc 89.19% | Test acc 77.81%
Epoch 00381 | Loss 0.1595 | Epoch Time 0.85s
Valid acc 89.69% | Test acc 76.11%
Epoch 00382 | Loss 0.1666 | Epoch Time 0.85s
Valid acc 88.99% | Test acc 77.36%
Epoch 00383 | Loss 0.1869 | Epoch Time 0.85s
Valid acc 89.44% | Test acc 76.04%
Epoch 00384 | Loss 0.1790 | Epoch Time 0.85s
Valid acc 89.12% | Test acc 77.02%
Epoch 00385 | Loss 0.1805 | Epoch Time 0.85s
Valid acc 89.31% | Test acc 76.50%
Epoch 00386 | Loss 0.1752 | Epoch Time 0.85s
Valid acc 88.87% | Test acc 76.55%
Epoch 00387 | Loss 0.1721 | Epoch Time 0.85s
Valid acc 90.01% | Test acc 77.41%
Epoch 00388 | Loss 0.1904 | Epoch Time 0.85s
Valid acc 88.93% | Test acc 76.67%
Epoch 00389 | Loss 0.1797 | Epoch Time 0.85s
Valid acc 89.50% | Test acc 76.68%
Epoch 00390 | Loss 0.1889 | Epoch Time 0.85s
Valid acc 89.25% | Test acc 78.23%
Epoch 00391 | Loss 0.1797 | Epoch Time 0.85s
Valid acc 90.01% | Test acc 75.09%
Epoch 00392 | Loss 0.2143 | Epoch Time 0.85s
Valid acc 88.49% | Test acc 77.66%
Epoch 00393 | Loss 0.2311 | Epoch Time 0.85s
Valid acc 89.44% | Test acc 76.41%
Epoch 00394 | Loss 0.2260 | Epoch Time 0.85s
Valid acc 88.36% | Test acc 76.15%
Epoch 00395 | Loss 0.2426 | Epoch Time 0.85s
Valid acc 86.96% | Test acc 75.23%
Epoch 00396 | Loss 0.2965 | Epoch Time 0.85s
Valid acc 86.45% | Test acc 74.83%
Epoch 00397 | Loss 0.4251 | Epoch Time 0.85s
Valid acc 84.29% | Test acc 73.54%
Epoch 00398 | Loss 0.7049 | Epoch Time 0.85s
Valid acc 82.44% | Test acc 72.43%
Epoch 00399 | Loss 0.6146 | Epoch Time 0.85s
Valid acc 86.13% | Test acc 71.93%
Epoch 00400 | Loss 0.3505 | Epoch Time 0.85s
Valid acc 86.26% | Test acc 74.74%
Epoch 00401 | Loss 0.3637 | Epoch Time 0.85s
Valid acc 86.64% | Test acc 73.04%
Epoch 00402 | Loss 0.3664 | Epoch Time 0.85s
Valid acc 88.99% | Test acc 77.16%
Epoch 00403 | Loss 0.2590 | Epoch Time 0.85s
Valid acc 89.57% | Test acc 76.32%
Epoch 00404 | Loss 0.2234 | Epoch Time 0.85s
Valid acc 89.38% | Test acc 77.99%
Epoch 00405 | Loss 0.1990 | Epoch Time 0.85s
Valid acc 89.89% | Test acc 77.41%
Epoch 00406 | Loss 0.1896 | Epoch Time 0.85s
Valid acc 89.50% | Test acc 77.76%
Epoch 00407 | Loss 0.1840 | Epoch Time 0.85s
Valid acc 89.57% | Test acc 77.95%
Epoch 00408 | Loss 0.1777 | Epoch Time 0.85s
Valid acc 90.08% | Test acc 77.58%
Epoch 00409 | Loss 0.1734 | Epoch Time 0.85s
Valid acc 88.93% | Test acc 78.00%
Epoch 00410 | Loss 0.1753 | Epoch Time 0.85s
Valid acc 89.89% | Test acc 77.38%
Epoch 00411 | Loss 0.1798 | Epoch Time 0.85s
Valid acc 89.06% | Test acc 77.82%
Epoch 00412 | Loss 0.1734 | Epoch Time 0.85s
Valid acc 89.89% | Test acc 77.12%
Epoch 00413 | Loss 0.1759 | Epoch Time 0.85s
Valid acc 89.31% | Test acc 77.56%
Epoch 00414 | Loss 0.1684 | Epoch Time 0.85s
Valid acc 89.89% | Test acc 76.77%
Epoch 00415 | Loss 0.1668 | Epoch Time 0.85s
Valid acc 89.19% | Test acc 77.71%
Epoch 00416 | Loss 0.1600 | Epoch Time 0.85s
Valid acc 89.63% | Test acc 76.49%
Epoch 00417 | Loss 0.1621 | Epoch Time 0.85s
Valid acc 89.12% | Test acc 77.76%
Epoch 00418 | Loss 0.1608 | Epoch Time 0.85s
Valid acc 89.31% | Test acc 77.22%
Epoch 00419 | Loss 0.1568 | Epoch Time 0.85s
Valid acc 89.31% | Test acc 77.41%
Epoch 00420 | Loss 0.1535 | Epoch Time 0.85s
Valid acc 89.69% | Test acc 77.44%
Epoch 00421 | Loss 0.1563 | Epoch Time 0.85s
Valid acc 89.57% | Test acc 77.11%
Epoch 00422 | Loss 0.1537 | Epoch Time 0.85s
Valid acc 89.31% | Test acc 77.72%
Epoch 00423 | Loss 0.1598 | Epoch Time 0.85s
Valid acc 89.31% | Test acc 76.84%
Epoch 00424 | Loss 0.1672 | Epoch Time 0.85s
Valid acc 89.44% | Test acc 77.37%
Epoch 00425 | Loss 0.1677 | Epoch Time 0.85s
Valid acc 89.76% | Test acc 76.90%
Epoch 00426 | Loss 0.1666 | Epoch Time 0.87s
Valid acc 89.31% | Test acc 77.39%
Epoch 00427 | Loss 0.1545 | Epoch Time 0.85s
Valid acc 90.01% | Test acc 77.11%
Epoch 00428 | Loss 0.1551 | Epoch Time 0.85s
Valid acc 89.06% | Test acc 77.33%
Epoch 00429 | Loss 0.1499 | Epoch Time 0.85s
Valid acc 90.14% | Test acc 76.94%
Epoch 00430 | Loss 0.1557 | Epoch Time 0.85s
Valid acc 88.80% | Test acc 77.60%
Epoch 00431 | Loss 0.1630 | Epoch Time 0.85s
Valid acc 89.89% | Test acc 76.06%
Epoch 00432 | Loss 0.1647 | Epoch Time 0.85s
Valid acc 88.55% | Test acc 77.67%
Epoch 00433 | Loss 0.1640 | Epoch Time 0.85s
Valid acc 89.95% | Test acc 76.13%
Epoch 00434 | Loss 0.1631 | Epoch Time 0.85s
Valid acc 89.31% | Test acc 77.75%
Epoch 00435 | Loss 0.1546 | Epoch Time 0.85s
Valid acc 89.50% | Test acc 76.83%
Epoch 00436 | Loss 0.1507 | Epoch Time 0.85s
Valid acc 89.12% | Test acc 77.56%
Epoch 00437 | Loss 0.1574 | Epoch Time 0.85s
Valid acc 88.99% | Test acc 76.53%
Epoch 00438 | Loss 0.1557 | Epoch Time 0.85s
Valid acc 89.44% | Test acc 77.90%
Epoch 00439 | Loss 0.1493 | Epoch Time 0.85s
Valid acc 89.38% | Test acc 76.36%
Epoch 00440 | Loss 0.1484 | Epoch Time 0.85s
Valid acc 89.63% | Test acc 77.89%
Epoch 00441 | Loss 0.1517 | Epoch Time 0.85s
Valid acc 89.31% | Test acc 75.81%
Epoch 00442 | Loss 0.1509 | Epoch Time 0.85s
Valid acc 88.74% | Test acc 77.93%
Epoch 00443 | Loss 0.1675 | Epoch Time 0.85s
Valid acc 89.19% | Test acc 75.49%
Epoch 00444 | Loss 0.1531 | Epoch Time 0.85s
Valid acc 89.25% | Test acc 78.02%
Epoch 00445 | Loss 0.1499 | Epoch Time 0.85s
Valid acc 89.31% | Test acc 75.84%
Epoch 00446 | Loss 0.1477 | Epoch Time 0.85s
Valid acc 88.87% | Test acc 77.83%
Epoch 00447 | Loss 0.1482 | Epoch Time 0.85s
Valid acc 89.63% | Test acc 76.46%
Epoch 00448 | Loss 0.1484 | Epoch Time 0.85s
Valid acc 89.12% | Test acc 77.90%
Epoch 00449 | Loss 0.1530 | Epoch Time 0.85s
Valid acc 89.50% | Test acc 76.54%
Epoch 00450 | Loss 0.1494 | Epoch Time 0.85s
Valid acc 88.74% | Test acc 78.32%
Epoch 00451 | Loss 0.1417 | Epoch Time 0.85s
Valid acc 89.89% | Test acc 75.92%
Epoch 00452 | Loss 0.1498 | Epoch Time 0.85s
Valid acc 88.55% | Test acc 78.58%
Epoch 00453 | Loss 0.1383 | Epoch Time 0.85s
Valid acc 89.76% | Test acc 76.65%
Epoch 00454 | Loss 0.1470 | Epoch Time 0.85s
Valid acc 88.80% | Test acc 77.95%
Epoch 00455 | Loss 0.1396 | Epoch Time 0.85s
Valid acc 89.44% | Test acc 77.10%
Epoch 00456 | Loss 0.1505 | Epoch Time 0.85s
Valid acc 89.31% | Test acc 76.64%
Epoch 00457 | Loss 0.1483 | Epoch Time 0.85s
Valid acc 89.38% | Test acc 77.48%
Epoch 00458 | Loss 0.1404 | Epoch Time 0.85s
Valid acc 89.57% | Test acc 76.52%
Epoch 00459 | Loss 0.1329 | Epoch Time 0.85s
Valid acc 89.25% | Test acc 77.79%
Epoch 00460 | Loss 0.1353 | Epoch Time 0.85s
Valid acc 89.89% | Test acc 76.89%
Epoch 00461 | Loss 0.1340 | Epoch Time 0.85s
Valid acc 88.42% | Test acc 77.54%
Epoch 00462 | Loss 0.1453 | Epoch Time 0.85s
Valid acc 89.50% | Test acc 76.99%
Epoch 00463 | Loss 0.1438 | Epoch Time 0.85s
Valid acc 88.80% | Test acc 77.57%
Epoch 00464 | Loss 0.1420 | Epoch Time 0.85s
Valid acc 89.38% | Test acc 76.99%
Epoch 00465 | Loss 0.1371 | Epoch Time 0.85s
Valid acc 89.12% | Test acc 77.34%
Epoch 00466 | Loss 0.1359 | Epoch Time 0.85s
Valid acc 89.25% | Test acc 77.00%
Epoch 00467 | Loss 0.1306 | Epoch Time 0.85s
Valid acc 89.50% | Test acc 77.42%
Epoch 00468 | Loss 0.1290 | Epoch Time 0.85s
Valid acc 89.57% | Test acc 76.86%
Epoch 00469 | Loss 0.1307 | Epoch Time 0.85s
Valid acc 89.25% | Test acc 77.22%
Epoch 00470 | Loss 0.1299 | Epoch Time 0.85s
Valid acc 89.76% | Test acc 76.81%
Epoch 00471 | Loss 0.1362 | Epoch Time 0.85s
Valid acc 89.25% | Test acc 77.37%
Epoch 00472 | Loss 0.1506 | Epoch Time 0.85s
Valid acc 88.74% | Test acc 75.43%
Epoch 00473 | Loss 0.1652 | Epoch Time 0.85s
Valid acc 89.25% | Test acc 76.93%
Epoch 00474 | Loss 0.1606 | Epoch Time 0.85s
Valid acc 88.93% | Test acc 76.52%
Epoch 00475 | Loss 0.1472 | Epoch Time 0.85s
Valid acc 89.69% | Test acc 77.32%
Epoch 00476 | Loss 0.1454 | Epoch Time 0.85s
Valid acc 88.74% | Test acc 76.30%
Epoch 00477 | Loss 0.1386 | Epoch Time 0.85s
Valid acc 89.89% | Test acc 77.78%
Epoch 00478 | Loss 0.1378 | Epoch Time 0.85s
Valid acc 89.63% | Test acc 76.70%
Epoch 00479 | Loss 0.1241 | Epoch Time 0.85s
Valid acc 89.63% | Test acc 77.46%
Epoch 00480 | Loss 0.1187 | Epoch Time 0.85s
Valid acc 89.50% | Test acc 77.13%
Epoch 00481 | Loss 0.1122 | Epoch Time 0.85s
Valid acc 89.31% | Test acc 77.27%
Epoch 00482 | Loss 0.1168 | Epoch Time 0.85s
Valid acc 89.19% | Test acc 77.12%
Epoch 00483 | Loss 0.1184 | Epoch Time 0.85s
Valid acc 88.99% | Test acc 76.86%
Epoch 00484 | Loss 0.1314 | Epoch Time 0.85s
Valid acc 88.68% | Test acc 76.57%
Epoch 00485 | Loss 0.1335 | Epoch Time 0.85s
Valid acc 89.06% | Test acc 77.20%
Epoch 00486 | Loss 0.1445 | Epoch Time 0.85s
Valid acc 89.50% | Test acc 76.62%
Epoch 00487 | Loss 0.1623 | Epoch Time 0.85s
Valid acc 88.55% | Test acc 76.78%
Epoch 00488 | Loss 0.1553 | Epoch Time 0.85s
Valid acc 89.06% | Test acc 76.84%
Epoch 00489 | Loss 0.1611 | Epoch Time 0.85s
Valid acc 89.19% | Test acc 76.99%
Epoch 00490 | Loss 0.1518 | Epoch Time 0.85s
Valid acc 89.63% | Test acc 76.69%
Epoch 00491 | Loss 0.1331 | Epoch Time 0.85s
Valid acc 89.44% | Test acc 77.46%
Epoch 00492 | Loss 0.1319 | Epoch Time 0.85s
Valid acc 89.69% | Test acc 76.62%
Epoch 00493 | Loss 0.1540 | Epoch Time 0.85s
Valid acc 89.06% | Test acc 77.02%
Epoch 00494 | Loss 0.1482 | Epoch Time 0.85s
Valid acc 89.44% | Test acc 76.69%
Epoch 00495 | Loss 0.1279 | Epoch Time 0.85s
Valid acc 89.12% | Test acc 77.96%
Epoch 00496 | Loss 0.1187 | Epoch Time 0.85s
Valid acc 89.57% | Test acc 76.53%
Epoch 00497 | Loss 0.1247 | Epoch Time 0.85s
Valid acc 88.87% | Test acc 77.70%
Epoch 00498 | Loss 0.1323 | Epoch Time 0.85s
Valid acc 89.50% | Test acc 76.72%
Epoch 00499 | Loss 0.1352 | Epoch Time 0.85s
Valid acc 88.55% | Test acc 77.73%
Test accuracy 79.0489
