(tigraph) ➜  TiGraph git:(main) ✗ torchrun --nnodes 1 --nproc_per_node 4 revgnn_pp_trainona
ll.py --dataset pubmed --num_layers 448 --hidden_channels 80 --epochs 1000 --dropout 0.1 --
lr 0.001 --bs 19717 --mb_size 19717
W0325 19:07:32.528000 139936085444416 torch/distributed/run.py:779]
W0325 19:07:32.528000 139936085444416 torch/distributed/run.py:779] ***********************
******************
W0325 19:07:32.528000 139936085444416 torch/distributed/run.py:779] Setting OMP_NUM_THREADS
 environment variable for each process to be 1 in default, to avoid your system being overl
oaded, please further tune the variable for optimal performance in your application as need
ed.
W0325 19:07:32.528000 139936085444416 torch/distributed/run.py:779] ***********************
******************
> initializing torch distributed ...
/home/mzhang/miniconda3/envs/tigraph/lib/python3.11/site-packages/dgl/heterograph.py:92: DG
LWarning: Recommend creating graphs by `dgl.graph(data)` instead of `dgl.DGLGraph(data)`.
  dgl_warning(
/home/mzhang/miniconda3/envs/tigraph/lib/python3.11/site-packages/dgl/heterograph.py:92: DG
LWarning: Recommend creating graphs by `dgl.graph(data)` instead of `dgl.DGLGraph(data)`.
  dgl_warning(
Loading trained LM features (title and abstract) ...
LM_emb_path: ./lm_workloads/prt_lm/pubmed/microsoft/deberta-base-seed0.emb
pubmed load successfully
Train nodes: 11830, Val nodes: 3943, Test nodes: 3944
Num of train batches: 1, num of train microbatches: 1, microbatch size: 19717
/home/mzhang/miniconda3/envs/tigraph/lib/python3.11/site-packages/dgl/heterograph.py:92: DG
LWarning: Recommend creating graphs by `dgl.graph(data)` instead of `dgl.DGLGraph(data)`.
  dgl_warning(
/home/mzhang/miniconda3/envs/tigraph/lib/python3.11/site-packages/dgl/heterograph.py:92: DG
LWarning: Recommend creating graphs by `dgl.graph(data)` instead of `dgl.DGLGraph(data)`.
  dgl_warning(
stage=3 layers=336 - 448
stage=0 layers=0 - 112
stage=1 layers=112 - 224
stage=2 layers=224 - 336
Training...
Epoch 00000 | Loss 1.1473 | Epoch Time 2.24s
Epoch 00000 | Valid acc: 40.71% | Test acc: 39.40%
Epoch 00001 | Loss 1.2103 | Epoch Time 1.94s
Epoch 00002 | Loss 1.1010 | Epoch Time 1.95s
Epoch 00003 | Loss 1.0389 | Epoch Time 1.96s
Epoch 00004 | Loss 1.0197 | Epoch Time 1.95s
Epoch 00005 | Loss 0.9893 | Avg Epoch Time 1.9795s
Epoch 00005 | Valid acc: 71.70% | Test acc: 72.90%
Epoch 00006 | Loss 0.9412 | Avg Epoch Time 1.9696s
Epoch 00007 | Loss 0.8738 | Avg Epoch Time 1.9741s
Epoch 00008 | Loss 0.7987 | Avg Epoch Time 1.9724s
Epoch 00009 | Loss 0.7235 | Avg Epoch Time 1.9718s
Epoch 00010 | Loss 0.6727 | Avg Epoch Time 1.9751s
Epoch 00010 | Valid acc: 73.45% | Test acc: 74.11%
Epoch 00011 | Loss 0.6379 | Avg Epoch Time 1.9747s
Epoch 00012 | Loss 0.6036 | Avg Epoch Time 1.9743s
Epoch 00013 | Loss 0.5719 | Avg Epoch Time 1.9750s
Epoch 00014 | Loss 0.5328 | Avg Epoch Time 1.9755s
Epoch 00015 | Loss 0.4963 | Avg Epoch Time 1.9760s
Epoch 00015 | Valid acc: 85.98% | Test acc: 85.78%
Epoch 00016 | Loss 0.4641 | Avg Epoch Time 1.9764s
Epoch 00017 | Loss 0.4408 | Avg Epoch Time 1.9770s
Epoch 00018 | Loss 0.4220 | Avg Epoch Time 1.9789s
Epoch 00019 | Loss 0.4110 | Avg Epoch Time 1.9791s
Epoch 00020 | Loss 0.4015 | Avg Epoch Time 1.9795s
Epoch 00020 | Valid acc: 86.61% | Test acc: 86.89%
Epoch 00021 | Loss 0.3989 | Avg Epoch Time 1.9886s
Epoch 00022 | Loss 0.3847 | Avg Epoch Time 1.9887s
Epoch 00023 | Loss 0.3668 | Avg Epoch Time 1.9888s
Epoch 00024 | Loss 0.3563 | Avg Epoch Time 1.9889s
Epoch 00025 | Loss 0.3456 | Avg Epoch Time 1.9893s
Epoch 00025 | Valid acc: 87.34% | Test acc: 87.70%
Epoch 00026 | Loss 0.3335 | Avg Epoch Time 1.9895s
Epoch 00027 | Loss 0.3233 | Avg Epoch Time 1.9898s
Epoch 00028 | Loss 0.3117 | Avg Epoch Time 1.9900s
Epoch 00029 | Loss 0.2983 | Avg Epoch Time 1.9904s
Epoch 00030 | Loss 0.2863 | Avg Epoch Time 1.9908s
Epoch 00030 | Valid acc: 92.14% | Test acc: 92.14%
Epoch 00031 | Loss 0.2700 | Avg Epoch Time 1.9912s
Epoch 00032 | Loss 0.2567 | Avg Epoch Time 1.9916s
Epoch 00033 | Loss 0.3474 | Avg Epoch Time 1.9919s
Epoch 00034 | Loss 0.6756 | Avg Epoch Time 1.9922s
Epoch 00035 | Loss 0.3231 | Avg Epoch Time 1.9925s
Epoch 00035 | Valid acc: 87.27% | Test acc: 87.53%
Epoch 00036 | Loss 0.3337 | Avg Epoch Time 1.9927s
Epoch 00037 | Loss 0.3817 | Avg Epoch Time 1.9928s
Epoch 00038 | Loss 0.3454 | Avg Epoch Time 1.9930s
Epoch 00039 | Loss 0.3141 | Avg Epoch Time 1.9932s
Epoch 00040 | Loss 0.3176 | Avg Epoch Time 1.9933s
Epoch 00040 | Valid acc: 89.50% | Test acc: 89.15%
Epoch 00041 | Loss 0.3316 | Avg Epoch Time 1.9941s
Epoch 00042 | Loss 0.3309 | Avg Epoch Time 1.9943s
Epoch 00043 | Loss 0.3096 | Avg Epoch Time 1.9946s
Epoch 00044 | Loss 0.2911 | Avg Epoch Time 1.9951s
Epoch 00045 | Loss 0.2964 | Avg Epoch Time 1.9952s
Epoch 00045 | Valid acc: 89.55% | Test acc: 89.30%
Epoch 00046 | Loss 0.2948 | Avg Epoch Time 1.9954s
Epoch 00047 | Loss 0.2798 | Avg Epoch Time 1.9955s
Epoch 00048 | Loss 0.2712 | Avg Epoch Time 1.9957s
Epoch 00049 | Loss 0.2599 | Avg Epoch Time 1.9988s
Epoch 00050 | Loss 0.2571 | Avg Epoch Time 1.9991s
Epoch 00050 | Valid acc: 91.43% | Test acc: 91.66%
Epoch 00051 | Loss 0.2546 | Avg Epoch Time 1.9992s
Epoch 00052 | Loss 0.2429 | Avg Epoch Time 1.9993s
Epoch 00053 | Loss 0.2312 | Avg Epoch Time 1.9994s
Epoch 00054 | Loss 0.2289 | Avg Epoch Time 1.9996s
Epoch 00055 | Loss 0.2210 | Avg Epoch Time 1.9997s
Epoch 00055 | Valid acc: 94.04% | Test acc: 94.07%
Epoch 00056 | Loss 0.2134 | Avg Epoch Time 1.9997s
Epoch 00057 | Loss 0.1998 | Avg Epoch Time 1.9998s
Epoch 00058 | Loss 0.1994 | Avg Epoch Time 1.9999s
Epoch 00059 | Loss 0.1961 | Avg Epoch Time 2.0000s
Epoch 00060 | Loss 0.1895 | Avg Epoch Time 2.0000s
Epoch 00060 | Valid acc: 94.24% | Test acc: 94.50%
Epoch 00061 | Loss 0.1861 | Avg Epoch Time 2.0001s
Epoch 00062 | Loss 0.1844 | Avg Epoch Time 2.0002s
Epoch 00063 | Loss 0.1829 | Avg Epoch Time 2.0003s
Epoch 00064 | Loss 0.1790 | Avg Epoch Time 2.0033s
Epoch 00065 | Loss 0.1812 | Avg Epoch Time 2.0034s
Epoch 00065 | Valid acc: 94.50% | Test acc: 94.12%
Epoch 00066 | Loss 0.1795 | Avg Epoch Time 2.0035s
Epoch 00067 | Loss 0.1760 | Avg Epoch Time 2.0035s
Epoch 00068 | Loss 0.1795 | Avg Epoch Time 2.0035s
Epoch 00069 | Loss 0.1729 | Avg Epoch Time 2.0035s
Epoch 00070 | Loss 0.1724 | Avg Epoch Time 2.0035s
Epoch 00070 | Valid acc: 94.60% | Test acc: 94.50%
Epoch 00071 | Loss 0.1708 | Avg Epoch Time 2.0034s
Epoch 00072 | Loss 0.1673 | Avg Epoch Time 2.0034s
Epoch 00073 | Loss 0.1672 | Avg Epoch Time 2.0034s
Epoch 00074 | Loss 0.1677 | Avg Epoch Time 2.0034s
Epoch 00075 | Loss 0.1653 | Avg Epoch Time 2.0035s
Epoch 00075 | Valid acc: 94.70% | Test acc: 94.37%
Epoch 00076 | Loss 0.1651 | Avg Epoch Time 2.0035s
Epoch 00077 | Loss 0.1630 | Avg Epoch Time 2.0035s
Epoch 00078 | Loss 0.1637 | Avg Epoch Time 2.0036s
Epoch 00079 | Loss 0.1606 | Avg Epoch Time 2.0037s
Epoch 00080 | Loss 0.1596 | Avg Epoch Time 2.0038s
Epoch 00080 | Valid acc: 94.45% | Test acc: 94.40%
Epoch 00081 | Loss 0.1603 | Avg Epoch Time 2.0054s
Epoch 00082 | Loss 0.1574 | Avg Epoch Time 2.0054s
Epoch 00083 | Loss 0.1593 | Avg Epoch Time 2.0054s
Epoch 00084 | Loss 0.1565 | Avg Epoch Time 2.0054s
Epoch 00085 | Loss 0.1557 | Avg Epoch Time 2.0055s
Epoch 00085 | Valid acc: 94.67% | Test acc: 94.47%
Epoch 00086 | Loss 0.1559 | Avg Epoch Time 2.0055s
Epoch 00087 | Loss 0.1542 | Avg Epoch Time 2.0054s
Epoch 00088 | Loss 0.1544 | Avg Epoch Time 2.0054s
Epoch 00089 | Loss 0.1520 | Avg Epoch Time 2.0054s
Epoch 00090 | Loss 0.1525 | Avg Epoch Time 2.0053s
Epoch 00090 | Valid acc: 94.67% | Test acc: 94.50%
Epoch 00091 | Loss 0.1526 | Avg Epoch Time 2.0053s
Epoch 00092 | Loss 0.1504 | Avg Epoch Time 2.0052s
Epoch 00093 | Loss 0.1509 | Avg Epoch Time 2.0052s
Epoch 00094 | Loss 0.1512 | Avg Epoch Time 2.0052s
Epoch 00095 | Loss 0.1494 | Avg Epoch Time 2.0053s
Epoch 00095 | Valid acc: 94.88% | Test acc: 94.57%
Epoch 00096 | Loss 0.1482 | Avg Epoch Time 2.0053s
Epoch 00097 | Loss 0.1501 | Avg Epoch Time 2.0055s
Epoch 00098 | Loss 0.1480 | Avg Epoch Time 2.0055s
Epoch 00099 | Loss 0.1486 | Avg Epoch Time 2.0057s
Epoch 00100 | Loss 0.1467 | Avg Epoch Time 2.0056s
Epoch 00100 | Valid acc: 94.88% | Test acc: 94.47%
Epoch 00101 | Loss 0.1457 | Avg Epoch Time 2.0056s
Epoch 00102 | Loss 0.1454 | Avg Epoch Time 2.0057s
Epoch 00103 | Loss 0.1458 | Avg Epoch Time 2.0057s
Epoch 00104 | Loss 0.1458 | Avg Epoch Time 2.0056s
Epoch 00105 | Loss 0.1450 | Avg Epoch Time 2.0057s
Epoch 00105 | Valid acc: 94.88% | Test acc: 94.50%
Epoch 00106 | Loss 0.1456 | Avg Epoch Time 2.0057s
Epoch 00107 | Loss 0.1430 | Avg Epoch Time 2.0084s
Epoch 00108 | Loss 0.1443 | Avg Epoch Time 2.0084s
Epoch 00109 | Loss 0.1416 | Avg Epoch Time 2.0084s
Epoch 00110 | Loss 0.1418 | Avg Epoch Time 2.0083s
Epoch 00110 | Valid acc: 94.83% | Test acc: 94.60%
Epoch 00111 | Loss 0.1424 | Avg Epoch Time 2.0082s
Epoch 00112 | Loss 0.1412 | Avg Epoch Time 2.0082s
Epoch 00113 | Loss 0.1387 | Avg Epoch Time 2.0081s
Epoch 00114 | Loss 0.1399 | Avg Epoch Time 2.0081s
Epoch 00115 | Loss 0.1402 | Avg Epoch Time 2.0080s
Epoch 00115 | Valid acc: 94.70% | Test acc: 94.47%
Epoch 00116 | Loss 0.1419 | Avg Epoch Time 2.0079s
Epoch 00117 | Loss 0.1449 | Avg Epoch Time 2.0079s
Epoch 00118 | Loss 0.1565 | Avg Epoch Time 2.0079s
Epoch 00119 | Loss 0.1575 | Avg Epoch Time 2.0078s
Epoch 00120 | Loss 0.1432 | Avg Epoch Time 2.0078s
Epoch 00120 | Valid acc: 94.57% | Test acc: 94.35%
Epoch 00121 | Loss 0.1495 | Avg Epoch Time 2.0077s
Epoch 00122 | Loss 0.1454 | Avg Epoch Time 2.0077s
Epoch 00123 | Loss 0.1418 | Avg Epoch Time 2.0077s
Epoch 00124 | Loss 0.1447 | Avg Epoch Time 2.0077s
Epoch 00125 | Loss 0.1405 | Avg Epoch Time 2.0077s
Epoch 00125 | Valid acc: 94.47% | Test acc: 94.52%
Epoch 00126 | Loss 0.1411 | Avg Epoch Time 2.0078s
Epoch 00127 | Loss 0.1382 | Avg Epoch Time 2.0078s
Epoch 00128 | Loss 0.1409 | Avg Epoch Time 2.0078s
Epoch 00129 | Loss 0.1369 | Avg Epoch Time 2.0079s
Epoch 00130 | Loss 0.1371 | Avg Epoch Time 2.0079s
Epoch 00130 | Valid acc: 94.70% | Test acc: 94.73%
Epoch 00131 | Loss 0.1363 | Avg Epoch Time 2.0079s
Epoch 00132 | Loss 0.1376 | Avg Epoch Time 2.0079s
Epoch 00133 | Loss 0.1360 | Avg Epoch Time 2.0078s
Epoch 00134 | Loss 0.1360 | Avg Epoch Time 2.0080s
Epoch 00135 | Loss 0.1334 | Avg Epoch Time 2.0080s
Epoch 00135 | Valid acc: 94.72% | Test acc: 94.52%
Epoch 00136 | Loss 0.1357 | Avg Epoch Time 2.0081s
Epoch 00137 | Loss 0.1332 | Avg Epoch Time 2.0080s
Epoch 00138 | Loss 0.1353 | Avg Epoch Time 2.0080s
Epoch 00139 | Loss 0.1324 | Avg Epoch Time 2.0080s
Epoch 00140 | Loss 0.1343 | Avg Epoch Time 2.0079s
Epoch 00140 | Valid acc: 94.83% | Test acc: 94.78%
Epoch 00141 | Loss 0.1317 | Avg Epoch Time 2.0079s
Epoch 00142 | Loss 0.1329 | Avg Epoch Time 2.0079s
Epoch 00143 | Loss 0.1326 | Avg Epoch Time 2.0078s
Epoch 00144 | Loss 0.1315 | Avg Epoch Time 2.0078s
Epoch 00145 | Loss 0.1311 | Avg Epoch Time 2.0078s
Epoch 00145 | Valid acc: 94.60% | Test acc: 94.55%
Epoch 00146 | Loss 0.1307 | Avg Epoch Time 2.0078s
Epoch 00147 | Loss 0.1298 | Avg Epoch Time 2.0077s
Epoch 00148 | Loss 0.1304 | Avg Epoch Time 2.0077s
Epoch 00149 | Loss 0.1317 | Avg Epoch Time 2.0087s
Epoch 00150 | Loss 0.1307 | Avg Epoch Time 2.0086s
Epoch 00150 | Valid acc: 94.88% | Test acc: 94.75%
Epoch 00151 | Loss 0.1297 | Avg Epoch Time 2.0086s
Epoch 00152 | Loss 0.1279 | Avg Epoch Time 2.0085s
Epoch 00153 | Loss 0.1279 | Avg Epoch Time 2.0085s
Epoch 00154 | Loss 0.1263 | Avg Epoch Time 2.0085s
Epoch 00155 | Loss 0.1258 | Avg Epoch Time 2.0084s
Epoch 00155 | Valid acc: 94.83% | Test acc: 94.70%
Epoch 00156 | Loss 0.1268 | Avg Epoch Time 2.0084s
Epoch 00157 | Loss 0.1268 | Avg Epoch Time 2.0084s
Epoch 00158 | Loss 0.1267 | Avg Epoch Time 2.0084s
Epoch 00159 | Loss 0.1249 | Avg Epoch Time 2.0084s
Epoch 00160 | Loss 0.1249 | Avg Epoch Time 2.0085s
Epoch 00160 | Valid acc: 94.72% | Test acc: 94.65%
Epoch 00161 | Loss 0.1250 | Avg Epoch Time 2.0085s
Epoch 00162 | Loss 0.1270 | Avg Epoch Time 2.0085s
Epoch 00163 | Loss 0.1272 | Avg Epoch Time 2.0084s
Epoch 00164 | Loss 0.1257 | Avg Epoch Time 2.0084s
Epoch 00165 | Loss 0.1247 | Avg Epoch Time 2.0083s
Epoch 00165 | Valid acc: 94.85% | Test acc: 94.68%
Epoch 00166 | Loss 0.1243 | Avg Epoch Time 2.0083s
Epoch 00167 | Loss 0.1278 | Avg Epoch Time 2.0083s
Epoch 00168 | Loss 0.1307 | Avg Epoch Time 2.0083s
Epoch 00169 | Loss 0.1299 | Avg Epoch Time 2.0084s
Epoch 00170 | Loss 0.1392 | Avg Epoch Time 2.0083s
Epoch 00170 | Valid acc: 94.12% | Test acc: 94.14%
Epoch 00171 | Loss 0.1392 | Avg Epoch Time 2.0083s
Epoch 00172 | Loss 0.1302 | Avg Epoch Time 2.0083s
Epoch 00173 | Loss 0.1286 | Avg Epoch Time 2.0083s
Epoch 00174 | Loss 0.1284 | Avg Epoch Time 2.0083s
Epoch 00175 | Loss 0.1294 | Avg Epoch Time 2.0082s
Epoch 00175 | Valid acc: 94.78% | Test acc: 94.70%
Epoch 00176 | Loss 0.1272 | Avg Epoch Time 2.0082s
Epoch 00177 | Loss 0.1270 | Avg Epoch Time 2.0082s
Epoch 00178 | Loss 0.1263 | Avg Epoch Time 2.0082s
Epoch 00179 | Loss 0.1267 | Avg Epoch Time 2.0082s
Epoch 00180 | Loss 0.1220 | Avg Epoch Time 2.0082s
Epoch 00180 | Valid acc: 94.65% | Test acc: 94.52%
Epoch 00181 | Loss 0.1254 | Avg Epoch Time 2.0082s
Epoch 00182 | Loss 0.1226 | Avg Epoch Time 2.0081s
Epoch 00183 | Loss 0.1226 | Avg Epoch Time 2.0081s
Epoch 00184 | Loss 0.1188 | Avg Epoch Time 2.0081s
Epoch 00185 | Loss 0.1190 | Avg Epoch Time 2.0081s
Epoch 00185 | Valid acc: 94.95% | Test acc: 94.90%
Epoch 00186 | Loss 0.1188 | Avg Epoch Time 2.0081s
Epoch 00187 | Loss 0.1191 | Avg Epoch Time 2.0081s
Epoch 00188 | Loss 0.1202 | Avg Epoch Time 2.0081s
Epoch 00189 | Loss 0.1183 | Avg Epoch Time 2.0081s
Epoch 00190 | Loss 0.1197 | Avg Epoch Time 2.0081s
Epoch 00190 | Valid acc: 94.83% | Test acc: 94.50%
Epoch 00191 | Loss 0.1196 | Avg Epoch Time 2.0081s
Epoch 00192 | Loss 0.1281 | Avg Epoch Time 2.0090s
Epoch 00193 | Loss 0.1290 | Avg Epoch Time 2.0091s
Epoch 00194 | Loss 0.1197 | Avg Epoch Time 2.0091s
Epoch 00195 | Loss 0.1193 | Avg Epoch Time 2.0091s
Epoch 00195 | Valid acc: 94.52% | Test acc: 94.68%
Epoch 00196 | Loss 0.1291 | Avg Epoch Time 2.0090s
Epoch 00197 | Loss 0.1279 | Avg Epoch Time 2.0090s
Epoch 00198 | Loss 0.1214 | Avg Epoch Time 2.0090s
Epoch 00199 | Loss 0.1265 | Avg Epoch Time 2.0090s
Epoch 00200 | Loss 0.1197 | Avg Epoch Time 2.0090s
Epoch 00200 | Valid acc: 94.65% | Test acc: 94.78%
Epoch 00201 | Loss 0.1195 | Avg Epoch Time 2.0090s
Epoch 00202 | Loss 0.1207 | Avg Epoch Time 2.0090s
Epoch 00203 | Loss 0.1182 | Avg Epoch Time 2.0090s
Epoch 00204 | Loss 0.1171 | Avg Epoch Time 2.0091s
Epoch 00205 | Loss 0.1163 | Avg Epoch Time 2.0091s
Epoch 00205 | Valid acc: 94.88% | Test acc: 94.88%
Epoch 00206 | Loss 0.1151 | Avg Epoch Time 2.0091s
Epoch 00207 | Loss 0.1166 | Avg Epoch Time 2.0091s
Epoch 00208 | Loss 0.1159 | Avg Epoch Time 2.0091s
Epoch 00209 | Loss 0.1136 | Avg Epoch Time 2.0092s
Epoch 00210 | Loss 0.1148 | Avg Epoch Time 2.0091s
Epoch 00210 | Valid acc: 94.90% | Test acc: 94.62%
Epoch 00211 | Loss 0.1125 | Avg Epoch Time 2.0091s
Epoch 00212 | Loss 0.1101 | Avg Epoch Time 2.0091s
Epoch 00213 | Loss 0.1103 | Avg Epoch Time 2.0092s
Epoch 00214 | Loss 0.1119 | Avg Epoch Time 2.0092s
Epoch 00215 | Loss 0.1098 | Avg Epoch Time 2.0092s
Epoch 00215 | Valid acc: 94.93% | Test acc: 94.90%
Epoch 00216 | Loss 0.1083 | Avg Epoch Time 2.0092s
Epoch 00217 | Loss 0.1122 | Avg Epoch Time 2.0092s
Epoch 00218 | Loss 0.1095 | Avg Epoch Time 2.0091s
Epoch 00219 | Loss 0.1054 | Avg Epoch Time 2.0091s
Epoch 00220 | Loss 0.1067 | Avg Epoch Time 2.0091s
Epoch 00220 | Valid acc: 94.65% | Test acc: 94.68%
Epoch 00221 | Loss 0.1067 | Avg Epoch Time 2.0091s
Epoch 00222 | Loss 0.1068 | Avg Epoch Time 2.0092s
Epoch 00223 | Loss 0.1110 | Avg Epoch Time 2.0092s
Epoch 00224 | Loss 0.1290 | Avg Epoch Time 2.0092s
Epoch 00225 | Loss 0.1562 | Avg Epoch Time 2.0092s
Epoch 00225 | Valid acc: 94.60% | Test acc: 94.35%
Epoch 00226 | Loss 0.1175 | Avg Epoch Time 2.0092s
Epoch 00227 | Loss 0.1222 | Avg Epoch Time 2.0093s
Epoch 00228 | Loss 0.1260 | Avg Epoch Time 2.0093s
Epoch 00229 | Loss 0.1242 | Avg Epoch Time 2.0092s
Epoch 00230 | Loss 0.1228 | Avg Epoch Time 2.0092s
Epoch 00230 | Valid acc: 94.72% | Test acc: 94.70%
Epoch 00231 | Loss 0.1139 | Avg Epoch Time 2.0092s
Epoch 00232 | Loss 0.1170 | Avg Epoch Time 2.0092s
Epoch 00233 | Loss 0.1135 | Avg Epoch Time 2.0092s
Epoch 00234 | Loss 0.1141 | Avg Epoch Time 2.0092s
Epoch 00235 | Loss 0.1133 | Avg Epoch Time 2.0099s
Epoch 00235 | Valid acc: 94.85% | Test acc: 94.83%
Epoch 00236 | Loss 0.1103 | Avg Epoch Time 2.0099s
Epoch 00237 | Loss 0.1114 | Avg Epoch Time 2.0099s
Epoch 00238 | Loss 0.1057 | Avg Epoch Time 2.0099s
Epoch 00239 | Loss 0.1125 | Avg Epoch Time 2.0099s
Epoch 00240 | Loss 0.1144 | Avg Epoch Time 2.0099s
Epoch 00240 | Valid acc: 94.50% | Test acc: 94.85%
Epoch 00241 | Loss 0.1100 | Avg Epoch Time 2.0099s
Epoch 00242 | Loss 0.1077 | Avg Epoch Time 2.0099s
Epoch 00243 | Loss 0.1097 | Avg Epoch Time 2.0099s
Epoch 00244 | Loss 0.1079 | Avg Epoch Time 2.0100s
Epoch 00245 | Loss 0.1009 | Avg Epoch Time 2.0100s
Epoch 00245 | Valid acc: 94.80% | Test acc: 94.60%
Epoch 00246 | Loss 0.1063 | Avg Epoch Time 2.0100s
Epoch 00247 | Loss 0.1049 | Avg Epoch Time 2.0099s
Epoch 00248 | Loss 0.1032 | Avg Epoch Time 2.0100s
Epoch 00249 | Loss 0.0991 | Avg Epoch Time 2.0100s
Epoch 00250 | Loss 0.0989 | Avg Epoch Time 2.0100s
Epoch 00250 | Valid acc: 94.85% | Test acc: 94.60%
Epoch 00251 | Loss 0.1033 | Avg Epoch Time 2.0100s
Epoch 00252 | Loss 0.0995 | Avg Epoch Time 2.0099s
Epoch 00253 | Loss 0.0986 | Avg Epoch Time 2.0099s
Epoch 00254 | Loss 0.0992 | Avg Epoch Time 2.0099s
Epoch 00255 | Loss 0.0975 | Avg Epoch Time 2.0099s
Epoch 00255 | Valid acc: 95.00% | Test acc: 94.73%
Epoch 00256 | Loss 0.0951 | Avg Epoch Time 2.0098s
Epoch 00257 | Loss 0.0944 | Avg Epoch Time 2.0098s
Epoch 00258 | Loss 0.0958 | Avg Epoch Time 2.0098s
Epoch 00259 | Loss 0.1001 | Avg Epoch Time 2.0098s
Epoch 00260 | Loss 0.1100 | Avg Epoch Time 2.0098s
Epoch 00260 | Valid acc: 94.32% | Test acc: 93.86%
Epoch 00261 | Loss 0.1181 | Avg Epoch Time 2.0098s
Epoch 00262 | Loss 0.1031 | Avg Epoch Time 2.0099s
Epoch 00263 | Loss 0.1058 | Avg Epoch Time 2.0099s
Epoch 00264 | Loss 0.1077 | Avg Epoch Time 2.0099s
Epoch 00265 | Loss 0.1019 | Avg Epoch Time 2.0099s
Epoch 00265 | Valid acc: 94.45% | Test acc: 94.50%
Epoch 00266 | Loss 0.1137 | Avg Epoch Time 2.0099s
Epoch 00267 | Loss 0.1031 | Avg Epoch Time 2.0099s
Epoch 00268 | Loss 0.1046 | Avg Epoch Time 2.0098s
Epoch 00269 | Loss 0.1071 | Avg Epoch Time 2.0098s
Epoch 00270 | Loss 0.0969 | Avg Epoch Time 2.0097s
Epoch 00270 | Valid acc: 94.62% | Test acc: 94.50%
Epoch 00271 | Loss 0.1032 | Avg Epoch Time 2.0097s
Epoch 00272 | Loss 0.0957 | Avg Epoch Time 2.0097s
Epoch 00273 | Loss 0.0975 | Avg Epoch Time 2.0097s
Epoch 00274 | Loss 0.0915 | Avg Epoch Time 2.0097s
Epoch 00275 | Loss 0.0975 | Avg Epoch Time 2.0096s
Epoch 00275 | Valid acc: 94.75% | Test acc: 94.75%
Epoch 00276 | Loss 0.0921 | Avg Epoch Time 2.0097s
Epoch 00277 | Loss 0.0930 | Avg Epoch Time 2.0102s
Epoch 00278 | Loss 0.0890 | Avg Epoch Time 2.0102s
Epoch 00279 | Loss 0.0907 | Avg Epoch Time 2.0101s
Epoch 00280 | Loss 0.0889 | Avg Epoch Time 2.0101s
Epoch 00280 | Valid acc: 94.27% | Test acc: 94.47%
Epoch 00281 | Loss 0.0880 | Avg Epoch Time 2.0101s
Epoch 00282 | Loss 0.0966 | Avg Epoch Time 2.0101s
Epoch 00283 | Loss 0.0991 | Avg Epoch Time 2.0100s
Epoch 00284 | Loss 0.1109 | Avg Epoch Time 2.0100s
Epoch 00285 | Loss 0.1078 | Avg Epoch Time 2.0100s
Epoch 00285 | Valid acc: 94.72% | Test acc: 94.78%
Epoch 00286 | Loss 0.0895 | Avg Epoch Time 2.0100s
Epoch 00287 | Loss 0.1011 | Avg Epoch Time 2.0099s
Epoch 00288 | Loss 0.0907 | Avg Epoch Time 2.0099s
Epoch 00289 | Loss 0.0946 | Avg Epoch Time 2.0099s
Epoch 00290 | Loss 0.0949 | Avg Epoch Time 2.0099s
Epoch 00290 | Valid acc: 94.57% | Test acc: 94.70%
Epoch 00291 | Loss 0.0930 | Avg Epoch Time 2.0103s
Epoch 00292 | Loss 0.0870 | Avg Epoch Time 2.0107s
Epoch 00293 | Loss 0.0890 | Avg Epoch Time 2.0108s
Epoch 00294 | Loss 0.0891 | Avg Epoch Time 2.0108s
Epoch 00295 | Loss 0.0854 | Avg Epoch Time 2.0108s
Epoch 00295 | Valid acc: 94.65% | Test acc: 94.55%
Epoch 00296 | Loss 0.0880 | Avg Epoch Time 2.0108s
Epoch 00297 | Loss 0.0834 | Avg Epoch Time 2.0108s
Epoch 00298 | Loss 0.0825 | Avg Epoch Time 2.0108s
Epoch 00299 | Loss 0.0840 | Avg Epoch Time 2.0107s
Epoch 00300 | Loss 0.0857 | Avg Epoch Time 2.0107s
Epoch 00300 | Valid acc: 94.55% | Test acc: 94.50%
Epoch 00301 | Loss 0.0832 | Avg Epoch Time 2.0107s
Epoch 00302 | Loss 0.0833 | Avg Epoch Time 2.0106s
Epoch 00303 | Loss 0.0780 | Avg Epoch Time 2.0106s
Epoch 00304 | Loss 0.0775 | Avg Epoch Time 2.0106s
Epoch 00305 | Loss 0.0768 | Avg Epoch Time 2.0106s
Epoch 00305 | Valid acc: 94.72% | Test acc: 94.57%
Epoch 00306 | Loss 0.0771 | Avg Epoch Time 2.0106s
Epoch 00307 | Loss 0.0752 | Avg Epoch Time 2.0106s
Epoch 00308 | Loss 0.0754 | Avg Epoch Time 2.0106s
Epoch 00309 | Loss 0.0736 | Avg Epoch Time 2.0105s
Epoch 00310 | Loss 0.0746 | Avg Epoch Time 2.0105s
Epoch 00310 | Valid acc: 94.29% | Test acc: 94.45%
Epoch 00311 | Loss 0.0774 | Avg Epoch Time 2.0105s
Epoch 00312 | Loss 0.0903 | Avg Epoch Time 2.0105s
Epoch 00313 | Loss 0.1377 | Avg Epoch Time 2.0105s
Epoch 00314 | Loss 0.0924 | Avg Epoch Time 2.0104s
Epoch 00315 | Loss 0.1148 | Avg Epoch Time 2.0104s
Epoch 00315 | Valid acc: 91.73% | Test acc: 91.71%
Epoch 00316 | Loss 0.2084 | Avg Epoch Time 2.0104s
Epoch 00317 | Loss 0.1369 | Avg Epoch Time 2.0104s
Epoch 00318 | Loss 0.1600 | Avg Epoch Time 2.0104s
Epoch 00319 | Loss 0.1233 | Avg Epoch Time 2.0104s
Epoch 00320 | Loss 0.1454 | Avg Epoch Time 2.0109s
Epoch 00320 | Valid acc: 94.78% | Test acc: 94.42%
Epoch 00321 | Loss 0.1258 | Avg Epoch Time 2.0109s
Epoch 00322 | Loss 0.1350 | Avg Epoch Time 2.0109s
Epoch 00323 | Loss 0.1261 | Avg Epoch Time 2.0108s
Epoch 00324 | Loss 0.1247 | Avg Epoch Time 2.0108s
Epoch 00325 | Loss 0.1228 | Avg Epoch Time 2.0108s
Epoch 00325 | Valid acc: 95.16% | Test acc: 94.75%
Epoch 00326 | Loss 0.1144 | Avg Epoch Time 2.0107s
Epoch 00327 | Loss 0.1170 | Avg Epoch Time 2.0107s
Epoch 00328 | Loss 0.1070 | Avg Epoch Time 2.0107s
Epoch 00329 | Loss 0.1107 | Avg Epoch Time 2.0107s
Epoch 00330 | Loss 0.1061 | Avg Epoch Time 2.0107s
Epoch 00330 | Valid acc: 94.65% | Test acc: 94.42%
Epoch 00331 | Loss 0.1028 | Avg Epoch Time 2.0107s
Epoch 00332 | Loss 0.1029 | Avg Epoch Time 2.0107s
Epoch 00333 | Loss 0.1001 | Avg Epoch Time 2.0107s
Epoch 00334 | Loss 0.0966 | Avg Epoch Time 2.0107s
Epoch 00335 | Loss 0.0929 | Avg Epoch Time 2.0107s
Epoch 00335 | Valid acc: 94.60% | Test acc: 94.57%
Epoch 00336 | Loss 0.0947 | Avg Epoch Time 2.0107s
Epoch 00337 | Loss 0.0897 | Avg Epoch Time 2.0106s
Epoch 00338 | Loss 0.0913 | Avg Epoch Time 2.0106s
Epoch 00339 | Loss 0.0881 | Avg Epoch Time 2.0110s
Epoch 00340 | Loss 0.0880 | Avg Epoch Time 2.0111s
Epoch 00340 | Valid acc: 94.75% | Test acc: 94.75%
Epoch 00341 | Loss 0.0868 | Avg Epoch Time 2.0111s
Epoch 00342 | Loss 0.0820 | Avg Epoch Time 2.0110s
Epoch 00343 | Loss 0.0814 | Avg Epoch Time 2.0110s
Epoch 00344 | Loss 0.0811 | Avg Epoch Time 2.0110s
Epoch 00345 | Loss 0.0810 | Avg Epoch Time 2.0110s
Epoch 00345 | Valid acc: 94.47% | Test acc: 94.37%
Epoch 00346 | Loss 0.0834 | Avg Epoch Time 2.0110s
Epoch 00347 | Loss 0.0821 | Avg Epoch Time 2.0109s
Epoch 00348 | Loss 0.0823 | Avg Epoch Time 2.0109s
Epoch 00349 | Loss 0.0771 | Avg Epoch Time 2.0109s
Epoch 00350 | Loss 0.0747 | Avg Epoch Time 2.0109s
Epoch 00350 | Valid acc: 94.34% | Test acc: 94.73%
Epoch 00351 | Loss 0.0725 | Avg Epoch Time 2.0108s
Epoch 00352 | Loss 0.0770 | Avg Epoch Time 2.0108s
Epoch 00353 | Loss 0.0730 | Avg Epoch Time 2.0108s
Epoch 00354 | Loss 0.0715 | Avg Epoch Time 2.0108s
Epoch 00355 | Loss 0.0716 | Avg Epoch Time 2.0111s
Epoch 00355 | Valid acc: 94.24% | Test acc: 94.70%
Epoch 00356 | Loss 0.0741 | Avg Epoch Time 2.0111s
Epoch 00357 | Loss 0.0703 | Avg Epoch Time 2.0111s
Epoch 00358 | Loss 0.0713 | Avg Epoch Time 2.0112s
Epoch 00359 | Loss 0.0712 | Avg Epoch Time 2.0112s
Epoch 00360 | Loss 0.0687 | Avg Epoch Time 2.0112s
Epoch 00360 | Valid acc: 94.22% | Test acc: 94.42%
Epoch 00361 | Loss 0.0671 | Avg Epoch Time 2.0111s
Epoch 00362 | Loss 0.0744 | Avg Epoch Time 2.0111s
Epoch 00363 | Loss 0.0681 | Avg Epoch Time 2.0115s
Epoch 00364 | Loss 0.0685 | Avg Epoch Time 2.0115s
Epoch 00365 | Loss 0.0762 | Avg Epoch Time 2.0115s
Epoch 00365 | Valid acc: 93.25% | Test acc: 93.41%
Epoch 00366 | Loss 0.1083 | Avg Epoch Time 2.0114s
Epoch 00367 | Loss 0.1078 | Avg Epoch Time 2.0115s
Epoch 00368 | Loss 0.1173 | Avg Epoch Time 2.0115s
Epoch 00369 | Loss 0.0873 | Avg Epoch Time 2.0115s
Epoch 00370 | Loss 0.1070 | Avg Epoch Time 2.0115s
Epoch 00370 | Valid acc: 94.40% | Test acc: 94.30%
Epoch 00371 | Loss 0.1007 | Avg Epoch Time 2.0115s
Epoch 00372 | Loss 0.1107 | Avg Epoch Time 2.0115s
Epoch 00373 | Loss 0.0925 | Avg Epoch Time 2.0115s
Epoch 00374 | Loss 0.1034 | Avg Epoch Time 2.0115s
Epoch 00375 | Loss 0.0965 | Avg Epoch Time 2.0115s
Epoch 00375 | Valid acc: 94.80% | Test acc: 95.06%
Epoch 00376 | Loss 0.0966 | Avg Epoch Time 2.0114s
Epoch 00377 | Loss 0.0907 | Avg Epoch Time 2.0114s
Epoch 00378 | Loss 0.0876 | Avg Epoch Time 2.0114s
Epoch 00379 | Loss 0.0854 | Avg Epoch Time 2.0114s
Epoch 00380 | Loss 0.0872 | Avg Epoch Time 2.0114s
Epoch 00380 | Valid acc: 94.60% | Test acc: 94.88%
Epoch 00381 | Loss 0.0809 | Avg Epoch Time 2.0114s
Epoch 00382 | Loss 0.0792 | Avg Epoch Time 2.0114s
Epoch 00383 | Loss 0.0776 | Avg Epoch Time 2.0114s
Epoch 00384 | Loss 0.0769 | Avg Epoch Time 2.0114s
Epoch 00385 | Loss 0.0732 | Avg Epoch Time 2.0114s
Epoch 00385 | Valid acc: 94.29% | Test acc: 94.83%
Epoch 00386 | Loss 0.0751 | Avg Epoch Time 2.0114s
Epoch 00387 | Loss 0.0770 | Avg Epoch Time 2.0114s
Epoch 00388 | Loss 0.0773 | Avg Epoch Time 2.0114s
Epoch 00389 | Loss 0.0735 | Avg Epoch Time 2.0114s
Epoch 00390 | Loss 0.0690 | Avg Epoch Time 2.0114s
Epoch 00390 | Valid acc: 94.70% | Test acc: 94.75%
Epoch 00391 | Loss 0.0668 | Avg Epoch Time 2.0114s
Epoch 00392 | Loss 0.0676 | Avg Epoch Time 2.0114s
Epoch 00393 | Loss 0.0657 | Avg Epoch Time 2.0114s
Epoch 00394 | Loss 0.0643 | Avg Epoch Time 2.0114s
Epoch 00395 | Loss 0.0700 | Avg Epoch Time 2.0114s
Epoch 00395 | Valid acc: 94.32% | Test acc: 94.60%
Epoch 00396 | Loss 0.0653 | Avg Epoch Time 2.0114s
Epoch 00397 | Loss 0.0631 | Avg Epoch Time 2.0114s
Epoch 00398 | Loss 0.0658 | Avg Epoch Time 2.0114s
Epoch 00399 | Loss 0.0602 | Avg Epoch Time 2.0114s
Epoch 00400 | Loss 0.0624 | Avg Epoch Time 2.0114s
Epoch 00400 | Valid acc: 94.17% | Test acc: 94.68%
Epoch 00401 | Loss 0.0617 | Avg Epoch Time 2.0114s
Epoch 00402 | Loss 0.0586 | Avg Epoch Time 2.0114s
Epoch 00403 | Loss 0.0617 | Avg Epoch Time 2.0114s
Epoch 00404 | Loss 0.0573 | Avg Epoch Time 2.0114s
Epoch 00405 | Loss 0.0562 | Avg Epoch Time 2.0118s
Epoch 00405 | Valid acc: 94.04% | Test acc: 94.32%
Epoch 00406 | Loss 0.0632 | Avg Epoch Time 2.0118s
Epoch 00407 | Loss 0.0623 | Avg Epoch Time 2.0118s
Epoch 00408 | Loss 0.0611 | Avg Epoch Time 2.0118s
Epoch 00409 | Loss 0.0591 | Avg Epoch Time 2.0117s
Epoch 00410 | Loss 0.0540 | Avg Epoch Time 2.0117s
Epoch 00410 | Valid acc: 94.22% | Test acc: 94.35%
Epoch 00411 | Loss 0.0565 | Avg Epoch Time 2.0117s
Epoch 00412 | Loss 0.0564 | Avg Epoch Time 2.0117s
Epoch 00413 | Loss 0.0528 | Avg Epoch Time 2.0117s
Epoch 00414 | Loss 0.0555 | Avg Epoch Time 2.0117s
Epoch 00415 | Loss 0.0547 | Avg Epoch Time 2.0117s
Epoch 00415 | Valid acc: 93.84% | Test acc: 94.73%
Epoch 00416 | Loss 0.0523 | Avg Epoch Time 2.0117s
Epoch 00417 | Loss 0.0486 | Avg Epoch Time 2.0117s
Epoch 00418 | Loss 0.0488 | Avg Epoch Time 2.0116s
Epoch 00419 | Loss 0.0474 | Avg Epoch Time 2.0116s
Epoch 00420 | Loss 0.0487 | Avg Epoch Time 2.0116s
Epoch 00420 | Valid acc: 94.04% | Test acc: 94.47%
Epoch 00421 | Loss 0.0491 | Avg Epoch Time 2.0116s
Epoch 00422 | Loss 0.0483 | Avg Epoch Time 2.0116s
Epoch 00423 | Loss 0.0485 | Avg Epoch Time 2.0116s
Epoch 00424 | Loss 0.0513 | Avg Epoch Time 2.0116s
Epoch 00425 | Loss 0.0570 | Avg Epoch Time 2.0116s
Epoch 00425 | Valid acc: 93.36% | Test acc: 93.74%
Epoch 00426 | Loss 0.0722 | Avg Epoch Time 2.0116s
Epoch 00427 | Loss 0.0614 | Avg Epoch Time 2.0116s
Epoch 00428 | Loss 0.0588 | Avg Epoch Time 2.0120s
Epoch 00429 | Loss 0.0562 | Avg Epoch Time 2.0120s
Epoch 00430 | Loss 0.0616 | Avg Epoch Time 2.0120s
Epoch 00430 | Valid acc: 94.07% | Test acc: 94.57%
Epoch 00431 | Loss 0.0559 | Avg Epoch Time 2.0120s
Epoch 00432 | Loss 0.0601 | Avg Epoch Time 2.0120s
Epoch 00433 | Loss 0.0541 | Avg Epoch Time 2.0119s
Epoch 00434 | Loss 0.0532 | Avg Epoch Time 2.0119s
Epoch 00435 | Loss 0.0546 | Avg Epoch Time 2.0119s
Epoch 00435 | Valid acc: 94.22% | Test acc: 94.42%
Epoch 00436 | Loss 0.0516 | Avg Epoch Time 2.0119s
Epoch 00437 | Loss 0.0496 | Avg Epoch Time 2.0119s
Epoch 00438 | Loss 0.0546 | Avg Epoch Time 2.0118s
Epoch 00439 | Loss 0.0550 | Avg Epoch Time 2.0118s
Epoch 00440 | Loss 0.0511 | Avg Epoch Time 2.0118s
Epoch 00440 | Valid acc: 93.94% | Test acc: 94.35%
Epoch 00441 | Loss 0.0522 | Avg Epoch Time 2.0118s
Epoch 00442 | Loss 0.0519 | Avg Epoch Time 2.0118s
Epoch 00443 | Loss 0.0517 | Avg Epoch Time 2.0118s
Epoch 00444 | Loss 0.0473 | Avg Epoch Time 2.0117s
Epoch 00445 | Loss 0.0447 | Avg Epoch Time 2.0117s
Epoch 00445 | Valid acc: 93.84% | Test acc: 94.45%
Epoch 00446 | Loss 0.0463 | Avg Epoch Time 2.0117s
Epoch 00447 | Loss 0.0491 | Avg Epoch Time 2.0117s
Epoch 00448 | Loss 0.0436 | Avg Epoch Time 2.0121s
Epoch 00449 | Loss 0.0446 | Avg Epoch Time 2.0120s
Epoch 00450 | Loss 0.0440 | Avg Epoch Time 2.0120s
Epoch 00450 | Valid acc: 94.24% | Test acc: 94.37%
Epoch 00451 | Loss 0.0435 | Avg Epoch Time 2.0120s
Epoch 00452 | Loss 0.0408 | Avg Epoch Time 2.0120s
Epoch 00453 | Loss 0.0414 | Avg Epoch Time 2.0120s
Epoch 00454 | Loss 0.0435 | Avg Epoch Time 2.0120s
Epoch 00455 | Loss 0.0417 | Avg Epoch Time 2.0120s
Epoch 00455 | Valid acc: 94.04% | Test acc: 94.73%
Epoch 00456 | Loss 0.0374 | Avg Epoch Time 2.0120s
Epoch 00457 | Loss 0.0410 | Avg Epoch Time 2.0120s
Epoch 00458 | Loss 0.0434 | Avg Epoch Time 2.0120s
Epoch 00459 | Loss 0.0349 | Avg Epoch Time 2.0120s
Epoch 00460 | Loss 0.0386 | Avg Epoch Time 2.0120s
Epoch 00460 | Valid acc: 94.07% | Test acc: 94.45%
Epoch 00461 | Loss 0.0369 | Avg Epoch Time 2.0120s
Epoch 00462 | Loss 0.0394 | Avg Epoch Time 2.0120s
Epoch 00463 | Loss 0.0373 | Avg Epoch Time 2.0119s
Epoch 00464 | Loss 0.0389 | Avg Epoch Time 2.0119s
Epoch 00465 | Loss 0.0371 | Avg Epoch Time 2.0119s
Epoch 00465 | Valid acc: 93.84% | Test acc: 94.24%
Epoch 00466 | Loss 0.0348 | Avg Epoch Time 2.0119s
Epoch 00467 | Loss 0.0349 | Avg Epoch Time 2.0119s
Epoch 00468 | Loss 0.0355 | Avg Epoch Time 2.0119s
Epoch 00469 | Loss 0.0400 | Avg Epoch Time 2.0119s
Epoch 00470 | Loss 0.0391 | Avg Epoch Time 2.0118s
Epoch 00470 | Valid acc: 94.22% | Test acc: 94.70%
Epoch 00471 | Loss 0.0369 | Avg Epoch Time 2.0118s
Epoch 00472 | Loss 0.0351 | Avg Epoch Time 2.0118s
Epoch 00473 | Loss 0.0413 | Avg Epoch Time 2.0118s
Epoch 00474 | Loss 0.0373 | Avg Epoch Time 2.0118s
Epoch 00475 | Loss 0.0396 | Avg Epoch Time 2.0118s
Epoch 00475 | Valid acc: 93.99% | Test acc: 94.14%
Epoch 00476 | Loss 0.0411 | Avg Epoch Time 2.0118s
Epoch 00477 | Loss 0.0436 | Avg Epoch Time 2.0118s
Epoch 00478 | Loss 0.0412 | Avg Epoch Time 2.0117s
Epoch 00479 | Loss 0.0464 | Avg Epoch Time 2.0117s
Epoch 00480 | Loss 0.0471 | Avg Epoch Time 2.0117s
Epoch 00480 | Valid acc: 94.27% | Test acc: 94.19%
Epoch 00481 | Loss 0.0467 | Avg Epoch Time 2.0117s
Epoch 00482 | Loss 0.0397 | Avg Epoch Time 2.0117s
Epoch 00483 | Loss 0.0425 | Avg Epoch Time 2.0118s
Epoch 00484 | Loss 0.0417 | Avg Epoch Time 2.0117s
Epoch 00485 | Loss 0.0367 | Avg Epoch Time 2.0117s
Epoch 00485 | Valid acc: 93.94% | Test acc: 94.30%
Epoch 00486 | Loss 0.0381 | Avg Epoch Time 2.0117s
Epoch 00487 | Loss 0.0436 | Avg Epoch Time 2.0117s
Epoch 00488 | Loss 0.0444 | Avg Epoch Time 2.0117s
Epoch 00489 | Loss 0.0559 | Avg Epoch Time 2.0117s
Epoch 00490 | Loss 0.0683 | Avg Epoch Time 2.0117s
Epoch 00490 | Valid acc: 94.34% | Test acc: 94.45%
Epoch 00491 | Loss 0.0428 | Avg Epoch Time 2.0120s
Epoch 00492 | Loss 0.0476 | Avg Epoch Time 2.0119s
Epoch 00493 | Loss 0.0616 | Avg Epoch Time 2.0119s
Epoch 00494 | Loss 0.0620 | Avg Epoch Time 2.0119s
Epoch 00495 | Loss 0.0716 | Avg Epoch Time 2.0119s
Epoch 00495 | Valid acc: 94.34% | Test acc: 94.22%
Epoch 00496 | Loss 0.0612 | Avg Epoch Time 2.0119s
Epoch 00497 | Loss 0.0530 | Avg Epoch Time 2.0119s
Epoch 00498 | Loss 0.0597 | Avg Epoch Time 2.0119s
Epoch 00499 | Loss 0.0613 | Avg Epoch Time 2.0119s
Epoch 00500 | Loss 0.0485 | Avg Epoch Time 2.0122s
Epoch 00500 | Valid acc: 93.81% | Test acc: 94.02%
Epoch 00501 | Loss 0.0530 | Avg Epoch Time 2.0124s
Epoch 00502 | Loss 0.0510 | Avg Epoch Time 2.0125s
Epoch 00503 | Loss 0.0415 | Avg Epoch Time 2.0125s
Epoch 00504 | Loss 0.0479 | Avg Epoch Time 2.0124s
Epoch 00505 | Loss 0.0386 | Avg Epoch Time 2.0124s
Epoch 00505 | Valid acc: 93.71% | Test acc: 94.12%
Epoch 00506 | Loss 0.0433 | Avg Epoch Time 2.0124s
Epoch 00507 | Loss 0.0362 | Avg Epoch Time 2.0124s
Epoch 00508 | Loss 0.0421 | Avg Epoch Time 2.0124s
Epoch 00509 | Loss 0.0372 | Avg Epoch Time 2.0124s
Epoch 00510 | Loss 0.0409 | Avg Epoch Time 2.0124s
Epoch 00510 | Valid acc: 93.99% | Test acc: 94.30%
Epoch 00511 | Loss 0.0343 | Avg Epoch Time 2.0124s
Epoch 00512 | Loss 0.0360 | Avg Epoch Time 2.0124s
Epoch 00513 | Loss 0.0348 | Avg Epoch Time 2.0124s
Epoch 00514 | Loss 0.0334 | Avg Epoch Time 2.0123s
Epoch 00515 | Loss 0.0323 | Avg Epoch Time 2.0123s
Epoch 00515 | Valid acc: 93.76% | Test acc: 94.19%
Epoch 00516 | Loss 0.0319 | Avg Epoch Time 2.0123s
Epoch 00517 | Loss 0.0326 | Avg Epoch Time 2.0123s
Epoch 00518 | Loss 0.0314 | Avg Epoch Time 2.0123s
Epoch 00519 | Loss 0.0315 | Avg Epoch Time 2.0123s
Epoch 00520 | Loss 0.0312 | Avg Epoch Time 2.0123s
Epoch 00520 | Valid acc: 94.04% | Test acc: 94.14%
Epoch 00521 | Loss 0.0309 | Avg Epoch Time 2.0123s
Epoch 00522 | Loss 0.0277 | Avg Epoch Time 2.0123s
Epoch 00523 | Loss 0.0280 | Avg Epoch Time 2.0123s
Epoch 00524 | Loss 0.0259 | Avg Epoch Time 2.0123s
Epoch 00525 | Loss 0.0293 | Avg Epoch Time 2.0123s
Epoch 00525 | Valid acc: 93.76% | Test acc: 94.45%
Epoch 00526 | Loss 0.0279 | Avg Epoch Time 2.0123s
Epoch 00527 | Loss 0.0250 | Avg Epoch Time 2.0122s
Epoch 00528 | Loss 0.0259 | Avg Epoch Time 2.0122s
Epoch 00529 | Loss 0.0268 | Avg Epoch Time 2.0122s
Epoch 00530 | Loss 0.0273 | Avg Epoch Time 2.0122s
Epoch 00530 | Valid acc: 94.32% | Test acc: 94.62%
Epoch 00531 | Loss 0.0263 | Avg Epoch Time 2.0122s
Epoch 00532 | Loss 0.0233 | Avg Epoch Time 2.0122s
Epoch 00533 | Loss 0.0234 | Avg Epoch Time 2.0125s
Epoch 00534 | Loss 0.0222 | Avg Epoch Time 2.0125s
Epoch 00535 | Loss 0.0253 | Avg Epoch Time 2.0125s
Epoch 00535 | Valid acc: 93.79% | Test acc: 94.12%
Epoch 00536 | Loss 0.0253 | Avg Epoch Time 2.0126s
Epoch 00537 | Loss 0.0289 | Avg Epoch Time 2.0126s
Epoch 00538 | Loss 0.0292 | Avg Epoch Time 2.0126s
Epoch 00539 | Loss 0.0245 | Avg Epoch Time 2.0126s
Epoch 00540 | Loss 0.0249 | Avg Epoch Time 2.0126s
Epoch 00540 | Valid acc: 93.81% | Test acc: 94.24%
Epoch 00541 | Loss 0.0260 | Avg Epoch Time 2.0125s
Epoch 00542 | Loss 0.0248 | Avg Epoch Time 2.0125s
Epoch 00543 | Loss 0.0253 | Avg Epoch Time 2.0125s
Epoch 00544 | Loss 0.0271 | Avg Epoch Time 2.0125s
Epoch 00545 | Loss 0.0222 | Avg Epoch Time 2.0125s
Epoch 00545 | Valid acc: 94.29% | Test acc: 94.30%
Epoch 00546 | Loss 0.0222 | Avg Epoch Time 2.0125s
Epoch 00547 | Loss 0.0236 | Avg Epoch Time 2.0125s
Epoch 00548 | Loss 0.0218 | Avg Epoch Time 2.0125s
Epoch 00549 | Loss 0.0237 | Avg Epoch Time 2.0125s
Epoch 00550 | Loss 0.0233 | Avg Epoch Time 2.0125s
Epoch 00550 | Valid acc: 93.86% | Test acc: 94.65%
Epoch 00551 | Loss 0.0233 | Avg Epoch Time 2.0125s
Epoch 00552 | Loss 0.0215 | Avg Epoch Time 2.0125s
Epoch 00553 | Loss 0.0214 | Avg Epoch Time 2.0126s
Epoch 00554 | Loss 0.0234 | Avg Epoch Time 2.0126s
Epoch 00555 | Loss 0.0197 | Avg Epoch Time 2.0126s
Epoch 00555 | Valid acc: 94.09% | Test acc: 94.35%
Epoch 00556 | Loss 0.0203 | Avg Epoch Time 2.0125s
Epoch 00557 | Loss 0.0200 | Avg Epoch Time 2.0125s
Epoch 00558 | Loss 0.0210 | Avg Epoch Time 2.0125s
Epoch 00559 | Loss 0.0196 | Avg Epoch Time 2.0125s
Epoch 00560 | Loss 0.0216 | Avg Epoch Time 2.0125s
Epoch 00560 | Valid acc: 93.81% | Test acc: 94.42%
Epoch 00561 | Loss 0.0203 | Avg Epoch Time 2.0125s
Epoch 00562 | Loss 0.0202 | Avg Epoch Time 2.0125s
Epoch 00563 | Loss 0.0227 | Avg Epoch Time 2.0125s
Epoch 00564 | Loss 0.0218 | Avg Epoch Time 2.0125s
Epoch 00565 | Loss 0.0209 | Avg Epoch Time 2.0125s
Epoch 00565 | Valid acc: 93.71% | Test acc: 94.07%
Epoch 00566 | Loss 0.0198 | Avg Epoch Time 2.0125s
Epoch 00567 | Loss 0.0196 | Avg Epoch Time 2.0125s
Epoch 00568 | Loss 0.0209 | Avg Epoch Time 2.0125s
Epoch 00569 | Loss 0.0225 | Avg Epoch Time 2.0125s
Epoch 00570 | Loss 0.0212 | Avg Epoch Time 2.0125s
Epoch 00570 | Valid acc: 93.63% | Test acc: 94.30%
Epoch 00571 | Loss 0.0209 | Avg Epoch Time 2.0125s
Epoch 00572 | Loss 0.0181 | Avg Epoch Time 2.0125s
Epoch 00573 | Loss 0.0212 | Avg Epoch Time 2.0125s
Epoch 00574 | Loss 0.0286 | Avg Epoch Time 2.0125s
Epoch 00575 | Loss 0.0216 | Avg Epoch Time 2.0125s
Epoch 00575 | Valid acc: 93.99% | Test acc: 94.07%
Epoch 00576 | Loss 0.0210 | Avg Epoch Time 2.0127s
Epoch 00577 | Loss 0.0291 | Avg Epoch Time 2.0127s
Epoch 00578 | Loss 0.0232 | Avg Epoch Time 2.0127s
Epoch 00579 | Loss 0.0196 | Avg Epoch Time 2.0127s
Epoch 00580 | Loss 0.0229 | Avg Epoch Time 2.0127s
Epoch 00580 | Valid acc: 94.09% | Test acc: 94.32%
Epoch 00581 | Loss 0.0207 | Avg Epoch Time 2.0127s
Epoch 00582 | Loss 0.0238 | Avg Epoch Time 2.0127s
Epoch 00583 | Loss 0.0205 | Avg Epoch Time 2.0127s
Epoch 00584 | Loss 0.0198 | Avg Epoch Time 2.0127s
Epoch 00585 | Loss 0.0187 | Avg Epoch Time 2.0127s
Epoch 00585 | Valid acc: 94.01% | Test acc: 94.52%
Epoch 00586 | Loss 0.0203 | Avg Epoch Time 2.0127s
Epoch 00587 | Loss 0.0216 | Avg Epoch Time 2.0127s
Epoch 00588 | Loss 0.0148 | Avg Epoch Time 2.0127s
Epoch 00589 | Loss 0.0170 | Avg Epoch Time 2.0127s
Epoch 00590 | Loss 0.0191 | Avg Epoch Time 2.0127s
Epoch 00590 | Valid acc: 94.17% | Test acc: 94.22%
Epoch 00591 | Loss 0.0164 | Avg Epoch Time 2.0127s
Epoch 00592 | Loss 0.0208 | Avg Epoch Time 2.0127s
Epoch 00593 | Loss 0.0203 | Avg Epoch Time 2.0127s
Epoch 00594 | Loss 0.0176 | Avg Epoch Time 2.0126s
Epoch 00595 | Loss 0.0178 | Avg Epoch Time 2.0126s
Epoch 00595 | Valid acc: 93.58% | Test acc: 94.27%
Epoch 00596 | Loss 0.0194 | Avg Epoch Time 2.0126s
Epoch 00597 | Loss 0.0181 | Avg Epoch Time 2.0126s
Epoch 00598 | Loss 0.0185 | Avg Epoch Time 2.0126s
Epoch 00599 | Loss 0.0233 | Avg Epoch Time 2.0126s
Epoch 00600 | Loss 0.0290 | Avg Epoch Time 2.0126s
Epoch 00600 | Valid acc: 92.75% | Test acc: 93.10%
Epoch 00601 | Loss 0.0664 | Avg Epoch Time 2.0126s
Epoch 00602 | Loss 0.0694 | Avg Epoch Time 2.0126s
Epoch 00603 | Loss 0.0615 | Avg Epoch Time 2.0126s
Epoch 00604 | Loss 0.0597 | Avg Epoch Time 2.0126s
Epoch 00605 | Loss 0.1105 | Avg Epoch Time 2.0126s
Epoch 00605 | Valid acc: 92.24% | Test acc: 92.22%
Epoch 00606 | Loss 0.1436 | Avg Epoch Time 2.0126s
Epoch 00607 | Loss 0.0775 | Avg Epoch Time 2.0126s
Epoch 00608 | Loss 0.0828 | Avg Epoch Time 2.0126s
Epoch 00609 | Loss 0.0742 | Avg Epoch Time 2.0126s
Epoch 00610 | Loss 0.0691 | Avg Epoch Time 2.0126s
Epoch 00610 | Valid acc: 93.56% | Test acc: 94.09%
Epoch 00611 | Loss 0.0738 | Avg Epoch Time 2.0126s
Epoch 00612 | Loss 0.1060 | Avg Epoch Time 2.0126s
Epoch 00613 | Loss 0.0772 | Avg Epoch Time 2.0126s
Epoch 00614 | Loss 0.0875 | Avg Epoch Time 2.0126s
Epoch 00615 | Loss 0.0860 | Avg Epoch Time 2.0126s
Epoch 00615 | Valid acc: 94.42% | Test acc: 94.45%
Epoch 00616 | Loss 0.0702 | Avg Epoch Time 2.0125s
Epoch 00617 | Loss 0.0613 | Avg Epoch Time 2.0125s
Epoch 00618 | Loss 0.0647 | Avg Epoch Time 2.0125s
Epoch 00619 | Loss 0.0492 | Avg Epoch Time 2.0127s
Epoch 00620 | Loss 0.0612 | Avg Epoch Time 2.0127s
Epoch 00620 | Valid acc: 93.96% | Test acc: 94.65%
Epoch 00621 | Loss 0.0512 | Avg Epoch Time 2.0127s
Epoch 00622 | Loss 0.0511 | Avg Epoch Time 2.0127s
Epoch 00623 | Loss 0.0448 | Avg Epoch Time 2.0127s
Epoch 00624 | Loss 0.0480 | Avg Epoch Time 2.0127s
Epoch 00625 | Loss 0.0368 | Avg Epoch Time 2.0127s
Epoch 00625 | Valid acc: 93.69% | Test acc: 94.27%
Epoch 00626 | Loss 0.0391 | Avg Epoch Time 2.0127s
Epoch 00627 | Loss 0.0352 | Avg Epoch Time 2.0127s
Epoch 00628 | Loss 0.0364 | Avg Epoch Time 2.0127s
Epoch 00629 | Loss 0.0352 | Avg Epoch Time 2.0127s
Epoch 00630 | Loss 0.0299 | Avg Epoch Time 2.0126s
Epoch 00630 | Valid acc: 93.81% | Test acc: 94.07%
Epoch 00631 | Loss 0.0299 | Avg Epoch Time 2.0126s
Epoch 00632 | Loss 0.0307 | Avg Epoch Time 2.0126s
Epoch 00633 | Loss 0.0261 | Avg Epoch Time 2.0126s
Epoch 00634 | Loss 0.0247 | Avg Epoch Time 2.0126s
Epoch 00635 | Loss 0.0273 | Avg Epoch Time 2.0126s
Epoch 00635 | Valid acc: 93.63% | Test acc: 94.37%
Epoch 00636 | Loss 0.0239 | Avg Epoch Time 2.0126s
Epoch 00637 | Loss 0.0247 | Avg Epoch Time 2.0126s
Epoch 00638 | Loss 0.0222 | Avg Epoch Time 2.0126s
Epoch 00639 | Loss 0.0240 | Avg Epoch Time 2.0126s
Epoch 00640 | Loss 0.0228 | Avg Epoch Time 2.0126s
Epoch 00640 | Valid acc: 94.19% | Test acc: 94.50%
Epoch 00641 | Loss 0.0203 | Avg Epoch Time 2.0126s
Epoch 00642 | Loss 0.0221 | Avg Epoch Time 2.0126s
Epoch 00643 | Loss 0.0197 | Avg Epoch Time 2.0125s
Epoch 00644 | Loss 0.0203 | Avg Epoch Time 2.0125s
Epoch 00645 | Loss 0.0206 | Avg Epoch Time 2.0125s
Epoch 00645 | Valid acc: 93.84% | Test acc: 94.12%
Epoch 00646 | Loss 0.0171 | Avg Epoch Time 2.0125s
Epoch 00647 | Loss 0.0217 | Avg Epoch Time 2.0125s
Epoch 00648 | Loss 0.0176 | Avg Epoch Time 2.0125s
Epoch 00649 | Loss 0.0161 | Avg Epoch Time 2.0125s
Epoch 00650 | Loss 0.0193 | Avg Epoch Time 2.0125s
Epoch 00650 | Valid acc: 93.58% | Test acc: 93.97%
Epoch 00651 | Loss 0.0177 | Avg Epoch Time 2.0125s
Epoch 00652 | Loss 0.0192 | Avg Epoch Time 2.0125s
Epoch 00653 | Loss 0.0176 | Avg Epoch Time 2.0125s
Epoch 00654 | Loss 0.0186 | Avg Epoch Time 2.0125s
Epoch 00655 | Loss 0.0173 | Avg Epoch Time 2.0125s
Epoch 00655 | Valid acc: 94.01% | Test acc: 93.81%
Epoch 00656 | Loss 0.0184 | Avg Epoch Time 2.0125s
Epoch 00657 | Loss 0.0166 | Avg Epoch Time 2.0124s
Epoch 00658 | Loss 0.0174 | Avg Epoch Time 2.0124s
Epoch 00659 | Loss 0.0158 | Avg Epoch Time 2.0124s
Epoch 00660 | Loss 0.0178 | Avg Epoch Time 2.0124s
Epoch 00660 | Valid acc: 94.04% | Test acc: 94.37%
Epoch 00661 | Loss 0.0162 | Avg Epoch Time 2.0126s
Epoch 00662 | Loss 0.0195 | Avg Epoch Time 2.0126s
Epoch 00663 | Loss 0.0135 | Avg Epoch Time 2.0126s
Epoch 00664 | Loss 0.0179 | Avg Epoch Time 2.0126s
Epoch 00665 | Loss 0.0168 | Avg Epoch Time 2.0126s
Epoch 00665 | Valid acc: 94.04% | Test acc: 94.30%
Epoch 00666 | Loss 0.0132 | Avg Epoch Time 2.0126s
Epoch 00667 | Loss 0.0141 | Avg Epoch Time 2.0126s
Epoch 00668 | Loss 0.0134 | Avg Epoch Time 2.0126s
Epoch 00669 | Loss 0.0148 | Avg Epoch Time 2.0126s
Epoch 00670 | Loss 0.0143 | Avg Epoch Time 2.0126s
Epoch 00670 | Valid acc: 93.91% | Test acc: 94.24%
Epoch 00671 | Loss 0.0151 | Avg Epoch Time 2.0125s
Epoch 00672 | Loss 0.0142 | Avg Epoch Time 2.0125s
Epoch 00673 | Loss 0.0141 | Avg Epoch Time 2.0125s
Epoch 00674 | Loss 0.0148 | Avg Epoch Time 2.0125s
Epoch 00675 | Loss 0.0133 | Avg Epoch Time 2.0125s
Epoch 00675 | Valid acc: 93.76% | Test acc: 94.14%
Epoch 00676 | Loss 0.0147 | Avg Epoch Time 2.0125s
Epoch 00677 | Loss 0.0130 | Avg Epoch Time 2.0125s
Epoch 00678 | Loss 0.0131 | Avg Epoch Time 2.0125s
Epoch 00679 | Loss 0.0129 | Avg Epoch Time 2.0127s
Epoch 00680 | Loss 0.0141 | Avg Epoch Time 2.0127s
Epoch 00680 | Valid acc: 93.69% | Test acc: 94.04%
Epoch 00681 | Loss 0.0137 | Avg Epoch Time 2.0127s
Epoch 00682 | Loss 0.0121 | Avg Epoch Time 2.0127s
Epoch 00683 | Loss 0.0123 | Avg Epoch Time 2.0127s
Epoch 00684 | Loss 0.0115 | Avg Epoch Time 2.0127s
Epoch 00685 | Loss 0.0113 | Avg Epoch Time 2.0127s
Epoch 00685 | Valid acc: 93.71% | Test acc: 94.17%
Epoch 00686 | Loss 0.0140 | Avg Epoch Time 2.0127s
Epoch 00687 | Loss 0.0144 | Avg Epoch Time 2.0127s
Epoch 00688 | Loss 0.0123 | Avg Epoch Time 2.0127s
Epoch 00689 | Loss 0.0118 | Avg Epoch Time 2.0126s
Epoch 00690 | Loss 0.0141 | Avg Epoch Time 2.0126s
Epoch 00690 | Valid acc: 93.81% | Test acc: 94.24%
Epoch 00691 | Loss 0.0125 | Avg Epoch Time 2.0126s
Epoch 00692 | Loss 0.0139 | Avg Epoch Time 2.0126s
Epoch 00693 | Loss 0.0184 | Avg Epoch Time 2.0126s
Epoch 00694 | Loss 0.0167 | Avg Epoch Time 2.0126s
Epoch 00695 | Loss 0.0140 | Avg Epoch Time 2.0126s
Epoch 00695 | Valid acc: 94.07% | Test acc: 94.45%
Epoch 00696 | Loss 0.0166 | Avg Epoch Time 2.0126s
Epoch 00697 | Loss 0.0136 | Avg Epoch Time 2.0126s
Epoch 00698 | Loss 0.0134 | Avg Epoch Time 2.0126s
Epoch 00699 | Loss 0.0160 | Avg Epoch Time 2.0126s
Epoch 00700 | Loss 0.0158 | Avg Epoch Time 2.0126s
Epoch 00700 | Valid acc: 93.84% | Test acc: 94.09%
Epoch 00701 | Loss 0.0121 | Avg Epoch Time 2.0126s
Epoch 00702 | Loss 0.0120 | Avg Epoch Time 2.0126s
Epoch 00703 | Loss 0.0142 | Avg Epoch Time 2.0126s
Epoch 00704 | Loss 0.0123 | Avg Epoch Time 2.0128s
Epoch 00705 | Loss 0.0112 | Avg Epoch Time 2.0128s
Epoch 00705 | Valid acc: 93.58% | Test acc: 93.76%
Epoch 00706 | Loss 0.0122 | Avg Epoch Time 2.0128s
Epoch 00707 | Loss 0.0123 | Avg Epoch Time 2.0128s
Epoch 00708 | Loss 0.0122 | Avg Epoch Time 2.0128s
Epoch 00709 | Loss 0.0115 | Avg Epoch Time 2.0128s
Epoch 00710 | Loss 0.0112 | Avg Epoch Time 2.0128s
Epoch 00710 | Valid acc: 93.79% | Test acc: 94.35%
Epoch 00711 | Loss 0.0107 | Avg Epoch Time 2.0128s
Epoch 00712 | Loss 0.0092 | Avg Epoch Time 2.0128s
Epoch 00713 | Loss 0.0126 | Avg Epoch Time 2.0128s
Epoch 00714 | Loss 0.0125 | Avg Epoch Time 2.0127s
Epoch 00715 | Loss 0.0117 | Avg Epoch Time 2.0127s
Epoch 00715 | Valid acc: 93.86% | Test acc: 94.14%
Epoch 00716 | Loss 0.0100 | Avg Epoch Time 2.0128s
Epoch 00717 | Loss 0.0148 | Avg Epoch Time 2.0128s
Epoch 00718 | Loss 0.0135 | Avg Epoch Time 2.0127s
Epoch 00719 | Loss 0.0101 | Avg Epoch Time 2.0128s
Epoch 00720 | Loss 0.0107 | Avg Epoch Time 2.0128s
Epoch 00720 | Valid acc: 93.76% | Test acc: 94.40%
Epoch 00721 | Loss 0.0119 | Avg Epoch Time 2.0127s
Epoch 00722 | Loss 0.0118 | Avg Epoch Time 2.0127s
Epoch 00723 | Loss 0.0134 | Avg Epoch Time 2.0127s
Epoch 00724 | Loss 0.0109 | Avg Epoch Time 2.0127s
Epoch 00725 | Loss 0.0105 | Avg Epoch Time 2.0127s
Epoch 00725 | Valid acc: 93.91% | Test acc: 94.22%
Epoch 00726 | Loss 0.0126 | Avg Epoch Time 2.0127s
Epoch 00727 | Loss 0.0077 | Avg Epoch Time 2.0127s
Epoch 00728 | Loss 0.0128 | Avg Epoch Time 2.0127s
Epoch 00729 | Loss 0.0105 | Avg Epoch Time 2.0127s
Epoch 00730 | Loss 0.0102 | Avg Epoch Time 2.0127s
Epoch 00730 | Valid acc: 93.71% | Test acc: 94.17%
Epoch 00731 | Loss 0.0081 | Avg Epoch Time 2.0127s
Epoch 00732 | Loss 0.0086 | Avg Epoch Time 2.0127s
Epoch 00733 | Loss 0.0094 | Avg Epoch Time 2.0127s
Epoch 00734 | Loss 0.0076 | Avg Epoch Time 2.0127s
Epoch 00735 | Loss 0.0112 | Avg Epoch Time 2.0127s
Epoch 00735 | Valid acc: 93.48% | Test acc: 94.02%
Epoch 00736 | Loss 0.0087 | Avg Epoch Time 2.0127s
Epoch 00737 | Loss 0.0100 | Avg Epoch Time 2.0127s
Epoch 00738 | Loss 0.0094 | Avg Epoch Time 2.0127s
Epoch 00739 | Loss 0.0099 | Avg Epoch Time 2.0127s
Epoch 00740 | Loss 0.0092 | Avg Epoch Time 2.0127s
Epoch 00740 | Valid acc: 93.58% | Test acc: 94.07%
Epoch 00741 | Loss 0.0110 | Avg Epoch Time 2.0127s
Epoch 00742 | Loss 0.0106 | Avg Epoch Time 2.0127s
Epoch 00743 | Loss 0.0080 | Avg Epoch Time 2.0127s
Epoch 00744 | Loss 0.0114 | Avg Epoch Time 2.0127s
Epoch 00745 | Loss 0.0087 | Avg Epoch Time 2.0127s
Epoch 00745 | Valid acc: 93.81% | Test acc: 94.30%
Epoch 00746 | Loss 0.0074 | Avg Epoch Time 2.0127s
Epoch 00747 | Loss 0.0091 | Avg Epoch Time 2.0129s
Epoch 00748 | Loss 0.0080 | Avg Epoch Time 2.0128s
Epoch 00749 | Loss 0.0075 | Avg Epoch Time 2.0128s
Epoch 00750 | Loss 0.0077 | Avg Epoch Time 2.0128s
Epoch 00750 | Valid acc: 93.99% | Test acc: 94.24%
Epoch 00751 | Loss 0.0066 | Avg Epoch Time 2.0128s
Epoch 00752 | Loss 0.0097 | Avg Epoch Time 2.0128s
Epoch 00753 | Loss 0.0088 | Avg Epoch Time 2.0128s
Epoch 00754 | Loss 0.0075 | Avg Epoch Time 2.0128s
Epoch 00755 | Loss 0.0087 | Avg Epoch Time 2.0128s
Epoch 00755 | Valid acc: 93.66% | Test acc: 94.02%
Epoch 00756 | Loss 0.0071 | Avg Epoch Time 2.0128s
Epoch 00757 | Loss 0.0089 | Avg Epoch Time 2.0128s
Epoch 00758 | Loss 0.0078 | Avg Epoch Time 2.0128s
Epoch 00759 | Loss 0.0077 | Avg Epoch Time 2.0128s
Epoch 00760 | Loss 0.0087 | Avg Epoch Time 2.0128s
Epoch 00760 | Valid acc: 93.84% | Test acc: 94.47%
Epoch 00761 | Loss 0.0057 | Avg Epoch Time 2.0128s
Epoch 00762 | Loss 0.0055 | Avg Epoch Time 2.0128s
Epoch 00763 | Loss 0.0070 | Avg Epoch Time 2.0128s
Epoch 00764 | Loss 0.0055 | Avg Epoch Time 2.0128s
Epoch 00765 | Loss 0.0057 | Avg Epoch Time 2.0128s
Epoch 00765 | Valid acc: 93.86% | Test acc: 94.37%
Epoch 00766 | Loss 0.0062 | Avg Epoch Time 2.0128s
Epoch 00767 | Loss 0.0062 | Avg Epoch Time 2.0128s
Epoch 00768 | Loss 0.0069 | Avg Epoch Time 2.0128s
Epoch 00769 | Loss 0.0061 | Avg Epoch Time 2.0128s
Epoch 00770 | Loss 0.0068 | Avg Epoch Time 2.0128s
Epoch 00770 | Valid acc: 93.79% | Test acc: 93.97%
Epoch 00771 | Loss 0.0082 | Avg Epoch Time 2.0127s
Epoch 00772 | Loss 0.0073 | Avg Epoch Time 2.0127s
Epoch 00773 | Loss 0.0054 | Avg Epoch Time 2.0127s
Epoch 00774 | Loss 0.0092 | Avg Epoch Time 2.0127s
Epoch 00775 | Loss 0.0066 | Avg Epoch Time 2.0127s
Epoch 00775 | Valid acc: 93.63% | Test acc: 94.07%
Epoch 00776 | Loss 0.0066 | Avg Epoch Time 2.0127s
Epoch 00777 | Loss 0.0068 | Avg Epoch Time 2.0127s
Epoch 00778 | Loss 0.0103 | Avg Epoch Time 2.0127s
Epoch 00779 | Loss 0.0071 | Avg Epoch Time 2.0127s
Epoch 00780 | Loss 0.0083 | Avg Epoch Time 2.0127s
Epoch 00780 | Valid acc: 93.84% | Test acc: 94.19%
Epoch 00781 | Loss 0.0055 | Avg Epoch Time 2.0127s
Epoch 00782 | Loss 0.0079 | Avg Epoch Time 2.0127s
Epoch 00783 | Loss 0.0069 | Avg Epoch Time 2.0126s
Epoch 00784 | Loss 0.0078 | Avg Epoch Time 2.0126s
Epoch 00785 | Loss 0.0091 | Avg Epoch Time 2.0126s
Epoch 00785 | Valid acc: 93.71% | Test acc: 94.17%
Epoch 00786 | Loss 0.0067 | Avg Epoch Time 2.0126s
Epoch 00787 | Loss 0.0073 | Avg Epoch Time 2.0126s
Epoch 00788 | Loss 0.0058 | Avg Epoch Time 2.0126s
Epoch 00789 | Loss 0.0065 | Avg Epoch Time 2.0128s
Epoch 00790 | Loss 0.0058 | Avg Epoch Time 2.0128s
Epoch 00790 | Valid acc: 93.63% | Test acc: 94.30%
Epoch 00791 | Loss 0.0060 | Avg Epoch Time 2.0128s
Epoch 00792 | Loss 0.0058 | Avg Epoch Time 2.0128s
Epoch 00793 | Loss 0.0055 | Avg Epoch Time 2.0128s
Epoch 00794 | Loss 0.0062 | Avg Epoch Time 2.0128s
Epoch 00795 | Loss 0.0064 | Avg Epoch Time 2.0128s
Epoch 00795 | Valid acc: 93.81% | Test acc: 93.97%
Epoch 00796 | Loss 0.0097 | Avg Epoch Time 2.0128s
Epoch 00797 | Loss 0.0081 | Avg Epoch Time 2.0129s
Epoch 00798 | Loss 0.0076 | Avg Epoch Time 2.0129s
Epoch 00799 | Loss 0.0094 | Avg Epoch Time 2.0129s
Epoch 00800 | Loss 0.0091 | Avg Epoch Time 2.0129s
Epoch 00800 | Valid acc: 94.01% | Test acc: 94.42%
Epoch 00801 | Loss 0.0079 | Avg Epoch Time 2.0129s
Epoch 00802 | Loss 0.0118 | Avg Epoch Time 2.0129s
Epoch 00803 | Loss 0.0099 | Avg Epoch Time 2.0129s
Epoch 00804 | Loss 0.0076 | Avg Epoch Time 2.0129s
Epoch 00805 | Loss 0.0083 | Avg Epoch Time 2.0129s
Epoch 00805 | Valid acc: 94.04% | Test acc: 93.97%
Epoch 00806 | Loss 0.0059 | Avg Epoch Time 2.0129s
Epoch 00807 | Loss 0.0083 | Avg Epoch Time 2.0129s
Epoch 00808 | Loss 0.0081 | Avg Epoch Time 2.0128s
Epoch 00809 | Loss 0.0070 | Avg Epoch Time 2.0129s
Epoch 00810 | Loss 0.0090 | Avg Epoch Time 2.0129s
Epoch 00810 | Valid acc: 93.71% | Test acc: 93.99%
Epoch 00811 | Loss 0.0077 | Avg Epoch Time 2.0128s
Epoch 00812 | Loss 0.0079 | Avg Epoch Time 2.0128s
Epoch 00813 | Loss 0.0062 | Avg Epoch Time 2.0128s
Epoch 00814 | Loss 0.0071 | Avg Epoch Time 2.0128s
Epoch 00815 | Loss 0.0052 | Avg Epoch Time 2.0128s
Epoch 00815 | Valid acc: 93.86% | Test acc: 94.30%
Epoch 00816 | Loss 0.0051 | Avg Epoch Time 2.0128s
Epoch 00817 | Loss 0.0046 | Avg Epoch Time 2.0128s
Epoch 00818 | Loss 0.0069 | Avg Epoch Time 2.0128s
Epoch 00819 | Loss 0.0067 | Avg Epoch Time 2.0128s
Epoch 00820 | Loss 0.0076 | Avg Epoch Time 2.0128s
Epoch 00820 | Valid acc: 93.79% | Test acc: 94.14%
Epoch 00821 | Loss 0.0056 | Avg Epoch Time 2.0128s
Epoch 00822 | Loss 0.0072 | Avg Epoch Time 2.0127s
Epoch 00823 | Loss 0.0059 | Avg Epoch Time 2.0127s
Epoch 00824 | Loss 0.0064 | Avg Epoch Time 2.0127s
Epoch 00825 | Loss 0.0067 | Avg Epoch Time 2.0127s
Epoch 00825 | Valid acc: 93.74% | Test acc: 94.24%
Epoch 00826 | Loss 0.0059 | Avg Epoch Time 2.0127s
Epoch 00827 | Loss 0.0054 | Avg Epoch Time 2.0127s
Epoch 00828 | Loss 0.0082 | Avg Epoch Time 2.0127s
Epoch 00829 | Loss 0.0058 | Avg Epoch Time 2.0127s
Epoch 00830 | Loss 0.0069 | Avg Epoch Time 2.0127s
Epoch 00830 | Valid acc: 93.94% | Test acc: 94.22%
Epoch 00831 | Loss 0.0057 | Avg Epoch Time 2.0127s
Epoch 00832 | Loss 0.0077 | Avg Epoch Time 2.0129s
Epoch 00833 | Loss 0.0066 | Avg Epoch Time 2.0129s
Epoch 00834 | Loss 0.0070 | Avg Epoch Time 2.0129s
Epoch 00835 | Loss 0.0069 | Avg Epoch Time 2.0129s
Epoch 00835 | Valid acc: 93.74% | Test acc: 93.97%
Epoch 00836 | Loss 0.0074 | Avg Epoch Time 2.0129s
Epoch 00837 | Loss 0.0096 | Avg Epoch Time 2.0129s
Epoch 00838 | Loss 0.0059 | Avg Epoch Time 2.0129s
Epoch 00839 | Loss 0.0086 | Avg Epoch Time 2.0128s
Epoch 00840 | Loss 0.0068 | Avg Epoch Time 2.0128s
Epoch 00840 | Valid acc: 93.86% | Test acc: 94.45%
Epoch 00841 | Loss 0.0081 | Avg Epoch Time 2.0128s
Epoch 00842 | Loss 0.0074 | Avg Epoch Time 2.0128s
Epoch 00843 | Loss 0.0093 | Avg Epoch Time 2.0128s
Epoch 00844 | Loss 0.0087 | Avg Epoch Time 2.0128s
Epoch 00845 | Loss 0.0102 | Avg Epoch Time 2.0128s
Epoch 00845 | Valid acc: 93.89% | Test acc: 94.12%
Epoch 00846 | Loss 0.0064 | Avg Epoch Time 2.0128s
Epoch 00847 | Loss 0.0067 | Avg Epoch Time 2.0128s
Epoch 00848 | Loss 0.0078 | Avg Epoch Time 2.0128s
Epoch 00849 | Loss 0.0082 | Avg Epoch Time 2.0128s
Epoch 00850 | Loss 0.0068 | Avg Epoch Time 2.0128s
Epoch 00850 | Valid acc: 93.86% | Test acc: 94.14%
Epoch 00851 | Loss 0.0100 | Avg Epoch Time 2.0128s
Epoch 00852 | Loss 0.0079 | Avg Epoch Time 2.0128s
Epoch 00853 | Loss 0.0056 | Avg Epoch Time 2.0128s
Epoch 00854 | Loss 0.0076 | Avg Epoch Time 2.0128s
Epoch 00855 | Loss 0.0066 | Avg Epoch Time 2.0128s
Epoch 00855 | Valid acc: 93.61% | Test acc: 94.32%
Epoch 00856 | Loss 0.0066 | Avg Epoch Time 2.0128s
Epoch 00857 | Loss 0.0067 | Avg Epoch Time 2.0127s
Epoch 00858 | Loss 0.0050 | Avg Epoch Time 2.0127s
Epoch 00859 | Loss 0.0060 | Avg Epoch Time 2.0127s
Epoch 00860 | Loss 0.0077 | Avg Epoch Time 2.0127s
Epoch 00860 | Valid acc: 93.86% | Test acc: 94.22%
Epoch 00861 | Loss 0.0070 | Avg Epoch Time 2.0127s
Epoch 00862 | Loss 0.0066 | Avg Epoch Time 2.0127s
Epoch 00863 | Loss 0.0100 | Avg Epoch Time 2.0127s
Epoch 00864 | Loss 0.0067 | Avg Epoch Time 2.0127s
Epoch 00865 | Loss 0.0065 | Avg Epoch Time 2.0127s
Epoch 00865 | Valid acc: 94.09% | Test acc: 94.37%
Epoch 00866 | Loss 0.0071 | Avg Epoch Time 2.0127s
Epoch 00867 | Loss 0.0049 | Avg Epoch Time 2.0127s
Epoch 00868 | Loss 0.0051 | Avg Epoch Time 2.0127s
Epoch 00869 | Loss 0.0055 | Avg Epoch Time 2.0127s
Epoch 00870 | Loss 0.0062 | Avg Epoch Time 2.0127s
Epoch 00870 | Valid acc: 93.94% | Test acc: 94.14%
Epoch 00871 | Loss 0.0051 | Avg Epoch Time 2.0127s
Epoch 00872 | Loss 0.0050 | Avg Epoch Time 2.0127s
Epoch 00873 | Loss 0.0060 | Avg Epoch Time 2.0127s
Epoch 00874 | Loss 0.0037 | Avg Epoch Time 2.0127s
Epoch 00875 | Loss 0.0051 | Avg Epoch Time 2.0128s
Epoch 00875 | Valid acc: 93.99% | Test acc: 94.07%
Epoch 00876 | Loss 0.0058 | Avg Epoch Time 2.0128s
Epoch 00877 | Loss 0.0076 | Avg Epoch Time 2.0129s
Epoch 00878 | Loss 0.0057 | Avg Epoch Time 2.0128s
Epoch 00879 | Loss 0.0076 | Avg Epoch Time 2.0128s
Epoch 00880 | Loss 0.0039 | Avg Epoch Time 2.0128s
Epoch 00880 | Valid acc: 94.09% | Test acc: 94.30%
Epoch 00881 | Loss 0.0062 | Avg Epoch Time 2.0128s
Epoch 00882 | Loss 0.0041 | Avg Epoch Time 2.0128s
Epoch 00883 | Loss 0.0045 | Avg Epoch Time 2.0128s
Epoch 00884 | Loss 0.0064 | Avg Epoch Time 2.0128s
Epoch 00885 | Loss 0.0071 | Avg Epoch Time 2.0128s
Epoch 00885 | Valid acc: 94.12% | Test acc: 94.17%
Epoch 00886 | Loss 0.0045 | Avg Epoch Time 2.0128s
Epoch 00887 | Loss 0.0047 | Avg Epoch Time 2.0128s
Epoch 00888 | Loss 0.0054 | Avg Epoch Time 2.0128s
Epoch 00889 | Loss 0.0052 | Avg Epoch Time 2.0128s
Epoch 00890 | Loss 0.0060 | Avg Epoch Time 2.0129s
Epoch 00890 | Valid acc: 93.76% | Test acc: 93.94%
Epoch 00891 | Loss 0.0044 | Avg Epoch Time 2.0129s
Epoch 00892 | Loss 0.0045 | Avg Epoch Time 2.0129s
Epoch 00893 | Loss 0.0042 | Avg Epoch Time 2.0129s
Epoch 00894 | Loss 0.0067 | Avg Epoch Time 2.0129s
Epoch 00895 | Loss 0.0043 | Avg Epoch Time 2.0129s
Epoch 00895 | Valid acc: 94.29% | Test acc: 94.14%
Epoch 00896 | Loss 0.0044 | Avg Epoch Time 2.0129s
Epoch 00897 | Loss 0.0070 | Avg Epoch Time 2.0129s
Epoch 00898 | Loss 0.0069 | Avg Epoch Time 2.0129s
Epoch 00899 | Loss 0.0052 | Avg Epoch Time 2.0129s
Epoch 00900 | Loss 0.0070 | Avg Epoch Time 2.0129s
Epoch 00900 | Valid acc: 93.99% | Test acc: 94.24%
Epoch 00901 | Loss 0.0072 | Avg Epoch Time 2.0129s
Epoch 00902 | Loss 0.0080 | Avg Epoch Time 2.0129s
Epoch 00903 | Loss 0.0070 | Avg Epoch Time 2.0129s
Epoch 00904 | Loss 0.0063 | Avg Epoch Time 2.0129s
Epoch 00905 | Loss 0.0084 | Avg Epoch Time 2.0129s
Epoch 00905 | Valid acc: 93.69% | Test acc: 94.09%
Epoch 00906 | Loss 0.0055 | Avg Epoch Time 2.0129s
Epoch 00907 | Loss 0.0068 | Avg Epoch Time 2.0129s
Epoch 00908 | Loss 0.0050 | Avg Epoch Time 2.0129s
Epoch 00909 | Loss 0.0073 | Avg Epoch Time 2.0130s
Epoch 00910 | Loss 0.0059 | Avg Epoch Time 2.0130s
Epoch 00910 | Valid acc: 94.01% | Test acc: 94.24%
Epoch 00911 | Loss 0.0066 | Avg Epoch Time 2.0130s
Epoch 00912 | Loss 0.0071 | Avg Epoch Time 2.0130s
Epoch 00913 | Loss 0.0100 | Avg Epoch Time 2.0130s
Epoch 00914 | Loss 0.0053 | Avg Epoch Time 2.0130s
Epoch 00915 | Loss 0.0051 | Avg Epoch Time 2.0130s
Epoch 00915 | Valid acc: 93.91% | Test acc: 94.12%
Epoch 00916 | Loss 0.0052 | Avg Epoch Time 2.0130s
Epoch 00917 | Loss 0.0050 | Avg Epoch Time 2.0132s
Epoch 00918 | Loss 0.0057 | Avg Epoch Time 2.0131s
Epoch 00919 | Loss 0.0052 | Avg Epoch Time 2.0131s
Epoch 00920 | Loss 0.0077 | Avg Epoch Time 2.0131s
Epoch 00920 | Valid acc: 93.76% | Test acc: 93.91%
Epoch 00921 | Loss 0.0055 | Avg Epoch Time 2.0131s
Epoch 00922 | Loss 0.0040 | Avg Epoch Time 2.0131s
Epoch 00923 | Loss 0.0062 | Avg Epoch Time 2.0131s
Epoch 00924 | Loss 0.0099 | Avg Epoch Time 2.0131s
Epoch 00925 | Loss 0.0065 | Avg Epoch Time 2.0131s
Epoch 00925 | Valid acc: 93.56% | Test acc: 93.86%
Epoch 00926 | Loss 0.0079 | Avg Epoch Time 2.0131s
Epoch 00927 | Loss 0.0086 | Avg Epoch Time 2.0131s
Epoch 00928 | Loss 0.0067 | Avg Epoch Time 2.0131s
Epoch 00929 | Loss 0.0072 | Avg Epoch Time 2.0131s
Epoch 00930 | Loss 0.0064 | Avg Epoch Time 2.0131s
Epoch 00930 | Valid acc: 93.94% | Test acc: 94.40%
Epoch 00931 | Loss 0.0065 | Avg Epoch Time 2.0131s
Epoch 00932 | Loss 0.0059 | Avg Epoch Time 2.0131s
Epoch 00933 | Loss 0.0095 | Avg Epoch Time 2.0131s
Epoch 00934 | Loss 0.0052 | Avg Epoch Time 2.0131s
Epoch 00935 | Loss 0.0069 | Avg Epoch Time 2.0130s
Epoch 00935 | Valid acc: 93.76% | Test acc: 94.27%
Epoch 00936 | Loss 0.0043 | Avg Epoch Time 2.0130s
Epoch 00937 | Loss 0.0063 | Avg Epoch Time 2.0130s
Epoch 00938 | Loss 0.0064 | Avg Epoch Time 2.0130s
Epoch 00939 | Loss 0.0098 | Avg Epoch Time 2.0130s
Epoch 00940 | Loss 0.0049 | Avg Epoch Time 2.0130s
Epoch 00940 | Valid acc: 93.91% | Test acc: 94.02%
Epoch 00941 | Loss 0.0103 | Avg Epoch Time 2.0130s
Epoch 00942 | Loss 0.0225 | Avg Epoch Time 2.0130s
Epoch 00943 | Loss 0.0237 | Avg Epoch Time 2.0130s
Epoch 00944 | Loss 0.0326 | Avg Epoch Time 2.0130s
Epoch 00945 | Loss 0.0349 | Avg Epoch Time 2.0130s
Epoch 00945 | Valid acc: 94.01% | Test acc: 94.22%
Epoch 00946 | Loss 0.0242 | Avg Epoch Time 2.0130s
Epoch 00947 | Loss 0.0259 | Avg Epoch Time 2.0130s
Epoch 00948 | Loss 0.0225 | Avg Epoch Time 2.0130s
Epoch 00949 | Loss 0.0162 | Avg Epoch Time 2.0130s
Epoch 00950 | Loss 0.0199 | Avg Epoch Time 2.0130s
Epoch 00950 | Valid acc: 94.01% | Test acc: 94.50%
Epoch 00951 | Loss 0.0157 | Avg Epoch Time 2.0130s
Epoch 00952 | Loss 0.0187 | Avg Epoch Time 2.0130s
Epoch 00953 | Loss 0.0128 | Avg Epoch Time 2.0130s
Epoch 00954 | Loss 0.0122 | Avg Epoch Time 2.0130s
Epoch 00955 | Loss 0.0103 | Avg Epoch Time 2.0130s
Epoch 00955 | Valid acc: 93.94% | Test acc: 93.81%
Epoch 00956 | Loss 0.0100 | Avg Epoch Time 2.0130s
Epoch 00957 | Loss 0.0102 | Avg Epoch Time 2.0130s
Epoch 00958 | Loss 0.0122 | Avg Epoch Time 2.0130s
Epoch 00959 | Loss 0.0082 | Avg Epoch Time 2.0129s
Epoch 00960 | Loss 0.0090 | Avg Epoch Time 2.0131s
Epoch 00960 | Valid acc: 93.79% | Test acc: 94.02%
Epoch 00961 | Loss 0.0086 | Avg Epoch Time 2.0131s
Epoch 00962 | Loss 0.0072 | Avg Epoch Time 2.0131s
Epoch 00963 | Loss 0.0072 | Avg Epoch Time 2.0131s
Epoch 00964 | Loss 0.0071 | Avg Epoch Time 2.0131s
Epoch 00965 | Loss 0.0056 | Avg Epoch Time 2.0131s
Epoch 00965 | Valid acc: 93.89% | Test acc: 93.86%
Epoch 00966 | Loss 0.0067 | Avg Epoch Time 2.0131s
Epoch 00967 | Loss 0.0058 | Avg Epoch Time 2.0131s
Epoch 00968 | Loss 0.0064 | Avg Epoch Time 2.0131s
Epoch 00969 | Loss 0.0062 | Avg Epoch Time 2.0131s
Epoch 00970 | Loss 0.0064 | Avg Epoch Time 2.0131s
Epoch 00970 | Valid acc: 93.66% | Test acc: 94.12%
Epoch 00971 | Loss 0.0068 | Avg Epoch Time 2.0131s
Epoch 00972 | Loss 0.0044 | Avg Epoch Time 2.0131s
Epoch 00973 | Loss 0.0050 | Avg Epoch Time 2.0131s
Epoch 00974 | Loss 0.0060 | Avg Epoch Time 2.0131s
Epoch 00975 | Loss 0.0039 | Avg Epoch Time 2.0131s
Epoch 00975 | Valid acc: 93.76% | Test acc: 94.30%
Epoch 00976 | Loss 0.0066 | Avg Epoch Time 2.0131s
Epoch 00977 | Loss 0.0041 | Avg Epoch Time 2.0131s
Epoch 00978 | Loss 0.0065 | Avg Epoch Time 2.0131s
Epoch 00979 | Loss 0.0074 | Avg Epoch Time 2.0131s
Epoch 00980 | Loss 0.0046 | Avg Epoch Time 2.0131s
Epoch 00980 | Valid acc: 93.81% | Test acc: 93.81%
Epoch 00981 | Loss 0.0071 | Avg Epoch Time 2.0131s
Epoch 00982 | Loss 0.0063 | Avg Epoch Time 2.0131s
Epoch 00983 | Loss 0.0059 | Avg Epoch Time 2.0131s
Epoch 00984 | Loss 0.0047 | Avg Epoch Time 2.0131s
Epoch 00985 | Loss 0.0064 | Avg Epoch Time 2.0131s
Epoch 00985 | Valid acc: 94.19% | Test acc: 94.12%
Epoch 00986 | Loss 0.0060 | Avg Epoch Time 2.0131s
Epoch 00987 | Loss 0.0060 | Avg Epoch Time 2.0131s
Epoch 00988 | Loss 0.0042 | Avg Epoch Time 2.0131s
Epoch 00989 | Loss 0.0037 | Avg Epoch Time 2.0131s
Epoch 00990 | Loss 0.0032 | Avg Epoch Time 2.0131s
Epoch 00990 | Valid acc: 93.86% | Test acc: 94.27%
Epoch 00991 | Loss 0.0048 | Avg Epoch Time 2.0131s
Epoch 00992 | Loss 0.0046 | Avg Epoch Time 2.0131s
Epoch 00993 | Loss 0.0029 | Avg Epoch Time 2.0131s
Epoch 00994 | Loss 0.0064 | Avg Epoch Time 2.0130s
Epoch 00995 | Loss 0.0041 | Avg Epoch Time 2.0131s
Epoch 00995 | Valid acc: 93.99% | Test acc: 94.02%
Epoch 00996 | Loss 0.0045 | Avg Epoch Time 2.0131s
Epoch 00997 | Loss 0.0041 | Avg Epoch Time 2.0130s
Epoch 00998 | Loss 0.0045 | Avg Epoch Time 2.0130s
Epoch 00999 | Loss 0.0041 | Avg Epoch Time 2.0130s
Best TestAcc: 95.0558