> initializing torch distributed ...
cora load successfully
Train nodes: 1624, Val nodes: 542, Test nodes: 542
Num of train batches: 1, num of train microbatches: 1, microbatch size: 2708
stage=2 layers=224 - 336
stage=0 layers=0 - 112
stage=3 layers=336 - 448
stage=1 layers=112 - 224
Training...
Epoch 00000 | Loss 2.0540 | Epoch Time 1.05s
Epoch 00000 | Valid acc: 31.00% | Test acc: 28.23%
Epoch 00001 | Loss 1.8733 | Epoch Time 1.41s
Epoch 00002 | Loss 1.8610 | Epoch Time 1.28s
Epoch 00003 | Loss 1.8369 | Epoch Time 1.27s
Epoch 00004 | Loss 1.8342 | Epoch Time 1.28s
Epoch 00005 | Loss 1.8212 | Avg Epoch Time 1.2790s
Epoch 00005 | Valid acc: 31.00% | Test acc: 28.23%
Epoch 00006 | Loss 1.8036 | Avg Epoch Time 1.2770s
Epoch 00007 | Loss 1.7806 | Avg Epoch Time 1.2777s
Epoch 00008 | Loss 1.7379 | Avg Epoch Time 1.2756s
Epoch 00009 | Loss 1.6948 | Avg Epoch Time 1.2746s
Epoch 00010 | Loss 1.6483 | Avg Epoch Time 1.2996s
Epoch 00010 | Valid acc: 41.88% | Test acc: 41.14%
Epoch 00011 | Loss 1.5878 | Avg Epoch Time 1.2965s
Epoch 00012 | Loss 1.5327 | Avg Epoch Time 1.2928s
Epoch 00013 | Loss 1.4848 | Avg Epoch Time 1.2908s
Epoch 00014 | Loss 1.4445 | Avg Epoch Time 1.2890s
Epoch 00015 | Loss 1.4162 | Avg Epoch Time 1.2869s
Epoch 00015 | Valid acc: 43.17% | Test acc: 42.07%
Epoch 00016 | Loss 1.3804 | Avg Epoch Time 1.2857s
Epoch 00017 | Loss 1.3438 | Avg Epoch Time 1.2845s
Epoch 00018 | Loss 1.3112 | Avg Epoch Time 1.2836s
Epoch 00019 | Loss 1.2769 | Avg Epoch Time 1.2828s
Epoch 00020 | Loss 1.2376 | Avg Epoch Time 1.2828s
Epoch 00020 | Valid acc: 54.61% | Test acc: 50.92%
Epoch 00021 | Loss 1.1849 | Avg Epoch Time 1.2821s
Epoch 00022 | Loss 1.1557 | Avg Epoch Time 1.2816s
Epoch 00023 | Loss 1.1123 | Avg Epoch Time 1.2811s
Epoch 00024 | Loss 1.1074 | Avg Epoch Time 1.2808s
Epoch 00025 | Loss 1.0642 | Avg Epoch Time 1.2805s
Epoch 00025 | Valid acc: 67.34% | Test acc: 64.02%
Epoch 00026 | Loss 1.0184 | Avg Epoch Time 1.2801s
Epoch 00027 | Loss 0.9998 | Avg Epoch Time 1.2799s
Epoch 00028 | Loss 1.0079 | Avg Epoch Time 1.2796s
Epoch 00029 | Loss 0.9505 | Avg Epoch Time 1.2793s
Epoch 00030 | Loss 1.0420 | Avg Epoch Time 1.2790s
Epoch 00030 | Valid acc: 68.08% | Test acc: 63.65%
Epoch 00031 | Loss 0.9534 | Avg Epoch Time 1.2787s
Epoch 00032 | Loss 0.9208 | Avg Epoch Time 1.2786s
Epoch 00033 | Loss 0.9196 | Avg Epoch Time 1.2783s
Epoch 00034 | Loss 0.8836 | Avg Epoch Time 1.2781s
Epoch 00035 | Loss 0.8963 | Avg Epoch Time 1.2780s
Epoch 00035 | Valid acc: 67.53% | Test acc: 66.79%
Epoch 00036 | Loss 0.8746 | Avg Epoch Time 1.2779s
Epoch 00037 | Loss 0.8557 | Avg Epoch Time 1.2778s
Epoch 00038 | Loss 0.8320 | Avg Epoch Time 1.2776s
Epoch 00039 | Loss 0.8418 | Avg Epoch Time 1.2775s
Epoch 00040 | Loss 0.8484 | Avg Epoch Time 1.2773s
Epoch 00040 | Valid acc: 70.85% | Test acc: 70.11%
Epoch 00041 | Loss 0.8006 | Avg Epoch Time 1.2775s
Epoch 00042 | Loss 0.7930 | Avg Epoch Time 1.2772s
Epoch 00043 | Loss 0.7953 | Avg Epoch Time 1.2771s
Epoch 00044 | Loss 0.7432 | Avg Epoch Time 1.2770s
Epoch 00045 | Loss 0.7328 | Avg Epoch Time 1.2770s
Epoch 00045 | Valid acc: 71.77% | Test acc: 72.88%
Epoch 00046 | Loss 0.7407 | Avg Epoch Time 1.2769s
Epoch 00047 | Loss 0.7217 | Avg Epoch Time 1.2768s
Epoch 00048 | Loss 0.6885 | Avg Epoch Time 1.2766s
Epoch 00049 | Loss 0.6899 | Avg Epoch Time 1.2797s
Epoch 00050 | Loss 0.6506 | Avg Epoch Time 1.2797s
Epoch 00050 | Valid acc: 76.20% | Test acc: 74.54%
Epoch 00051 | Loss 0.6453 | Avg Epoch Time 1.2794s
Epoch 00052 | Loss 0.6410 | Avg Epoch Time 1.2793s
Epoch 00053 | Loss 0.6076 | Avg Epoch Time 1.2791s
Epoch 00054 | Loss 0.6060 | Avg Epoch Time 1.2789s
Epoch 00055 | Loss 0.5669 | Avg Epoch Time 1.2788s
Epoch 00055 | Valid acc: 76.57% | Test acc: 74.35%
Epoch 00056 | Loss 0.5762 | Avg Epoch Time 1.2786s
Epoch 00057 | Loss 0.5509 | Avg Epoch Time 1.2785s
Epoch 00058 | Loss 0.5454 | Avg Epoch Time 1.2783s
Epoch 00059 | Loss 0.5201 | Avg Epoch Time 1.2781s
Epoch 00060 | Loss 0.5213 | Avg Epoch Time 1.2779s
Epoch 00060 | Valid acc: 79.34% | Test acc: 79.70%
Epoch 00061 | Loss 0.4976 | Avg Epoch Time 1.2779s
Epoch 00062 | Loss 0.4917 | Avg Epoch Time 1.2777s
Epoch 00063 | Loss 0.4840 | Avg Epoch Time 1.2776s
Epoch 00064 | Loss 0.4637 | Avg Epoch Time 1.2775s
Epoch 00065 | Loss 0.4539 | Avg Epoch Time 1.2774s
Epoch 00065 | Valid acc: 78.23% | Test acc: 77.68%
Epoch 00066 | Loss 0.4668 | Avg Epoch Time 1.2773s
Epoch 00067 | Loss 0.4292 | Avg Epoch Time 1.2772s
Epoch 00068 | Loss 0.4313 | Avg Epoch Time 1.2772s
Epoch 00069 | Loss 0.4079 | Avg Epoch Time 1.2770s
Epoch 00070 | Loss 0.4160 | Avg Epoch Time 1.2770s
Epoch 00070 | Valid acc: 84.13% | Test acc: 85.42%
Epoch 00071 | Loss 0.3882 | Avg Epoch Time 1.2769s
Epoch 00072 | Loss 0.3902 | Avg Epoch Time 1.2768s
Epoch 00073 | Loss 0.3763 | Avg Epoch Time 1.2767s
Epoch 00074 | Loss 0.3851 | Avg Epoch Time 1.2767s
Epoch 00075 | Loss 0.3772 | Avg Epoch Time 1.2766s
Epoch 00075 | Valid acc: 83.95% | Test acc: 83.95%
Epoch 00076 | Loss 0.3547 | Avg Epoch Time 1.2765s
Epoch 00077 | Loss 0.3756 | Avg Epoch Time 1.2765s
Epoch 00078 | Loss 0.3432 | Avg Epoch Time 1.2764s
Epoch 00079 | Loss 0.3303 | Avg Epoch Time 1.2763s
Epoch 00080 | Loss 0.3395 | Avg Epoch Time 1.2763s
Epoch 00080 | Valid acc: 84.69% | Test acc: 85.42%
Epoch 00081 | Loss 0.3184 | Avg Epoch Time 1.2761s
Epoch 00082 | Loss 0.3059 | Avg Epoch Time 1.2760s
Epoch 00083 | Loss 0.3065 | Avg Epoch Time 1.2760s
Epoch 00084 | Loss 0.3018 | Avg Epoch Time 1.2759s
Epoch 00085 | Loss 0.2992 | Avg Epoch Time 1.2759s
Epoch 00085 | Valid acc: 84.13% | Test acc: 85.98%
Epoch 00086 | Loss 0.2890 | Avg Epoch Time 1.2758s
Epoch 00087 | Loss 0.2840 | Avg Epoch Time 1.2758s
Epoch 00088 | Loss 0.2721 | Avg Epoch Time 1.2774s
Epoch 00089 | Loss 0.2845 | Avg Epoch Time 1.2773s
Epoch 00090 | Loss 0.2802 | Avg Epoch Time 1.2772s
Epoch 00090 | Valid acc: 84.13% | Test acc: 86.16%
Epoch 00091 | Loss 0.2903 | Avg Epoch Time 1.2772s
Epoch 00092 | Loss 0.2590 | Avg Epoch Time 1.2771s
Epoch 00093 | Loss 0.2725 | Avg Epoch Time 1.2770s
Epoch 00094 | Loss 0.2692 | Avg Epoch Time 1.2770s
Epoch 00095 | Loss 0.2731 | Avg Epoch Time 1.2769s
Epoch 00095 | Valid acc: 83.76% | Test acc: 86.53%
Epoch 00096 | Loss 0.2592 | Avg Epoch Time 1.2768s
Epoch 00097 | Loss 0.2644 | Avg Epoch Time 1.2768s
Epoch 00098 | Loss 0.2754 | Avg Epoch Time 1.2768s
Epoch 00099 | Loss 0.2409 | Avg Epoch Time 1.2767s
Epoch 00100 | Loss 0.2487 | Avg Epoch Time 1.2767s
Epoch 00100 | Valid acc: 83.95% | Test acc: 85.06%
Epoch 00101 | Loss 0.2396 | Avg Epoch Time 1.2766s
Epoch 00102 | Loss 0.2297 | Avg Epoch Time 1.2766s
Epoch 00103 | Loss 0.2243 | Avg Epoch Time 1.2765s
Epoch 00104 | Loss 0.2357 | Avg Epoch Time 1.2764s
Epoch 00105 | Loss 0.2207 | Avg Epoch Time 1.2763s
Epoch 00105 | Valid acc: 83.03% | Test acc: 86.16%
Epoch 00106 | Loss 0.2391 | Avg Epoch Time 1.2763s
Epoch 00107 | Loss 0.2216 | Avg Epoch Time 1.2763s
Epoch 00108 | Loss 0.2307 | Avg Epoch Time 1.2762s
Epoch 00109 | Loss 0.2617 | Avg Epoch Time 1.2762s
Epoch 00110 | Loss 0.2242 | Avg Epoch Time 1.2762s
Epoch 00110 | Valid acc: 83.39% | Test acc: 86.35%
Epoch 00111 | Loss 0.2303 | Avg Epoch Time 1.2762s
Epoch 00112 | Loss 0.2541 | Avg Epoch Time 1.2761s
Epoch 00113 | Loss 0.2230 | Avg Epoch Time 1.2761s
Epoch 00114 | Loss 0.2129 | Avg Epoch Time 1.2760s
Epoch 00115 | Loss 0.2102 | Avg Epoch Time 1.2760s
Epoch 00115 | Valid acc: 83.39% | Test acc: 86.16%
Epoch 00116 | Loss 0.2026 | Avg Epoch Time 1.2760s
Epoch 00117 | Loss 0.1958 | Avg Epoch Time 1.2759s
Epoch 00118 | Loss 0.2028 | Avg Epoch Time 1.2759s
Epoch 00119 | Loss 0.2044 | Avg Epoch Time 1.2759s
Epoch 00120 | Loss 0.1859 | Avg Epoch Time 1.2759s
Epoch 00120 | Valid acc: 83.76% | Test acc: 86.53%
Epoch 00121 | Loss 0.2010 | Avg Epoch Time 1.2759s
Epoch 00122 | Loss 0.1885 | Avg Epoch Time 1.2758s
Epoch 00123 | Loss 0.1886 | Avg Epoch Time 1.2758s
Epoch 00124 | Loss 0.1968 | Avg Epoch Time 1.2758s
Epoch 00125 | Loss 0.1776 | Avg Epoch Time 1.2757s
Epoch 00125 | Valid acc: 82.10% | Test acc: 84.32%
Epoch 00126 | Loss 0.1908 | Avg Epoch Time 1.2757s
Epoch 00127 | Loss 0.1817 | Avg Epoch Time 1.2757s
Epoch 00128 | Loss 0.1778 | Avg Epoch Time 1.2756s
Epoch 00129 | Loss 0.1833 | Avg Epoch Time 1.2756s
Epoch 00130 | Loss 0.1800 | Avg Epoch Time 1.2768s
Epoch 00130 | Valid acc: 83.95% | Test acc: 85.42%
Epoch 00131 | Loss 0.1750 | Avg Epoch Time 1.2767s
Epoch 00132 | Loss 0.1663 | Avg Epoch Time 1.2767s
Epoch 00133 | Loss 0.1740 | Avg Epoch Time 1.2767s
Epoch 00134 | Loss 0.1806 | Avg Epoch Time 1.2766s
Epoch 00135 | Loss 0.1588 | Avg Epoch Time 1.2766s
Epoch 00135 | Valid acc: 83.95% | Test acc: 85.42%
Epoch 00136 | Loss 0.1651 | Avg Epoch Time 1.2765s
Epoch 00137 | Loss 0.1647 | Avg Epoch Time 1.2765s
Epoch 00138 | Loss 0.1667 | Avg Epoch Time 1.2765s
Epoch 00139 | Loss 0.1591 | Avg Epoch Time 1.2764s
Epoch 00140 | Loss 0.1610 | Avg Epoch Time 1.2764s
Epoch 00140 | Valid acc: 83.95% | Test acc: 85.24%
Epoch 00141 | Loss 0.1615 | Avg Epoch Time 1.2764s
Epoch 00142 | Loss 0.1576 | Avg Epoch Time 1.2764s
Epoch 00143 | Loss 0.1559 | Avg Epoch Time 1.2763s
Epoch 00144 | Loss 0.1656 | Avg Epoch Time 1.2763s
Epoch 00145 | Loss 0.1563 | Avg Epoch Time 1.2763s
Epoch 00145 | Valid acc: 83.95% | Test acc: 84.87%
Epoch 00146 | Loss 0.1470 | Avg Epoch Time 1.2763s
Epoch 00147 | Loss 0.1589 | Avg Epoch Time 1.2762s
Epoch 00148 | Loss 0.1500 | Avg Epoch Time 1.2762s
Epoch 00149 | Loss 0.1416 | Avg Epoch Time 1.2761s
Epoch 00150 | Loss 0.1505 | Avg Epoch Time 1.2761s
Epoch 00150 | Valid acc: 84.13% | Test acc: 85.61%
Epoch 00151 | Loss 0.1515 | Avg Epoch Time 1.2761s
Epoch 00152 | Loss 0.1469 | Avg Epoch Time 1.2760s
Epoch 00153 | Loss 0.1504 | Avg Epoch Time 1.2760s
Epoch 00154 | Loss 0.1290 | Avg Epoch Time 1.2760s
Epoch 00155 | Loss 0.1273 | Avg Epoch Time 1.2760s
Epoch 00155 | Valid acc: 82.47% | Test acc: 83.95%
Epoch 00156 | Loss 0.1392 | Avg Epoch Time 1.2760s
Epoch 00157 | Loss 0.1237 | Avg Epoch Time 1.2760s
Epoch 00158 | Loss 0.1236 | Avg Epoch Time 1.2759s
Epoch 00159 | Loss 0.1543 | Avg Epoch Time 1.2759s
Epoch 00160 | Loss 0.1229 | Avg Epoch Time 1.2759s
Epoch 00160 | Valid acc: 83.95% | Test acc: 85.24%
Epoch 00161 | Loss 0.1459 | Avg Epoch Time 1.2759s
Epoch 00162 | Loss 0.1293 | Avg Epoch Time 1.2758s
Epoch 00163 | Loss 0.1160 | Avg Epoch Time 1.2758s
Epoch 00164 | Loss 0.1175 | Avg Epoch Time 1.2758s
Epoch 00165 | Loss 0.1134 | Avg Epoch Time 1.2758s
Epoch 00165 | Valid acc: 81.55% | Test acc: 84.32%
Epoch 00166 | Loss 0.1133 | Avg Epoch Time 1.2757s
Epoch 00167 | Loss 0.1114 | Avg Epoch Time 1.2757s
Epoch 00168 | Loss 0.1094 | Avg Epoch Time 1.2757s
Epoch 00169 | Loss 0.0973 | Avg Epoch Time 1.2757s
Epoch 00170 | Loss 0.1038 | Avg Epoch Time 1.2757s
Epoch 00170 | Valid acc: 82.29% | Test acc: 83.95%
Epoch 00171 | Loss 0.1003 | Avg Epoch Time 1.2756s
Epoch 00172 | Loss 0.1018 | Avg Epoch Time 1.2756s
Epoch 00173 | Loss 0.1057 | Avg Epoch Time 1.2765s
Epoch 00174 | Loss 0.1001 | Avg Epoch Time 1.2764s
Epoch 00175 | Loss 0.0986 | Avg Epoch Time 1.2764s
Epoch 00175 | Valid acc: 82.29% | Test acc: 84.50%
Epoch 00176 | Loss 0.0934 | Avg Epoch Time 1.2764s
Epoch 00177 | Loss 0.0919 | Avg Epoch Time 1.2764s
Epoch 00178 | Loss 0.0878 | Avg Epoch Time 1.2764s
Epoch 00179 | Loss 0.1005 | Avg Epoch Time 1.2764s
Epoch 00180 | Loss 0.0914 | Avg Epoch Time 1.2763s
Epoch 00180 | Valid acc: 83.03% | Test acc: 84.50%
Epoch 00181 | Loss 0.0847 | Avg Epoch Time 1.2764s
Epoch 00182 | Loss 0.0889 | Avg Epoch Time 1.2763s
Epoch 00183 | Loss 0.0878 | Avg Epoch Time 1.2763s
Epoch 00184 | Loss 0.0818 | Avg Epoch Time 1.2763s
Epoch 00185 | Loss 0.0805 | Avg Epoch Time 1.2763s
Epoch 00185 | Valid acc: 82.29% | Test acc: 84.32%
Epoch 00186 | Loss 0.0815 | Avg Epoch Time 1.2762s
Epoch 00187 | Loss 0.0955 | Avg Epoch Time 1.2762s
Epoch 00188 | Loss 0.0744 | Avg Epoch Time 1.2762s
Epoch 00189 | Loss 0.0784 | Avg Epoch Time 1.2762s
Epoch 00190 | Loss 0.0775 | Avg Epoch Time 1.2762s
Epoch 00190 | Valid acc: 83.58% | Test acc: 84.87%
Epoch 00191 | Loss 0.0758 | Avg Epoch Time 1.2761s
Epoch 00192 | Loss 0.0788 | Avg Epoch Time 1.2761s
Epoch 00193 | Loss 0.0717 | Avg Epoch Time 1.2760s
Epoch 00194 | Loss 0.0731 | Avg Epoch Time 1.2760s
Epoch 00195 | Loss 0.0787 | Avg Epoch Time 1.2760s
Epoch 00195 | Valid acc: 84.13% | Test acc: 84.13%
Epoch 00196 | Loss 0.0699 | Avg Epoch Time 1.2759s
Epoch 00197 | Loss 0.0823 | Avg Epoch Time 1.2759s
Epoch 00198 | Loss 0.0950 | Avg Epoch Time 1.2759s
Epoch 00199 | Loss 0.0787 | Avg Epoch Time 1.2758s
Epoch 00200 | Loss 0.0811 | Avg Epoch Time 1.2758s
Epoch 00200 | Valid acc: 82.66% | Test acc: 83.03%
Epoch 00201 | Loss 0.0848 | Avg Epoch Time 1.2758s
Epoch 00202 | Loss 0.0735 | Avg Epoch Time 1.2758s
Epoch 00203 | Loss 0.0733 | Avg Epoch Time 1.2757s
Epoch 00204 | Loss 0.0602 | Avg Epoch Time 1.2757s
Epoch 00205 | Loss 0.0654 | Avg Epoch Time 1.2757s
Epoch 00205 | Valid acc: 82.66% | Test acc: 84.50%
Epoch 00206 | Loss 0.0678 | Avg Epoch Time 1.2756s
Epoch 00207 | Loss 0.0604 | Avg Epoch Time 1.2756s
Epoch 00208 | Loss 0.0677 | Avg Epoch Time 1.2756s
Epoch 00209 | Loss 0.0603 | Avg Epoch Time 1.2755s
Epoch 00210 | Loss 0.0586 | Avg Epoch Time 1.2755s
Epoch 00210 | Valid acc: 82.29% | Test acc: 83.21%
Epoch 00211 | Loss 0.0570 | Avg Epoch Time 1.2755s
Epoch 00212 | Loss 0.0606 | Avg Epoch Time 1.2754s
Epoch 00213 | Loss 0.0603 | Avg Epoch Time 1.2754s
Epoch 00214 | Loss 0.0589 | Avg Epoch Time 1.2754s
Epoch 00215 | Loss 0.0631 | Avg Epoch Time 1.2753s
Epoch 00215 | Valid acc: 83.03% | Test acc: 83.76%
Epoch 00216 | Loss 0.0667 | Avg Epoch Time 1.2760s
Epoch 00217 | Loss 0.0719 | Avg Epoch Time 1.2760s
Epoch 00218 | Loss 0.0685 | Avg Epoch Time 1.2760s
Epoch 00219 | Loss 0.0588 | Avg Epoch Time 1.2759s
Epoch 00220 | Loss 0.0571 | Avg Epoch Time 1.2759s
Epoch 00220 | Valid acc: 83.95% | Test acc: 84.13%
Epoch 00221 | Loss 0.0626 | Avg Epoch Time 1.2758s
Epoch 00222 | Loss 0.0531 | Avg Epoch Time 1.2758s
Epoch 00223 | Loss 0.0491 | Avg Epoch Time 1.2758s
Epoch 00224 | Loss 0.0520 | Avg Epoch Time 1.2757s
Epoch 00225 | Loss 0.0584 | Avg Epoch Time 1.2757s
Epoch 00225 | Valid acc: 82.66% | Test acc: 82.66%
Epoch 00226 | Loss 0.0451 | Avg Epoch Time 1.2757s
Epoch 00227 | Loss 0.0760 | Avg Epoch Time 1.2757s
Epoch 00228 | Loss 0.0476 | Avg Epoch Time 1.2756s
Epoch 00229 | Loss 0.0620 | Avg Epoch Time 1.2756s
Epoch 00230 | Loss 0.0484 | Avg Epoch Time 1.2756s
Epoch 00230 | Valid acc: 83.21% | Test acc: 82.10%
Epoch 00231 | Loss 0.0665 | Avg Epoch Time 1.2755s
Epoch 00232 | Loss 0.0542 | Avg Epoch Time 1.2755s
Epoch 00233 | Loss 0.0484 | Avg Epoch Time 1.2755s
Epoch 00234 | Loss 0.0475 | Avg Epoch Time 1.2755s
Epoch 00235 | Loss 0.0500 | Avg Epoch Time 1.2754s
Epoch 00235 | Valid acc: 81.92% | Test acc: 82.47%
Epoch 00236 | Loss 0.0670 | Avg Epoch Time 1.2754s
Epoch 00237 | Loss 0.0485 | Avg Epoch Time 1.2754s
Epoch 00238 | Loss 0.0633 | Avg Epoch Time 1.2753s
Epoch 00239 | Loss 0.0482 | Avg Epoch Time 1.2753s
Epoch 00240 | Loss 0.0487 | Avg Epoch Time 1.2753s
Epoch 00240 | Valid acc: 81.55% | Test acc: 82.66%
Epoch 00241 | Loss 0.0526 | Avg Epoch Time 1.2753s
Epoch 00242 | Loss 0.0472 | Avg Epoch Time 1.2752s
Epoch 00243 | Loss 0.0521 | Avg Epoch Time 1.2752s
Epoch 00244 | Loss 0.0495 | Avg Epoch Time 1.2752s
Epoch 00245 | Loss 0.0416 | Avg Epoch Time 1.2752s
Epoch 00245 | Valid acc: 83.39% | Test acc: 83.03%
Epoch 00246 | Loss 0.0450 | Avg Epoch Time 1.2751s
Epoch 00247 | Loss 0.0457 | Avg Epoch Time 1.2751s
Epoch 00248 | Loss 0.0498 | Avg Epoch Time 1.2751s
Epoch 00249 | Loss 0.0414 | Avg Epoch Time 1.2751s
Epoch 00250 | Loss 0.0441 | Avg Epoch Time 1.2750s
Epoch 00250 | Valid acc: 83.03% | Test acc: 83.39%
Epoch 00251 | Loss 0.0447 | Avg Epoch Time 1.2751s
Epoch 00252 | Loss 0.0461 | Avg Epoch Time 1.2750s
Epoch 00253 | Loss 0.0337 | Avg Epoch Time 1.2750s
Epoch 00254 | Loss 0.0407 | Avg Epoch Time 1.2750s
Epoch 00255 | Loss 0.0341 | Avg Epoch Time 1.2749s
Epoch 00255 | Valid acc: 84.50% | Test acc: 83.39%
Epoch 00256 | Loss 0.0323 | Avg Epoch Time 1.2749s
Epoch 00257 | Loss 0.0339 | Avg Epoch Time 1.2749s
Epoch 00258 | Loss 0.0299 | Avg Epoch Time 1.2754s
Epoch 00259 | Loss 0.0400 | Avg Epoch Time 1.2754s
Epoch 00260 | Loss 0.0325 | Avg Epoch Time 1.2754s
Epoch 00260 | Valid acc: 82.66% | Test acc: 82.84%
Epoch 00261 | Loss 0.0367 | Avg Epoch Time 1.2754s
Epoch 00262 | Loss 0.0294 | Avg Epoch Time 1.2754s
Epoch 00263 | Loss 0.0418 | Avg Epoch Time 1.2753s
Epoch 00264 | Loss 0.0362 | Avg Epoch Time 1.2753s
Epoch 00265 | Loss 0.0386 | Avg Epoch Time 1.2753s
Epoch 00265 | Valid acc: 83.21% | Test acc: 83.21%
Epoch 00266 | Loss 0.0411 | Avg Epoch Time 1.2753s
Epoch 00267 | Loss 0.0255 | Avg Epoch Time 1.2752s
Epoch 00268 | Loss 0.0295 | Avg Epoch Time 1.2752s
Epoch 00269 | Loss 0.0354 | Avg Epoch Time 1.2752s
Epoch 00270 | Loss 0.0300 | Avg Epoch Time 1.2752s
Epoch 00270 | Valid acc: 83.58% | Test acc: 83.58%
Epoch 00271 | Loss 0.0398 | Avg Epoch Time 1.2752s
Epoch 00272 | Loss 0.0416 | Avg Epoch Time 1.2751s
Epoch 00273 | Loss 0.0252 | Avg Epoch Time 1.2751s
Epoch 00274 | Loss 0.0384 | Avg Epoch Time 1.2751s
Epoch 00275 | Loss 0.0363 | Avg Epoch Time 1.2751s
Epoch 00275 | Valid acc: 83.39% | Test acc: 83.95%
Epoch 00276 | Loss 0.0339 | Avg Epoch Time 1.2750s
Epoch 00277 | Loss 0.0468 | Avg Epoch Time 1.2750s
Epoch 00278 | Loss 0.0377 | Avg Epoch Time 1.2750s
Epoch 00279 | Loss 0.0266 | Avg Epoch Time 1.2750s
Epoch 00280 | Loss 0.0327 | Avg Epoch Time 1.2749s
Epoch 00280 | Valid acc: 83.39% | Test acc: 83.03%
Epoch 00281 | Loss 0.0293 | Avg Epoch Time 1.2749s
Epoch 00282 | Loss 0.0320 | Avg Epoch Time 1.2749s
Epoch 00283 | Loss 0.0312 | Avg Epoch Time 1.2749s
Epoch 00284 | Loss 0.0273 | Avg Epoch Time 1.2749s
Epoch 00285 | Loss 0.0262 | Avg Epoch Time 1.2748s
Epoch 00285 | Valid acc: 82.10% | Test acc: 83.03%
Epoch 00286 | Loss 0.0255 | Avg Epoch Time 1.2748s
Epoch 00287 | Loss 0.0266 | Avg Epoch Time 1.2748s
Epoch 00288 | Loss 0.0270 | Avg Epoch Time 1.2748s
Epoch 00289 | Loss 0.0255 | Avg Epoch Time 1.2748s
Epoch 00290 | Loss 0.0247 | Avg Epoch Time 1.2748s
Epoch 00290 | Valid acc: 82.47% | Test acc: 83.21%
Epoch 00291 | Loss 0.0266 | Avg Epoch Time 1.2747s
Epoch 00292 | Loss 0.0260 | Avg Epoch Time 1.2747s
Epoch 00293 | Loss 0.0250 | Avg Epoch Time 1.2747s
Epoch 00294 | Loss 0.0248 | Avg Epoch Time 1.2747s
Epoch 00295 | Loss 0.0220 | Avg Epoch Time 1.2747s
Epoch 00295 | Valid acc: 83.03% | Test acc: 83.03%
Epoch 00296 | Loss 0.0194 | Avg Epoch Time 1.2747s
Epoch 00297 | Loss 0.0205 | Avg Epoch Time 1.2746s
Epoch 00298 | Loss 0.0221 | Avg Epoch Time 1.2746s
Epoch 00299 | Loss 0.0225 | Avg Epoch Time 1.2746s
Epoch 00300 | Loss 0.0253 | Avg Epoch Time 1.2746s
Epoch 00300 | Valid acc: 83.21% | Test acc: 82.47%
Epoch 00301 | Loss 0.0177 | Avg Epoch Time 1.2750s
Epoch 00302 | Loss 0.0200 | Avg Epoch Time 1.2750s
Epoch 00303 | Loss 0.0197 | Avg Epoch Time 1.2750s
Epoch 00304 | Loss 0.0167 | Avg Epoch Time 1.2750s
Epoch 00305 | Loss 0.0165 | Avg Epoch Time 1.2750s
Epoch 00305 | Valid acc: 83.76% | Test acc: 82.84%
Epoch 00306 | Loss 0.0205 | Avg Epoch Time 1.2749s
Epoch 00307 | Loss 0.0209 | Avg Epoch Time 1.2749s
Epoch 00308 | Loss 0.0162 | Avg Epoch Time 1.2749s
Epoch 00309 | Loss 0.0185 | Avg Epoch Time 1.2749s
Epoch 00310 | Loss 0.0262 | Avg Epoch Time 1.2749s
Epoch 00310 | Valid acc: 82.66% | Test acc: 81.73%
Epoch 00311 | Loss 0.0153 | Avg Epoch Time 1.2749s
Epoch 00312 | Loss 0.0153 | Avg Epoch Time 1.2748s
Epoch 00313 | Loss 0.0225 | Avg Epoch Time 1.2748s
Epoch 00314 | Loss 0.0141 | Avg Epoch Time 1.2748s
Epoch 00315 | Loss 0.0198 | Avg Epoch Time 1.2748s
Epoch 00315 | Valid acc: 82.84% | Test acc: 83.21%
Epoch 00316 | Loss 0.0171 | Avg Epoch Time 1.2747s
Epoch 00317 | Loss 0.0161 | Avg Epoch Time 1.2747s
Epoch 00318 | Loss 0.0150 | Avg Epoch Time 1.2747s
Epoch 00319 | Loss 0.0197 | Avg Epoch Time 1.2747s
Epoch 00320 | Loss 0.0207 | Avg Epoch Time 1.2747s
Epoch 00320 | Valid acc: 83.58% | Test acc: 82.84%
Epoch 00321 | Loss 0.0159 | Avg Epoch Time 1.2747s
Epoch 00322 | Loss 0.0193 | Avg Epoch Time 1.2747s
Epoch 00323 | Loss 0.0152 | Avg Epoch Time 1.2746s
Epoch 00324 | Loss 0.0141 | Avg Epoch Time 1.2746s
Epoch 00325 | Loss 0.0144 | Avg Epoch Time 1.2746s
Epoch 00325 | Valid acc: 84.13% | Test acc: 83.39%
Epoch 00326 | Loss 0.0159 | Avg Epoch Time 1.2746s
Epoch 00327 | Loss 0.0155 | Avg Epoch Time 1.2746s
Epoch 00328 | Loss 0.0110 | Avg Epoch Time 1.2745s
Epoch 00329 | Loss 0.0192 | Avg Epoch Time 1.2745s
Epoch 00330 | Loss 0.0136 | Avg Epoch Time 1.2745s
Epoch 00330 | Valid acc: 82.66% | Test acc: 81.92%
Epoch 00331 | Loss 0.0167 | Avg Epoch Time 1.2745s
Epoch 00332 | Loss 0.0162 | Avg Epoch Time 1.2745s
Epoch 00333 | Loss 0.0115 | Avg Epoch Time 1.2745s
Epoch 00334 | Loss 0.0212 | Avg Epoch Time 1.2745s
Epoch 00335 | Loss 0.0123 | Avg Epoch Time 1.2745s
Epoch 00335 | Valid acc: 82.84% | Test acc: 83.03%
Epoch 00336 | Loss 0.0155 | Avg Epoch Time 1.2744s
Epoch 00337 | Loss 0.0165 | Avg Epoch Time 1.2744s
Epoch 00338 | Loss 0.0188 | Avg Epoch Time 1.2744s
Epoch 00339 | Loss 0.0162 | Avg Epoch Time 1.2744s
Epoch 00340 | Loss 0.0140 | Avg Epoch Time 1.2744s
Epoch 00340 | Valid acc: 83.39% | Test acc: 81.73%
Epoch 00341 | Loss 0.0168 | Avg Epoch Time 1.2744s
Epoch 00342 | Loss 0.0207 | Avg Epoch Time 1.2744s
Epoch 00343 | Loss 0.0191 | Avg Epoch Time 1.2744s
Epoch 00344 | Loss 0.0259 | Avg Epoch Time 1.2748s
Epoch 00345 | Loss 0.0157 | Avg Epoch Time 1.2748s
Epoch 00345 | Valid acc: 83.03% | Test acc: 82.29%
Epoch 00346 | Loss 0.0188 | Avg Epoch Time 1.2747s
Epoch 00347 | Loss 0.0144 | Avg Epoch Time 1.2747s
Epoch 00348 | Loss 0.0143 | Avg Epoch Time 1.2747s
Epoch 00349 | Loss 0.0156 | Avg Epoch Time 1.2747s
Epoch 00350 | Loss 0.0161 | Avg Epoch Time 1.2747s
Epoch 00350 | Valid acc: 83.03% | Test acc: 83.39%
Epoch 00351 | Loss 0.0136 | Avg Epoch Time 1.2747s
Epoch 00352 | Loss 0.0254 | Avg Epoch Time 1.2747s
Epoch 00353 | Loss 0.0202 | Avg Epoch Time 1.2746s
Epoch 00354 | Loss 0.0271 | Avg Epoch Time 1.2746s
Epoch 00355 | Loss 0.0121 | Avg Epoch Time 1.2746s
Epoch 00355 | Valid acc: 83.03% | Test acc: 82.84%
Epoch 00356 | Loss 0.0192 | Avg Epoch Time 1.2746s
Epoch 00357 | Loss 0.0181 | Avg Epoch Time 1.2746s
Epoch 00358 | Loss 0.0187 | Avg Epoch Time 1.2746s
Epoch 00359 | Loss 0.0185 | Avg Epoch Time 1.2746s
Epoch 00360 | Loss 0.0164 | Avg Epoch Time 1.2745s
Epoch 00360 | Valid acc: 82.66% | Test acc: 82.66%
Epoch 00361 | Loss 0.0180 | Avg Epoch Time 1.2745s
Epoch 00362 | Loss 0.0112 | Avg Epoch Time 1.2745s
Epoch 00363 | Loss 0.0235 | Avg Epoch Time 1.2745s
Epoch 00364 | Loss 0.0225 | Avg Epoch Time 1.2745s
Epoch 00365 | Loss 0.0175 | Avg Epoch Time 1.2745s
Epoch 00365 | Valid acc: 83.76% | Test acc: 83.03%
Epoch 00366 | Loss 0.0176 | Avg Epoch Time 1.2744s
Epoch 00367 | Loss 0.0272 | Avg Epoch Time 1.2744s
Epoch 00368 | Loss 0.0198 | Avg Epoch Time 1.2744s
Epoch 00369 | Loss 0.0215 | Avg Epoch Time 1.2744s
Epoch 00370 | Loss 0.0195 | Avg Epoch Time 1.2744s
Epoch 00370 | Valid acc: 83.58% | Test acc: 83.03%
Epoch 00371 | Loss 0.0197 | Avg Epoch Time 1.2744s
Epoch 00372 | Loss 0.0155 | Avg Epoch Time 1.2744s
Epoch 00373 | Loss 0.0256 | Avg Epoch Time 1.2743s
Epoch 00374 | Loss 0.0233 | Avg Epoch Time 1.2743s
Epoch 00375 | Loss 0.0224 | Avg Epoch Time 1.2743s
Epoch 00375 | Valid acc: 83.58% | Test acc: 82.84%
Epoch 00376 | Loss 0.0149 | Avg Epoch Time 1.2743s
Epoch 00377 | Loss 0.0288 | Avg Epoch Time 1.2743s
Epoch 00378 | Loss 0.0196 | Avg Epoch Time 1.2743s
Epoch 00379 | Loss 0.0240 | Avg Epoch Time 1.2743s
Epoch 00380 | Loss 0.0164 | Avg Epoch Time 1.2743s
Epoch 00380 | Valid acc: 81.92% | Test acc: 82.10%
Epoch 00381 | Loss 0.0210 | Avg Epoch Time 1.2743s
Epoch 00382 | Loss 0.0169 | Avg Epoch Time 1.2742s
Epoch 00383 | Loss 0.0216 | Avg Epoch Time 1.2742s
Epoch 00384 | Loss 0.0163 | Avg Epoch Time 1.2742s
Epoch 00385 | Loss 0.0142 | Avg Epoch Time 1.2742s
Epoch 00385 | Valid acc: 83.21% | Test acc: 82.47%
Epoch 00386 | Loss 0.0171 | Avg Epoch Time 1.2746s
Epoch 00387 | Loss 0.0175 | Avg Epoch Time 1.2746s
Epoch 00388 | Loss 0.0113 | Avg Epoch Time 1.2746s
Epoch 00389 | Loss 0.0230 | Avg Epoch Time 1.2745s
Epoch 00390 | Loss 0.0165 | Avg Epoch Time 1.2745s
Epoch 00390 | Valid acc: 82.47% | Test acc: 81.92%
Epoch 00391 | Loss 0.0245 | Avg Epoch Time 1.2745s
Epoch 00392 | Loss 0.0128 | Avg Epoch Time 1.2745s
Epoch 00393 | Loss 0.0116 | Avg Epoch Time 1.2745s
Epoch 00394 | Loss 0.0198 | Avg Epoch Time 1.2745s
Epoch 00395 | Loss 0.0144 | Avg Epoch Time 1.2745s
Epoch 00395 | Valid acc: 82.84% | Test acc: 82.47%
Epoch 00396 | Loss 0.0130 | Avg Epoch Time 1.2745s
Epoch 00397 | Loss 0.0145 | Avg Epoch Time 1.2744s
Epoch 00398 | Loss 0.0139 | Avg Epoch Time 1.2744s
Epoch 00399 | Loss 0.0134 | Avg Epoch Time 1.2744s
Epoch 00400 | Loss 0.0147 | Avg Epoch Time 1.2744s
Epoch 00400 | Valid acc: 83.21% | Test acc: 83.03%
Epoch 00401 | Loss 0.0114 | Avg Epoch Time 1.2744s
Epoch 00402 | Loss 0.0180 | Avg Epoch Time 1.2744s
Epoch 00403 | Loss 0.0101 | Avg Epoch Time 1.2744s
Epoch 00404 | Loss 0.0148 | Avg Epoch Time 1.2744s
Epoch 00405 | Loss 0.0143 | Avg Epoch Time 1.2744s
Epoch 00405 | Valid acc: 82.84% | Test acc: 82.66%
Epoch 00406 | Loss 0.0157 | Avg Epoch Time 1.2743s
Epoch 00407 | Loss 0.0162 | Avg Epoch Time 1.2743s
Epoch 00408 | Loss 0.0168 | Avg Epoch Time 1.2743s
Epoch 00409 | Loss 0.0140 | Avg Epoch Time 1.2743s
Epoch 00410 | Loss 0.0143 | Avg Epoch Time 1.2743s
Epoch 00410 | Valid acc: 82.47% | Test acc: 82.47%
Epoch 00411 | Loss 0.0117 | Avg Epoch Time 1.2743s
Epoch 00412 | Loss 0.0295 | Avg Epoch Time 1.2743s
Epoch 00413 | Loss 0.0077 | Avg Epoch Time 1.2742s
Epoch 00414 | Loss 0.0258 | Avg Epoch Time 1.2742s
Epoch 00415 | Loss 0.0156 | Avg Epoch Time 1.2742s
Epoch 00415 | Valid acc: 82.66% | Test acc: 82.84%
Epoch 00416 | Loss 0.0118 | Avg Epoch Time 1.2742s
Epoch 00417 | Loss 0.0195 | Avg Epoch Time 1.2742s
Epoch 00418 | Loss 0.0103 | Avg Epoch Time 1.2742s
Epoch 00419 | Loss 0.0129 | Avg Epoch Time 1.2742s
Epoch 00420 | Loss 0.0159 | Avg Epoch Time 1.2741s
Epoch 00420 | Valid acc: 81.73% | Test acc: 83.21%
Epoch 00421 | Loss 0.0089 | Avg Epoch Time 1.2741s
Epoch 00422 | Loss 0.0126 | Avg Epoch Time 1.2741s
Epoch 00423 | Loss 0.0150 | Avg Epoch Time 1.2741s
Epoch 00424 | Loss 0.0106 | Avg Epoch Time 1.2741s
Epoch 00425 | Loss 0.0082 | Avg Epoch Time 1.2741s
Epoch 00425 | Valid acc: 82.84% | Test acc: 83.39%
Epoch 00426 | Loss 0.0106 | Avg Epoch Time 1.2741s
Epoch 00427 | Loss 0.0140 | Avg Epoch Time 1.2741s
Epoch 00428 | Loss 0.0129 | Avg Epoch Time 1.2741s
Epoch 00429 | Loss 0.0101 | Avg Epoch Time 1.2744s
Epoch 00430 | Loss 0.0200 | Avg Epoch Time 1.2744s
Epoch 00430 | Valid acc: 82.47% | Test acc: 83.76%
Epoch 00431 | Loss 0.0193 | Avg Epoch Time 1.2744s
Epoch 00432 | Loss 0.0218 | Avg Epoch Time 1.2744s
Epoch 00433 | Loss 0.0096 | Avg Epoch Time 1.2744s
Epoch 00434 | Loss 0.0097 | Avg Epoch Time 1.2743s
Epoch 00435 | Loss 0.0137 | Avg Epoch Time 1.2743s
Epoch 00435 | Valid acc: 82.47% | Test acc: 82.29%
Epoch 00436 | Loss 0.0096 | Avg Epoch Time 1.2743s
Epoch 00437 | Loss 0.0103 | Avg Epoch Time 1.2743s
Epoch 00438 | Loss 0.0148 | Avg Epoch Time 1.2743s
Epoch 00439 | Loss 0.0103 | Avg Epoch Time 1.2743s
Epoch 00440 | Loss 0.0092 | Avg Epoch Time 1.2743s
Epoch 00440 | Valid acc: 83.39% | Test acc: 83.21%
Epoch 00441 | Loss 0.0100 | Avg Epoch Time 1.2742s
Epoch 00442 | Loss 0.0094 | Avg Epoch Time 1.2742s
Epoch 00443 | Loss 0.0122 | Avg Epoch Time 1.2742s
Epoch 00444 | Loss 0.0093 | Avg Epoch Time 1.2742s
Epoch 00445 | Loss 0.0092 | Avg Epoch Time 1.2742s
Epoch 00445 | Valid acc: 82.84% | Test acc: 82.66%
Epoch 00446 | Loss 0.0073 | Avg Epoch Time 1.2742s
Epoch 00447 | Loss 0.0175 | Avg Epoch Time 1.2742s
Epoch 00448 | Loss 0.0116 | Avg Epoch Time 1.2742s
Epoch 00449 | Loss 0.0176 | Avg Epoch Time 1.2742s
Epoch 00450 | Loss 0.0085 | Avg Epoch Time 1.2741s
Epoch 00450 | Valid acc: 83.39% | Test acc: 82.84%
Epoch 00451 | Loss 0.0177 | Avg Epoch Time 1.2741s
Epoch 00452 | Loss 0.0222 | Avg Epoch Time 1.2741s
Epoch 00453 | Loss 0.0142 | Avg Epoch Time 1.2741s
Epoch 00454 | Loss 0.0192 | Avg Epoch Time 1.2741s
Epoch 00455 | Loss 0.0152 | Avg Epoch Time 1.2741s
Epoch 00455 | Valid acc: 82.29% | Test acc: 83.03%
Epoch 00456 | Loss 0.0332 | Avg Epoch Time 1.2741s
Epoch 00457 | Loss 0.0109 | Avg Epoch Time 1.2741s
Epoch 00458 | Loss 0.0178 | Avg Epoch Time 1.2741s
Epoch 00459 | Loss 0.0366 | Avg Epoch Time 1.2740s
Epoch 00460 | Loss 0.0112 | Avg Epoch Time 1.2740s
Epoch 00460 | Valid acc: 82.47% | Test acc: 83.95%
Epoch 00461 | Loss 0.0292 | Avg Epoch Time 1.2740s
Epoch 00462 | Loss 0.0082 | Avg Epoch Time 1.2740s
Epoch 00463 | Loss 0.0191 | Avg Epoch Time 1.2740s
Epoch 00464 | Loss 0.0206 | Avg Epoch Time 1.2740s
Epoch 00465 | Loss 0.0067 | Avg Epoch Time 1.2740s
Epoch 00465 | Valid acc: 83.21% | Test acc: 85.06%
Epoch 00466 | Loss 0.0169 | Avg Epoch Time 1.2740s
Epoch 00467 | Loss 0.0146 | Avg Epoch Time 1.2740s
Epoch 00468 | Loss 0.0127 | Avg Epoch Time 1.2739s
Epoch 00469 | Loss 0.0081 | Avg Epoch Time 1.2739s
Epoch 00470 | Loss 0.0092 | Avg Epoch Time 1.2739s
Epoch 00470 | Valid acc: 82.47% | Test acc: 82.84%
Epoch 00471 | Loss 0.0106 | Avg Epoch Time 1.2739s
Epoch 00472 | Loss 0.0129 | Avg Epoch Time 1.2742s
Epoch 00473 | Loss 0.0099 | Avg Epoch Time 1.2742s
Epoch 00474 | Loss 0.0081 | Avg Epoch Time 1.2742s
Epoch 00475 | Loss 0.0107 | Avg Epoch Time 1.2742s
Epoch 00475 | Valid acc: 82.47% | Test acc: 83.58%
Epoch 00476 | Loss 0.0082 | Avg Epoch Time 1.2742s
Epoch 00477 | Loss 0.0070 | Avg Epoch Time 1.2742s
Epoch 00478 | Loss 0.0142 | Avg Epoch Time 1.2742s
Epoch 00479 | Loss 0.0128 | Avg Epoch Time 1.2742s
Epoch 00480 | Loss 0.0136 | Avg Epoch Time 1.2741s
Epoch 00480 | Valid acc: 82.10% | Test acc: 83.03%
Epoch 00481 | Loss 0.0073 | Avg Epoch Time 1.2741s
Epoch 00482 | Loss 0.0067 | Avg Epoch Time 1.2741s
Epoch 00483 | Loss 0.0136 | Avg Epoch Time 1.2741s
Epoch 00484 | Loss 0.0064 | Avg Epoch Time 1.2741s
Epoch 00485 | Loss 0.0091 | Avg Epoch Time 1.2741s
Epoch 00485 | Valid acc: 82.29% | Test acc: 83.03%
Epoch 00486 | Loss 0.0116 | Avg Epoch Time 1.2741s
Epoch 00487 | Loss 0.0074 | Avg Epoch Time 1.2741s
Epoch 00488 | Loss 0.0066 | Avg Epoch Time 1.2741s
Epoch 00489 | Loss 0.0083 | Avg Epoch Time 1.2741s
Epoch 00490 | Loss 0.0080 | Avg Epoch Time 1.2741s
Epoch 00490 | Valid acc: 82.66% | Test acc: 84.13%
Epoch 00491 | Loss 0.0055 | Avg Epoch Time 1.2741s
Epoch 00492 | Loss 0.0095 | Avg Epoch Time 1.2740s
Epoch 00493 | Loss 0.0065 | Avg Epoch Time 1.2740s
Epoch 00494 | Loss 0.0093 | Avg Epoch Time 1.2740s
Epoch 00495 | Loss 0.0060 | Avg Epoch Time 1.2740s
Epoch 00495 | Valid acc: 82.29% | Test acc: 83.21%
Epoch 00496 | Loss 0.0084 | Avg Epoch Time 1.2740s
Epoch 00497 | Loss 0.0076 | Avg Epoch Time 1.2740s
Epoch 00498 | Loss 0.0116 | Avg Epoch Time 1.2740s
Epoch 00499 | Loss 0.0067 | Avg Epoch Time 1.2740s
Epoch 00500 | Loss 0.0082 | Avg Epoch Time 1.2739s
Epoch 00500 | Valid acc: 83.03% | Test acc: 83.95%
Epoch 00501 | Loss 0.0134 | Avg Epoch Time 1.2739s
Epoch 00502 | Loss 0.0061 | Avg Epoch Time 1.2739s
Epoch 00503 | Loss 0.0150 | Avg Epoch Time 1.2739s
Epoch 00504 | Loss 0.0157 | Avg Epoch Time 1.2739s
Epoch 00505 | Loss 0.0067 | Avg Epoch Time 1.2739s
Epoch 00505 | Valid acc: 83.21% | Test acc: 82.84%
Epoch 00506 | Loss 0.0087 | Avg Epoch Time 1.2739s
Epoch 00507 | Loss 0.0101 | Avg Epoch Time 1.2739s
Epoch 00508 | Loss 0.0070 | Avg Epoch Time 1.2739s
Epoch 00509 | Loss 0.0066 | Avg Epoch Time 1.2739s
Epoch 00510 | Loss 0.0052 | Avg Epoch Time 1.2739s
Epoch 00510 | Valid acc: 83.03% | Test acc: 83.21%
Epoch 00511 | Loss 0.0064 | Avg Epoch Time 1.2739s
Epoch 00512 | Loss 0.0042 | Avg Epoch Time 1.2739s
Epoch 00513 | Loss 0.0065 | Avg Epoch Time 1.2739s
Epoch 00514 | Loss 0.0114 | Avg Epoch Time 1.2742s
Epoch 00515 | Loss 0.0054 | Avg Epoch Time 1.2741s
Epoch 00515 | Valid acc: 82.66% | Test acc: 83.03%
Epoch 00516 | Loss 0.0073 | Avg Epoch Time 1.2741s
Epoch 00517 | Loss 0.0065 | Avg Epoch Time 1.2741s
Epoch 00518 | Loss 0.0098 | Avg Epoch Time 1.2741s
Epoch 00519 | Loss 0.0042 | Avg Epoch Time 1.2741s
Epoch 00520 | Loss 0.0052 | Avg Epoch Time 1.2741s
Epoch 00520 | Valid acc: 82.84% | Test acc: 83.03%
Epoch 00521 | Loss 0.0071 | Avg Epoch Time 1.2741s
Epoch 00522 | Loss 0.0077 | Avg Epoch Time 1.2741s
Epoch 00523 | Loss 0.0073 | Avg Epoch Time 1.2741s
Epoch 00524 | Loss 0.0068 | Avg Epoch Time 1.2741s
Epoch 00525 | Loss 0.0068 | Avg Epoch Time 1.2740s
Epoch 00525 | Valid acc: 82.29% | Test acc: 82.84%
Epoch 00526 | Loss 0.0105 | Avg Epoch Time 1.2740s
Epoch 00527 | Loss 0.0071 | Avg Epoch Time 1.2740s
Epoch 00528 | Loss 0.0082 | Avg Epoch Time 1.2740s
Epoch 00529 | Loss 0.0047 | Avg Epoch Time 1.2740s
Epoch 00530 | Loss 0.0056 | Avg Epoch Time 1.2740s
Epoch 00530 | Valid acc: 82.29% | Test acc: 83.21%
Epoch 00531 | Loss 0.0090 | Avg Epoch Time 1.2740s
Epoch 00532 | Loss 0.0065 | Avg Epoch Time 1.2740s
Epoch 00533 | Loss 0.0085 | Avg Epoch Time 1.2740s
Epoch 00534 | Loss 0.0043 | Avg Epoch Time 1.2740s
Epoch 00535 | Loss 0.0049 | Avg Epoch Time 1.2740s
Epoch 00535 | Valid acc: 83.58% | Test acc: 83.03%
Epoch 00536 | Loss 0.0120 | Avg Epoch Time 1.2740s
Epoch 00537 | Loss 0.0042 | Avg Epoch Time 1.2740s
Epoch 00538 | Loss 0.0110 | Avg Epoch Time 1.2739s
Epoch 00539 | Loss 0.0098 | Avg Epoch Time 1.2739s
Epoch 00540 | Loss 0.0072 | Avg Epoch Time 1.2739s
Epoch 00540 | Valid acc: 82.84% | Test acc: 83.39%
Epoch 00541 | Loss 0.0058 | Avg Epoch Time 1.2739s
Epoch 00542 | Loss 0.0106 | Avg Epoch Time 1.2739s
Epoch 00543 | Loss 0.0062 | Avg Epoch Time 1.2739s
Epoch 00544 | Loss 0.0057 | Avg Epoch Time 1.2739s
Epoch 00545 | Loss 0.0078 | Avg Epoch Time 1.2739s
Epoch 00545 | Valid acc: 82.10% | Test acc: 82.29%
Epoch 00546 | Loss 0.0058 | Avg Epoch Time 1.2739s
Epoch 00547 | Loss 0.0115 | Avg Epoch Time 1.2739s
Epoch 00548 | Loss 0.0075 | Avg Epoch Time 1.2739s
Epoch 00549 | Loss 0.0069 | Avg Epoch Time 1.2739s
Epoch 00550 | Loss 0.0073 | Avg Epoch Time 1.2739s
Epoch 00550 | Valid acc: 82.29% | Test acc: 83.21%
Epoch 00551 | Loss 0.0144 | Avg Epoch Time 1.2738s
Epoch 00552 | Loss 0.0075 | Avg Epoch Time 1.2738s
Epoch 00553 | Loss 0.0039 | Avg Epoch Time 1.2738s
Epoch 00554 | Loss 0.0092 | Avg Epoch Time 1.2738s
Epoch 00555 | Loss 0.0097 | Avg Epoch Time 1.2738s
Epoch 00555 | Valid acc: 81.73% | Test acc: 81.37%
Epoch 00556 | Loss 0.0055 | Avg Epoch Time 1.2738s
Epoch 00557 | Loss 0.0041 | Avg Epoch Time 1.2741s
Epoch 00558 | Loss 0.0075 | Avg Epoch Time 1.2741s
Epoch 00559 | Loss 0.0077 | Avg Epoch Time 1.2741s
Epoch 00560 | Loss 0.0048 | Avg Epoch Time 1.2740s
Epoch 00560 | Valid acc: 82.29% | Test acc: 82.10%
Epoch 00561 | Loss 0.0059 | Avg Epoch Time 1.2740s
Epoch 00562 | Loss 0.0103 | Avg Epoch Time 1.2740s
Epoch 00563 | Loss 0.0042 | Avg Epoch Time 1.2740s
Epoch 00564 | Loss 0.0062 | Avg Epoch Time 1.2740s
Epoch 00565 | Loss 0.0055 | Avg Epoch Time 1.2740s
Epoch 00565 | Valid acc: 82.47% | Test acc: 83.39%
Epoch 00566 | Loss 0.0071 | Avg Epoch Time 1.2740s
Epoch 00567 | Loss 0.0061 | Avg Epoch Time 1.2740s
Epoch 00568 | Loss 0.0062 | Avg Epoch Time 1.2740s
Epoch 00569 | Loss 0.0069 | Avg Epoch Time 1.2740s
Epoch 00570 | Loss 0.0052 | Avg Epoch Time 1.2740s
Epoch 00570 | Valid acc: 83.39% | Test acc: 82.66%
Epoch 00571 | Loss 0.0080 | Avg Epoch Time 1.2740s
Epoch 00572 | Loss 0.0050 | Avg Epoch Time 1.2740s
Epoch 00573 | Loss 0.0055 | Avg Epoch Time 1.2740s
Epoch 00574 | Loss 0.0041 | Avg Epoch Time 1.2740s
Epoch 00575 | Loss 0.0093 | Avg Epoch Time 1.2740s
Epoch 00575 | Valid acc: 82.47% | Test acc: 82.47%
Epoch 00576 | Loss 0.0052 | Avg Epoch Time 1.2739s
Epoch 00577 | Loss 0.0047 | Avg Epoch Time 1.2739s
Epoch 00578 | Loss 0.0071 | Avg Epoch Time 1.2739s
Epoch 00579 | Loss 0.0057 | Avg Epoch Time 1.2739s
Epoch 00580 | Loss 0.0045 | Avg Epoch Time 1.2739s
Epoch 00580 | Valid acc: 83.39% | Test acc: 82.29%
Epoch 00581 | Loss 0.0062 | Avg Epoch Time 1.2739s
Epoch 00582 | Loss 0.0043 | Avg Epoch Time 1.2739s
Epoch 00583 | Loss 0.0046 | Avg Epoch Time 1.2739s
Epoch 00584 | Loss 0.0072 | Avg Epoch Time 1.2739s
Epoch 00585 | Loss 0.0074 | Avg Epoch Time 1.2739s
Epoch 00585 | Valid acc: 82.66% | Test acc: 82.29%
Epoch 00586 | Loss 0.0086 | Avg Epoch Time 1.2739s
Epoch 00587 | Loss 0.0040 | Avg Epoch Time 1.2739s
Epoch 00588 | Loss 0.0094 | Avg Epoch Time 1.2739s
Epoch 00589 | Loss 0.0110 | Avg Epoch Time 1.2738s
Epoch 00590 | Loss 0.0069 | Avg Epoch Time 1.2738s
Epoch 00590 | Valid acc: 82.84% | Test acc: 83.95%
Epoch 00591 | Loss 0.0084 | Avg Epoch Time 1.2738s
Epoch 00592 | Loss 0.0046 | Avg Epoch Time 1.2738s
Epoch 00593 | Loss 0.0056 | Avg Epoch Time 1.2738s
Epoch 00594 | Loss 0.0120 | Avg Epoch Time 1.2738s
Epoch 00595 | Loss 0.0050 | Avg Epoch Time 1.2738s
Epoch 00595 | Valid acc: 82.84% | Test acc: 81.73%
Epoch 00596 | Loss 0.0068 | Avg Epoch Time 1.2738s
Epoch 00597 | Loss 0.0102 | Avg Epoch Time 1.2738s
Epoch 00598 | Loss 0.0039 | Avg Epoch Time 1.2738s
Epoch 00599 | Loss 0.0059 | Avg Epoch Time 1.2738s
Epoch 00600 | Loss 0.0074 | Avg Epoch Time 1.2740s
Epoch 00600 | Valid acc: 83.39% | Test acc: 82.84%
Epoch 00601 | Loss 0.0073 | Avg Epoch Time 1.2740s
Epoch 00602 | Loss 0.0101 | Avg Epoch Time 1.2740s
Epoch 00603 | Loss 0.0066 | Avg Epoch Time 1.2740s
Epoch 00604 | Loss 0.0055 | Avg Epoch Time 1.2740s
Epoch 00605 | Loss 0.0052 | Avg Epoch Time 1.2740s
Epoch 00605 | Valid acc: 83.58% | Test acc: 82.84%
Epoch 00606 | Loss 0.0068 | Avg Epoch Time 1.2740s
Epoch 00607 | Loss 0.0058 | Avg Epoch Time 1.2740s
Epoch 00608 | Loss 0.0097 | Avg Epoch Time 1.2740s
Epoch 00609 | Loss 0.0080 | Avg Epoch Time 1.2740s
Epoch 00610 | Loss 0.0091 | Avg Epoch Time 1.2740s
Epoch 00610 | Valid acc: 83.58% | Test acc: 81.55%
Epoch 00611 | Loss 0.0079 | Avg Epoch Time 1.2740s
Epoch 00612 | Loss 0.0091 | Avg Epoch Time 1.2740s
Epoch 00613 | Loss 0.0085 | Avg Epoch Time 1.2740s
Epoch 00614 | Loss 0.0085 | Avg Epoch Time 1.2740s
Epoch 00615 | Loss 0.0108 | Avg Epoch Time 1.2740s
Epoch 00615 | Valid acc: 82.29% | Test acc: 83.03%
Epoch 00616 | Loss 0.0086 | Avg Epoch Time 1.2740s
Epoch 00617 | Loss 0.0140 | Avg Epoch Time 1.2740s
Epoch 00618 | Loss 0.0064 | Avg Epoch Time 1.2739s
Epoch 00619 | Loss 0.0095 | Avg Epoch Time 1.2740s
Epoch 00620 | Loss 0.0132 | Avg Epoch Time 1.2740s
Epoch 00620 | Valid acc: 83.76% | Test acc: 81.73%
Epoch 00621 | Loss 0.0052 | Avg Epoch Time 1.2739s
Epoch 00622 | Loss 0.0090 | Avg Epoch Time 1.2739s
Epoch 00623 | Loss 0.0137 | Avg Epoch Time 1.2739s
Epoch 00624 | Loss 0.0095 | Avg Epoch Time 1.2739s
Epoch 00625 | Loss 0.0081 | Avg Epoch Time 1.2739s
Epoch 00625 | Valid acc: 83.58% | Test acc: 83.39%
Epoch 00626 | Loss 0.0068 | Avg Epoch Time 1.2739s
Epoch 00627 | Loss 0.0090 | Avg Epoch Time 1.2739s
Epoch 00628 | Loss 0.0085 | Avg Epoch Time 1.2739s
Epoch 00629 | Loss 0.0093 | Avg Epoch Time 1.2739s
Epoch 00630 | Loss 0.0092 | Avg Epoch Time 1.2739s
Epoch 00630 | Valid acc: 83.76% | Test acc: 83.21%
Epoch 00631 | Loss 0.0067 | Avg Epoch Time 1.2739s
Epoch 00632 | Loss 0.0054 | Avg Epoch Time 1.2739s
Epoch 00633 | Loss 0.0053 | Avg Epoch Time 1.2738s
Epoch 00634 | Loss 0.0042 | Avg Epoch Time 1.2738s
Epoch 00635 | Loss 0.0074 | Avg Epoch Time 1.2738s
Epoch 00635 | Valid acc: 84.13% | Test acc: 84.13%
Epoch 00636 | Loss 0.0045 | Avg Epoch Time 1.2738s
Epoch 00637 | Loss 0.0085 | Avg Epoch Time 1.2738s
Epoch 00638 | Loss 0.0116 | Avg Epoch Time 1.2738s
Epoch 00639 | Loss 0.0070 | Avg Epoch Time 1.2738s
Epoch 00640 | Loss 0.0050 | Avg Epoch Time 1.2738s
Epoch 00640 | Valid acc: 83.21% | Test acc: 83.58%
Epoch 00641 | Loss 0.0127 | Avg Epoch Time 1.2738s
Epoch 00642 | Loss 0.0042 | Avg Epoch Time 1.2740s
Epoch 00643 | Loss 0.0185 | Avg Epoch Time 1.2740s
Epoch 00644 | Loss 0.0052 | Avg Epoch Time 1.2740s
Epoch 00645 | Loss 0.0372 | Avg Epoch Time 1.2740s
Epoch 00645 | Valid acc: 82.66% | Test acc: 83.39%
Epoch 00646 | Loss 0.0073 | Avg Epoch Time 1.2740s
Epoch 00647 | Loss 0.0477 | Avg Epoch Time 1.2740s
Epoch 00648 | Loss 0.0055 | Avg Epoch Time 1.2740s
Epoch 00649 | Loss 0.0233 | Avg Epoch Time 1.2740s
Epoch 00650 | Loss 0.0098 | Avg Epoch Time 1.2740s
Epoch 00650 | Valid acc: 82.84% | Test acc: 83.95%
Epoch 00651 | Loss 0.0098 | Avg Epoch Time 1.2740s
Epoch 00652 | Loss 0.0121 | Avg Epoch Time 1.2740s
Epoch 00653 | Loss 0.0121 | Avg Epoch Time 1.2740s
Epoch 00654 | Loss 0.0115 | Avg Epoch Time 1.2740s
Epoch 00655 | Loss 0.0115 | Avg Epoch Time 1.2739s
Epoch 00655 | Valid acc: 84.32% | Test acc: 83.21%
Epoch 00656 | Loss 0.0072 | Avg Epoch Time 1.2739s
Epoch 00657 | Loss 0.0100 | Avg Epoch Time 1.2739s
Epoch 00658 | Loss 0.0109 | Avg Epoch Time 1.2739s
Epoch 00659 | Loss 0.0063 | Avg Epoch Time 1.2739s
Epoch 00660 | Loss 0.0105 | Avg Epoch Time 1.2739s
Epoch 00660 | Valid acc: 82.84% | Test acc: 83.39%
Epoch 00661 | Loss 0.0084 | Avg Epoch Time 1.2739s
Epoch 00662 | Loss 0.0060 | Avg Epoch Time 1.2739s
Epoch 00663 | Loss 0.0051 | Avg Epoch Time 1.2739s
Epoch 00664 | Loss 0.0071 | Avg Epoch Time 1.2739s
Epoch 00665 | Loss 0.0085 | Avg Epoch Time 1.2739s
Epoch 00665 | Valid acc: 83.39% | Test acc: 82.84%
Epoch 00666 | Loss 0.0057 | Avg Epoch Time 1.2739s
Epoch 00667 | Loss 0.0067 | Avg Epoch Time 1.2739s
Epoch 00668 | Loss 0.0108 | Avg Epoch Time 1.2739s
Epoch 00669 | Loss 0.0060 | Avg Epoch Time 1.2738s
Epoch 00670 | Loss 0.0051 | Avg Epoch Time 1.2738s
Epoch 00670 | Valid acc: 83.03% | Test acc: 83.58%
Epoch 00671 | Loss 0.0086 | Avg Epoch Time 1.2738s
Epoch 00672 | Loss 0.0054 | Avg Epoch Time 1.2738s
Epoch 00673 | Loss 0.0059 | Avg Epoch Time 1.2738s
Epoch 00674 | Loss 0.0038 | Avg Epoch Time 1.2738s
Epoch 00675 | Loss 0.0096 | Avg Epoch Time 1.2738s
Epoch 00675 | Valid acc: 82.47% | Test acc: 82.47%
Epoch 00676 | Loss 0.0047 | Avg Epoch Time 1.2738s
Epoch 00677 | Loss 0.0046 | Avg Epoch Time 1.2738s
Epoch 00678 | Loss 0.0044 | Avg Epoch Time 1.2738s
Epoch 00679 | Loss 0.0050 | Avg Epoch Time 1.2738s
Epoch 00680 | Loss 0.0054 | Avg Epoch Time 1.2738s
Epoch 00680 | Valid acc: 83.03% | Test acc: 82.66%
Epoch 00681 | Loss 0.0043 | Avg Epoch Time 1.2738s
Epoch 00682 | Loss 0.0028 | Avg Epoch Time 1.2738s
Epoch 00683 | Loss 0.0039 | Avg Epoch Time 1.2738s
Epoch 00684 | Loss 0.0050 | Avg Epoch Time 1.2738s
Epoch 00685 | Loss 0.0028 | Avg Epoch Time 1.2740s
Epoch 00685 | Valid acc: 83.21% | Test acc: 83.39%
Epoch 00686 | Loss 0.0107 | Avg Epoch Time 1.2740s
Epoch 00687 | Loss 0.0033 | Avg Epoch Time 1.2740s
Epoch 00688 | Loss 0.0077 | Avg Epoch Time 1.2739s
Epoch 00689 | Loss 0.0048 | Avg Epoch Time 1.2739s
Epoch 00690 | Loss 0.0046 | Avg Epoch Time 1.2739s
Epoch 00690 | Valid acc: 82.10% | Test acc: 81.18%
Epoch 00691 | Loss 0.0151 | Avg Epoch Time 1.2739s
Epoch 00692 | Loss 0.0040 | Avg Epoch Time 1.2739s
Epoch 00693 | Loss 0.0192 | Avg Epoch Time 1.2739s
Epoch 00694 | Loss 0.0096 | Avg Epoch Time 1.2739s
Epoch 00695 | Loss 0.0175 | Avg Epoch Time 1.2739s
Epoch 00695 | Valid acc: 82.66% | Test acc: 83.03%
Epoch 00696 | Loss 0.0089 | Avg Epoch Time 1.2739s
Epoch 00697 | Loss 0.0120 | Avg Epoch Time 1.2739s
Epoch 00698 | Loss 0.0159 | Avg Epoch Time 1.2739s
Epoch 00699 | Loss 0.0093 | Avg Epoch Time 1.2739s
Epoch 00700 | Loss 0.0089 | Avg Epoch Time 1.2739s
Epoch 00700 | Valid acc: 82.47% | Test acc: 82.66%
Epoch 00701 | Loss 0.0123 | Avg Epoch Time 1.2739s
Epoch 00702 | Loss 0.0107 | Avg Epoch Time 1.2739s
Epoch 00703 | Loss 0.0077 | Avg Epoch Time 1.2739s
Epoch 00704 | Loss 0.0089 | Avg Epoch Time 1.2739s
Epoch 00705 | Loss 0.0067 | Avg Epoch Time 1.2739s
Epoch 00705 | Valid acc: 82.47% | Test acc: 83.95%
Epoch 00706 | Loss 0.0088 | Avg Epoch Time 1.2738s
Epoch 00707 | Loss 0.0175 | Avg Epoch Time 1.2738s
Epoch 00708 | Loss 0.0254 | Avg Epoch Time 1.2738s
Epoch 00709 | Loss 0.0068 | Avg Epoch Time 1.2738s
Epoch 00710 | Loss 0.0107 | Avg Epoch Time 1.2738s
Epoch 00710 | Valid acc: 82.66% | Test acc: 84.32%
Epoch 00711 | Loss 0.0117 | Avg Epoch Time 1.2738s
Epoch 00712 | Loss 0.0158 | Avg Epoch Time 1.2738s
Epoch 00713 | Loss 0.0082 | Avg Epoch Time 1.2738s
Epoch 00714 | Loss 0.0088 | Avg Epoch Time 1.2738s
Epoch 00715 | Loss 0.0077 | Avg Epoch Time 1.2738s
Epoch 00715 | Valid acc: 82.29% | Test acc: 83.76%
Epoch 00716 | Loss 0.0085 | Avg Epoch Time 1.2738s
Epoch 00717 | Loss 0.0119 | Avg Epoch Time 1.2738s
Epoch 00718 | Loss 0.0108 | Avg Epoch Time 1.2738s
Epoch 00719 | Loss 0.0072 | Avg Epoch Time 1.2738s
Epoch 00720 | Loss 0.0151 | Avg Epoch Time 1.2737s
Epoch 00720 | Valid acc: 83.21% | Test acc: 83.39%
Epoch 00721 | Loss 0.0093 | Avg Epoch Time 1.2737s
Epoch 00722 | Loss 0.0130 | Avg Epoch Time 1.2737s
Epoch 00723 | Loss 0.0079 | Avg Epoch Time 1.2737s
Epoch 00724 | Loss 0.0058 | Avg Epoch Time 1.2737s
Epoch 00725 | Loss 0.0124 | Avg Epoch Time 1.2737s
Epoch 00725 | Valid acc: 82.47% | Test acc: 82.47%
Epoch 00726 | Loss 0.0122 | Avg Epoch Time 1.2737s
Epoch 00727 | Loss 0.0155 | Avg Epoch Time 1.2737s
Epoch 00728 | Loss 0.0124 | Avg Epoch Time 1.2739s
Epoch 00729 | Loss 0.0118 | Avg Epoch Time 1.2739s
Epoch 00730 | Loss 0.0074 | Avg Epoch Time 1.2739s
Epoch 00730 | Valid acc: 82.66% | Test acc: 84.13%
Epoch 00731 | Loss 0.0073 | Avg Epoch Time 1.2739s
Epoch 00732 | Loss 0.0101 | Avg Epoch Time 1.2739s
Epoch 00733 | Loss 0.0129 | Avg Epoch Time 1.2739s
Epoch 00734 | Loss 0.0165 | Avg Epoch Time 1.2739s
Epoch 00735 | Loss 0.0110 | Avg Epoch Time 1.2739s
Epoch 00735 | Valid acc: 81.73% | Test acc: 81.92%
Epoch 00736 | Loss 0.0135 | Avg Epoch Time 1.2739s
Epoch 00737 | Loss 0.0084 | Avg Epoch Time 1.2739s
Epoch 00738 | Loss 0.0104 | Avg Epoch Time 1.2739s
Epoch 00739 | Loss 0.0205 | Avg Epoch Time 1.2739s
Epoch 00740 | Loss 0.0067 | Avg Epoch Time 1.2739s
Epoch 00740 | Valid acc: 81.37% | Test acc: 82.47%
Epoch 00741 | Loss 0.0162 | Avg Epoch Time 1.2738s
Epoch 00742 | Loss 0.0074 | Avg Epoch Time 1.2738s
Epoch 00743 | Loss 0.0072 | Avg Epoch Time 1.2738s
Epoch 00744 | Loss 0.0120 | Avg Epoch Time 1.2738s
Epoch 00745 | Loss 0.0080 | Avg Epoch Time 1.2738s
Epoch 00745 | Valid acc: 81.73% | Test acc: 83.58%
Epoch 00746 | Loss 0.0092 | Avg Epoch Time 1.2738s
Epoch 00747 | Loss 0.0098 | Avg Epoch Time 1.2738s
Epoch 00748 | Loss 0.0131 | Avg Epoch Time 1.2738s
Epoch 00749 | Loss 0.0138 | Avg Epoch Time 1.2738s
Epoch 00750 | Loss 0.0099 | Avg Epoch Time 1.2738s
Epoch 00750 | Valid acc: 83.39% | Test acc: 82.84%
Epoch 00751 | Loss 0.0071 | Avg Epoch Time 1.2738s
Epoch 00752 | Loss 0.0079 | Avg Epoch Time 1.2738s
Epoch 00753 | Loss 0.0124 | Avg Epoch Time 1.2738s
Epoch 00754 | Loss 0.0057 | Avg Epoch Time 1.2738s
Epoch 00755 | Loss 0.0125 | Avg Epoch Time 1.2738s
Epoch 00755 | Valid acc: 82.84% | Test acc: 84.32%
Epoch 00756 | Loss 0.0050 | Avg Epoch Time 1.2738s
Epoch 00757 | Loss 0.0100 | Avg Epoch Time 1.2738s
Epoch 00758 | Loss 0.0062 | Avg Epoch Time 1.2738s
Epoch 00759 | Loss 0.0069 | Avg Epoch Time 1.2738s
Epoch 00760 | Loss 0.0083 | Avg Epoch Time 1.2738s
Epoch 00760 | Valid acc: 83.58% | Test acc: 83.21%
Epoch 00761 | Loss 0.0056 | Avg Epoch Time 1.2738s
Epoch 00762 | Loss 0.0044 | Avg Epoch Time 1.2737s
Epoch 00763 | Loss 0.0063 | Avg Epoch Time 1.2737s
Epoch 00764 | Loss 0.0054 | Avg Epoch Time 1.2737s
Epoch 00765 | Loss 0.0081 | Avg Epoch Time 1.2737s
Epoch 00765 | Valid acc: 83.21% | Test acc: 83.76%
Epoch 00766 | Loss 0.0037 | Avg Epoch Time 1.2737s
Epoch 00767 | Loss 0.0037 | Avg Epoch Time 1.2737s
Epoch 00768 | Loss 0.0048 | Avg Epoch Time 1.2737s
Epoch 00769 | Loss 0.0049 | Avg Epoch Time 1.2737s
Epoch 00770 | Loss 0.0093 | Avg Epoch Time 1.2739s
Epoch 00770 | Valid acc: 83.95% | Test acc: 83.58%
Epoch 00771 | Loss 0.0078 | Avg Epoch Time 1.2739s
Epoch 00772 | Loss 0.0068 | Avg Epoch Time 1.2739s
Epoch 00773 | Loss 0.0037 | Avg Epoch Time 1.2739s
Epoch 00774 | Loss 0.0065 | Avg Epoch Time 1.2739s
Epoch 00775 | Loss 0.0048 | Avg Epoch Time 1.2739s
Epoch 00775 | Valid acc: 81.92% | Test acc: 82.84%
Epoch 00776 | Loss 0.0095 | Avg Epoch Time 1.2739s
Epoch 00777 | Loss 0.0053 | Avg Epoch Time 1.2739s
Epoch 00778 | Loss 0.0062 | Avg Epoch Time 1.2739s
Epoch 00779 | Loss 0.0115 | Avg Epoch Time 1.2739s
Epoch 00780 | Loss 0.0052 | Avg Epoch Time 1.2739s
Epoch 00780 | Valid acc: 81.55% | Test acc: 83.39%
Epoch 00781 | Loss 0.0092 | Avg Epoch Time 1.2739s
Epoch 00782 | Loss 0.0086 | Avg Epoch Time 1.2739s
Epoch 00783 | Loss 0.0043 | Avg Epoch Time 1.2738s
Epoch 00784 | Loss 0.0118 | Avg Epoch Time 1.2738s
Epoch 00785 | Loss 0.0090 | Avg Epoch Time 1.2738s
Epoch 00785 | Valid acc: 83.58% | Test acc: 84.32%
Epoch 00786 | Loss 0.0035 | Avg Epoch Time 1.2738s
Epoch 00787 | Loss 0.0070 | Avg Epoch Time 1.2738s
Epoch 00788 | Loss 0.0081 | Avg Epoch Time 1.2738s
Epoch 00789 | Loss 0.0054 | Avg Epoch Time 1.2738s
Epoch 00790 | Loss 0.0044 | Avg Epoch Time 1.2738s
Epoch 00790 | Valid acc: 83.76% | Test acc: 84.13%
Epoch 00791 | Loss 0.0031 | Avg Epoch Time 1.2738s
Epoch 00792 | Loss 0.0045 | Avg Epoch Time 1.2738s
Epoch 00793 | Loss 0.0065 | Avg Epoch Time 1.2738s
Epoch 00794 | Loss 0.0072 | Avg Epoch Time 1.2738s
Epoch 00795 | Loss 0.0044 | Avg Epoch Time 1.2738s
Epoch 00795 | Valid acc: 83.58% | Test acc: 83.95%
Epoch 00796 | Loss 0.0039 | Avg Epoch Time 1.2738s
Epoch 00797 | Loss 0.0071 | Avg Epoch Time 1.2738s
Epoch 00798 | Loss 0.0049 | Avg Epoch Time 1.2738s
Epoch 00799 | Loss 0.0078 | Avg Epoch Time 1.2738s
Epoch 00800 | Loss 0.0065 | Avg Epoch Time 1.2738s
Epoch 00800 | Valid acc: 83.39% | Test acc: 83.21%
Epoch 00801 | Loss 0.0059 | Avg Epoch Time 1.2738s
Epoch 00802 | Loss 0.0030 | Avg Epoch Time 1.2738s
Epoch 00803 | Loss 0.0035 | Avg Epoch Time 1.2738s
Epoch 00804 | Loss 0.0169 | Avg Epoch Time 1.2737s
Epoch 00805 | Loss 0.0075 | Avg Epoch Time 1.2737s
Epoch 00805 | Valid acc: 83.21% | Test acc: 84.69%
Epoch 00806 | Loss 0.0028 | Avg Epoch Time 1.2737s
Epoch 00807 | Loss 0.0193 | Avg Epoch Time 1.2737s
Epoch 00808 | Loss 0.0031 | Avg Epoch Time 1.2737s
Epoch 00809 | Loss 0.0076 | Avg Epoch Time 1.2737s
Epoch 00810 | Loss 0.0167 | Avg Epoch Time 1.2737s
Epoch 00810 | Valid acc: 82.66% | Test acc: 83.95%
Epoch 00811 | Loss 0.0083 | Avg Epoch Time 1.2737s
Epoch 00812 | Loss 0.0035 | Avg Epoch Time 1.2737s
Epoch 00813 | Loss 0.0134 | Avg Epoch Time 1.2739s
Epoch 00814 | Loss 0.0079 | Avg Epoch Time 1.2739s
Epoch 00815 | Loss 0.0083 | Avg Epoch Time 1.2739s
Epoch 00815 | Valid acc: 82.84% | Test acc: 83.95%
Epoch 00816 | Loss 0.0033 | Avg Epoch Time 1.2739s
Epoch 00817 | Loss 0.0036 | Avg Epoch Time 1.2739s
Epoch 00818 | Loss 0.0060 | Avg Epoch Time 1.2739s
Epoch 00819 | Loss 0.0093 | Avg Epoch Time 1.2739s
Epoch 00820 | Loss 0.0069 | Avg Epoch Time 1.2739s
Epoch 00820 | Valid acc: 82.84% | Test acc: 83.03%
Epoch 00821 | Loss 0.0040 | Avg Epoch Time 1.2739s
Epoch 00822 | Loss 0.0040 | Avg Epoch Time 1.2738s
Epoch 00823 | Loss 0.0047 | Avg Epoch Time 1.2738s
Epoch 00824 | Loss 0.0049 | Avg Epoch Time 1.2738s
Epoch 00825 | Loss 0.0041 | Avg Epoch Time 1.2738s
Epoch 00825 | Valid acc: 83.03% | Test acc: 83.95%
Epoch 00826 | Loss 0.0045 | Avg Epoch Time 1.2738s
Epoch 00827 | Loss 0.0070 | Avg Epoch Time 1.2738s
Epoch 00828 | Loss 0.0029 | Avg Epoch Time 1.2738s
Epoch 00829 | Loss 0.0075 | Avg Epoch Time 1.2738s
Epoch 00830 | Loss 0.0035 | Avg Epoch Time 1.2738s
Epoch 00830 | Valid acc: 82.29% | Test acc: 83.95%
Epoch 00831 | Loss 0.0048 | Avg Epoch Time 1.2738s
Epoch 00832 | Loss 0.0048 | Avg Epoch Time 1.2738s
Epoch 00833 | Loss 0.0049 | Avg Epoch Time 1.2738s
Epoch 00834 | Loss 0.0032 | Avg Epoch Time 1.2738s
Epoch 00835 | Loss 0.0074 | Avg Epoch Time 1.2738s
Epoch 00835 | Valid acc: 82.66% | Test acc: 82.84%
Epoch 00836 | Loss 0.0036 | Avg Epoch Time 1.2738s
Epoch 00837 | Loss 0.0042 | Avg Epoch Time 1.2738s
Epoch 00838 | Loss 0.0041 | Avg Epoch Time 1.2738s
Epoch 00839 | Loss 0.0057 | Avg Epoch Time 1.2738s
Epoch 00840 | Loss 0.0043 | Avg Epoch Time 1.2738s
Epoch 00840 | Valid acc: 83.39% | Test acc: 84.32%
Epoch 00841 | Loss 0.0045 | Avg Epoch Time 1.2738s
Epoch 00842 | Loss 0.0034 | Avg Epoch Time 1.2738s
Epoch 00843 | Loss 0.0044 | Avg Epoch Time 1.2738s
Epoch 00844 | Loss 0.0033 | Avg Epoch Time 1.2738s
Epoch 00845 | Loss 0.0021 | Avg Epoch Time 1.2738s
Epoch 00845 | Valid acc: 82.29% | Test acc: 83.39%
Epoch 00846 | Loss 0.0047 | Avg Epoch Time 1.2738s
Epoch 00847 | Loss 0.0038 | Avg Epoch Time 1.2738s
Epoch 00848 | Loss 0.0030 | Avg Epoch Time 1.2737s
Epoch 00849 | Loss 0.0034 | Avg Epoch Time 1.2737s
Epoch 00850 | Loss 0.0024 | Avg Epoch Time 1.2737s
Epoch 00850 | Valid acc: 81.73% | Test acc: 83.58%
Epoch 00851 | Loss 0.0077 | Avg Epoch Time 1.2737s
Epoch 00852 | Loss 0.0020 | Avg Epoch Time 1.2737s
Epoch 00853 | Loss 0.0031 | Avg Epoch Time 1.2737s
Epoch 00854 | Loss 0.0026 | Avg Epoch Time 1.2737s
Epoch 00855 | Loss 0.0021 | Avg Epoch Time 1.2737s
Epoch 00855 | Valid acc: 83.21% | Test acc: 83.39%
Epoch 00856 | Loss 0.0023 | Avg Epoch Time 1.2739s
Epoch 00857 | Loss 0.0029 | Avg Epoch Time 1.2739s
Epoch 00858 | Loss 0.0018 | Avg Epoch Time 1.2739s
Epoch 00859 | Loss 0.0019 | Avg Epoch Time 1.2739s
Epoch 00860 | Loss 0.0026 | Avg Epoch Time 1.2739s
Epoch 00860 | Valid acc: 83.03% | Test acc: 83.21%
Epoch 00861 | Loss 0.0045 | Avg Epoch Time 1.2739s
Epoch 00862 | Loss 0.0015 | Avg Epoch Time 1.2739s
Epoch 00863 | Loss 0.0015 | Avg Epoch Time 1.2739s
Epoch 00864 | Loss 0.0013 | Avg Epoch Time 1.2738s
Epoch 00865 | Loss 0.0018 | Avg Epoch Time 1.2738s
Epoch 00865 | Valid acc: 82.84% | Test acc: 83.21%
Epoch 00866 | Loss 0.0025 | Avg Epoch Time 1.2738s
Epoch 00867 | Loss 0.0019 | Avg Epoch Time 1.2738s
Epoch 00868 | Loss 0.0030 | Avg Epoch Time 1.2738s
Epoch 00869 | Loss 0.0035 | Avg Epoch Time 1.2738s
Epoch 00870 | Loss 0.0017 | Avg Epoch Time 1.2738s
Epoch 00870 | Valid acc: 82.66% | Test acc: 83.21%
Epoch 00871 | Loss 0.0023 | Avg Epoch Time 1.2738s
Epoch 00872 | Loss 0.0035 | Avg Epoch Time 1.2738s
Epoch 00873 | Loss 0.0016 | Avg Epoch Time 1.2738s
Epoch 00874 | Loss 0.0016 | Avg Epoch Time 1.2738s
Epoch 00875 | Loss 0.0073 | Avg Epoch Time 1.2738s
Epoch 00875 | Valid acc: 82.66% | Test acc: 83.76%
Epoch 00876 | Loss 0.0017 | Avg Epoch Time 1.2738s
Epoch 00877 | Loss 0.0015 | Avg Epoch Time 1.2738s
Epoch 00878 | Loss 0.0043 | Avg Epoch Time 1.2738s
Epoch 00879 | Loss 0.0022 | Avg Epoch Time 1.2738s
Epoch 00880 | Loss 0.0124 | Avg Epoch Time 1.2738s
Epoch 00880 | Valid acc: 82.84% | Test acc: 83.58%
Epoch 00881 | Loss 0.0028 | Avg Epoch Time 1.2738s
Epoch 00882 | Loss 0.0076 | Avg Epoch Time 1.2738s
Epoch 00883 | Loss 0.0021 | Avg Epoch Time 1.2738s
Epoch 00884 | Loss 0.0034 | Avg Epoch Time 1.2738s
Epoch 00885 | Loss 0.0103 | Avg Epoch Time 1.2738s
Epoch 00885 | Valid acc: 82.84% | Test acc: 83.76%
Epoch 00886 | Loss 0.0034 | Avg Epoch Time 1.2738s
Epoch 00887 | Loss 0.0188 | Avg Epoch Time 1.2738s
Epoch 00888 | Loss 0.0035 | Avg Epoch Time 1.2738s
Epoch 00889 | Loss 0.0277 | Avg Epoch Time 1.2738s
Epoch 00890 | Loss 0.0048 | Avg Epoch Time 1.2738s
Epoch 00890 | Valid acc: 82.66% | Test acc: 83.95%
Epoch 00891 | Loss 0.0144 | Avg Epoch Time 1.2737s
Epoch 00892 | Loss 0.0042 | Avg Epoch Time 1.2737s
Epoch 00893 | Loss 0.0047 | Avg Epoch Time 1.2737s
Epoch 00894 | Loss 0.0251 | Avg Epoch Time 1.2737s
Epoch 00895 | Loss 0.0039 | Avg Epoch Time 1.2737s
Epoch 00895 | Valid acc: 82.29% | Test acc: 83.76%
Epoch 00896 | Loss 0.0138 | Avg Epoch Time 1.2737s
Epoch 00897 | Loss 0.0236 | Avg Epoch Time 1.2737s
Epoch 00898 | Loss 0.0057 | Avg Epoch Time 1.2739s
Epoch 00899 | Loss 0.0069 | Avg Epoch Time 1.2739s
Epoch 00900 | Loss 0.0142 | Avg Epoch Time 1.2739s
Epoch 00900 | Valid acc: 81.92% | Test acc: 83.39%
Epoch 00901 | Loss 0.0084 | Avg Epoch Time 1.2739s
Epoch 00902 | Loss 0.0076 | Avg Epoch Time 1.2739s
Epoch 00903 | Loss 0.0168 | Avg Epoch Time 1.2739s
Epoch 00904 | Loss 0.0100 | Avg Epoch Time 1.2739s
Epoch 00905 | Loss 0.0103 | Avg Epoch Time 1.2739s
Epoch 00905 | Valid acc: 83.21% | Test acc: 84.50%
Epoch 00906 | Loss 0.0093 | Avg Epoch Time 1.2739s
Epoch 00907 | Loss 0.0064 | Avg Epoch Time 1.2738s
Epoch 00908 | Loss 0.0058 | Avg Epoch Time 1.2738s
Epoch 00909 | Loss 0.0073 | Avg Epoch Time 1.2738s
Epoch 00910 | Loss 0.0095 | Avg Epoch Time 1.2738s
Epoch 00910 | Valid acc: 82.84% | Test acc: 83.76%
Epoch 00911 | Loss 0.0035 | Avg Epoch Time 1.2738s
Epoch 00912 | Loss 0.0031 | Avg Epoch Time 1.2738s
Epoch 00913 | Loss 0.0025 | Avg Epoch Time 1.2738s
Epoch 00914 | Loss 0.0046 | Avg Epoch Time 1.2738s
Epoch 00915 | Loss 0.0074 | Avg Epoch Time 1.2738s
Epoch 00915 | Valid acc: 82.66% | Test acc: 84.32%
Epoch 00916 | Loss 0.0064 | Avg Epoch Time 1.2738s
Epoch 00917 | Loss 0.0030 | Avg Epoch Time 1.2738s
Epoch 00918 | Loss 0.0031 | Avg Epoch Time 1.2738s
Epoch 00919 | Loss 0.0043 | Avg Epoch Time 1.2738s
Epoch 00920 | Loss 0.0031 | Avg Epoch Time 1.2738s
Epoch 00920 | Valid acc: 83.03% | Test acc: 83.76%
Epoch 00921 | Loss 0.0028 | Avg Epoch Time 1.2738s
Epoch 00922 | Loss 0.0021 | Avg Epoch Time 1.2738s
Epoch 00923 | Loss 0.0022 | Avg Epoch Time 1.2738s
Epoch 00924 | Loss 0.0027 | Avg Epoch Time 1.2738s
Epoch 00925 | Loss 0.0033 | Avg Epoch Time 1.2738s
Epoch 00925 | Valid acc: 82.66% | Test acc: 83.76%
Epoch 00926 | Loss 0.0035 | Avg Epoch Time 1.2738s
Epoch 00927 | Loss 0.0022 | Avg Epoch Time 1.2738s
Epoch 00928 | Loss 0.0028 | Avg Epoch Time 1.2738s
Epoch 00929 | Loss 0.0056 | Avg Epoch Time 1.2738s
Epoch 00930 | Loss 0.0028 | Avg Epoch Time 1.2738s
Epoch 00930 | Valid acc: 82.29% | Test acc: 83.76%
Epoch 00931 | Loss 0.0024 | Avg Epoch Time 1.2737s
Epoch 00932 | Loss 0.0037 | Avg Epoch Time 1.2737s
Epoch 00933 | Loss 0.0030 | Avg Epoch Time 1.2737s
Epoch 00934 | Loss 0.0023 | Avg Epoch Time 1.2737s
Epoch 00935 | Loss 0.0027 | Avg Epoch Time 1.2737s
Epoch 00935 | Valid acc: 82.84% | Test acc: 83.76%
Epoch 00936 | Loss 0.0019 | Avg Epoch Time 1.2737s
Epoch 00937 | Loss 0.0029 | Avg Epoch Time 1.2737s
Epoch 00938 | Loss 0.0031 | Avg Epoch Time 1.2737s
Epoch 00939 | Loss 0.0026 | Avg Epoch Time 1.2737s
Epoch 00940 | Loss 0.0021 | Avg Epoch Time 1.2737s
Epoch 00940 | Valid acc: 82.66% | Test acc: 83.76%
Epoch 00941 | Loss 0.0043 | Avg Epoch Time 1.2739s
Epoch 00942 | Loss 0.0028 | Avg Epoch Time 1.2739s
Epoch 00943 | Loss 0.0029 | Avg Epoch Time 1.2739s
Epoch 00944 | Loss 0.0026 | Avg Epoch Time 1.2739s
Epoch 00945 | Loss 0.0019 | Avg Epoch Time 1.2739s
Epoch 00945 | Valid acc: 82.66% | Test acc: 83.21%
Epoch 00946 | Loss 0.0020 | Avg Epoch Time 1.2739s
Epoch 00947 | Loss 0.0025 | Avg Epoch Time 1.2739s
Epoch 00948 | Loss 0.0020 | Avg Epoch Time 1.2739s
Epoch 00949 | Loss 0.0031 | Avg Epoch Time 1.2739s
Epoch 00950 | Loss 0.0017 | Avg Epoch Time 1.2739s
Epoch 00950 | Valid acc: 82.10% | Test acc: 83.58%
Epoch 00951 | Loss 0.0019 | Avg Epoch Time 1.2739s
Epoch 00952 | Loss 0.0045 | Avg Epoch Time 1.2738s
Epoch 00953 | Loss 0.0030 | Avg Epoch Time 1.2738s
Epoch 00954 | Loss 0.0061 | Avg Epoch Time 1.2738s
Epoch 00955 | Loss 0.0022 | Avg Epoch Time 1.2738s
Epoch 00955 | Valid acc: 82.29% | Test acc: 83.39%
Epoch 00956 | Loss 0.0022 | Avg Epoch Time 1.2738s
Epoch 00957 | Loss 0.0026 | Avg Epoch Time 1.2738s
Epoch 00958 | Loss 0.0086 | Avg Epoch Time 1.2738s
Epoch 00959 | Loss 0.0014 | Avg Epoch Time 1.2738s
Epoch 00960 | Loss 0.0018 | Avg Epoch Time 1.2738s
Epoch 00960 | Valid acc: 81.73% | Test acc: 82.66%
Epoch 00961 | Loss 0.0036 | Avg Epoch Time 1.2738s
Epoch 00962 | Loss 0.0030 | Avg Epoch Time 1.2738s
Epoch 00963 | Loss 0.0020 | Avg Epoch Time 1.2738s
Epoch 00964 | Loss 0.0019 | Avg Epoch Time 1.2738s
Epoch 00965 | Loss 0.0017 | Avg Epoch Time 1.2738s
Epoch 00965 | Valid acc: 82.84% | Test acc: 84.50%
Epoch 00966 | Loss 0.0018 | Avg Epoch Time 1.2738s
Epoch 00967 | Loss 0.0025 | Avg Epoch Time 1.2738s
Epoch 00968 | Loss 0.0026 | Avg Epoch Time 1.2738s
Epoch 00969 | Loss 0.0026 | Avg Epoch Time 1.2738s
Epoch 00970 | Loss 0.0018 | Avg Epoch Time 1.2738s
Epoch 00970 | Valid acc: 82.47% | Test acc: 84.32%
Epoch 00971 | Loss 0.0019 | Avg Epoch Time 1.2738s
Epoch 00972 | Loss 0.0036 | Avg Epoch Time 1.2738s
Epoch 00973 | Loss 0.0034 | Avg Epoch Time 1.2738s
Epoch 00974 | Loss 0.0016 | Avg Epoch Time 1.2738s
Epoch 00975 | Loss 0.0019 | Avg Epoch Time 1.2738s
Epoch 00975 | Valid acc: 82.47% | Test acc: 84.50%
Epoch 00976 | Loss 0.0012 | Avg Epoch Time 1.2738s
Epoch 00977 | Loss 0.0028 | Avg Epoch Time 1.2738s
Epoch 00978 | Loss 0.0023 | Avg Epoch Time 1.2738s
Epoch 00979 | Loss 0.0028 | Avg Epoch Time 1.2738s
Epoch 00980 | Loss 0.0019 | Avg Epoch Time 1.2737s
Epoch 00980 | Valid acc: 82.47% | Test acc: 83.76%
Epoch 00981 | Loss 0.0024 | Avg Epoch Time 1.2737s
Epoch 00982 | Loss 0.0017 | Avg Epoch Time 1.2737s
Epoch 00983 | Loss 0.0018 | Avg Epoch Time 1.2737s
Epoch 00984 | Loss 0.0016 | Avg Epoch Time 1.2739s
Epoch 00985 | Loss 0.0017 | Avg Epoch Time 1.2739s
Epoch 00985 | Valid acc: 82.29% | Test acc: 83.39%
Epoch 00986 | Loss 0.0015 | Avg Epoch Time 1.2739s
Epoch 00987 | Loss 0.0018 | Avg Epoch Time 1.2739s
Epoch 00988 | Loss 0.0058 | Avg Epoch Time 1.2739s
Epoch 00989 | Loss 0.0016 | Avg Epoch Time 1.2739s
Epoch 00990 | Loss 0.0015 | Avg Epoch Time 1.2739s
Epoch 00990 | Valid acc: 82.84% | Test acc: 83.76%
Epoch 00991 | Loss 0.0015 | Avg Epoch Time 1.2739s
Epoch 00992 | Loss 0.0023 | Avg Epoch Time 1.2739s
Epoch 00993 | Loss 0.0012 | Avg Epoch Time 1.2738s
Epoch 00994 | Loss 0.0019 | Avg Epoch Time 1.2738s
Epoch 00995 | Loss 0.0020 | Avg Epoch Time 1.2738s
Epoch 00995 | Valid acc: 82.66% | Test acc: 83.95%
Epoch 00996 | Loss 0.0021 | Avg Epoch Time 1.2738s
Epoch 00997 | Loss 0.0015 | Avg Epoch Time 1.2738s
Epoch 00998 | Loss 0.0019 | Avg Epoch Time 1.2738s
Epoch 00999 | Loss 0.0018 | Avg Epoch Time 1.2738s
Best TestAcc: 86.5314
