> initializing torch distributed ...
Loading trained LM features (title and abstract) ...
LM_emb_path: ./lm_workloads/prt_lm/ogbn-products/microsoft/deberta-base-seed0.emb
ogbn-products load successfully
Train nodes: 14708, Val nodes: 1572, Test nodes: 37745
Num of train batches: 1, num of train microbatches: 1, microbatch size: 54025
stage=2 layers = 28-42

Number of parameters: 3840175
stage=0 layers = 0-14
stage=3 layers = 42-56
stage=1 layers = 14-28
Training...
Epoch 00000 | Loss 4.2341 | Epoch Time 1.50s
Epoch 00000 | Valid acc: 24.36% | Test acc: 17.37%
Epoch 00001 | Loss 2.9630 | Epoch Time 0.36s
Epoch 00002 | Loss 2.7545 | Epoch Time 0.37s
Epoch 00003 | Loss 2.6869 | Epoch Time 0.37s
Epoch 00004 | Loss 2.6621 | Epoch Time 0.38s
Epoch 00005 | Loss 2.6396 | Avg Epoch Time 0.3724s
Epoch 00005 | Valid acc: 24.36% | Test acc: 17.37%
Epoch 00006 | Loss 2.6170 | Avg Epoch Time 0.3715s
Epoch 00007 | Loss 2.5972 | Avg Epoch Time 0.3714s
Epoch 00008 | Loss 2.5866 | Avg Epoch Time 0.3713s
Epoch 00009 | Loss 2.5700 | Avg Epoch Time 0.3717s
Epoch 00010 | Loss 2.5401 | Avg Epoch Time 0.3715s
Epoch 00010 | Valid acc: 24.36% | Test acc: 17.37%
Epoch 00011 | Loss 2.5094 | Avg Epoch Time 0.3715s
Epoch 00012 | Loss 2.4739 | Avg Epoch Time 0.3718s
Epoch 00013 | Loss 2.4186 | Avg Epoch Time 0.3718s
Epoch 00014 | Loss 2.3556 | Avg Epoch Time 0.3717s
Epoch 00015 | Loss 2.2818 | Avg Epoch Time 0.3717s
Epoch 00015 | Valid acc: 32.76% | Test acc: 23.68%
Epoch 00016 | Loss 2.2059 | Avg Epoch Time 0.3717s
Epoch 00017 | Loss 2.1322 | Avg Epoch Time 0.3717s
Epoch 00018 | Loss 2.0792 | Avg Epoch Time 0.3716s
Epoch 00019 | Loss 2.0481 | Avg Epoch Time 0.3716s
Epoch 00020 | Loss 2.0288 | Avg Epoch Time 0.3715s
Epoch 00020 | Valid acc: 32.82% | Test acc: 23.81%
Epoch 00021 | Loss 2.0202 | Avg Epoch Time 0.3715s
Epoch 00022 | Loss 2.0172 | Avg Epoch Time 0.3715s
Epoch 00023 | Loss 2.0129 | Avg Epoch Time 0.3715s
Epoch 00024 | Loss 2.0020 | Avg Epoch Time 0.3715s
Epoch 00025 | Loss 1.9998 | Avg Epoch Time 0.3716s
Epoch 00025 | Valid acc: 32.63% | Test acc: 23.62%
Epoch 00026 | Loss 1.9969 | Avg Epoch Time 0.3717s
Epoch 00027 | Loss 1.9932 | Avg Epoch Time 0.3717s
Epoch 00028 | Loss 1.9896 | Avg Epoch Time 0.3718s
Epoch 00029 | Loss 1.9902 | Avg Epoch Time 0.3718s
Epoch 00030 | Loss 1.9839 | Avg Epoch Time 0.3719s
Epoch 00030 | Valid acc: 33.21% | Test acc: 23.88%
Epoch 00031 | Loss 1.9787 | Avg Epoch Time 0.3719s
Epoch 00032 | Loss 1.9791 | Avg Epoch Time 0.3719s
Epoch 00033 | Loss 1.9732 | Avg Epoch Time 0.3720s
Epoch 00034 | Loss 1.9677 | Avg Epoch Time 0.3720s
Epoch 00035 | Loss 1.9597 | Avg Epoch Time 0.3720s
Epoch 00035 | Valid acc: 40.90% | Test acc: 28.36%
Epoch 00036 | Loss 1.9498 | Avg Epoch Time 0.3720s
Epoch 00037 | Loss 1.9367 | Avg Epoch Time 0.3721s
Epoch 00038 | Loss 1.9129 | Avg Epoch Time 0.3721s
Epoch 00039 | Loss 1.8817 | Avg Epoch Time 0.3721s
Epoch 00040 | Loss 1.8376 | Avg Epoch Time 0.3722s
Epoch 00040 | Valid acc: 51.97% | Test acc: 37.75%
Epoch 00041 | Loss 1.7891 | Avg Epoch Time 0.3722s
Epoch 00042 | Loss 1.7312 | Avg Epoch Time 0.3722s
Epoch 00043 | Loss 1.6586 | Avg Epoch Time 0.3723s
Epoch 00044 | Loss 1.6041 | Avg Epoch Time 0.3723s
Epoch 00045 | Loss 1.5705 | Avg Epoch Time 0.3723s
Epoch 00045 | Valid acc: 52.35% | Test acc: 37.66%
Epoch 00046 | Loss 1.5767 | Avg Epoch Time 0.3724s
Epoch 00047 | Loss 1.5442 | Avg Epoch Time 0.3724s
Epoch 00048 | Loss 1.4805 | Avg Epoch Time 0.3724s
Epoch 00049 | Loss 1.4483 | Avg Epoch Time 0.3724s
Epoch 00050 | Loss 1.4162 | Avg Epoch Time 0.3724s
Epoch 00050 | Valid acc: 56.36% | Test acc: 41.32%
Epoch 00051 | Loss 1.3928 | Avg Epoch Time 0.3725s
Epoch 00052 | Loss 1.4094 | Avg Epoch Time 0.3725s
Epoch 00053 | Loss 1.5861 | Avg Epoch Time 0.3725s
Epoch 00054 | Loss 1.3741 | Avg Epoch Time 0.3726s
Epoch 00055 | Loss 1.3192 | Avg Epoch Time 0.3726s
Epoch 00055 | Valid acc: 57.70% | Test acc: 42.58%
Epoch 00056 | Loss 1.3182 | Avg Epoch Time 0.3726s
Epoch 00057 | Loss 1.2724 | Avg Epoch Time 0.3726s
Epoch 00058 | Loss 1.2179 | Avg Epoch Time 0.3727s
Epoch 00059 | Loss 1.2429 | Avg Epoch Time 0.3727s
Epoch 00060 | Loss 1.1480 | Avg Epoch Time 0.3727s
Epoch 00060 | Valid acc: 65.39% | Test acc: 48.49%
Epoch 00061 | Loss 1.1715 | Avg Epoch Time 0.3727s
Epoch 00062 | Loss 1.1285 | Avg Epoch Time 0.3728s
Epoch 00063 | Loss 1.0938 | Avg Epoch Time 0.3728s
Epoch 00064 | Loss 1.0938 | Avg Epoch Time 0.3728s
Epoch 00065 | Loss 1.0402 | Avg Epoch Time 0.3728s
Epoch 00065 | Valid acc: 69.40% | Test acc: 52.48%
Epoch 00066 | Loss 1.0420 | Avg Epoch Time 0.3728s
Epoch 00067 | Loss 1.0034 | Avg Epoch Time 0.3728s
Epoch 00068 | Loss 1.0084 | Avg Epoch Time 0.3729s
Epoch 00069 | Loss 0.9678 | Avg Epoch Time 0.3729s
Epoch 00070 | Loss 0.9698 | Avg Epoch Time 0.3730s
Epoch 00070 | Valid acc: 75.89% | Test acc: 57.40%
Epoch 00071 | Loss 0.9261 | Avg Epoch Time 0.3730s
Epoch 00072 | Loss 0.9243 | Avg Epoch Time 0.3730s
Epoch 00073 | Loss 0.9081 | Avg Epoch Time 0.3730s
Epoch 00074 | Loss 0.8947 | Avg Epoch Time 0.3731s
Epoch 00075 | Loss 0.8803 | Avg Epoch Time 0.3731s
Epoch 00075 | Valid acc: 73.16% | Test acc: 54.83%
Epoch 00076 | Loss 0.8683 | Avg Epoch Time 0.3731s
Epoch 00077 | Loss 0.8482 | Avg Epoch Time 0.3731s
Epoch 00078 | Loss 0.8390 | Avg Epoch Time 0.3731s
Epoch 00079 | Loss 0.8283 | Avg Epoch Time 0.3731s
Epoch 00080 | Loss 0.8181 | Avg Epoch Time 0.3732s
Epoch 00080 | Valid acc: 75.89% | Test acc: 57.99%
Epoch 00081 | Loss 0.8097 | Avg Epoch Time 0.3732s
Epoch 00082 | Loss 0.7979 | Avg Epoch Time 0.3733s
Epoch 00083 | Loss 0.7910 | Avg Epoch Time 0.3733s
Epoch 00084 | Loss 0.7825 | Avg Epoch Time 0.3733s
Epoch 00085 | Loss 0.7698 | Avg Epoch Time 0.3733s
Epoch 00085 | Valid acc: 79.45% | Test acc: 62.89%
Epoch 00086 | Loss 0.7560 | Avg Epoch Time 0.3734s
Epoch 00087 | Loss 0.7535 | Avg Epoch Time 0.3734s
Epoch 00088 | Loss 0.7335 | Avg Epoch Time 0.3734s
Epoch 00089 | Loss 0.7352 | Avg Epoch Time 0.3734s
Epoch 00090 | Loss 0.7171 | Avg Epoch Time 0.3734s
Epoch 00090 | Valid acc: 82.00% | Test acc: 65.17%
Epoch 00091 | Loss 0.7061 | Avg Epoch Time 0.3735s
Epoch 00092 | Loss 0.6960 | Avg Epoch Time 0.3735s
Epoch 00093 | Loss 0.6900 | Avg Epoch Time 0.3735s
Epoch 00094 | Loss 0.6761 | Avg Epoch Time 0.3735s
Epoch 00095 | Loss 0.6694 | Avg Epoch Time 0.3735s
Epoch 00095 | Valid acc: 82.89% | Test acc: 66.91%
Epoch 00096 | Loss 0.6620 | Avg Epoch Time 0.3736s
Epoch 00097 | Loss 0.6544 | Avg Epoch Time 0.3736s
Epoch 00098 | Loss 0.6500 | Avg Epoch Time 0.3736s
Epoch 00099 | Loss 0.6336 | Avg Epoch Time 0.3736s
Epoch 00100 | Loss 0.6300 | Avg Epoch Time 0.3736s
Epoch 00100 | Valid acc: 84.10% | Test acc: 68.40%
Epoch 00101 | Loss 0.6195 | Avg Epoch Time 0.3737s
Epoch 00102 | Loss 0.6122 | Avg Epoch Time 0.3737s
Epoch 00103 | Loss 0.6083 | Avg Epoch Time 0.3737s
Epoch 00104 | Loss 0.6100 | Avg Epoch Time 0.3737s
Epoch 00105 | Loss 0.5928 | Avg Epoch Time 0.3737s
Epoch 00105 | Valid acc: 85.50% | Test acc: 69.00%
Epoch 00106 | Loss 0.5776 | Avg Epoch Time 0.3737s
Epoch 00107 | Loss 0.5718 | Avg Epoch Time 0.3737s
Epoch 00108 | Loss 0.5823 | Avg Epoch Time 0.3738s
Epoch 00109 | Loss 0.5761 | Avg Epoch Time 0.3738s
Epoch 00110 | Loss 0.5673 | Avg Epoch Time 0.3738s
Epoch 00110 | Valid acc: 86.13% | Test acc: 69.45%
Epoch 00111 | Loss 0.5609 | Avg Epoch Time 0.3738s
Epoch 00112 | Loss 0.5491 | Avg Epoch Time 0.3738s
Epoch 00113 | Loss 0.5459 | Avg Epoch Time 0.3738s
Epoch 00114 | Loss 0.5397 | Avg Epoch Time 0.3738s
Epoch 00115 | Loss 0.5347 | Avg Epoch Time 0.3738s
Epoch 00115 | Valid acc: 85.81% | Test acc: 69.45%
Epoch 00116 | Loss 0.5308 | Avg Epoch Time 0.3739s
Epoch 00117 | Loss 0.5204 | Avg Epoch Time 0.3739s
Epoch 00118 | Loss 0.5235 | Avg Epoch Time 0.3739s
Epoch 00119 | Loss 0.5114 | Avg Epoch Time 0.3739s
Epoch 00120 | Loss 0.5151 | Avg Epoch Time 0.3739s
Epoch 00120 | Valid acc: 86.64% | Test acc: 70.07%
Epoch 00121 | Loss 0.5012 | Avg Epoch Time 0.3739s
Epoch 00122 | Loss 0.5045 | Avg Epoch Time 0.3739s
Epoch 00123 | Loss 0.4928 | Avg Epoch Time 0.3740s
Epoch 00124 | Loss 0.4985 | Avg Epoch Time 0.3740s
Epoch 00125 | Loss 0.4947 | Avg Epoch Time 0.3740s
Epoch 00125 | Valid acc: 87.02% | Test acc: 70.70%
Epoch 00126 | Loss 0.4891 | Avg Epoch Time 0.3740s
Epoch 00127 | Loss 0.4883 | Avg Epoch Time 0.3740s
Epoch 00128 | Loss 0.4725 | Avg Epoch Time 0.3740s
Epoch 00129 | Loss 0.4812 | Avg Epoch Time 0.3741s
Epoch 00130 | Loss 0.4696 | Avg Epoch Time 0.3741s
Epoch 00130 | Valid acc: 87.72% | Test acc: 71.24%
Epoch 00131 | Loss 0.4674 | Avg Epoch Time 0.3741s
Epoch 00132 | Loss 0.4657 | Avg Epoch Time 0.3741s
Epoch 00133 | Loss 0.4602 | Avg Epoch Time 0.3741s
Epoch 00134 | Loss 0.4662 | Avg Epoch Time 0.3741s
Epoch 00135 | Loss 0.4662 | Avg Epoch Time 0.3741s
Epoch 00135 | Valid acc: 87.53% | Test acc: 70.39%
Epoch 00136 | Loss 0.4711 | Avg Epoch Time 0.3741s
Epoch 00137 | Loss 0.4645 | Avg Epoch Time 0.3741s
Epoch 00138 | Loss 0.4490 | Avg Epoch Time 0.3741s
Epoch 00139 | Loss 0.4504 | Avg Epoch Time 0.3741s
Epoch 00140 | Loss 0.4529 | Avg Epoch Time 0.3742s
Epoch 00140 | Valid acc: 87.85% | Test acc: 71.39%
Epoch 00141 | Loss 0.4436 | Avg Epoch Time 0.3742s
Epoch 00142 | Loss 0.4447 | Avg Epoch Time 0.3742s
Epoch 00143 | Loss 0.4428 | Avg Epoch Time 0.3742s
Epoch 00144 | Loss 0.4346 | Avg Epoch Time 0.3742s
Epoch 00145 | Loss 0.4390 | Avg Epoch Time 0.3742s
Epoch 00145 | Valid acc: 88.04% | Test acc: 71.94%
Epoch 00146 | Loss 0.4306 | Avg Epoch Time 0.3742s
Epoch 00147 | Loss 0.4293 | Avg Epoch Time 0.3742s
Epoch 00148 | Loss 0.4277 | Avg Epoch Time 0.3742s
Epoch 00149 | Loss 0.4188 | Avg Epoch Time 0.3742s
Epoch 00150 | Loss 0.4191 | Avg Epoch Time 0.3742s
Epoch 00150 | Valid acc: 88.04% | Test acc: 72.40%
Epoch 00151 | Loss 0.4214 | Avg Epoch Time 0.3742s
Epoch 00152 | Loss 0.4124 | Avg Epoch Time 0.3742s
Epoch 00153 | Loss 0.4113 | Avg Epoch Time 0.3743s
Epoch 00154 | Loss 0.4105 | Avg Epoch Time 0.3743s
Epoch 00155 | Loss 0.4116 | Avg Epoch Time 0.3743s
Epoch 00155 | Valid acc: 88.04% | Test acc: 72.37%
Epoch 00156 | Loss 0.4101 | Avg Epoch Time 0.3743s
Epoch 00157 | Loss 0.4071 | Avg Epoch Time 0.3743s
Epoch 00158 | Loss 0.4059 | Avg Epoch Time 0.3743s
Epoch 00159 | Loss 0.4085 | Avg Epoch Time 0.3743s
Epoch 00160 | Loss 0.4136 | Avg Epoch Time 0.3743s
Epoch 00160 | Valid acc: 87.91% | Test acc: 71.82%
Epoch 00161 | Loss 0.4176 | Avg Epoch Time 0.3743s
Epoch 00162 | Loss 0.4229 | Avg Epoch Time 0.3744s
Epoch 00163 | Loss 0.3968 | Avg Epoch Time 0.3744s
Epoch 00164 | Loss 0.4029 | Avg Epoch Time 0.3744s
Epoch 00165 | Loss 0.4036 | Avg Epoch Time 0.3744s
Epoch 00165 | Valid acc: 88.10% | Test acc: 72.66%
Epoch 00166 | Loss 0.3861 | Avg Epoch Time 0.3744s
Epoch 00167 | Loss 0.3989 | Avg Epoch Time 0.3744s
Epoch 00168 | Loss 0.3877 | Avg Epoch Time 0.3744s
Epoch 00169 | Loss 0.3892 | Avg Epoch Time 0.3744s
Epoch 00170 | Loss 0.3932 | Avg Epoch Time 0.3744s
Epoch 00170 | Valid acc: 87.60% | Test acc: 72.27%
Epoch 00171 | Loss 0.4036 | Avg Epoch Time 0.3744s
Epoch 00172 | Loss 0.4392 | Avg Epoch Time 0.3744s
Epoch 00173 | Loss 0.4386 | Avg Epoch Time 0.3744s
Epoch 00174 | Loss 0.4201 | Avg Epoch Time 0.3744s
Epoch 00175 | Loss 0.4078 | Avg Epoch Time 0.3744s
Epoch 00175 | Valid acc: 87.66% | Test acc: 71.09%
Epoch 00176 | Loss 0.4043 | Avg Epoch Time 0.3744s
Epoch 00177 | Loss 0.3949 | Avg Epoch Time 0.3744s
Epoch 00178 | Loss 0.4043 | Avg Epoch Time 0.3744s
Epoch 00179 | Loss 0.3950 | Avg Epoch Time 0.3744s
Epoch 00180 | Loss 0.4000 | Avg Epoch Time 0.3744s
Epoch 00180 | Valid acc: 88.36% | Test acc: 72.16%
Epoch 00181 | Loss 0.3811 | Avg Epoch Time 0.3744s
Epoch 00182 | Loss 0.3870 | Avg Epoch Time 0.3744s
Epoch 00183 | Loss 0.3787 | Avg Epoch Time 0.3744s
Epoch 00184 | Loss 0.3773 | Avg Epoch Time 0.3744s
Epoch 00185 | Loss 0.3692 | Avg Epoch Time 0.3744s
Epoch 00185 | Valid acc: 87.91% | Test acc: 72.66%
Epoch 00186 | Loss 0.3732 | Avg Epoch Time 0.3744s
Epoch 00187 | Loss 0.3617 | Avg Epoch Time 0.3745s
Epoch 00188 | Loss 0.3621 | Avg Epoch Time 0.3745s
Epoch 00189 | Loss 0.3677 | Avg Epoch Time 0.3745s
Epoch 00190 | Loss 0.3593 | Avg Epoch Time 0.3745s
Epoch 00190 | Valid acc: 88.30% | Test acc: 72.79%
Epoch 00191 | Loss 0.3563 | Avg Epoch Time 0.3745s
Epoch 00192 | Loss 0.3556 | Avg Epoch Time 0.3745s
Epoch 00193 | Loss 0.3469 | Avg Epoch Time 0.3745s
Epoch 00194 | Loss 0.3489 | Avg Epoch Time 0.3745s
Epoch 00195 | Loss 0.3415 | Avg Epoch Time 0.3745s
Epoch 00195 | Valid acc: 88.61% | Test acc: 72.27%
Epoch 00196 | Loss 0.3476 | Avg Epoch Time 0.3745s
Epoch 00197 | Loss 0.3478 | Avg Epoch Time 0.3745s
Epoch 00198 | Loss 0.3453 | Avg Epoch Time 0.3745s
Epoch 00199 | Loss 0.3496 | Avg Epoch Time 0.3745s
Epoch 00200 | Loss 0.3449 | Avg Epoch Time 0.3745s
Epoch 00200 | Valid acc: 88.49% | Test acc: 72.91%
Epoch 00201 | Loss 0.3424 | Avg Epoch Time 0.3745s
Epoch 00202 | Loss 0.3478 | Avg Epoch Time 0.3745s
Epoch 00203 | Loss 0.3370 | Avg Epoch Time 0.3746s
Epoch 00204 | Loss 0.3317 | Avg Epoch Time 0.3746s
Epoch 00205 | Loss 0.3361 | Avg Epoch Time 0.3746s
Epoch 00205 | Valid acc: 88.36% | Test acc: 73.44%
Epoch 00206 | Loss 0.3254 | Avg Epoch Time 0.3746s
Epoch 00207 | Loss 0.3248 | Avg Epoch Time 0.3746s
Epoch 00208 | Loss 0.3265 | Avg Epoch Time 0.3746s
Epoch 00209 | Loss 0.3231 | Avg Epoch Time 0.3746s
Epoch 00210 | Loss 0.3231 | Avg Epoch Time 0.3746s
Epoch 00210 | Valid acc: 88.80% | Test acc: 73.02%
Epoch 00211 | Loss 0.3247 | Avg Epoch Time 0.3746s
Epoch 00212 | Loss 0.3262 | Avg Epoch Time 0.3746s
Epoch 00213 | Loss 0.3139 | Avg Epoch Time 0.3746s
Epoch 00214 | Loss 0.3206 | Avg Epoch Time 0.3746s
Epoch 00215 | Loss 0.3123 | Avg Epoch Time 0.3746s
Epoch 00215 | Valid acc: 88.36% | Test acc: 73.27%
Epoch 00216 | Loss 0.3044 | Avg Epoch Time 0.3746s
Epoch 00217 | Loss 0.3100 | Avg Epoch Time 0.3746s
Epoch 00218 | Loss 0.3022 | Avg Epoch Time 0.3746s
Epoch 00219 | Loss 0.3044 | Avg Epoch Time 0.3746s
Epoch 00220 | Loss 0.2979 | Avg Epoch Time 0.3746s
Epoch 00220 | Valid acc: 88.55% | Test acc: 73.34%
Epoch 00221 | Loss 0.3017 | Avg Epoch Time 0.3746s
Epoch 00222 | Loss 0.3289 | Avg Epoch Time 0.3746s
Epoch 00223 | Loss 0.4315 | Avg Epoch Time 0.3746s
Epoch 00224 | Loss 0.4690 | Avg Epoch Time 0.3746s
Epoch 00225 | Loss 0.3808 | Avg Epoch Time 0.3746s
Epoch 00225 | Valid acc: 87.21% | Test acc: 70.48%
Epoch 00226 | Loss 0.4444 | Avg Epoch Time 0.3746s
Epoch 00227 | Loss 0.3724 | Avg Epoch Time 0.3747s
Epoch 00228 | Loss 0.4100 | Avg Epoch Time 0.3747s
Epoch 00229 | Loss 0.4114 | Avg Epoch Time 0.3747s
Epoch 00230 | Loss 0.3794 | Avg Epoch Time 0.3747s
Epoch 00230 | Valid acc: 88.10% | Test acc: 72.78%
Epoch 00231 | Loss 0.3942 | Avg Epoch Time 0.3747s
Epoch 00232 | Loss 0.3916 | Avg Epoch Time 0.3747s
Epoch 00233 | Loss 0.3909 | Avg Epoch Time 0.3747s
Epoch 00234 | Loss 0.3758 | Avg Epoch Time 0.3747s
Epoch 00235 | Loss 0.3620 | Avg Epoch Time 0.3747s
Epoch 00235 | Valid acc: 88.17% | Test acc: 73.11%
Epoch 00236 | Loss 0.3774 | Avg Epoch Time 0.3747s
Epoch 00237 | Loss 0.3596 | Avg Epoch Time 0.3747s
Epoch 00238 | Loss 0.3516 | Avg Epoch Time 0.3747s
Epoch 00239 | Loss 0.3487 | Avg Epoch Time 0.3747s
Epoch 00240 | Loss 0.3423 | Avg Epoch Time 0.3747s
Epoch 00240 | Valid acc: 87.79% | Test acc: 74.03%
Epoch 00241 | Loss 0.3404 | Avg Epoch Time 0.3747s
Epoch 00242 | Loss 0.3402 | Avg Epoch Time 0.3747s
Epoch 00243 | Loss 0.3278 | Avg Epoch Time 0.3747s
Epoch 00244 | Loss 0.3287 | Avg Epoch Time 0.3747s
Epoch 00245 | Loss 0.3258 | Avg Epoch Time 0.3747s
Epoch 00245 | Valid acc: 88.49% | Test acc: 74.23%
Epoch 00246 | Loss 0.3195 | Avg Epoch Time 0.3747s
Epoch 00247 | Loss 0.3214 | Avg Epoch Time 0.3747s
Epoch 00248 | Loss 0.3152 | Avg Epoch Time 0.3747s
Epoch 00249 | Loss 0.3143 | Avg Epoch Time 0.3747s
Epoch 00250 | Loss 0.3056 | Avg Epoch Time 0.3747s
Epoch 00250 | Valid acc: 88.36% | Test acc: 74.38%
Epoch 00251 | Loss 0.3056 | Avg Epoch Time 0.3747s
Epoch 00252 | Loss 0.2977 | Avg Epoch Time 0.3747s
Epoch 00253 | Loss 0.2984 | Avg Epoch Time 0.3747s
Epoch 00254 | Loss 0.2954 | Avg Epoch Time 0.3747s
Epoch 00255 | Loss 0.2905 | Avg Epoch Time 0.3747s
Epoch 00255 | Valid acc: 88.68% | Test acc: 74.13%
Epoch 00256 | Loss 0.2870 | Avg Epoch Time 0.3747s
Epoch 00257 | Loss 0.2860 | Avg Epoch Time 0.3747s
Epoch 00258 | Loss 0.2831 | Avg Epoch Time 0.3747s
Epoch 00259 | Loss 0.2816 | Avg Epoch Time 0.3748s
Epoch 00260 | Loss 0.2809 | Avg Epoch Time 0.3748s
Epoch 00260 | Valid acc: 87.91% | Test acc: 74.72%
Epoch 00261 | Loss 0.2760 | Avg Epoch Time 0.3748s
Epoch 00262 | Loss 0.2766 | Avg Epoch Time 0.3748s
Epoch 00263 | Loss 0.2730 | Avg Epoch Time 0.3748s
Epoch 00264 | Loss 0.2744 | Avg Epoch Time 0.3748s
Epoch 00265 | Loss 0.2715 | Avg Epoch Time 0.3748s
Epoch 00265 | Valid acc: 88.42% | Test acc: 73.88%
Epoch 00266 | Loss 0.2788 | Avg Epoch Time 0.3748s
Epoch 00267 | Loss 0.2795 | Avg Epoch Time 0.3748s
Epoch 00268 | Loss 0.2764 | Avg Epoch Time 0.3748s
Epoch 00269 | Loss 0.2660 | Avg Epoch Time 0.3748s
Epoch 00270 | Loss 0.2650 | Avg Epoch Time 0.3748s
Epoch 00270 | Valid acc: 88.93% | Test acc: 74.46%
Epoch 00271 | Loss 0.2674 | Avg Epoch Time 0.3748s
Epoch 00272 | Loss 0.2702 | Avg Epoch Time 0.3748s
Epoch 00273 | Loss 0.2711 | Avg Epoch Time 0.3748s
Epoch 00274 | Loss 0.2880 | Avg Epoch Time 0.3748s
Epoch 00275 | Loss 0.2793 | Avg Epoch Time 0.3748s
Epoch 00275 | Valid acc: 88.30% | Test acc: 74.74%
Epoch 00276 | Loss 0.2574 | Avg Epoch Time 0.3748s
Epoch 00277 | Loss 0.2704 | Avg Epoch Time 0.3748s
Epoch 00278 | Loss 0.2570 | Avg Epoch Time 0.3748s
Epoch 00279 | Loss 0.2582 | Avg Epoch Time 0.3748s
Epoch 00280 | Loss 0.2574 | Avg Epoch Time 0.3748s
Epoch 00280 | Valid acc: 89.06% | Test acc: 73.97%
Epoch 00281 | Loss 0.2487 | Avg Epoch Time 0.3748s
Epoch 00282 | Loss 0.2567 | Avg Epoch Time 0.3748s
Epoch 00283 | Loss 0.2545 | Avg Epoch Time 0.3748s
Epoch 00284 | Loss 0.2693 | Avg Epoch Time 0.3748s
Epoch 00285 | Loss 0.3230 | Avg Epoch Time 0.3748s
Epoch 00285 | Valid acc: 85.94% | Test acc: 70.87%
Epoch 00286 | Loss 0.4363 | Avg Epoch Time 0.3748s
Epoch 00287 | Loss 0.3255 | Avg Epoch Time 0.3748s
Epoch 00288 | Loss 0.4163 | Avg Epoch Time 0.3748s
Epoch 00289 | Loss 0.3435 | Avg Epoch Time 0.3748s
Epoch 00290 | Loss 0.3609 | Avg Epoch Time 0.3748s
Epoch 00290 | Valid acc: 88.74% | Test acc: 73.42%
Epoch 00291 | Loss 0.3325 | Avg Epoch Time 0.3748s
Epoch 00292 | Loss 0.3401 | Avg Epoch Time 0.3748s
Epoch 00293 | Loss 0.3306 | Avg Epoch Time 0.3749s
Epoch 00294 | Loss 0.3214 | Avg Epoch Time 0.3749s
Epoch 00295 | Loss 0.3209 | Avg Epoch Time 0.3749s
Epoch 00295 | Valid acc: 88.17% | Test acc: 74.24%
Epoch 00296 | Loss 0.3089 | Avg Epoch Time 0.3749s
Epoch 00297 | Loss 0.3151 | Avg Epoch Time 0.3749s
Epoch 00298 | Loss 0.3055 | Avg Epoch Time 0.3749s
Epoch 00299 | Loss 0.2973 | Avg Epoch Time 0.3749s
Epoch 00300 | Loss 0.2915 | Avg Epoch Time 0.3749s
Epoch 00300 | Valid acc: 88.61% | Test acc: 75.31%
Epoch 00301 | Loss 0.2927 | Avg Epoch Time 0.3749s
Epoch 00302 | Loss 0.2851 | Avg Epoch Time 0.3749s
Epoch 00303 | Loss 0.2788 | Avg Epoch Time 0.3749s
Epoch 00304 | Loss 0.2745 | Avg Epoch Time 0.3749s
Epoch 00305 | Loss 0.2721 | Avg Epoch Time 0.3749s
Epoch 00305 | Valid acc: 88.61% | Test acc: 74.63%
Epoch 00306 | Loss 0.2663 | Avg Epoch Time 0.3749s
Epoch 00307 | Loss 0.2617 | Avg Epoch Time 0.3749s
Epoch 00308 | Loss 0.2577 | Avg Epoch Time 0.3749s
Epoch 00309 | Loss 0.2586 | Avg Epoch Time 0.3749s
Epoch 00310 | Loss 0.2549 | Avg Epoch Time 0.3749s
Epoch 00310 | Valid acc: 88.30% | Test acc: 75.14%
Epoch 00311 | Loss 0.2513 | Avg Epoch Time 0.3749s
Epoch 00312 | Loss 0.2475 | Avg Epoch Time 0.3749s
Epoch 00313 | Loss 0.2461 | Avg Epoch Time 0.3749s
Epoch 00314 | Loss 0.2404 | Avg Epoch Time 0.3749s
Epoch 00315 | Loss 0.2395 | Avg Epoch Time 0.3749s
Epoch 00315 | Valid acc: 88.80% | Test acc: 74.99%
Epoch 00316 | Loss 0.2389 | Avg Epoch Time 0.3749s
Epoch 00317 | Loss 0.2369 | Avg Epoch Time 0.3749s
Epoch 00318 | Loss 0.2331 | Avg Epoch Time 0.3749s
Epoch 00319 | Loss 0.2313 | Avg Epoch Time 0.3749s
Epoch 00320 | Loss 0.2321 | Avg Epoch Time 0.3749s
Epoch 00320 | Valid acc: 88.49% | Test acc: 75.51%
Epoch 00321 | Loss 0.2341 | Avg Epoch Time 0.3749s
Epoch 00322 | Loss 0.2296 | Avg Epoch Time 0.3749s
Epoch 00323 | Loss 0.2308 | Avg Epoch Time 0.3749s
Epoch 00324 | Loss 0.2275 | Avg Epoch Time 0.3749s
Epoch 00325 | Loss 0.2286 | Avg Epoch Time 0.3749s
Epoch 00325 | Valid acc: 88.10% | Test acc: 75.29%
Epoch 00326 | Loss 0.2294 | Avg Epoch Time 0.3749s
Epoch 00327 | Loss 0.2336 | Avg Epoch Time 0.3750s
Epoch 00328 | Loss 0.2285 | Avg Epoch Time 0.3750s
Epoch 00329 | Loss 0.2191 | Avg Epoch Time 0.3750s
Epoch 00330 | Loss 0.2149 | Avg Epoch Time 0.3750s
Epoch 00330 | Valid acc: 88.30% | Test acc: 74.96%
Epoch 00331 | Loss 0.2189 | Avg Epoch Time 0.3750s
Epoch 00332 | Loss 0.2139 | Avg Epoch Time 0.3750s
Epoch 00333 | Loss 0.2145 | Avg Epoch Time 0.3750s
Epoch 00334 | Loss 0.2173 | Avg Epoch Time 0.3750s
Epoch 00335 | Loss 0.2273 | Avg Epoch Time 0.3750s
Epoch 00335 | Valid acc: 87.28% | Test acc: 75.21%
Epoch 00336 | Loss 0.2278 | Avg Epoch Time 0.3750s
Epoch 00337 | Loss 0.2634 | Avg Epoch Time 0.3750s
Epoch 00338 | Loss 0.2986 | Avg Epoch Time 0.3750s
Epoch 00339 | Loss 0.2735 | Avg Epoch Time 0.3750s
Epoch 00340 | Loss 0.2493 | Avg Epoch Time 0.3750s
Epoch 00340 | Valid acc: 88.30% | Test acc: 75.36%
Epoch 00341 | Loss 0.2402 | Avg Epoch Time 0.3750s
Epoch 00342 | Loss 0.2559 | Avg Epoch Time 0.3750s
Epoch 00343 | Loss 0.2304 | Avg Epoch Time 0.3750s
Epoch 00344 | Loss 0.2463 | Avg Epoch Time 0.3750s
Epoch 00345 | Loss 0.2324 | Avg Epoch Time 0.3750s
Epoch 00345 | Valid acc: 87.98% | Test acc: 76.47%
Epoch 00346 | Loss 0.2325 | Avg Epoch Time 0.3750s
Epoch 00347 | Loss 0.2305 | Avg Epoch Time 0.3750s
Epoch 00348 | Loss 0.2221 | Avg Epoch Time 0.3750s
Epoch 00349 | Loss 0.2164 | Avg Epoch Time 0.3750s
Epoch 00350 | Loss 0.2119 | Avg Epoch Time 0.3750s
Epoch 00350 | Valid acc: 88.30% | Test acc: 75.36%
Epoch 00351 | Loss 0.2109 | Avg Epoch Time 0.3750s
Epoch 00352 | Loss 0.2064 | Avg Epoch Time 0.3750s
Epoch 00353 | Loss 0.2017 | Avg Epoch Time 0.3750s
Epoch 00354 | Loss 0.2008 | Avg Epoch Time 0.3750s
Epoch 00355 | Loss 0.1979 | Avg Epoch Time 0.3750s
Epoch 00355 | Valid acc: 88.23% | Test acc: 74.89%
Epoch 00356 | Loss 0.1963 | Avg Epoch Time 0.3750s
Epoch 00357 | Loss 0.1925 | Avg Epoch Time 0.3750s
Epoch 00358 | Loss 0.1927 | Avg Epoch Time 0.3750s
Epoch 00359 | Loss 0.1875 | Avg Epoch Time 0.3750s
Epoch 00360 | Loss 0.1921 | Avg Epoch Time 0.3750s
Epoch 00360 | Valid acc: 88.49% | Test acc: 75.54%
Epoch 00361 | Loss 0.1859 | Avg Epoch Time 0.3750s
Epoch 00362 | Loss 0.1838 | Avg Epoch Time 0.3750s
Epoch 00363 | Loss 0.1847 | Avg Epoch Time 0.3750s
Epoch 00364 | Loss 0.1777 | Avg Epoch Time 0.3750s
Epoch 00365 | Loss 0.1778 | Avg Epoch Time 0.3750s
Epoch 00365 | Valid acc: 88.30% | Test acc: 75.47%
Epoch 00366 | Loss 0.1741 | Avg Epoch Time 0.3750s
Epoch 00367 | Loss 0.1727 | Avg Epoch Time 0.3750s
Epoch 00368 | Loss 0.1749 | Avg Epoch Time 0.3750s
Epoch 00369 | Loss 0.1743 | Avg Epoch Time 0.3750s
Epoch 00370 | Loss 0.1789 | Avg Epoch Time 0.3750s
Epoch 00370 | Valid acc: 87.85% | Test acc: 75.38%
Epoch 00371 | Loss 0.1913 | Avg Epoch Time 0.3750s
Epoch 00372 | Loss 0.2160 | Avg Epoch Time 0.3750s
Epoch 00373 | Loss 0.2695 | Avg Epoch Time 0.3750s
Epoch 00374 | Loss 0.2635 | Avg Epoch Time 0.3750s
Epoch 00375 | Loss 0.4305 | Avg Epoch Time 0.3750s
Epoch 00375 | Valid acc: 85.11% | Test acc: 72.80%
Epoch 00376 | Loss 0.4285 | Avg Epoch Time 0.3750s
Epoch 00377 | Loss 0.8321 | Avg Epoch Time 0.3751s
Epoch 00378 | Loss 0.8272 | Avg Epoch Time 0.3751s
Epoch 00379 | Loss 0.6329 | Avg Epoch Time 0.3750s
Epoch 00380 | Loss 0.5728 | Avg Epoch Time 0.3750s
Epoch 00380 | Valid acc: 85.11% | Test acc: 68.37%
Epoch 00381 | Loss 0.5572 | Avg Epoch Time 0.3751s
Epoch 00382 | Loss 0.5439 | Avg Epoch Time 0.3751s
Epoch 00383 | Loss 0.4729 | Avg Epoch Time 0.3751s
Epoch 00384 | Loss 0.4535 | Avg Epoch Time 0.3751s
Epoch 00385 | Loss 0.4894 | Avg Epoch Time 0.3751s
Epoch 00385 | Valid acc: 86.58% | Test acc: 70.31%
Epoch 00386 | Loss 0.4520 | Avg Epoch Time 0.3751s
Epoch 00387 | Loss 0.4122 | Avg Epoch Time 0.3751s
Epoch 00388 | Loss 0.3989 | Avg Epoch Time 0.3751s
Epoch 00389 | Loss 0.3991 | Avg Epoch Time 0.3751s
Epoch 00390 | Loss 0.4004 | Avg Epoch Time 0.3751s
Epoch 00390 | Valid acc: 87.98% | Test acc: 72.53%
Epoch 00391 | Loss 0.3884 | Avg Epoch Time 0.3751s
Epoch 00392 | Loss 0.3762 | Avg Epoch Time 0.3751s
Epoch 00393 | Loss 0.3675 | Avg Epoch Time 0.3751s
Epoch 00394 | Loss 0.3682 | Avg Epoch Time 0.3751s
Epoch 00395 | Loss 0.3611 | Avg Epoch Time 0.3751s
Epoch 00395 | Valid acc: 87.60% | Test acc: 74.95%
Epoch 00396 | Loss 0.3537 | Avg Epoch Time 0.3751s
Epoch 00397 | Loss 0.3471 | Avg Epoch Time 0.3751s
Epoch 00398 | Loss 0.3465 | Avg Epoch Time 0.3751s
Epoch 00399 | Loss 0.3370 | Avg Epoch Time 0.3751s
Epoch 00400 | Loss 0.3366 | Avg Epoch Time 0.3751s
Epoch 00400 | Valid acc: 88.23% | Test acc: 74.53%
Epoch 00401 | Loss 0.3322 | Avg Epoch Time 0.3751s
Epoch 00402 | Loss 0.3244 | Avg Epoch Time 0.3751s
Epoch 00403 | Loss 0.3174 | Avg Epoch Time 0.3751s
Epoch 00404 | Loss 0.3195 | Avg Epoch Time 0.3751s
Epoch 00405 | Loss 0.3137 | Avg Epoch Time 0.3751s
Epoch 00405 | Valid acc: 88.17% | Test acc: 75.54%
Epoch 00406 | Loss 0.3094 | Avg Epoch Time 0.3751s
Epoch 00407 | Loss 0.3079 | Avg Epoch Time 0.3751s
Epoch 00408 | Loss 0.2963 | Avg Epoch Time 0.3751s
Epoch 00409 | Loss 0.3016 | Avg Epoch Time 0.3751s
Epoch 00410 | Loss 0.2948 | Avg Epoch Time 0.3751s
Epoch 00410 | Valid acc: 88.42% | Test acc: 75.23%
Epoch 00411 | Loss 0.2934 | Avg Epoch Time 0.3751s
Epoch 00412 | Loss 0.2894 | Avg Epoch Time 0.3751s
Epoch 00413 | Loss 0.2904 | Avg Epoch Time 0.3751s
Epoch 00414 | Loss 0.2828 | Avg Epoch Time 0.3751s
Epoch 00415 | Loss 0.2819 | Avg Epoch Time 0.3751s
Epoch 00415 | Valid acc: 88.55% | Test acc: 75.86%
Epoch 00416 | Loss 0.2779 | Avg Epoch Time 0.3751s
Epoch 00417 | Loss 0.2739 | Avg Epoch Time 0.3751s
Epoch 00418 | Loss 0.2714 | Avg Epoch Time 0.3751s
Epoch 00419 | Loss 0.2675 | Avg Epoch Time 0.3751s
Epoch 00420 | Loss 0.2669 | Avg Epoch Time 0.3751s
Epoch 00420 | Valid acc: 88.61% | Test acc: 75.71%
Epoch 00421 | Loss 0.2654 | Avg Epoch Time 0.3751s
Epoch 00422 | Loss 0.2580 | Avg Epoch Time 0.3751s
Epoch 00423 | Loss 0.2591 | Avg Epoch Time 0.3751s
Epoch 00424 | Loss 0.2491 | Avg Epoch Time 0.3751s
Epoch 00425 | Loss 0.2508 | Avg Epoch Time 0.3751s
Epoch 00425 | Valid acc: 88.61% | Test acc: 75.85%
Epoch 00426 | Loss 0.2495 | Avg Epoch Time 0.3751s
Epoch 00427 | Loss 0.2455 | Avg Epoch Time 0.3751s
Epoch 00428 | Loss 0.2434 | Avg Epoch Time 0.3751s
Epoch 00429 | Loss 0.2424 | Avg Epoch Time 0.3751s
Epoch 00430 | Loss 0.2374 | Avg Epoch Time 0.3751s
Epoch 00430 | Valid acc: 88.74% | Test acc: 75.80%
Epoch 00431 | Loss 0.2366 | Avg Epoch Time 0.3751s
Epoch 00432 | Loss 0.2359 | Avg Epoch Time 0.3751s
Epoch 00433 | Loss 0.2302 | Avg Epoch Time 0.3751s
Epoch 00434 | Loss 0.2283 | Avg Epoch Time 0.3751s
Epoch 00435 | Loss 0.2281 | Avg Epoch Time 0.3751s
Epoch 00435 | Valid acc: 88.36% | Test acc: 75.89%
Epoch 00436 | Loss 0.2296 | Avg Epoch Time 0.3751s
Epoch 00437 | Loss 0.2167 | Avg Epoch Time 0.3751s
Epoch 00438 | Loss 0.2218 | Avg Epoch Time 0.3751s
Epoch 00439 | Loss 0.2160 | Avg Epoch Time 0.3751s
Epoch 00440 | Loss 0.2177 | Avg Epoch Time 0.3751s
Epoch 00440 | Valid acc: 88.17% | Test acc: 75.72%
Epoch 00441 | Loss 0.2146 | Avg Epoch Time 0.3751s
Epoch 00442 | Loss 0.2102 | Avg Epoch Time 0.3751s
Epoch 00443 | Loss 0.2102 | Avg Epoch Time 0.3751s
Epoch 00444 | Loss 0.2060 | Avg Epoch Time 0.3751s
Epoch 00445 | Loss 0.2042 | Avg Epoch Time 0.3751s
Epoch 00445 | Valid acc: 87.91% | Test acc: 75.65%
Epoch 00446 | Loss 0.2029 | Avg Epoch Time 0.3751s
Epoch 00447 | Loss 0.2024 | Avg Epoch Time 0.3751s
Epoch 00448 | Loss 0.2009 | Avg Epoch Time 0.3751s
Epoch 00449 | Loss 0.2011 | Avg Epoch Time 0.3751s
Epoch 00450 | Loss 0.1977 | Avg Epoch Time 0.3751s
Epoch 00450 | Valid acc: 87.79% | Test acc: 75.97%
Epoch 00451 | Loss 0.2013 | Avg Epoch Time 0.3751s
Epoch 00452 | Loss 0.2057 | Avg Epoch Time 0.3751s
Epoch 00453 | Loss 0.2097 | Avg Epoch Time 0.3751s
Epoch 00454 | Loss 0.2019 | Avg Epoch Time 0.3751s
Epoch 00455 | Loss 0.1866 | Avg Epoch Time 0.3751s
Epoch 00455 | Valid acc: 87.91% | Test acc: 76.06%
Epoch 00456 | Loss 0.1957 | Avg Epoch Time 0.3751s
Epoch 00457 | Loss 0.1928 | Avg Epoch Time 0.3751s
Epoch 00458 | Loss 0.1828 | Avg Epoch Time 0.3751s
Epoch 00459 | Loss 0.1864 | Avg Epoch Time 0.3751s
Epoch 00460 | Loss 0.1871 | Avg Epoch Time 0.3751s
Epoch 00460 | Valid acc: 88.61% | Test acc: 76.09%
Epoch 00461 | Loss 0.1760 | Avg Epoch Time 0.3751s
Epoch 00462 | Loss 0.1795 | Avg Epoch Time 0.3751s
Epoch 00463 | Loss 0.1750 | Avg Epoch Time 0.3752s
Epoch 00464 | Loss 0.1738 | Avg Epoch Time 0.3752s
Epoch 00465 | Loss 0.1786 | Avg Epoch Time 0.3752s
Epoch 00465 | Valid acc: 88.42% | Test acc: 75.29%
Epoch 00466 | Loss 0.1746 | Avg Epoch Time 0.3752s
Epoch 00467 | Loss 0.1691 | Avg Epoch Time 0.3752s
Epoch 00468 | Loss 0.1676 | Avg Epoch Time 0.3752s
Epoch 00469 | Loss 0.1655 | Avg Epoch Time 0.3752s
Epoch 00470 | Loss 0.1645 | Avg Epoch Time 0.3752s
Epoch 00470 | Valid acc: 88.30% | Test acc: 75.27%
Epoch 00471 | Loss 0.1658 | Avg Epoch Time 0.3752s
Epoch 00472 | Loss 0.1604 | Avg Epoch Time 0.3752s
Epoch 00473 | Loss 0.1633 | Avg Epoch Time 0.3752s
Epoch 00474 | Loss 0.1590 | Avg Epoch Time 0.3752s
Epoch 00475 | Loss 0.1593 | Avg Epoch Time 0.3752s
Epoch 00475 | Valid acc: 87.91% | Test acc: 75.74%
Epoch 00476 | Loss 0.1558 | Avg Epoch Time 0.3752s
Epoch 00477 | Loss 0.1548 | Avg Epoch Time 0.3752s
Epoch 00478 | Loss 0.1556 | Avg Epoch Time 0.3752s
Epoch 00479 | Loss 0.1541 | Avg Epoch Time 0.3752s
Epoch 00480 | Loss 0.1552 | Avg Epoch Time 0.3752s
Epoch 00480 | Valid acc: 88.10% | Test acc: 75.56%
Epoch 00481 | Loss 0.1661 | Avg Epoch Time 0.3752s
Epoch 00482 | Loss 0.2036 | Avg Epoch Time 0.3752s
Epoch 00483 | Loss 0.3625 | Avg Epoch Time 0.3752s
Epoch 00484 | Loss 0.3870 | Avg Epoch Time 0.3752s
Epoch 00485 | Loss 0.2811 | Avg Epoch Time 0.3752s
Epoch 00485 | Valid acc: 88.42% | Test acc: 74.94%
Epoch 00486 | Loss 0.2576 | Avg Epoch Time 0.3752s
Epoch 00487 | Loss 0.2932 | Avg Epoch Time 0.3752s
Epoch 00488 | Loss 0.2832 | Avg Epoch Time 0.3752s
Epoch 00489 | Loss 0.2806 | Avg Epoch Time 0.3752s
Epoch 00490 | Loss 0.2568 | Avg Epoch Time 0.3752s
Epoch 00490 | Valid acc: 87.98% | Test acc: 74.21%
Epoch 00491 | Loss 0.2765 | Avg Epoch Time 0.3752s
Epoch 00492 | Loss 0.2636 | Avg Epoch Time 0.3752s
Epoch 00493 | Loss 0.2702 | Avg Epoch Time 0.3752s
Epoch 00494 | Loss 0.2463 | Avg Epoch Time 0.3752s
Epoch 00495 | Loss 0.2504 | Avg Epoch Time 0.3752s
Epoch 00495 | Valid acc: 87.98% | Test acc: 76.34%
Epoch 00496 | Loss 0.2411 | Avg Epoch Time 0.3752s
Epoch 00497 | Loss 0.2356 | Avg Epoch Time 0.3752s
Epoch 00498 | Loss 0.2345 | Avg Epoch Time 0.3752s
Epoch 00499 | Loss 0.2246 | Avg Epoch Time 0.3752s
Epoch 00500 | Loss 0.2226 | Avg Epoch Time 0.3752s
Epoch 00500 | Valid acc: 88.49% | Test acc: 76.08%
Epoch 00501 | Loss 0.2180 | Avg Epoch Time 0.3752s
Epoch 00502 | Loss 0.2116 | Avg Epoch Time 0.3752s
Epoch 00503 | Loss 0.2065 | Avg Epoch Time 0.3752s
Epoch 00504 | Loss 0.2059 | Avg Epoch Time 0.3752s
Epoch 00505 | Loss 0.1982 | Avg Epoch Time 0.3752s
Epoch 00505 | Valid acc: 88.61% | Test acc: 75.19%
Epoch 00506 | Loss 0.1960 | Avg Epoch Time 0.3752s
Epoch 00507 | Loss 0.1943 | Avg Epoch Time 0.3752s
Epoch 00508 | Loss 0.1878 | Avg Epoch Time 0.3752s
Epoch 00509 | Loss 0.1896 | Avg Epoch Time 0.3752s
Epoch 00510 | Loss 0.1852 | Avg Epoch Time 0.3752s
Epoch 00510 | Valid acc: 89.06% | Test acc: 75.91%
Epoch 00511 | Loss 0.1816 | Avg Epoch Time 0.3752s
Epoch 00512 | Loss 0.1788 | Avg Epoch Time 0.3752s
Epoch 00513 | Loss 0.1734 | Avg Epoch Time 0.3752s
Epoch 00514 | Loss 0.1724 | Avg Epoch Time 0.3752s
Epoch 00515 | Loss 0.1715 | Avg Epoch Time 0.3752s
Epoch 00515 | Valid acc: 89.25% | Test acc: 75.75%
Epoch 00516 | Loss 0.1662 | Avg Epoch Time 0.3752s
Epoch 00517 | Loss 0.1668 | Avg Epoch Time 0.3752s
Epoch 00518 | Loss 0.1606 | Avg Epoch Time 0.3752s
Epoch 00519 | Loss 0.1602 | Avg Epoch Time 0.3752s
Epoch 00520 | Loss 0.1628 | Avg Epoch Time 0.3752s
Epoch 00520 | Valid acc: 88.87% | Test acc: 75.64%
Epoch 00521 | Loss 0.1557 | Avg Epoch Time 0.3752s
Epoch 00522 | Loss 0.1561 | Avg Epoch Time 0.3752s
Epoch 00523 | Loss 0.1530 | Avg Epoch Time 0.3752s
Epoch 00524 | Loss 0.1504 | Avg Epoch Time 0.3752s
Epoch 00525 | Loss 0.1445 | Avg Epoch Time 0.3752s
Epoch 00525 | Valid acc: 89.06% | Test acc: 75.27%
Epoch 00526 | Loss 0.1466 | Avg Epoch Time 0.3752s
Epoch 00527 | Loss 0.1427 | Avg Epoch Time 0.3752s
Epoch 00528 | Loss 0.1433 | Avg Epoch Time 0.3752s
Epoch 00529 | Loss 0.1396 | Avg Epoch Time 0.3752s
Epoch 00530 | Loss 0.1411 | Avg Epoch Time 0.3752s
Epoch 00530 | Valid acc: 89.06% | Test acc: 75.44%
Epoch 00531 | Loss 0.1390 | Avg Epoch Time 0.3752s
Epoch 00532 | Loss 0.1323 | Avg Epoch Time 0.3752s
Epoch 00533 | Loss 0.1324 | Avg Epoch Time 0.3752s
Epoch 00534 | Loss 0.1368 | Avg Epoch Time 0.3752s
Epoch 00535 | Loss 0.1306 | Avg Epoch Time 0.3752s
Epoch 00535 | Valid acc: 88.49% | Test acc: 75.53%
Epoch 00536 | Loss 0.1315 | Avg Epoch Time 0.3752s
Epoch 00537 | Loss 0.1277 | Avg Epoch Time 0.3752s
Epoch 00538 | Loss 0.1255 | Avg Epoch Time 0.3752s
Epoch 00539 | Loss 0.1278 | Avg Epoch Time 0.3752s
Epoch 00540 | Loss 0.1242 | Avg Epoch Time 0.3752s
Epoch 00540 | Valid acc: 88.61% | Test acc: 75.31%
Epoch 00541 | Loss 0.1236 | Avg Epoch Time 0.3752s
Epoch 00542 | Loss 0.1213 | Avg Epoch Time 0.3752s
Epoch 00543 | Loss 0.1213 | Avg Epoch Time 0.3752s
Epoch 00544 | Loss 0.1266 | Avg Epoch Time 0.3752s
Epoch 00545 | Loss 0.1272 | Avg Epoch Time 0.3752s
Epoch 00545 | Valid acc: 88.36% | Test acc: 75.56%
Epoch 00546 | Loss 0.1282 | Avg Epoch Time 0.3752s
Epoch 00547 | Loss 0.1206 | Avg Epoch Time 0.3752s
Epoch 00548 | Loss 0.1174 | Avg Epoch Time 0.3752s
Epoch 00549 | Loss 0.1213 | Avg Epoch Time 0.3752s
Epoch 00550 | Loss 0.1195 | Avg Epoch Time 0.3752s
Epoch 00550 | Valid acc: 88.55% | Test acc: 75.40%
Epoch 00551 | Loss 0.1132 | Avg Epoch Time 0.3752s
Epoch 00552 | Loss 0.1118 | Avg Epoch Time 0.3752s
Epoch 00553 | Loss 0.1099 | Avg Epoch Time 0.3752s
Epoch 00554 | Loss 0.1129 | Avg Epoch Time 0.3752s
Epoch 00555 | Loss 0.1084 | Avg Epoch Time 0.3752s
Epoch 00555 | Valid acc: 88.55% | Test acc: 75.55%
Epoch 00556 | Loss 0.1063 | Avg Epoch Time 0.3752s
Epoch 00557 | Loss 0.1087 | Avg Epoch Time 0.3752s
Epoch 00558 | Loss 0.1125 | Avg Epoch Time 0.3752s
Epoch 00559 | Loss 0.1152 | Avg Epoch Time 0.3752s
Epoch 00560 | Loss 0.1308 | Avg Epoch Time 0.3752s
Epoch 00560 | Valid acc: 86.07% | Test acc: 74.09%
Epoch 00561 | Loss 0.2140 | Avg Epoch Time 0.3752s
Epoch 00562 | Loss 0.4376 | Avg Epoch Time 0.3752s
Epoch 00563 | Loss 0.5717 | Avg Epoch Time 0.3752s
Epoch 00564 | Loss 0.3857 | Avg Epoch Time 0.3752s
Epoch 00565 | Loss 0.3872 | Avg Epoch Time 0.3753s
Epoch 00565 | Valid acc: 86.26% | Test acc: 71.94%
Epoch 00566 | Loss 0.3648 | Avg Epoch Time 0.3753s
Epoch 00567 | Loss 0.3129 | Avg Epoch Time 0.3753s
Epoch 00568 | Loss 0.3418 | Avg Epoch Time 0.3753s
Epoch 00569 | Loss 0.3442 | Avg Epoch Time 0.3753s
Epoch 00570 | Loss 0.3221 | Avg Epoch Time 0.3753s
Epoch 00570 | Valid acc: 87.09% | Test acc: 72.83%
Epoch 00571 | Loss 0.3264 | Avg Epoch Time 0.3753s
Epoch 00572 | Loss 0.3165 | Avg Epoch Time 0.3753s
Epoch 00573 | Loss 0.3036 | Avg Epoch Time 0.3753s
Epoch 00574 | Loss 0.3010 | Avg Epoch Time 0.3753s
Epoch 00575 | Loss 0.2967 | Avg Epoch Time 0.3753s
Epoch 00575 | Valid acc: 88.68% | Test acc: 73.16%
Epoch 00576 | Loss 0.2928 | Avg Epoch Time 0.3753s
Epoch 00577 | Loss 0.2855 | Avg Epoch Time 0.3753s
Epoch 00578 | Loss 0.2798 | Avg Epoch Time 0.3753s
Epoch 00579 | Loss 0.2710 | Avg Epoch Time 0.3753s
Epoch 00580 | Loss 0.2640 | Avg Epoch Time 0.3753s
Epoch 00580 | Valid acc: 88.55% | Test acc: 74.32%
Epoch 00581 | Loss 0.2543 | Avg Epoch Time 0.3753s
Epoch 00582 | Loss 0.2494 | Avg Epoch Time 0.3753s
Epoch 00583 | Loss 0.2481 | Avg Epoch Time 0.3753s
Epoch 00584 | Loss 0.2385 | Avg Epoch Time 0.3753s
Epoch 00585 | Loss 0.2340 | Avg Epoch Time 0.3753s
Epoch 00585 | Valid acc: 88.42% | Test acc: 74.58%
Epoch 00586 | Loss 0.2294 | Avg Epoch Time 0.3753s
Epoch 00587 | Loss 0.2197 | Avg Epoch Time 0.3753s
Epoch 00588 | Loss 0.2210 | Avg Epoch Time 0.3753s
Epoch 00589 | Loss 0.2196 | Avg Epoch Time 0.3753s
Epoch 00590 | Loss 0.2127 | Avg Epoch Time 0.3753s
Epoch 00590 | Valid acc: 88.23% | Test acc: 75.64%
Epoch 00591 | Loss 0.2096 | Avg Epoch Time 0.3753s
Epoch 00592 | Loss 0.2031 | Avg Epoch Time 0.3753s
Epoch 00593 | Loss 0.2001 | Avg Epoch Time 0.3753s
Epoch 00594 | Loss 0.1952 | Avg Epoch Time 0.3753s
Epoch 00595 | Loss 0.1909 | Avg Epoch Time 0.3753s
Epoch 00595 | Valid acc: 88.55% | Test acc: 75.52%
Epoch 00596 | Loss 0.1884 | Avg Epoch Time 0.3753s
Epoch 00597 | Loss 0.1861 | Avg Epoch Time 0.3753s
Epoch 00598 | Loss 0.1851 | Avg Epoch Time 0.3753s
Epoch 00599 | Loss 0.1750 | Avg Epoch Time 0.3753s
Epoch 00600 | Loss 0.1741 | Avg Epoch Time 0.3753s
Epoch 00600 | Valid acc: 88.55% | Test acc: 75.17%
Epoch 00601 | Loss 0.1712 | Avg Epoch Time 0.3753s
Epoch 00602 | Loss 0.1735 | Avg Epoch Time 0.3753s
Epoch 00603 | Loss 0.1655 | Avg Epoch Time 0.3753s
Epoch 00604 | Loss 0.1666 | Avg Epoch Time 0.3753s
Epoch 00605 | Loss 0.1644 | Avg Epoch Time 0.3753s
Epoch 00605 | Valid acc: 88.74% | Test acc: 75.40%
Epoch 00606 | Loss 0.1564 | Avg Epoch Time 0.3753s
Epoch 00607 | Loss 0.1591 | Avg Epoch Time 0.3753s
Epoch 00608 | Loss 0.1542 | Avg Epoch Time 0.3753s
Epoch 00609 | Loss 0.1525 | Avg Epoch Time 0.3753s
Epoch 00610 | Loss 0.1509 | Avg Epoch Time 0.3753s
Epoch 00610 | Valid acc: 88.99% | Test acc: 75.47%
Epoch 00611 | Loss 0.1474 | Avg Epoch Time 0.3753s
Epoch 00612 | Loss 0.1464 | Avg Epoch Time 0.3753s
Epoch 00613 | Loss 0.1443 | Avg Epoch Time 0.3753s
Epoch 00614 | Loss 0.1398 | Avg Epoch Time 0.3753s
Epoch 00615 | Loss 0.1418 | Avg Epoch Time 0.3753s
Epoch 00615 | Valid acc: 88.30% | Test acc: 75.55%
Epoch 00616 | Loss 0.1378 | Avg Epoch Time 0.3753s
Epoch 00617 | Loss 0.1370 | Avg Epoch Time 0.3753s
Epoch 00618 | Loss 0.1329 | Avg Epoch Time 0.3753s
Epoch 00619 | Loss 0.1316 | Avg Epoch Time 0.3753s
Epoch 00620 | Loss 0.1298 | Avg Epoch Time 0.3753s
Epoch 00620 | Valid acc: 88.49% | Test acc: 75.56%
Epoch 00621 | Loss 0.1290 | Avg Epoch Time 0.3753s
Epoch 00622 | Loss 0.1267 | Avg Epoch Time 0.3753s
Epoch 00623 | Loss 0.1248 | Avg Epoch Time 0.3753s
Epoch 00624 | Loss 0.1229 | Avg Epoch Time 0.3753s
Epoch 00625 | Loss 0.1220 | Avg Epoch Time 0.3753s
Epoch 00625 | Valid acc: 88.30% | Test acc: 75.72%
Epoch 00626 | Loss 0.1227 | Avg Epoch Time 0.3753s
Epoch 00627 | Loss 0.1195 | Avg Epoch Time 0.3753s
Epoch 00628 | Loss 0.1200 | Avg Epoch Time 0.3753s
Epoch 00629 | Loss 0.1205 | Avg Epoch Time 0.3753s
Epoch 00630 | Loss 0.1164 | Avg Epoch Time 0.3753s
Epoch 00630 | Valid acc: 88.36% | Test acc: 75.62%
Epoch 00631 | Loss 0.1160 | Avg Epoch Time 0.3753s
Epoch 00632 | Loss 0.1177 | Avg Epoch Time 0.3753s
Epoch 00633 | Loss 0.1138 | Avg Epoch Time 0.3753s
Epoch 00634 | Loss 0.1121 | Avg Epoch Time 0.3753s
Epoch 00635 | Loss 0.1119 | Avg Epoch Time 0.3753s
Epoch 00635 | Valid acc: 88.49% | Test acc: 75.38%
Epoch 00636 | Loss 0.1072 | Avg Epoch Time 0.3753s
Epoch 00637 | Loss 0.1131 | Avg Epoch Time 0.3753s
Epoch 00638 | Loss 0.1171 | Avg Epoch Time 0.3753s
Epoch 00639 | Loss 0.1226 | Avg Epoch Time 0.3753s
Epoch 00640 | Loss 0.1633 | Avg Epoch Time 0.3753s
Epoch 00640 | Valid acc: 87.91% | Test acc: 74.60%
Epoch 00641 | Loss 0.1470 | Avg Epoch Time 0.3753s
Epoch 00642 | Loss 0.1210 | Avg Epoch Time 0.3753s
Epoch 00643 | Loss 0.1334 | Avg Epoch Time 0.3753s
Epoch 00644 | Loss 0.1349 | Avg Epoch Time 0.3753s
Epoch 00645 | Loss 0.1278 | Avg Epoch Time 0.3753s
Epoch 00645 | Valid acc: 88.23% | Test acc: 75.65%
Epoch 00646 | Loss 0.1264 | Avg Epoch Time 0.3753s
Epoch 00647 | Loss 0.1172 | Avg Epoch Time 0.3753s
Epoch 00648 | Loss 0.1260 | Avg Epoch Time 0.3753s
Epoch 00649 | Loss 0.1137 | Avg Epoch Time 0.3753s
Epoch 00650 | Loss 0.1193 | Avg Epoch Time 0.3753s
Epoch 00650 | Valid acc: 88.17% | Test acc: 75.38%
Epoch 00651 | Loss 0.1117 | Avg Epoch Time 0.3753s
Epoch 00652 | Loss 0.1065 | Avg Epoch Time 0.3753s
Epoch 00653 | Loss 0.1065 | Avg Epoch Time 0.3753s
Epoch 00654 | Loss 0.1055 | Avg Epoch Time 0.3753s
Epoch 00655 | Loss 0.1016 | Avg Epoch Time 0.3753s
Epoch 00655 | Valid acc: 88.30% | Test acc: 75.29%
Epoch 00656 | Loss 0.1010 | Avg Epoch Time 0.3753s
Epoch 00657 | Loss 0.0990 | Avg Epoch Time 0.3753s
Epoch 00658 | Loss 0.0962 | Avg Epoch Time 0.3753s
Epoch 00659 | Loss 0.0978 | Avg Epoch Time 0.3753s
Epoch 00660 | Loss 0.0929 | Avg Epoch Time 0.3753s
Epoch 00660 | Valid acc: 88.36% | Test acc: 75.17%
Epoch 00661 | Loss 0.0923 | Avg Epoch Time 0.3753s
Epoch 00662 | Loss 0.0925 | Avg Epoch Time 0.3753s
Epoch 00663 | Loss 0.0895 | Avg Epoch Time 0.3753s
Epoch 00664 | Loss 0.0895 | Avg Epoch Time 0.3753s
Epoch 00665 | Loss 0.0920 | Avg Epoch Time 0.3753s
Epoch 00665 | Valid acc: 88.23% | Test acc: 75.10%
Epoch 00666 | Loss 0.0874 | Avg Epoch Time 0.3753s
Epoch 00667 | Loss 0.0865 | Avg Epoch Time 0.3753s
Epoch 00668 | Loss 0.0861 | Avg Epoch Time 0.3753s
Epoch 00669 | Loss 0.0824 | Avg Epoch Time 0.3753s
Epoch 00670 | Loss 0.0824 | Avg Epoch Time 0.3753s
Epoch 00670 | Valid acc: 88.42% | Test acc: 75.18%
Epoch 00671 | Loss 0.0800 | Avg Epoch Time 0.3753s
Epoch 00672 | Loss 0.0775 | Avg Epoch Time 0.3753s
Epoch 00673 | Loss 0.0793 | Avg Epoch Time 0.3753s
Epoch 00674 | Loss 0.0782 | Avg Epoch Time 0.3753s
Epoch 00675 | Loss 0.0754 | Avg Epoch Time 0.3753s
Epoch 00675 | Valid acc: 87.72% | Test acc: 75.39%
Epoch 00676 | Loss 0.0766 | Avg Epoch Time 0.3753s
Epoch 00677 | Loss 0.0757 | Avg Epoch Time 0.3753s
Epoch 00678 | Loss 0.0738 | Avg Epoch Time 0.3753s
Epoch 00679 | Loss 0.0738 | Avg Epoch Time 0.3753s
Epoch 00680 | Loss 0.0729 | Avg Epoch Time 0.3753s
Epoch 00680 | Valid acc: 87.98% | Test acc: 75.37%
Epoch 00681 | Loss 0.0733 | Avg Epoch Time 0.3753s
Epoch 00682 | Loss 0.0734 | Avg Epoch Time 0.3753s
Epoch 00683 | Loss 0.0699 | Avg Epoch Time 0.3753s
Epoch 00684 | Loss 0.0743 | Avg Epoch Time 0.3753s
Epoch 00685 | Loss 0.0740 | Avg Epoch Time 0.3753s
Epoch 00685 | Valid acc: 88.17% | Test acc: 75.62%
Epoch 00686 | Loss 0.0783 | Avg Epoch Time 0.3753s
Epoch 00687 | Loss 0.0799 | Avg Epoch Time 0.3753s
Epoch 00688 | Loss 0.0788 | Avg Epoch Time 0.3753s
Epoch 00689 | Loss 0.0780 | Avg Epoch Time 0.3753s
Epoch 00690 | Loss 0.0906 | Avg Epoch Time 0.3753s
Epoch 00690 | Valid acc: 88.36% | Test acc: 75.01%
Epoch 00691 | Loss 0.1003 | Avg Epoch Time 0.3753s
Epoch 00692 | Loss 0.2002 | Avg Epoch Time 0.3753s
Epoch 00693 | Loss 0.6244 | Avg Epoch Time 0.3753s
Epoch 00694 | Loss 0.2499 | Avg Epoch Time 0.3753s
Epoch 00695 | Loss 0.2566 | Avg Epoch Time 0.3753s
Epoch 00695 | Valid acc: 86.01% | Test acc: 74.15%
Epoch 00696 | Loss 0.3322 | Avg Epoch Time 0.3753s
Epoch 00697 | Loss 0.2430 | Avg Epoch Time 0.3753s
Epoch 00698 | Loss 0.2410 | Avg Epoch Time 0.3753s
Epoch 00699 | Loss 0.2464 | Avg Epoch Time 0.3753s
Epoch 00700 | Loss 0.2546 | Avg Epoch Time 0.3753s
Epoch 00700 | Valid acc: 87.34% | Test acc: 74.04%
Epoch 00701 | Loss 0.2532 | Avg Epoch Time 0.3753s
Epoch 00702 | Loss 0.2246 | Avg Epoch Time 0.3753s
Epoch 00703 | Loss 0.2196 | Avg Epoch Time 0.3753s
Epoch 00704 | Loss 0.2202 | Avg Epoch Time 0.3753s
Epoch 00705 | Loss 0.2173 | Avg Epoch Time 0.3753s
Epoch 00705 | Valid acc: 88.42% | Test acc: 76.55%
Epoch 00706 | Loss 0.2031 | Avg Epoch Time 0.3753s
Epoch 00707 | Loss 0.1980 | Avg Epoch Time 0.3753s
Epoch 00708 | Loss 0.1937 | Avg Epoch Time 0.3753s
Epoch 00709 | Loss 0.1829 | Avg Epoch Time 0.3753s
Epoch 00710 | Loss 0.1773 | Avg Epoch Time 0.3753s
Epoch 00710 | Valid acc: 89.12% | Test acc: 75.17%
Epoch 00711 | Loss 0.1763 | Avg Epoch Time 0.3753s
Epoch 00712 | Loss 0.1743 | Avg Epoch Time 0.3753s
Epoch 00713 | Loss 0.1593 | Avg Epoch Time 0.3753s
Epoch 00714 | Loss 0.1607 | Avg Epoch Time 0.3753s
Epoch 00715 | Loss 0.1548 | Avg Epoch Time 0.3753s
Epoch 00715 | Valid acc: 88.17% | Test acc: 74.96%
Epoch 00716 | Loss 0.1516 | Avg Epoch Time 0.3753s
Epoch 00717 | Loss 0.1480 | Avg Epoch Time 0.3753s
Epoch 00718 | Loss 0.1394 | Avg Epoch Time 0.3753s
Epoch 00719 | Loss 0.1398 | Avg Epoch Time 0.3753s
Epoch 00720 | Loss 0.1338 | Avg Epoch Time 0.3753s
Epoch 00720 | Valid acc: 88.74% | Test acc: 75.65%
Epoch 00721 | Loss 0.1325 | Avg Epoch Time 0.3753s
Epoch 00722 | Loss 0.1298 | Avg Epoch Time 0.3753s
Epoch 00723 | Loss 0.1232 | Avg Epoch Time 0.3753s
Epoch 00724 | Loss 0.1230 | Avg Epoch Time 0.3753s
Epoch 00725 | Loss 0.1197 | Avg Epoch Time 0.3753s
Epoch 00725 | Valid acc: 88.80% | Test acc: 75.45%
Epoch 00726 | Loss 0.1169 | Avg Epoch Time 0.3753s
Epoch 00727 | Loss 0.1124 | Avg Epoch Time 0.3753s
Epoch 00728 | Loss 0.1131 | Avg Epoch Time 0.3753s
Epoch 00729 | Loss 0.1079 | Avg Epoch Time 0.3753s
Epoch 00730 | Loss 0.1092 | Avg Epoch Time 0.3753s
Epoch 00730 | Valid acc: 88.87% | Test acc: 75.08%
Epoch 00731 | Loss 0.1084 | Avg Epoch Time 0.3753s
Epoch 00732 | Loss 0.1041 | Avg Epoch Time 0.3753s
Epoch 00733 | Loss 0.1010 | Avg Epoch Time 0.3753s
Epoch 00734 | Loss 0.0994 | Avg Epoch Time 0.3753s
Epoch 00735 | Loss 0.0999 | Avg Epoch Time 0.3753s
Epoch 00735 | Valid acc: 88.87% | Test acc: 74.83%
Epoch 00736 | Loss 0.1058 | Avg Epoch Time 0.3753s
Epoch 00737 | Loss 0.1205 | Avg Epoch Time 0.3753s
Epoch 00738 | Loss 0.1327 | Avg Epoch Time 0.3753s
Epoch 00739 | Loss 0.1228 | Avg Epoch Time 0.3753s
Epoch 00740 | Loss 0.0999 | Avg Epoch Time 0.3753s
Epoch 00740 | Valid acc: 88.55% | Test acc: 74.29%
Epoch 00741 | Loss 0.1141 | Avg Epoch Time 0.3753s
Epoch 00742 | Loss 0.1022 | Avg Epoch Time 0.3753s
Epoch 00743 | Loss 0.1105 | Avg Epoch Time 0.3753s
Epoch 00744 | Loss 0.1015 | Avg Epoch Time 0.3753s
Epoch 00745 | Loss 0.1038 | Avg Epoch Time 0.3753s
Epoch 00745 | Valid acc: 87.85% | Test acc: 75.14%
Epoch 00746 | Loss 0.0970 | Avg Epoch Time 0.3753s
Epoch 00747 | Loss 0.1005 | Avg Epoch Time 0.3753s
Epoch 00748 | Loss 0.0871 | Avg Epoch Time 0.3753s
Epoch 00749 | Loss 0.0934 | Avg Epoch Time 0.3753s
Epoch 00750 | Loss 0.0876 | Avg Epoch Time 0.3753s
Epoch 00750 | Valid acc: 88.04% | Test acc: 75.26%
Epoch 00751 | Loss 0.0931 | Avg Epoch Time 0.3753s
Epoch 00752 | Loss 0.0843 | Avg Epoch Time 0.3753s
Epoch 00753 | Loss 0.0875 | Avg Epoch Time 0.3753s
Epoch 00754 | Loss 0.0826 | Avg Epoch Time 0.3753s
Epoch 00755 | Loss 0.0819 | Avg Epoch Time 0.3753s
Epoch 00755 | Valid acc: 88.23% | Test acc: 75.83%
Epoch 00756 | Loss 0.0811 | Avg Epoch Time 0.3753s
Epoch 00757 | Loss 0.0781 | Avg Epoch Time 0.3753s
Epoch 00758 | Loss 0.0778 | Avg Epoch Time 0.3753s
Epoch 00759 | Loss 0.0774 | Avg Epoch Time 0.3753s
Epoch 00760 | Loss 0.0734 | Avg Epoch Time 0.3753s
Epoch 00760 | Valid acc: 87.91% | Test acc: 75.06%
Epoch 00761 | Loss 0.0753 | Avg Epoch Time 0.3753s
Epoch 00762 | Loss 0.0716 | Avg Epoch Time 0.3753s
Epoch 00763 | Loss 0.0698 | Avg Epoch Time 0.3753s
Epoch 00764 | Loss 0.0708 | Avg Epoch Time 0.3753s
Epoch 00765 | Loss 0.0663 | Avg Epoch Time 0.3753s
Epoch 00765 | Valid acc: 87.79% | Test acc: 75.37%
Epoch 00766 | Loss 0.0711 | Avg Epoch Time 0.3753s
Epoch 00767 | Loss 0.0688 | Avg Epoch Time 0.3753s
Epoch 00768 | Loss 0.0663 | Avg Epoch Time 0.3753s
Epoch 00769 | Loss 0.0661 | Avg Epoch Time 0.3753s
Epoch 00770 | Loss 0.0636 | Avg Epoch Time 0.3753s
Epoch 00770 | Valid acc: 88.42% | Test acc: 75.23%
Epoch 00771 | Loss 0.0636 | Avg Epoch Time 0.3753s
Epoch 00772 | Loss 0.0612 | Avg Epoch Time 0.3753s
Epoch 00773 | Loss 0.0601 | Avg Epoch Time 0.3753s
Epoch 00774 | Loss 0.0620 | Avg Epoch Time 0.3753s
Epoch 00775 | Loss 0.0600 | Avg Epoch Time 0.3753s
Epoch 00775 | Valid acc: 87.85% | Test acc: 75.40%
Epoch 00776 | Loss 0.0583 | Avg Epoch Time 0.3753s
Epoch 00777 | Loss 0.0556 | Avg Epoch Time 0.3753s
Epoch 00778 | Loss 0.0576 | Avg Epoch Time 0.3753s
Epoch 00779 | Loss 0.0565 | Avg Epoch Time 0.3753s
Epoch 00780 | Loss 0.0575 | Avg Epoch Time 0.3753s
Epoch 00780 | Valid acc: 87.79% | Test acc: 75.58%
Epoch 00781 | Loss 0.0571 | Avg Epoch Time 0.3753s
Epoch 00782 | Loss 0.0537 | Avg Epoch Time 0.3753s
Epoch 00783 | Loss 0.0540 | Avg Epoch Time 0.3753s
Epoch 00784 | Loss 0.0566 | Avg Epoch Time 0.3753s
Epoch 00785 | Loss 0.0524 | Avg Epoch Time 0.3753s
Epoch 00785 | Valid acc: 88.61% | Test acc: 74.81%
Epoch 00786 | Loss 0.0522 | Avg Epoch Time 0.3753s
Epoch 00787 | Loss 0.0513 | Avg Epoch Time 0.3754s
Epoch 00788 | Loss 0.0542 | Avg Epoch Time 0.3754s
Epoch 00789 | Loss 0.0530 | Avg Epoch Time 0.3753s
Epoch 00790 | Loss 0.0513 | Avg Epoch Time 0.3753s
Epoch 00790 | Valid acc: 88.10% | Test acc: 75.63%
Epoch 00791 | Loss 0.0513 | Avg Epoch Time 0.3754s
Epoch 00792 | Loss 0.0495 | Avg Epoch Time 0.3754s
Epoch 00793 | Loss 0.0526 | Avg Epoch Time 0.3754s
Epoch 00794 | Loss 0.0550 | Avg Epoch Time 0.3754s
Epoch 00795 | Loss 0.0567 | Avg Epoch Time 0.3754s
Epoch 00795 | Valid acc: 88.23% | Test acc: 74.51%
Epoch 00796 | Loss 0.0657 | Avg Epoch Time 0.3754s
Epoch 00797 | Loss 0.1339 | Avg Epoch Time 0.3754s
Epoch 00798 | Loss 0.4121 | Avg Epoch Time 0.3754s
Epoch 00799 | Loss 0.5990 | Avg Epoch Time 0.3754s
Epoch 00800 | Loss 0.5520 | Avg Epoch Time 0.3754s
Epoch 00800 | Valid acc: 86.32% | Test acc: 72.04%
Epoch 00801 | Loss 0.4392 | Avg Epoch Time 0.3754s
Epoch 00802 | Loss 0.4152 | Avg Epoch Time 0.3753s
Epoch 00803 | Loss 0.3917 | Avg Epoch Time 0.3754s
Epoch 00804 | Loss 0.3643 | Avg Epoch Time 0.3754s
Epoch 00805 | Loss 0.3116 | Avg Epoch Time 0.3754s
Epoch 00805 | Valid acc: 87.40% | Test acc: 75.54%
Epoch 00806 | Loss 0.3001 | Avg Epoch Time 0.3754s
Epoch 00807 | Loss 0.3174 | Avg Epoch Time 0.3754s
Epoch 00808 | Loss 0.3078 | Avg Epoch Time 0.3754s
Epoch 00809 | Loss 0.2865 | Avg Epoch Time 0.3754s
Epoch 00810 | Loss 0.2831 | Avg Epoch Time 0.3754s
Epoch 00810 | Valid acc: 88.04% | Test acc: 75.44%
Epoch 00811 | Loss 0.2813 | Avg Epoch Time 0.3754s
Epoch 00812 | Loss 0.2721 | Avg Epoch Time 0.3754s
Epoch 00813 | Loss 0.2559 | Avg Epoch Time 0.3754s
Epoch 00814 | Loss 0.2468 | Avg Epoch Time 0.3754s
Epoch 00815 | Loss 0.2372 | Avg Epoch Time 0.3754s
Epoch 00815 | Valid acc: 88.49% | Test acc: 75.81%
Epoch 00816 | Loss 0.2367 | Avg Epoch Time 0.3754s
Epoch 00817 | Loss 0.2329 | Avg Epoch Time 0.3754s
Epoch 00818 | Loss 0.2236 | Avg Epoch Time 0.3754s
Epoch 00819 | Loss 0.2176 | Avg Epoch Time 0.3754s
Epoch 00820 | Loss 0.2129 | Avg Epoch Time 0.3754s
Epoch 00820 | Valid acc: 88.99% | Test acc: 76.22%
Epoch 00821 | Loss 0.2125 | Avg Epoch Time 0.3754s
Epoch 00822 | Loss 0.2068 | Avg Epoch Time 0.3754s
Epoch 00823 | Loss 0.1997 | Avg Epoch Time 0.3754s
Epoch 00824 | Loss 0.1933 | Avg Epoch Time 0.3754s
Epoch 00825 | Loss 0.1856 | Avg Epoch Time 0.3754s
Epoch 00825 | Valid acc: 88.74% | Test acc: 75.49%
Epoch 00826 | Loss 0.1851 | Avg Epoch Time 0.3754s
Epoch 00827 | Loss 0.1773 | Avg Epoch Time 0.3754s
Epoch 00828 | Loss 0.1756 | Avg Epoch Time 0.3754s
Epoch 00829 | Loss 0.1715 | Avg Epoch Time 0.3754s
Epoch 00830 | Loss 0.1658 | Avg Epoch Time 0.3754s
Epoch 00830 | Valid acc: 88.74% | Test acc: 76.33%
Epoch 00831 | Loss 0.1602 | Avg Epoch Time 0.3754s
Epoch 00832 | Loss 0.1596 | Avg Epoch Time 0.3754s
Epoch 00833 | Loss 0.1541 | Avg Epoch Time 0.3754s
Epoch 00834 | Loss 0.1523 | Avg Epoch Time 0.3754s
Epoch 00835 | Loss 0.1456 | Avg Epoch Time 0.3754s
Epoch 00835 | Valid acc: 88.99% | Test acc: 76.09%
Epoch 00836 | Loss 0.1428 | Avg Epoch Time 0.3754s
Epoch 00837 | Loss 0.1400 | Avg Epoch Time 0.3754s
Epoch 00838 | Loss 0.1337 | Avg Epoch Time 0.3754s
Epoch 00839 | Loss 0.1356 | Avg Epoch Time 0.3754s
Epoch 00840 | Loss 0.1300 | Avg Epoch Time 0.3754s
Epoch 00840 | Valid acc: 88.80% | Test acc: 76.21%
Epoch 00841 | Loss 0.1221 | Avg Epoch Time 0.3754s
Epoch 00842 | Loss 0.1211 | Avg Epoch Time 0.3754s
Epoch 00843 | Loss 0.1197 | Avg Epoch Time 0.3754s
Epoch 00844 | Loss 0.1163 | Avg Epoch Time 0.3754s
Epoch 00845 | Loss 0.1143 | Avg Epoch Time 0.3754s
Epoch 00845 | Valid acc: 88.87% | Test acc: 75.79%
Epoch 00846 | Loss 0.1092 | Avg Epoch Time 0.3754s
Epoch 00847 | Loss 0.1070 | Avg Epoch Time 0.3754s
Epoch 00848 | Loss 0.1078 | Avg Epoch Time 0.3754s
Epoch 00849 | Loss 0.1024 | Avg Epoch Time 0.3754s
Epoch 00850 | Loss 0.1003 | Avg Epoch Time 0.3754s
Epoch 00850 | Valid acc: 88.74% | Test acc: 75.53%
Epoch 00851 | Loss 0.1000 | Avg Epoch Time 0.3754s
Epoch 00852 | Loss 0.0953 | Avg Epoch Time 0.3754s
Epoch 00853 | Loss 0.0931 | Avg Epoch Time 0.3754s
Epoch 00854 | Loss 0.0909 | Avg Epoch Time 0.3754s
Epoch 00855 | Loss 0.0882 | Avg Epoch Time 0.3754s
Epoch 00855 | Valid acc: 88.23% | Test acc: 75.51%
Epoch 00856 | Loss 0.0894 | Avg Epoch Time 0.3754s
Epoch 00857 | Loss 0.0861 | Avg Epoch Time 0.3754s
Epoch 00858 | Loss 0.0818 | Avg Epoch Time 0.3754s
Epoch 00859 | Loss 0.0824 | Avg Epoch Time 0.3754s
Epoch 00860 | Loss 0.0801 | Avg Epoch Time 0.3754s
Epoch 00860 | Valid acc: 88.23% | Test acc: 75.40%
Epoch 00861 | Loss 0.0782 | Avg Epoch Time 0.3754s
Epoch 00862 | Loss 0.0759 | Avg Epoch Time 0.3754s
Epoch 00863 | Loss 0.0735 | Avg Epoch Time 0.3754s
Epoch 00864 | Loss 0.0739 | Avg Epoch Time 0.3754s
Epoch 00865 | Loss 0.0699 | Avg Epoch Time 0.3754s
Epoch 00865 | Valid acc: 88.30% | Test acc: 75.57%
Epoch 00866 | Loss 0.0685 | Avg Epoch Time 0.3754s
Epoch 00867 | Loss 0.0673 | Avg Epoch Time 0.3754s
Epoch 00868 | Loss 0.0651 | Avg Epoch Time 0.3754s
Epoch 00869 | Loss 0.0665 | Avg Epoch Time 0.3754s
Epoch 00870 | Loss 0.0639 | Avg Epoch Time 0.3754s
Epoch 00870 | Valid acc: 88.36% | Test acc: 75.23%
Epoch 00871 | Loss 0.0635 | Avg Epoch Time 0.3754s
Epoch 00872 | Loss 0.0643 | Avg Epoch Time 0.3754s
Epoch 00873 | Loss 0.0627 | Avg Epoch Time 0.3754s
Epoch 00874 | Loss 0.0602 | Avg Epoch Time 0.3754s
Epoch 00875 | Loss 0.0594 | Avg Epoch Time 0.3754s
Epoch 00875 | Valid acc: 88.04% | Test acc: 75.70%
Epoch 00876 | Loss 0.0572 | Avg Epoch Time 0.3754s
Epoch 00877 | Loss 0.0571 | Avg Epoch Time 0.3754s
Epoch 00878 | Loss 0.0567 | Avg Epoch Time 0.3754s
Epoch 00879 | Loss 0.0547 | Avg Epoch Time 0.3754s
Epoch 00880 | Loss 0.0524 | Avg Epoch Time 0.3754s
Epoch 00880 | Valid acc: 88.42% | Test acc: 75.53%
Epoch 00881 | Loss 0.0551 | Avg Epoch Time 0.3754s
Epoch 00882 | Loss 0.0528 | Avg Epoch Time 0.3754s
Epoch 00883 | Loss 0.0514 | Avg Epoch Time 0.3754s
Epoch 00884 | Loss 0.0507 | Avg Epoch Time 0.3754s
Epoch 00885 | Loss 0.0500 | Avg Epoch Time 0.3754s
Epoch 00885 | Valid acc: 88.61% | Test acc: 75.16%
Epoch 00886 | Loss 0.0478 | Avg Epoch Time 0.3754s
Epoch 00887 | Loss 0.0492 | Avg Epoch Time 0.3754s
Epoch 00888 | Loss 0.0479 | Avg Epoch Time 0.3754s
Epoch 00889 | Loss 0.0448 | Avg Epoch Time 0.3754s
Epoch 00890 | Loss 0.0477 | Avg Epoch Time 0.3754s
Epoch 00890 | Valid acc: 88.68% | Test acc: 75.26%
Epoch 00891 | Loss 0.0472 | Avg Epoch Time 0.3754s
Epoch 00892 | Loss 0.0466 | Avg Epoch Time 0.3754s
Epoch 00893 | Loss 0.0433 | Avg Epoch Time 0.3754s
Epoch 00894 | Loss 0.0425 | Avg Epoch Time 0.3754s
Epoch 00895 | Loss 0.0426 | Avg Epoch Time 0.3754s
Epoch 00895 | Valid acc: 88.36% | Test acc: 75.14%
Epoch 00896 | Loss 0.0423 | Avg Epoch Time 0.3754s
Epoch 00897 | Loss 0.0418 | Avg Epoch Time 0.3754s
Epoch 00898 | Loss 0.0427 | Avg Epoch Time 0.3754s
Epoch 00899 | Loss 0.0416 | Avg Epoch Time 0.3754s
Epoch 00900 | Loss 0.0415 | Avg Epoch Time 0.3754s
Epoch 00900 | Valid acc: 88.68% | Test acc: 75.06%
Epoch 00901 | Loss 0.0382 | Avg Epoch Time 0.3754s
Epoch 00902 | Loss 0.0417 | Avg Epoch Time 0.3754s
Epoch 00903 | Loss 0.0399 | Avg Epoch Time 0.3754s
Epoch 00904 | Loss 0.0396 | Avg Epoch Time 0.3754s
Epoch 00905 | Loss 0.0394 | Avg Epoch Time 0.3754s
Epoch 00905 | Valid acc: 88.68% | Test acc: 74.88%
Epoch 00906 | Loss 0.0383 | Avg Epoch Time 0.3754s
Epoch 00907 | Loss 0.0371 | Avg Epoch Time 0.3754s
Epoch 00908 | Loss 0.0386 | Avg Epoch Time 0.3754s
Epoch 00909 | Loss 0.0436 | Avg Epoch Time 0.3754s
Epoch 00910 | Loss 0.0367 | Avg Epoch Time 0.3754s
Epoch 00910 | Valid acc: 88.10% | Test acc: 75.82%
Epoch 00911 | Loss 0.0427 | Avg Epoch Time 0.3754s
Epoch 00912 | Loss 0.0674 | Avg Epoch Time 0.3754s
Epoch 00913 | Loss 0.0398 | Avg Epoch Time 0.3754s
Epoch 00914 | Loss 0.0593 | Avg Epoch Time 0.3754s
Epoch 00915 | Loss 0.0450 | Avg Epoch Time 0.3754s
Epoch 00915 | Valid acc: 88.49% | Test acc: 74.36%
Epoch 00916 | Loss 0.0544 | Avg Epoch Time 0.3754s
Epoch 00917 | Loss 0.0539 | Avg Epoch Time 0.3754s
Epoch 00918 | Loss 0.0548 | Avg Epoch Time 0.3754s
Epoch 00919 | Loss 0.0516 | Avg Epoch Time 0.3754s
Epoch 00920 | Loss 0.0569 | Avg Epoch Time 0.3754s
Epoch 00920 | Valid acc: 87.91% | Test acc: 74.72%
Epoch 00921 | Loss 0.0474 | Avg Epoch Time 0.3754s
Epoch 00922 | Loss 0.0463 | Avg Epoch Time 0.3754s
Epoch 00923 | Loss 0.0469 | Avg Epoch Time 0.3754s
Epoch 00924 | Loss 0.0475 | Avg Epoch Time 0.3754s
Epoch 00925 | Loss 0.0440 | Avg Epoch Time 0.3754s
Epoch 00925 | Valid acc: 87.98% | Test acc: 74.48%
Epoch 00926 | Loss 0.0444 | Avg Epoch Time 0.3754s
Epoch 00927 | Loss 0.0431 | Avg Epoch Time 0.3754s
Epoch 00928 | Loss 0.0401 | Avg Epoch Time 0.3754s
Epoch 00929 | Loss 0.0394 | Avg Epoch Time 0.3754s
Epoch 00930 | Loss 0.0373 | Avg Epoch Time 0.3754s
Epoch 00930 | Valid acc: 88.55% | Test acc: 75.36%
Epoch 00931 | Loss 0.0373 | Avg Epoch Time 0.3754s
Epoch 00932 | Loss 0.0373 | Avg Epoch Time 0.3754s
Epoch 00933 | Loss 0.0357 | Avg Epoch Time 0.3754s
Epoch 00934 | Loss 0.0346 | Avg Epoch Time 0.3754s
Epoch 00935 | Loss 0.0353 | Avg Epoch Time 0.3754s
Epoch 00935 | Valid acc: 88.42% | Test acc: 74.84%
Epoch 00936 | Loss 0.0323 | Avg Epoch Time 0.3754s
Epoch 00937 | Loss 0.0350 | Avg Epoch Time 0.3754s
Epoch 00938 | Loss 0.0340 | Avg Epoch Time 0.3754s
Epoch 00939 | Loss 0.0332 | Avg Epoch Time 0.3754s
Epoch 00940 | Loss 0.0310 | Avg Epoch Time 0.3754s
Epoch 00940 | Valid acc: 88.30% | Test acc: 74.86%
Epoch 00941 | Loss 0.0311 | Avg Epoch Time 0.3754s
Epoch 00942 | Loss 0.0308 | Avg Epoch Time 0.3754s
Epoch 00943 | Loss 0.0282 | Avg Epoch Time 0.3754s
Epoch 00944 | Loss 0.0302 | Avg Epoch Time 0.3754s
Epoch 00945 | Loss 0.0283 | Avg Epoch Time 0.3754s
Epoch 00945 | Valid acc: 88.17% | Test acc: 75.31%
Epoch 00946 | Loss 0.0284 | Avg Epoch Time 0.3754s
Epoch 00947 | Loss 0.0268 | Avg Epoch Time 0.3754s
Epoch 00948 | Loss 0.0268 | Avg Epoch Time 0.3754s
Epoch 00949 | Loss 0.0269 | Avg Epoch Time 0.3754s
Epoch 00950 | Loss 0.0271 | Avg Epoch Time 0.3754s
Epoch 00950 | Valid acc: 88.36% | Test acc: 75.04%
Epoch 00951 | Loss 0.0271 | Avg Epoch Time 0.3754s
Epoch 00952 | Loss 0.0260 | Avg Epoch Time 0.3755s
Epoch 00953 | Loss 0.0253 | Avg Epoch Time 0.3755s
Epoch 00954 | Loss 0.0264 | Avg Epoch Time 0.3755s
Epoch 00955 | Loss 0.0242 | Avg Epoch Time 0.3755s
Epoch 00955 | Valid acc: 88.17% | Test acc: 74.96%
Epoch 00956 | Loss 0.0255 | Avg Epoch Time 0.3755s
Epoch 00957 | Loss 0.0251 | Avg Epoch Time 0.3755s
Epoch 00958 | Loss 0.0254 | Avg Epoch Time 0.3755s
Epoch 00959 | Loss 0.0243 | Avg Epoch Time 0.3755s
Epoch 00960 | Loss 0.0215 | Avg Epoch Time 0.3755s
Epoch 00960 | Valid acc: 88.17% | Test acc: 74.90%
Epoch 00961 | Loss 0.0231 | Avg Epoch Time 0.3755s
Epoch 00962 | Loss 0.0223 | Avg Epoch Time 0.3755s
Epoch 00963 | Loss 0.0223 | Avg Epoch Time 0.3755s
Epoch 00964 | Loss 0.0211 | Avg Epoch Time 0.3755s
Epoch 00965 | Loss 0.0222 | Avg Epoch Time 0.3755s
Epoch 00965 | Valid acc: 88.36% | Test acc: 75.02%
Epoch 00966 | Loss 0.0214 | Avg Epoch Time 0.3755s
Epoch 00967 | Loss 0.0223 | Avg Epoch Time 0.3755s
Epoch 00968 | Loss 0.0212 | Avg Epoch Time 0.3755s
Epoch 00969 | Loss 0.0240 | Avg Epoch Time 0.3755s
Epoch 00970 | Loss 0.0213 | Avg Epoch Time 0.3755s
Epoch 00970 | Valid acc: 88.23% | Test acc: 74.76%
Epoch 00971 | Loss 0.0210 | Avg Epoch Time 0.3755s
Epoch 00972 | Loss 0.0214 | Avg Epoch Time 0.3755s
Epoch 00973 | Loss 0.0194 | Avg Epoch Time 0.3755s
Epoch 00974 | Loss 0.0202 | Avg Epoch Time 0.3755s
Epoch 00975 | Loss 0.0200 | Avg Epoch Time 0.3755s
Epoch 00975 | Valid acc: 88.74% | Test acc: 74.80%
Epoch 00976 | Loss 0.0212 | Avg Epoch Time 0.3755s
Epoch 00977 | Loss 0.0210 | Avg Epoch Time 0.3755s
Epoch 00978 | Loss 0.0208 | Avg Epoch Time 0.3755s
Epoch 00979 | Loss 0.0202 | Avg Epoch Time 0.3755s
Epoch 00980 | Loss 0.0221 | Avg Epoch Time 0.3755s
Epoch 00980 | Valid acc: 87.98% | Test acc: 74.84%
Epoch 00981 | Loss 0.0197 | Avg Epoch Time 0.3755s
Epoch 00982 | Loss 0.0209 | Avg Epoch Time 0.3755s
Epoch 00983 | Loss 0.0208 | Avg Epoch Time 0.3755s
Epoch 00984 | Loss 0.0220 | Avg Epoch Time 0.3755s
Epoch 00985 | Loss 0.0247 | Avg Epoch Time 0.3755s
Epoch 00985 | Valid acc: 87.53% | Test acc: 75.04%
Epoch 00986 | Loss 0.0311 | Avg Epoch Time 0.3755s
Epoch 00987 | Loss 0.1204 | Avg Epoch Time 0.3755s
Epoch 00988 | Loss 0.8822 | Avg Epoch Time 0.3755s
Epoch 00989 | Loss 0.4810 | Avg Epoch Time 0.3755s
Epoch 00990 | Loss 0.8095 | Avg Epoch Time 0.3755s
Epoch 00990 | Valid acc: 83.14% | Test acc: 66.09%
Epoch 00991 | Loss 0.8612 | Avg Epoch Time 0.3755s
Epoch 00992 | Loss 0.5667 | Avg Epoch Time 0.3755s
Epoch 00993 | Loss 0.7127 | Avg Epoch Time 0.3755s
Epoch 00994 | Loss 0.5447 | Avg Epoch Time 0.3755s
Epoch 00995 | Loss 0.5061 | Avg Epoch Time 0.3755s
Epoch 00995 | Valid acc: 85.88% | Test acc: 70.03%
Epoch 00996 | Loss 0.5261 | Avg Epoch Time 0.3755s
Epoch 00997 | Loss 0.5154 | Avg Epoch Time 0.3755s
Epoch 00998 | Loss 0.4609 | Avg Epoch Time 0.3755s
Epoch 00999 | Loss 0.4332 | Avg Epoch Time 0.3755s
Best TestAcc: 76.5532
