W0322 12:40:07.688000 140391747561280 torch/distributed/run.py:779] 
W0322 12:40:07.688000 140391747561280 torch/distributed/run.py:779] *****************************************
W0322 12:40:07.688000 140391747561280 torch/distributed/run.py:779] Setting OMP_NUM_THREADS environment variable for each process to be 1 in default, to avoid your system being overloaded, please further tune the variable for optimal performance in your application as needed. 
W0322 12:40:07.688000 140391747561280 torch/distributed/run.py:779] *****************************************
> initializing torch distributed ...
Loading trained LM features (title and abstract) ...
LM_emb_path: ./lm_workloads/prt_lm/ogbn-arxiv/microsoft/deberta-base-seed0.emb
768
768
768
ogbn-arxiv load and processed successfully
Train nodes: 90941, Val nodes: 29799, Test nodes: 48603
Num of train batches: 1, num of train microbatches: 4, microbatch size: 42335
768

Number of parameters: 11648936
stage=3 layers=84 - 112

Number of parameters: 11648936
stage=1 layers=28 - 56

Number of parameters: 11648936
stage=0 layers=0 - 28

Number of parameters: 11648936
stage=2 layers=56 - 84
[12:40:13] /opt/dgl/src/graph/transform/metis_partition_hetero.cc:89: Partition a graph with 42335 nodes and 146418 edges into 4 parts and get 6822 edge cuts
[12:40:14] /opt/dgl/src/graph/transform/metis_partition_hetero.cc:89: Partition a graph with 42335 nodes and 146418 edges into 4 parts and get 6822 edge cuts
[12:40:14] /opt/dgl/src/graph/transform/metis_partition_hetero.cc:89: Partition a graph with 42335 nodes and 146418 edges into 4 parts and get 6822 edge cuts
[12:40:14] /opt/dgl/src/graph/transform/metis_partition_hetero.cc:89: Partition a graph with 42335 nodes and 146418 edges into 4 parts and get 6822 edge cuts
[12:40:14] /opt/dgl/src/graph/transform/metis_partition_hetero.cc:89: Partition a graph with 42335 nodes and 153226 edges into 4 parts and get 6823 edge cuts
[12:40:14] /opt/dgl/src/graph/transform/metis_partition_hetero.cc:89: Partition a graph with 42335 nodes and 153226 edges into 4 parts and get 6823 edge cuts
[12:40:14] /opt/dgl/src/graph/transform/metis_partition_hetero.cc:89: Partition a graph with 42335 nodes and 153226 edges into 4 parts and get 6823 edge cuts
[12:40:15] /opt/dgl/src/graph/transform/metis_partition_hetero.cc:89: Partition a graph with 42335 nodes and 153226 edges into 4 parts and get 6823 edge cuts
[12:40:15] /opt/dgl/src/graph/transform/metis_partition_hetero.cc:89: Partition a graph with 42335 nodes and 144694 edges into 4 parts and get 6339 edge cuts
[12:40:15] /opt/dgl/src/graph/transform/metis_partition_hetero.cc:89: Partition a graph with 42335 nodes and 144694 edges into 4 parts and get 6339 edge cuts
[12:40:15] /opt/dgl/src/graph/transform/metis_partition_hetero.cc:89: Partition a graph with 42335 nodes and 144694 edges into 4 parts and get 6339 edge cuts
[12:40:15] /opt/dgl/src/graph/transform/metis_partition_hetero.cc:89: Partition a graph with 42335 nodes and 144694 edges into 4 parts and get 6339 edge cuts
[12:40:15] /opt/dgl/src/graph/transform/metis_partition_hetero.cc:89: Partition a graph with 42335 nodes and 135136 edges into 4 parts and get 5487 edge cuts
[12:40:15] /opt/dgl/src/graph/transform/metis_partition_hetero.cc:89: Partition a graph with 42335 nodes and 135136 edges into 4 parts and get 5487 edge cuts
revgnn start time: 2025-03-22 12:40:16.212
[12:40:16] /opt/dgl/src/graph/transform/metis_partition_hetero.cc:89: Partition a graph with 42335 nodes and 135136 edges into 4 parts and get 5487 edge cuts
revgnn start time: 2025-03-22 12:40:16.344
[12:40:16] /opt/dgl/src/graph/transform/metis_partition_hetero.cc:89: Partition a graph with 42335 nodes and 135136 edges into 4 parts and get 5487 edge cuts
revgnn start time: 2025-03-22 12:40:16.746
Training...
revgnn start time: 2025-03-22 12:40:16.995
Epoch 00000 | Loss 3.8232 | Epoch Time 3.26s
Epoch 00000 | Valid acc: 7.63% | Test acc: 5.86%
Epoch 00001 | Loss 3.2574 | Epoch Time 2.95s
Epoch 00002 | Loss 3.0713 | Epoch Time 3.01s
Epoch 00003 | Loss 2.9237 | Epoch Time 3.01s
Epoch 00004 | Loss 2.7577 | Epoch Time 3.02s
Epoch 00005 | Loss 2.6280 | Avg Epoch Time 3.0182s
Epoch 00005 | Valid acc: 34.24% | Test acc: 30.57%
Epoch 00006 | Loss 2.5117 | Avg Epoch Time 2.9992s
Epoch 00007 | Loss 2.3858 | Avg Epoch Time 3.0113s
Epoch 00008 | Loss 2.2708 | Avg Epoch Time 3.0215s
Epoch 00009 | Loss 2.1639 | Avg Epoch Time 3.0277s
Epoch 00010 | Loss 2.0579 | Avg Epoch Time 3.0329s
Epoch 00010 | Valid acc: 57.03% | Test acc: 56.28%
Epoch 00011 | Loss 1.9614 | Avg Epoch Time 3.0302s
Epoch 00012 | Loss 1.8801 | Avg Epoch Time 3.0360s
Epoch 00013 | Loss 1.8045 | Avg Epoch Time 3.0403s
Epoch 00014 | Loss 1.7432 | Avg Epoch Time 3.0444s
Epoch 00015 | Loss 1.6911 | Avg Epoch Time 3.0499s
Epoch 00015 | Valid acc: 64.47% | Test acc: 64.80%
Epoch 00016 | Loss 1.6280 | Avg Epoch Time 3.0507s
Epoch 00017 | Loss 1.5708 | Avg Epoch Time 3.0568s
Epoch 00018 | Loss 1.5229 | Avg Epoch Time 3.0613s
Epoch 00019 | Loss 1.4757 | Avg Epoch Time 3.0657s
Epoch 00020 | Loss 1.4243 | Avg Epoch Time 3.0695s
Epoch 00020 | Valid acc: 66.98% | Test acc: 66.39%
Epoch 00021 | Loss 1.3829 | Avg Epoch Time 3.0768s
Epoch 00022 | Loss 1.3486 | Avg Epoch Time 3.0792s
Epoch 00023 | Loss 1.3125 | Avg Epoch Time 3.0810s
Epoch 00024 | Loss 1.2842 | Avg Epoch Time 3.0823s
Epoch 00025 | Loss 1.2601 | Avg Epoch Time 3.0837s
Epoch 00025 | Valid acc: 68.62% | Test acc: 67.22%
Epoch 00026 | Loss 1.2360 | Avg Epoch Time 3.0826s
Epoch 00027 | Loss 1.2188 | Avg Epoch Time 3.0838s
Epoch 00028 | Loss 1.1966 | Avg Epoch Time 3.0850s
Epoch 00029 | Loss 1.1725 | Avg Epoch Time 3.0862s
Epoch 00030 | Loss 1.1559 | Avg Epoch Time 3.0871s
Epoch 00030 | Valid acc: 69.86% | Test acc: 68.47%
Epoch 00031 | Loss 1.1341 | Avg Epoch Time 3.0873s
Epoch 00032 | Loss 1.1145 | Avg Epoch Time 3.1131s
Epoch 00033 | Loss 1.1021 | Avg Epoch Time 3.1784s
Epoch 00034 | Loss 1.0912 | Avg Epoch Time 3.2783s
Epoch 00035 | Loss 1.0701 | Avg Epoch Time 3.3753s
Epoch 00035 | Valid acc: 70.59% | Test acc: 68.78%
Epoch 00036 | Loss 1.0550 | Avg Epoch Time 3.4636s
Epoch 00037 | Loss 1.0469 | Avg Epoch Time 3.5479s
Epoch 00038 | Loss 1.0311 | Avg Epoch Time 3.6280s
Epoch 00039 | Loss 1.0179 | Avg Epoch Time 3.7036s
Epoch 00040 | Loss 1.0083 | Avg Epoch Time 3.7736s
Epoch 00040 | Valid acc: 72.03% | Test acc: 71.18%
Epoch 00041 | Loss 1.0076 | Avg Epoch Time 3.8129s
Epoch 00042 | Loss 1.0084 | Avg Epoch Time 3.7941s
Epoch 00043 | Loss 0.9965 | Avg Epoch Time 3.7760s
Epoch 00044 | Loss 0.9699 | Avg Epoch Time 3.7588s
Epoch 00045 | Loss 0.9810 | Avg Epoch Time 3.7423s
Epoch 00045 | Valid acc: 72.14% | Test acc: 70.79%
Epoch 00046 | Loss 0.9590 | Avg Epoch Time 3.7257s
Epoch 00047 | Loss 0.9520 | Avg Epoch Time 3.7108s
Epoch 00048 | Loss 0.9488 | Avg Epoch Time 3.6971s
Epoch 00049 | Loss 0.9411 | Avg Epoch Time 3.6838s
Epoch 00050 | Loss 0.9300 | Avg Epoch Time 3.6713s
Epoch 00050 | Valid acc: 72.19% | Test acc: 70.09%
Epoch 00051 | Loss 0.9305 | Avg Epoch Time 3.6584s
Epoch 00052 | Loss 0.9219 | Avg Epoch Time 3.6468s
Epoch 00053 | Loss 0.9216 | Avg Epoch Time 3.6362s
Epoch 00054 | Loss 0.9222 | Avg Epoch Time 3.6259s
Epoch 00055 | Loss 0.9181 | Avg Epoch Time 3.6159s
Epoch 00055 | Valid acc: 72.47% | Test acc: 70.49%
Epoch 00056 | Loss 0.9112 | Avg Epoch Time 3.6052s
Epoch 00057 | Loss 0.9021 | Avg Epoch Time 3.5959s
Epoch 00058 | Loss 0.9022 | Avg Epoch Time 3.5870s
Epoch 00059 | Loss 0.9019 | Avg Epoch Time 3.5783s
Epoch 00060 | Loss 0.8917 | Avg Epoch Time 3.5699s
Epoch 00060 | Valid acc: 72.67% | Test acc: 71.04%
Epoch 00061 | Loss 0.8934 | Avg Epoch Time 3.5611s
Epoch 00062 | Loss 0.8889 | Avg Epoch Time 3.5550s
Epoch 00063 | Loss 0.8805 | Avg Epoch Time 3.5477s
Epoch 00064 | Loss 0.8795 | Avg Epoch Time 3.5406s
Epoch 00065 | Loss 0.8703 | Avg Epoch Time 3.5334s
Epoch 00065 | Valid acc: 72.36% | Test acc: 70.60%
Epoch 00066 | Loss 0.8687 | Avg Epoch Time 3.5259s
Epoch 00067 | Loss 0.8654 | Avg Epoch Time 3.5193s
Epoch 00068 | Loss 0.8597 | Avg Epoch Time 3.5130s
Epoch 00069 | Loss 0.8567 | Avg Epoch Time 3.5068s
Epoch 00070 | Loss 0.8552 | Avg Epoch Time 3.5009s
Epoch 00070 | Valid acc: 72.79% | Test acc: 71.02%
Epoch 00071 | Loss 0.8511 | Avg Epoch Time 3.4942s
Epoch 00072 | Loss 0.8501 | Avg Epoch Time 3.4887s
Epoch 00073 | Loss 0.8431 | Avg Epoch Time 3.4834s
Epoch 00074 | Loss 0.8445 | Avg Epoch Time 3.4781s
Epoch 00075 | Loss 0.8403 | Avg Epoch Time 3.4728s
Epoch 00075 | Valid acc: 72.51% | Test acc: 70.75%
Epoch 00076 | Loss 0.8381 | Avg Epoch Time 3.4673s
Epoch 00077 | Loss 0.8360 | Avg Epoch Time 3.4624s
Epoch 00078 | Loss 0.8339 | Avg Epoch Time 3.4574s
Epoch 00079 | Loss 0.8344 | Avg Epoch Time 3.4527s
Epoch 00080 | Loss 0.8367 | Avg Epoch Time 3.4483s
Epoch 00080 | Valid acc: 72.29% | Test acc: 70.22%
Epoch 00081 | Loss 0.8454 | Avg Epoch Time 3.4431s
Epoch 00082 | Loss 0.8418 | Avg Epoch Time 3.4390s
Epoch 00083 | Loss 0.8350 | Avg Epoch Time 3.4347s
Epoch 00084 | Loss 0.8343 | Avg Epoch Time 3.4307s
Epoch 00085 | Loss 0.8292 | Avg Epoch Time 3.4269s
Epoch 00085 | Valid acc: 72.86% | Test acc: 71.08%
Epoch 00086 | Loss 0.8281 | Avg Epoch Time 3.4224s
Epoch 00087 | Loss 0.8280 | Avg Epoch Time 3.4187s
Epoch 00088 | Loss 0.8191 | Avg Epoch Time 3.4150s
Epoch 00089 | Loss 0.8218 | Avg Epoch Time 3.4114s
Epoch 00090 | Loss 0.8158 | Avg Epoch Time 3.4078s
Epoch 00090 | Valid acc: 72.59% | Test acc: 70.53%
Epoch 00091 | Loss 0.8189 | Avg Epoch Time 3.4038s
Epoch 00092 | Loss 0.8143 | Avg Epoch Time 3.4005s
Epoch 00093 | Loss 0.8129 | Avg Epoch Time 3.3972s
Epoch 00094 | Loss 0.8108 | Avg Epoch Time 3.3941s
Epoch 00095 | Loss 0.8105 | Avg Epoch Time 3.3910s
Epoch 00095 | Valid acc: 72.97% | Test acc: 71.84%
Epoch 00096 | Loss 0.8136 | Avg Epoch Time 3.3875s
Epoch 00097 | Loss 0.8123 | Avg Epoch Time 3.3846s
Epoch 00098 | Loss 0.8084 | Avg Epoch Time 3.3815s
Epoch 00099 | Loss 0.8028 | Avg Epoch Time 3.3789s
Epoch 00100 | Loss 0.8037 | Avg Epoch Time 3.3761s
Epoch 00100 | Valid acc: 73.10% | Test acc: 72.08%
Epoch 00101 | Loss 0.8064 | Avg Epoch Time 3.3730s
Epoch 00102 | Loss 0.8003 | Avg Epoch Time 3.3704s
Epoch 00103 | Loss 0.7972 | Avg Epoch Time 3.3678s
Epoch 00104 | Loss 0.7954 | Avg Epoch Time 3.3655s
Epoch 00105 | Loss 0.7966 | Avg Epoch Time 3.3630s
Epoch 00105 | Valid acc: 72.97% | Test acc: 71.72%
Epoch 00106 | Loss 0.7977 | Avg Epoch Time 3.3600s
Epoch 00107 | Loss 0.7974 | Avg Epoch Time 3.3577s
Epoch 00108 | Loss 0.7951 | Avg Epoch Time 3.3552s
Epoch 00109 | Loss 0.8050 | Avg Epoch Time 3.3530s
Epoch 00110 | Loss 0.8052 | Avg Epoch Time 3.3508s
Epoch 00110 | Valid acc: 72.79% | Test acc: 70.79%
Epoch 00111 | Loss 0.7961 | Avg Epoch Time 3.3481s
Epoch 00112 | Loss 0.7983 | Avg Epoch Time 3.3460s
Epoch 00113 | Loss 0.7986 | Avg Epoch Time 3.3437s
Epoch 00114 | Loss 0.7931 | Avg Epoch Time 3.3417s
Epoch 00115 | Loss 0.7913 | Avg Epoch Time 3.3396s
Epoch 00115 | Valid acc: 73.21% | Test acc: 71.47%
Epoch 00116 | Loss 0.7887 | Avg Epoch Time 3.3373s
Epoch 00117 | Loss 0.7862 | Avg Epoch Time 3.3353s
Epoch 00118 | Loss 0.7836 | Avg Epoch Time 3.3334s
Epoch 00119 | Loss 0.7813 | Avg Epoch Time 3.3315s
Epoch 00120 | Loss 0.7813 | Avg Epoch Time 3.3296s
Epoch 00120 | Valid acc: 73.28% | Test acc: 71.56%
Epoch 00121 | Loss 0.7761 | Avg Epoch Time 3.3275s
Epoch 00122 | Loss 0.7770 | Avg Epoch Time 3.3256s
Epoch 00123 | Loss 0.7746 | Avg Epoch Time 3.3239s
Epoch 00124 | Loss 0.7750 | Avg Epoch Time 3.3223s
Epoch 00125 | Loss 0.7792 | Avg Epoch Time 3.3206s
Epoch 00125 | Valid acc: 72.96% | Test acc: 71.16%
Epoch 00126 | Loss 0.7826 | Avg Epoch Time 3.3185s
Epoch 00127 | Loss 0.7958 | Avg Epoch Time 3.3168s
Epoch 00128 | Loss 0.7748 | Avg Epoch Time 3.3151s
Epoch 00129 | Loss 0.7764 | Avg Epoch Time 3.3132s
Epoch 00130 | Loss 0.7808 | Avg Epoch Time 3.3116s
Epoch 00130 | Valid acc: 73.06% | Test acc: 71.44%
Epoch 00131 | Loss 0.7831 | Avg Epoch Time 3.3097s
Epoch 00132 | Loss 0.7844 | Avg Epoch Time 3.3079s
Epoch 00133 | Loss 0.7888 | Avg Epoch Time 3.3064s
Epoch 00134 | Loss 0.7727 | Avg Epoch Time 3.3049s
Epoch 00135 | Loss 0.7827 | Avg Epoch Time 3.3033s
Epoch 00135 | Valid acc: 73.26% | Test acc: 71.51%
Epoch 00136 | Loss 0.7741 | Avg Epoch Time 3.3015s
Epoch 00137 | Loss 0.7720 | Avg Epoch Time 3.3001s
Epoch 00138 | Loss 0.7709 | Avg Epoch Time 3.2987s
Epoch 00139 | Loss 0.7670 | Avg Epoch Time 3.2975s
Epoch 00140 | Loss 0.7636 | Avg Epoch Time 3.2962s
Epoch 00140 | Valid acc: 73.17% | Test acc: 71.41%
Epoch 00141 | Loss 0.7639 | Avg Epoch Time 3.2945s
Epoch 00142 | Loss 0.7587 | Avg Epoch Time 3.2933s
Epoch 00143 | Loss 0.7573 | Avg Epoch Time 3.2920s
Epoch 00144 | Loss 0.7598 | Avg Epoch Time 3.2908s
Epoch 00145 | Loss 0.7570 | Avg Epoch Time 3.2896s
Epoch 00145 | Valid acc: 73.06% | Test acc: 70.77%
Epoch 00146 | Loss 0.7578 | Avg Epoch Time 3.2881s
Epoch 00147 | Loss 0.7552 | Avg Epoch Time 3.2875s
Epoch 00148 | Loss 0.7546 | Avg Epoch Time 3.2863s
Epoch 00149 | Loss 0.7551 | Avg Epoch Time 3.2852s
Epoch 00150 | Loss 0.7541 | Avg Epoch Time 3.2841s
Epoch 00150 | Valid acc: 73.03% | Test acc: 71.01%
Epoch 00151 | Loss 0.7594 | Avg Epoch Time 3.2827s
Epoch 00152 | Loss 0.7684 | Avg Epoch Time 3.2816s
Epoch 00153 | Loss 0.7599 | Avg Epoch Time 3.2805s
Epoch 00154 | Loss 0.7544 | Avg Epoch Time 3.2796s
Epoch 00155 | Loss 0.7514 | Avg Epoch Time 3.2784s
Epoch 00155 | Valid acc: 73.12% | Test acc: 71.15%
Epoch 00156 | Loss 0.7537 | Avg Epoch Time 3.2772s
Epoch 00157 | Loss 0.7472 | Avg Epoch Time 3.2762s
Epoch 00158 | Loss 0.7447 | Avg Epoch Time 3.2753s
Epoch 00159 | Loss 0.7472 | Avg Epoch Time 3.2744s
Epoch 00160 | Loss 0.7440 | Avg Epoch Time 3.2734s
Epoch 00160 | Valid acc: 73.00% | Test acc: 71.04%
Epoch 00161 | Loss 0.7459 | Avg Epoch Time 3.2721s
Epoch 00162 | Loss 0.7446 | Avg Epoch Time 3.2716s
Epoch 00163 | Loss 0.7468 | Avg Epoch Time 3.2707s
Epoch 00164 | Loss 0.7443 | Avg Epoch Time 3.2698s
Epoch 00165 | Loss 0.7430 | Avg Epoch Time 3.2689s
Epoch 00165 | Valid acc: 73.29% | Test acc: 71.64%
Epoch 00166 | Loss 0.7441 | Avg Epoch Time 3.2685s
Epoch 00167 | Loss 0.7457 | Avg Epoch Time 3.2667s
Epoch 00168 | Loss 0.7491 | Avg Epoch Time 3.2658s
Epoch 00169 | Loss 0.7420 | Avg Epoch Time 3.2649s
Epoch 00170 | Loss 0.7454 | Avg Epoch Time 3.2640s
Epoch 00170 | Valid acc: 72.92% | Test acc: 70.91%
Epoch 00171 | Loss 0.7474 | Avg Epoch Time 3.2629s
Epoch 00172 | Loss 0.7417 | Avg Epoch Time 3.2621s
Epoch 00173 | Loss 0.7430 | Avg Epoch Time 3.2612s
Epoch 00174 | Loss 0.7454 | Avg Epoch Time 3.2604s
Epoch 00175 | Loss 0.7556 | Avg Epoch Time 3.2596s
Epoch 00175 | Valid acc: 72.35% | Test acc: 69.89%
Epoch 00176 | Loss 0.7461 | Avg Epoch Time 3.2585s
Epoch 00177 | Loss 0.7507 | Avg Epoch Time 3.2577s
Epoch 00178 | Loss 0.7436 | Avg Epoch Time 3.2568s
Epoch 00179 | Loss 0.7462 | Avg Epoch Time 3.2559s
Epoch 00180 | Loss 0.7386 | Avg Epoch Time 3.2551s
Epoch 00180 | Valid acc: 73.60% | Test acc: 71.90%
Epoch 00181 | Loss 0.7341 | Avg Epoch Time 3.2540s
Epoch 00182 | Loss 0.7340 | Avg Epoch Time 3.2532s
Epoch 00183 | Loss 0.7307 | Avg Epoch Time 3.2524s
Epoch 00184 | Loss 0.7292 | Avg Epoch Time 3.2515s
Epoch 00185 | Loss 0.7273 | Avg Epoch Time 3.2508s
Epoch 00185 | Valid acc: 73.30% | Test acc: 71.75%
Epoch 00186 | Loss 0.7234 | Avg Epoch Time 3.2497s
Epoch 00187 | Loss 0.7234 | Avg Epoch Time 3.2490s
Epoch 00188 | Loss 0.7188 | Avg Epoch Time 3.2482s
Epoch 00189 | Loss 0.7216 | Avg Epoch Time 3.2475s
Epoch 00190 | Loss 0.7178 | Avg Epoch Time 3.2466s
Epoch 00190 | Valid acc: 73.37% | Test acc: 71.50%
Epoch 00191 | Loss 0.7148 | Avg Epoch Time 3.2457s
Epoch 00192 | Loss 0.7144 | Avg Epoch Time 3.2449s
Epoch 00193 | Loss 0.7196 | Avg Epoch Time 3.2441s
Epoch 00194 | Loss 0.7210 | Avg Epoch Time 3.2433s
Epoch 00195 | Loss 0.7223 | Avg Epoch Time 3.2426s
Epoch 00195 | Valid acc: 73.44% | Test acc: 71.71%
Epoch 00196 | Loss 0.7240 | Avg Epoch Time 3.2417s
Epoch 00197 | Loss 0.7285 | Avg Epoch Time 3.2409s
Epoch 00198 | Loss 0.7309 | Avg Epoch Time 3.2402s
Epoch 00199 | Loss 0.7291 | Avg Epoch Time 3.2395s
Epoch 00200 | Loss 0.7298 | Avg Epoch Time 3.2388s
Epoch 00200 | Valid acc: 73.53% | Test acc: 72.37%
Epoch 00201 | Loss 0.7266 | Avg Epoch Time 3.2378s
Epoch 00202 | Loss 0.7328 | Avg Epoch Time 3.2371s
Epoch 00203 | Loss 0.7303 | Avg Epoch Time 3.2365s
Epoch 00204 | Loss 0.7271 | Avg Epoch Time 3.2358s
Epoch 00205 | Loss 0.7222 | Avg Epoch Time 3.2352s
Epoch 00205 | Valid acc: 72.87% | Test acc: 70.74%
Epoch 00206 | Loss 0.7222 | Avg Epoch Time 3.2343s
Epoch 00207 | Loss 0.7288 | Avg Epoch Time 3.2336s
Epoch 00208 | Loss 0.7230 | Avg Epoch Time 3.2330s
Epoch 00209 | Loss 0.7191 | Avg Epoch Time 3.2323s
Epoch 00210 | Loss 0.7318 | Avg Epoch Time 3.2316s
Epoch 00210 | Valid acc: 72.63% | Test acc: 70.35%
Epoch 00211 | Loss 0.7255 | Avg Epoch Time 3.2308s
Epoch 00212 | Loss 0.7243 | Avg Epoch Time 3.2302s
Epoch 00213 | Loss 0.7165 | Avg Epoch Time 3.2296s
Epoch 00214 | Loss 0.7123 | Avg Epoch Time 3.2290s
Epoch 00215 | Loss 0.7149 | Avg Epoch Time 3.2283s
Epoch 00215 | Valid acc: 73.20% | Test acc: 70.88%
Epoch 00216 | Loss 0.7170 | Avg Epoch Time 3.2275s
Epoch 00217 | Loss 0.7128 | Avg Epoch Time 3.2268s
Epoch 00218 | Loss 0.7088 | Avg Epoch Time 3.2262s
Epoch 00219 | Loss 0.7035 | Avg Epoch Time 3.2256s
Epoch 00220 | Loss 0.7042 | Avg Epoch Time 3.2250s
Epoch 00220 | Valid acc: 73.33% | Test acc: 71.05%
Epoch 00221 | Loss 0.7019 | Avg Epoch Time 3.2243s
Epoch 00222 | Loss 0.7026 | Avg Epoch Time 3.2237s
Epoch 00223 | Loss 0.7007 | Avg Epoch Time 3.2232s
Epoch 00224 | Loss 0.7028 | Avg Epoch Time 3.2226s
Epoch 00225 | Loss 0.7056 | Avg Epoch Time 3.2221s
Epoch 00225 | Valid acc: 72.83% | Test acc: 70.58%
Epoch 00226 | Loss 0.7071 | Avg Epoch Time 3.2213s
Epoch 00227 | Loss 0.7037 | Avg Epoch Time 3.2207s
Epoch 00228 | Loss 0.6992 | Avg Epoch Time 3.2201s
Epoch 00229 | Loss 0.7017 | Avg Epoch Time 3.2196s
Epoch 00230 | Loss 0.6990 | Avg Epoch Time 3.2191s
Epoch 00230 | Valid acc: 73.17% | Test acc: 71.70%
Epoch 00231 | Loss 0.6991 | Avg Epoch Time 3.2183s
Epoch 00232 | Loss 0.7012 | Avg Epoch Time 3.2178s
Epoch 00233 | Loss 0.6985 | Avg Epoch Time 3.2173s
Epoch 00234 | Loss 0.6981 | Avg Epoch Time 3.2168s
Epoch 00235 | Loss 0.7052 | Avg Epoch Time 3.2163s
Epoch 00235 | Valid acc: 73.56% | Test acc: 71.95%
Epoch 00236 | Loss 0.7049 | Avg Epoch Time 3.2156s
Epoch 00237 | Loss 0.7159 | Avg Epoch Time 3.2152s
Epoch 00238 | Loss 0.7026 | Avg Epoch Time 3.2147s
Epoch 00239 | Loss 0.6996 | Avg Epoch Time 3.2142s
Epoch 00240 | Loss 0.6985 | Avg Epoch Time 3.2137s
Epoch 00240 | Valid acc: 73.63% | Test acc: 72.12%
Epoch 00241 | Loss 0.6932 | Avg Epoch Time 3.2130s
Epoch 00242 | Loss 0.6920 | Avg Epoch Time 3.2126s
Epoch 00243 | Loss 0.6908 | Avg Epoch Time 3.2125s
Epoch 00244 | Loss 0.6912 | Avg Epoch Time 3.2120s
Epoch 00245 | Loss 0.6879 | Avg Epoch Time 3.2115s
Epoch 00245 | Valid acc: 73.48% | Test acc: 71.77%
Epoch 00246 | Loss 0.6914 | Avg Epoch Time 3.2108s
Epoch 00247 | Loss 0.6873 | Avg Epoch Time 3.2104s
Epoch 00248 | Loss 0.6925 | Avg Epoch Time 3.2099s
Epoch 00249 | Loss 0.6973 | Avg Epoch Time 3.2095s
Epoch 00250 | Loss 0.6918 | Avg Epoch Time 3.2091s
Epoch 00250 | Valid acc: 73.60% | Test acc: 72.16%
Epoch 00251 | Loss 0.6891 | Avg Epoch Time 3.2085s
Epoch 00252 | Loss 0.6991 | Avg Epoch Time 3.2081s
Epoch 00253 | Loss 0.6879 | Avg Epoch Time 3.2076s
Epoch 00254 | Loss 0.6958 | Avg Epoch Time 3.2072s
Epoch 00255 | Loss 0.6929 | Avg Epoch Time 3.2068s
Epoch 00255 | Valid acc: 72.42% | Test acc: 69.91%
Epoch 00256 | Loss 0.6938 | Avg Epoch Time 3.2062s
Epoch 00257 | Loss 0.6867 | Avg Epoch Time 3.2058s
Epoch 00258 | Loss 0.7013 | Avg Epoch Time 3.2054s
Epoch 00259 | Loss 0.6834 | Avg Epoch Time 3.2050s
Epoch 00260 | Loss 0.6875 | Avg Epoch Time 3.2046s
Epoch 00260 | Valid acc: 73.62% | Test acc: 71.62%
Epoch 00261 | Loss 0.6840 | Avg Epoch Time 3.2040s
Epoch 00262 | Loss 0.6805 | Avg Epoch Time 3.2036s
Epoch 00263 | Loss 0.6788 | Avg Epoch Time 3.2032s
Epoch 00264 | Loss 0.6817 | Avg Epoch Time 3.2028s
Epoch 00265 | Loss 0.6879 | Avg Epoch Time 3.2025s
Epoch 00265 | Valid acc: 73.35% | Test acc: 71.54%
Epoch 00266 | Loss 0.6820 | Avg Epoch Time 3.2019s
Epoch 00267 | Loss 0.6838 | Avg Epoch Time 3.2016s
Epoch 00268 | Loss 0.6815 | Avg Epoch Time 3.2012s
Epoch 00269 | Loss 0.6812 | Avg Epoch Time 3.2009s
Epoch 00270 | Loss 0.6855 | Avg Epoch Time 3.2005s
Epoch 00270 | Valid acc: 73.44% | Test acc: 71.33%
Epoch 00271 | Loss 0.6807 | Avg Epoch Time 3.2000s
Epoch 00272 | Loss 0.6715 | Avg Epoch Time 3.1997s
Epoch 00273 | Loss 0.6753 | Avg Epoch Time 3.1994s
Epoch 00274 | Loss 0.6737 | Avg Epoch Time 3.1990s
Epoch 00275 | Loss 0.6736 | Avg Epoch Time 3.1987s
Epoch 00275 | Valid acc: 73.66% | Test acc: 71.54%
Epoch 00276 | Loss 0.6717 | Avg Epoch Time 3.1982s
Epoch 00277 | Loss 0.6694 | Avg Epoch Time 3.1978s
Epoch 00278 | Loss 0.6679 | Avg Epoch Time 3.1975s
Epoch 00279 | Loss 0.6742 | Avg Epoch Time 3.1972s
Epoch 00280 | Loss 0.6766 | Avg Epoch Time 3.1969s
Epoch 00280 | Valid acc: 72.26% | Test acc: 69.55%
Epoch 00281 | Loss 0.6868 | Avg Epoch Time 3.1964s
Epoch 00282 | Loss 0.6909 | Avg Epoch Time 3.1961s
Epoch 00283 | Loss 0.6829 | Avg Epoch Time 3.1958s
Epoch 00284 | Loss 0.6682 | Avg Epoch Time 3.1954s
Epoch 00285 | Loss 0.6743 | Avg Epoch Time 3.1951s
Epoch 00285 | Valid acc: 73.54% | Test acc: 71.80%
Epoch 00286 | Loss 0.6724 | Avg Epoch Time 3.1946s
Epoch 00287 | Loss 0.6670 | Avg Epoch Time 3.1943s
Epoch 00288 | Loss 0.6657 | Avg Epoch Time 3.1940s
Epoch 00289 | Loss 0.6652 | Avg Epoch Time 3.1937s
Epoch 00290 | Loss 0.6661 | Avg Epoch Time 3.1934s
Epoch 00290 | Valid acc: 73.64% | Test acc: 71.65%
Epoch 00291 | Loss 0.6617 | Avg Epoch Time 3.1930s
Epoch 00292 | Loss 0.6673 | Avg Epoch Time 3.1927s
Epoch 00293 | Loss 0.6553 | Avg Epoch Time 3.1925s
Epoch 00294 | Loss 0.6525 | Avg Epoch Time 3.1921s
Epoch 00295 | Loss 0.6552 | Avg Epoch Time 3.1919s
Epoch 00295 | Valid acc: 73.50% | Test acc: 71.46%
Epoch 00296 | Loss 0.6483 | Avg Epoch Time 3.1914s
Epoch 00297 | Loss 0.6500 | Avg Epoch Time 3.1912s
Epoch 00298 | Loss 0.6526 | Avg Epoch Time 3.1909s
Epoch 00299 | Loss 0.6595 | Avg Epoch Time 3.1907s
Epoch 00300 | Loss 0.6672 | Avg Epoch Time 3.1904s
Epoch 00300 | Valid acc: 72.80% | Test acc: 70.38%
Epoch 00301 | Loss 0.6525 | Avg Epoch Time 3.1900s
Epoch 00302 | Loss 0.6616 | Avg Epoch Time 3.1898s
Epoch 00303 | Loss 0.6494 | Avg Epoch Time 3.1895s
Epoch 00304 | Loss 0.6556 | Avg Epoch Time 3.1892s
Epoch 00305 | Loss 0.6534 | Avg Epoch Time 3.1890s
Epoch 00305 | Valid acc: 72.82% | Test acc: 70.11%
Epoch 00306 | Loss 0.6562 | Avg Epoch Time 3.1886s
Epoch 00307 | Loss 0.6462 | Avg Epoch Time 3.1884s
Epoch 00308 | Loss 0.6497 | Avg Epoch Time 3.1881s
Epoch 00309 | Loss 0.6452 | Avg Epoch Time 3.1879s
Epoch 00310 | Loss 0.6515 | Avg Epoch Time 3.1876s
Epoch 00310 | Valid acc: 73.21% | Test acc: 70.64%
Epoch 00311 | Loss 0.6504 | Avg Epoch Time 3.1872s
Epoch 00312 | Loss 0.6616 | Avg Epoch Time 3.1870s
Epoch 00313 | Loss 0.6492 | Avg Epoch Time 3.1867s
Epoch 00314 | Loss 0.6515 | Avg Epoch Time 3.1865s
Epoch 00315 | Loss 0.6488 | Avg Epoch Time 3.1862s
Epoch 00315 | Valid acc: 72.97% | Test acc: 70.57%
Epoch 00316 | Loss 0.6611 | Avg Epoch Time 3.1859s
Epoch 00317 | Loss 0.6477 | Avg Epoch Time 3.1857s
Epoch 00318 | Loss 0.6434 | Avg Epoch Time 3.1855s
Epoch 00319 | Loss 0.6514 | Avg Epoch Time 3.1852s
Epoch 00320 | Loss 0.6461 | Avg Epoch Time 3.1850s
Epoch 00320 | Valid acc: 73.34% | Test acc: 71.17%
Epoch 00321 | Loss 0.6430 | Avg Epoch Time 3.1846s
Epoch 00322 | Loss 0.6506 | Avg Epoch Time 3.1844s
Epoch 00323 | Loss 0.6485 | Avg Epoch Time 3.1842s
Epoch 00324 | Loss 0.6453 | Avg Epoch Time 3.1839s
Epoch 00325 | Loss 0.6501 | Avg Epoch Time 3.1837s
Epoch 00325 | Valid acc: 72.38% | Test acc: 70.54%
Epoch 00326 | Loss 0.6600 | Avg Epoch Time 3.1834s
Epoch 00327 | Loss 0.6591 | Avg Epoch Time 3.1832s
Epoch 00328 | Loss 0.6536 | Avg Epoch Time 3.1830s
Epoch 00329 | Loss 0.6507 | Avg Epoch Time 3.1828s
Epoch 00330 | Loss 0.6417 | Avg Epoch Time 3.1826s
Epoch 00330 | Valid acc: 72.92% | Test acc: 70.44%
Epoch 00331 | Loss 0.6461 | Avg Epoch Time 3.1823s
Epoch 00332 | Loss 0.6470 | Avg Epoch Time 3.1821s
Epoch 00333 | Loss 0.6451 | Avg Epoch Time 3.1819s
Epoch 00334 | Loss 0.6463 | Avg Epoch Time 3.1817s
Epoch 00335 | Loss 0.6361 | Avg Epoch Time 3.1815s
Epoch 00335 | Valid acc: 73.24% | Test acc: 70.82%
Epoch 00336 | Loss 0.6319 | Avg Epoch Time 3.1812s
Epoch 00337 | Loss 0.6387 | Avg Epoch Time 3.1810s
Epoch 00338 | Loss 0.6403 | Avg Epoch Time 3.1808s
Epoch 00339 | Loss 0.6419 | Avg Epoch Time 3.1806s
Epoch 00340 | Loss 0.6369 | Avg Epoch Time 3.1804s
Epoch 00340 | Valid acc: 73.46% | Test acc: 71.65%
Epoch 00341 | Loss 0.6391 | Avg Epoch Time 3.1801s
Epoch 00342 | Loss 0.6432 | Avg Epoch Time 3.1799s
Epoch 00343 | Loss 0.6448 | Avg Epoch Time 3.1797s
Epoch 00344 | Loss 0.6417 | Avg Epoch Time 3.1796s
Epoch 00345 | Loss 0.6445 | Avg Epoch Time 3.1794s
Epoch 00345 | Valid acc: 73.47% | Test acc: 71.69%
Epoch 00346 | Loss 0.6411 | Avg Epoch Time 3.1791s
Epoch 00347 | Loss 0.6337 | Avg Epoch Time 3.1791s
Epoch 00348 | Loss 0.6308 | Avg Epoch Time 3.1789s
Epoch 00349 | Loss 0.6347 | Avg Epoch Time 3.1787s
Epoch 00350 | Loss 0.6246 | Avg Epoch Time 3.1786s
Epoch 00350 | Valid acc: 73.15% | Test acc: 71.39%
Epoch 00351 | Loss 0.6300 | Avg Epoch Time 3.1783s
Epoch 00352 | Loss 0.6284 | Avg Epoch Time 3.1781s
Epoch 00353 | Loss 0.6350 | Avg Epoch Time 3.1780s
Epoch 00354 | Loss 0.6292 | Avg Epoch Time 3.1778s
Epoch 00355 | Loss 0.6218 | Avg Epoch Time 3.1776s
Epoch 00355 | Valid acc: 73.39% | Test acc: 71.31%
Epoch 00356 | Loss 0.6206 | Avg Epoch Time 3.1773s
Epoch 00357 | Loss 0.6252 | Avg Epoch Time 3.1771s
Epoch 00358 | Loss 0.6220 | Avg Epoch Time 3.1770s
Epoch 00359 | Loss 0.6290 | Avg Epoch Time 3.1768s
Epoch 00360 | Loss 0.6280 | Avg Epoch Time 3.1767s
Epoch 00360 | Valid acc: 73.22% | Test acc: 71.17%
Epoch 00361 | Loss 0.6184 | Avg Epoch Time 3.1764s
Epoch 00362 | Loss 0.6232 | Avg Epoch Time 3.1762s
Epoch 00363 | Loss 0.6264 | Avg Epoch Time 3.1760s
Epoch 00364 | Loss 0.6116 | Avg Epoch Time 3.1758s
Epoch 00365 | Loss 0.6178 | Avg Epoch Time 3.1757s
Epoch 00365 | Valid acc: 73.33% | Test acc: 71.65%
Epoch 00366 | Loss 0.6129 | Avg Epoch Time 3.1753s
Epoch 00367 | Loss 0.6133 | Avg Epoch Time 3.1752s
Epoch 00368 | Loss 0.6160 | Avg Epoch Time 3.1750s
Epoch 00369 | Loss 0.6143 | Avg Epoch Time 3.1748s
Epoch 00370 | Loss 0.6098 | Avg Epoch Time 3.1746s
Epoch 00370 | Valid acc: 72.67% | Test acc: 70.00%
Epoch 00371 | Loss 0.6178 | Avg Epoch Time 3.1743s
Epoch 00372 | Loss 0.6268 | Avg Epoch Time 3.1741s
Epoch 00373 | Loss 0.6211 | Avg Epoch Time 3.1739s
Epoch 00374 | Loss 0.6165 | Avg Epoch Time 3.1737s
Epoch 00375 | Loss 0.6177 | Avg Epoch Time 3.1735s
Epoch 00375 | Valid acc: 73.48% | Test acc: 71.66%
Epoch 00376 | Loss 0.6178 | Avg Epoch Time 3.1732s
Epoch 00377 | Loss 0.6138 | Avg Epoch Time 3.1731s
Epoch 00378 | Loss 0.6121 | Avg Epoch Time 3.1728s
Epoch 00379 | Loss 0.6029 | Avg Epoch Time 3.1727s
Epoch 00380 | Loss 0.6093 | Avg Epoch Time 3.1725s
Epoch 00380 | Valid acc: 72.67% | Test acc: 70.02%
Epoch 00381 | Loss 0.6114 | Avg Epoch Time 3.1722s
Epoch 00382 | Loss 0.6081 | Avg Epoch Time 3.1720s
Epoch 00383 | Loss 0.6136 | Avg Epoch Time 3.1718s
Epoch 00384 | Loss 0.6058 | Avg Epoch Time 3.1716s
Epoch 00385 | Loss 0.6124 | Avg Epoch Time 3.1715s
Epoch 00385 | Valid acc: 72.80% | Test acc: 70.78%
Epoch 00386 | Loss 0.6090 | Avg Epoch Time 3.1712s
Epoch 00387 | Loss 0.6120 | Avg Epoch Time 3.1710s
Epoch 00388 | Loss 0.5996 | Avg Epoch Time 3.1708s
Epoch 00389 | Loss 0.6057 | Avg Epoch Time 3.1706s
Epoch 00390 | Loss 0.6072 | Avg Epoch Time 3.1704s
Epoch 00390 | Valid acc: 72.88% | Test acc: 70.47%
Epoch 00391 | Loss 0.5971 | Avg Epoch Time 3.1701s
Epoch 00392 | Loss 0.6115 | Avg Epoch Time 3.1699s
Epoch 00393 | Loss 0.5977 | Avg Epoch Time 3.1697s
Epoch 00394 | Loss 0.6017 | Avg Epoch Time 3.1696s
Epoch 00395 | Loss 0.6061 | Avg Epoch Time 3.1694s
Epoch 00395 | Valid acc: 73.22% | Test acc: 70.79%
Epoch 00396 | Loss 0.5936 | Avg Epoch Time 3.1691s
Epoch 00397 | Loss 0.6077 | Avg Epoch Time 3.1689s
Epoch 00398 | Loss 0.5925 | Avg Epoch Time 3.1688s
Epoch 00399 | Loss 0.5927 | Avg Epoch Time 3.1686s
Epoch 00400 | Loss 0.6042 | Avg Epoch Time 3.1685s
Epoch 00400 | Valid acc: 72.83% | Test acc: 70.07%
Epoch 00401 | Loss 0.6004 | Avg Epoch Time 3.1682s
Epoch 00402 | Loss 0.5961 | Avg Epoch Time 3.1680s
Epoch 00403 | Loss 0.5973 | Avg Epoch Time 3.1678s
Epoch 00404 | Loss 0.5946 | Avg Epoch Time 3.1677s
Epoch 00405 | Loss 0.6006 | Avg Epoch Time 3.1675s
Epoch 00405 | Valid acc: 73.33% | Test acc: 71.22%
Epoch 00406 | Loss 0.5981 | Avg Epoch Time 3.1672s
Epoch 00407 | Loss 0.5854 | Avg Epoch Time 3.1671s
Epoch 00408 | Loss 0.5917 | Avg Epoch Time 3.1669s
Epoch 00409 | Loss 0.5951 | Avg Epoch Time 3.1667s
Epoch 00410 | Loss 0.5873 | Avg Epoch Time 3.1666s
Epoch 00410 | Valid acc: 72.50% | Test acc: 70.03%
Epoch 00411 | Loss 0.5866 | Avg Epoch Time 3.1663s
Epoch 00412 | Loss 0.5989 | Avg Epoch Time 3.1661s
Epoch 00413 | Loss 0.6062 | Avg Epoch Time 3.1660s
Epoch 00414 | Loss 0.5837 | Avg Epoch Time 3.1659s
Epoch 00415 | Loss 0.5907 | Avg Epoch Time 3.1657s
Epoch 00415 | Valid acc: 73.04% | Test acc: 71.02%
Epoch 00416 | Loss 0.5927 | Avg Epoch Time 3.1655s
Epoch 00417 | Loss 0.5919 | Avg Epoch Time 3.1653s
Epoch 00418 | Loss 0.5894 | Avg Epoch Time 3.1652s
Epoch 00419 | Loss 0.5878 | Avg Epoch Time 3.1650s
Epoch 00420 | Loss 0.5949 | Avg Epoch Time 3.1649s
Epoch 00420 | Valid acc: 73.10% | Test acc: 70.64%
Epoch 00421 | Loss 0.5859 | Avg Epoch Time 3.1646s
Epoch 00422 | Loss 0.5852 | Avg Epoch Time 3.1644s
Epoch 00423 | Loss 0.5958 | Avg Epoch Time 3.1643s
Epoch 00424 | Loss 0.5810 | Avg Epoch Time 3.1641s
Epoch 00425 | Loss 0.5862 | Avg Epoch Time 3.1640s
Epoch 00425 | Valid acc: 72.97% | Test acc: 70.81%
Epoch 00426 | Loss 0.5877 | Avg Epoch Time 3.1637s
Epoch 00427 | Loss 0.5818 | Avg Epoch Time 3.1636s
Epoch 00428 | Loss 0.5978 | Avg Epoch Time 3.1634s
Epoch 00429 | Loss 0.5811 | Avg Epoch Time 3.1633s
Epoch 00430 | Loss 0.5852 | Avg Epoch Time 3.1631s
Epoch 00430 | Valid acc: 72.20% | Test acc: 69.11%
Epoch 00431 | Loss 0.5824 | Avg Epoch Time 3.1629s
Epoch 00432 | Loss 0.5843 | Avg Epoch Time 3.1627s
Epoch 00433 | Loss 0.5829 | Avg Epoch Time 3.1626s
Epoch 00434 | Loss 0.5781 | Avg Epoch Time 3.1624s
Epoch 00435 | Loss 0.5753 | Avg Epoch Time 3.1623s
Epoch 00435 | Valid acc: 72.93% | Test acc: 70.77%
Epoch 00436 | Loss 0.5714 | Avg Epoch Time 3.1620s
Epoch 00437 | Loss 0.5807 | Avg Epoch Time 3.1619s
Epoch 00438 | Loss 0.5869 | Avg Epoch Time 3.1617s
Epoch 00439 | Loss 0.5844 | Avg Epoch Time 3.1619s
Epoch 00440 | Loss 0.5822 | Avg Epoch Time 3.1615s
Epoch 00440 | Valid acc: 73.12% | Test acc: 70.65%
Epoch 00441 | Loss 0.5861 | Avg Epoch Time 3.1612s
Epoch 00442 | Loss 0.5785 | Avg Epoch Time 3.1611s
Epoch 00443 | Loss 0.5821 | Avg Epoch Time 3.1609s
Epoch 00444 | Loss 0.5670 | Avg Epoch Time 3.1608s
Epoch 00445 | Loss 0.5742 | Avg Epoch Time 3.1607s
Epoch 00445 | Valid acc: 72.64% | Test acc: 69.78%
Epoch 00446 | Loss 0.5747 | Avg Epoch Time 3.1605s
Epoch 00447 | Loss 0.5814 | Avg Epoch Time 3.1603s
Epoch 00448 | Loss 0.5704 | Avg Epoch Time 3.1602s
Epoch 00449 | Loss 0.5739 | Avg Epoch Time 3.1601s
Epoch 00450 | Loss 0.5628 | Avg Epoch Time 3.1599s
Epoch 00450 | Valid acc: 73.18% | Test acc: 71.44%
Epoch 00451 | Loss 0.5811 | Avg Epoch Time 3.1597s
Epoch 00452 | Loss 0.5727 | Avg Epoch Time 3.1596s
Epoch 00453 | Loss 0.5776 | Avg Epoch Time 3.1595s
Epoch 00454 | Loss 0.5912 | Avg Epoch Time 3.1594s
Epoch 00455 | Loss 0.5619 | Avg Epoch Time 3.1592s
Epoch 00455 | Valid acc: 72.38% | Test acc: 70.21%
Epoch 00456 | Loss 0.5761 | Avg Epoch Time 3.1590s
Epoch 00457 | Loss 0.5720 | Avg Epoch Time 3.1589s
Epoch 00458 | Loss 0.5759 | Avg Epoch Time 3.1588s
Epoch 00459 | Loss 0.5747 | Avg Epoch Time 3.1587s
Epoch 00460 | Loss 0.5790 | Avg Epoch Time 3.1586s
Epoch 00460 | Valid acc: 72.82% | Test acc: 70.20%
Epoch 00461 | Loss 0.5723 | Avg Epoch Time 3.1584s
Epoch 00462 | Loss 0.5633 | Avg Epoch Time 3.1583s
Epoch 00463 | Loss 0.5687 | Avg Epoch Time 3.1582s
Epoch 00464 | Loss 0.5629 | Avg Epoch Time 3.1580s
Epoch 00465 | Loss 0.5632 | Avg Epoch Time 3.1579s
Epoch 00465 | Valid acc: 72.82% | Test acc: 70.67%
Epoch 00466 | Loss 0.5649 | Avg Epoch Time 3.1577s
Epoch 00467 | Loss 0.5613 | Avg Epoch Time 3.1576s
Epoch 00468 | Loss 0.5656 | Avg Epoch Time 3.1575s
Epoch 00469 | Loss 0.5518 | Avg Epoch Time 3.1574s
Epoch 00470 | Loss 0.5661 | Avg Epoch Time 3.1573s
Epoch 00470 | Valid acc: 72.96% | Test acc: 70.33%
Epoch 00471 | Loss 0.5509 | Avg Epoch Time 3.1571s
Epoch 00472 | Loss 0.5531 | Avg Epoch Time 3.1570s
Epoch 00473 | Loss 0.5550 | Avg Epoch Time 3.1569s
Epoch 00474 | Loss 0.5483 | Avg Epoch Time 3.1568s
Epoch 00475 | Loss 0.5554 | Avg Epoch Time 3.1567s
Epoch 00475 | Valid acc: 72.87% | Test acc: 70.80%
Epoch 00476 | Loss 0.5512 | Avg Epoch Time 3.1565s
Epoch 00477 | Loss 0.5519 | Avg Epoch Time 3.1564s
Epoch 00478 | Loss 0.5555 | Avg Epoch Time 3.1563s
Epoch 00479 | Loss 0.5638 | Avg Epoch Time 3.1562s
Epoch 00480 | Loss 0.5586 | Avg Epoch Time 3.1561s
Epoch 00480 | Valid acc: 72.72% | Test acc: 70.30%
Epoch 00481 | Loss 0.5559 | Avg Epoch Time 3.1560s
Epoch 00482 | Loss 0.5446 | Avg Epoch Time 3.1559s
Epoch 00483 | Loss 0.5486 | Avg Epoch Time 3.1558s
Epoch 00484 | Loss 0.5471 | Avg Epoch Time 3.1557s
Epoch 00485 | Loss 0.5495 | Avg Epoch Time 3.1556s
Epoch 00485 | Valid acc: 72.45% | Test acc: 69.64%
Epoch 00486 | Loss 0.5533 | Avg Epoch Time 3.1554s
Epoch 00487 | Loss 0.5747 | Avg Epoch Time 3.1553s
Epoch 00488 | Loss 0.5480 | Avg Epoch Time 3.1553s
Epoch 00489 | Loss 0.5554 | Avg Epoch Time 3.1552s
Epoch 00490 | Loss 0.5672 | Avg Epoch Time 3.1551s
Epoch 00490 | Valid acc: 73.31% | Test acc: 71.30%
Epoch 00491 | Loss 0.5499 | Avg Epoch Time 3.1549s
Epoch 00492 | Loss 0.5555 | Avg Epoch Time 3.1548s
Epoch 00493 | Loss 0.5504 | Avg Epoch Time 3.1547s
Epoch 00494 | Loss 0.5510 | Avg Epoch Time 3.1547s
Epoch 00495 | Loss 0.5515 | Avg Epoch Time 3.1546s
Epoch 00495 | Valid acc: 73.07% | Test acc: 71.30%
Epoch 00496 | Loss 0.5537 | Avg Epoch Time 3.1544s
Epoch 00497 | Loss 0.5356 | Avg Epoch Time 3.1544s
Epoch 00498 | Loss 0.5458 | Avg Epoch Time 3.1543s
Epoch 00499 | Loss 0.5444 | Avg Epoch Time 3.1542s
Epoch 00500 | Loss 0.5579 | Avg Epoch Time 3.1541s
Epoch 00500 | Valid acc: 72.30% | Test acc: 69.58%
Epoch 00501 | Loss 0.5386 | Avg Epoch Time 3.1539s
Epoch 00502 | Loss 0.5404 | Avg Epoch Time 3.1538s
Epoch 00503 | Loss 0.5391 | Avg Epoch Time 3.1538s
Epoch 00504 | Loss 0.5504 | Avg Epoch Time 3.1537s
Epoch 00505 | Loss 0.5506 | Avg Epoch Time 3.1536s
Epoch 00505 | Valid acc: 72.64% | Test acc: 70.71%
Epoch 00506 | Loss 0.5445 | Avg Epoch Time 3.1534s
Epoch 00507 | Loss 0.5516 | Avg Epoch Time 3.1534s
Epoch 00508 | Loss 0.5529 | Avg Epoch Time 3.1533s
Epoch 00509 | Loss 0.5390 | Avg Epoch Time 3.1532s
Epoch 00510 | Loss 0.5670 | Avg Epoch Time 3.1531s
Epoch 00510 | Valid acc: 72.67% | Test acc: 70.43%
Epoch 00511 | Loss 0.5300 | Avg Epoch Time 3.1530s
Epoch 00512 | Loss 0.5410 | Avg Epoch Time 3.1529s
Epoch 00513 | Loss 0.5419 | Avg Epoch Time 3.1528s
Epoch 00514 | Loss 0.5313 | Avg Epoch Time 3.1527s
Epoch 00515 | Loss 0.5322 | Avg Epoch Time 3.1527s
Epoch 00515 | Valid acc: 71.88% | Test acc: 69.06%
Epoch 00516 | Loss 0.5312 | Avg Epoch Time 3.1525s
Epoch 00517 | Loss 0.5338 | Avg Epoch Time 3.1525s
Epoch 00518 | Loss 0.5314 | Avg Epoch Time 3.1524s
Epoch 00519 | Loss 0.5322 | Avg Epoch Time 3.1523s
Epoch 00520 | Loss 0.5349 | Avg Epoch Time 3.1523s
Epoch 00520 | Valid acc: 72.01% | Test acc: 69.56%
Epoch 00521 | Loss 0.5399 | Avg Epoch Time 3.1521s
Epoch 00522 | Loss 0.5368 | Avg Epoch Time 3.1521s
Epoch 00523 | Loss 0.5369 | Avg Epoch Time 3.1520s
Epoch 00524 | Loss 0.5383 | Avg Epoch Time 3.1519s
Epoch 00525 | Loss 0.5349 | Avg Epoch Time 3.1519s
Epoch 00525 | Valid acc: 72.13% | Test acc: 69.69%
Epoch 00526 | Loss 0.5276 | Avg Epoch Time 3.1517s
Epoch 00527 | Loss 0.5239 | Avg Epoch Time 3.1517s
Epoch 00528 | Loss 0.5160 | Avg Epoch Time 3.1517s
Epoch 00529 | Loss 0.5353 | Avg Epoch Time 3.1516s
Epoch 00530 | Loss 0.5291 | Avg Epoch Time 3.1516s
Epoch 00530 | Valid acc: 71.81% | Test acc: 69.04%
Epoch 00531 | Loss 0.5338 | Avg Epoch Time 3.1516s
Epoch 00532 | Loss 0.5408 | Avg Epoch Time 3.1515s
Epoch 00533 | Loss 0.5364 | Avg Epoch Time 3.1514s
Epoch 00534 | Loss 0.5374 | Avg Epoch Time 3.1514s
Epoch 00535 | Loss 0.5304 | Avg Epoch Time 3.1513s
Epoch 00535 | Valid acc: 72.68% | Test acc: 69.90%
Epoch 00536 | Loss 0.5162 | Avg Epoch Time 3.1512s
Epoch 00537 | Loss 0.5290 | Avg Epoch Time 3.1512s
Epoch 00538 | Loss 0.5216 | Avg Epoch Time 3.1511s
Epoch 00539 | Loss 0.5271 | Avg Epoch Time 3.1511s
Epoch 00540 | Loss 0.5170 | Avg Epoch Time 3.1510s
Epoch 00540 | Valid acc: 72.60% | Test acc: 70.39%
Epoch 00541 | Loss 0.5336 | Avg Epoch Time 3.1509s
Epoch 00542 | Loss 0.5206 | Avg Epoch Time 3.1508s
Epoch 00543 | Loss 0.5194 | Avg Epoch Time 3.1507s
Epoch 00544 | Loss 0.5115 | Avg Epoch Time 3.1507s
Epoch 00545 | Loss 0.5148 | Avg Epoch Time 3.1506s
Epoch 00545 | Valid acc: 72.66% | Test acc: 70.99%
Epoch 00546 | Loss 0.5251 | Avg Epoch Time 3.1505s
Epoch 00547 | Loss 0.5233 | Avg Epoch Time 3.1505s
Epoch 00548 | Loss 0.5235 | Avg Epoch Time 3.1504s
Epoch 00549 | Loss 0.5231 | Avg Epoch Time 3.1503s
Epoch 00550 | Loss 0.5198 | Avg Epoch Time 3.1503s
Epoch 00550 | Valid acc: 72.07% | Test acc: 70.23%
Epoch 00551 | Loss 0.5374 | Avg Epoch Time 3.1501s
Epoch 00552 | Loss 0.5193 | Avg Epoch Time 3.1500s
Epoch 00553 | Loss 0.5317 | Avg Epoch Time 3.1500s
Epoch 00554 | Loss 0.5298 | Avg Epoch Time 3.1499s
Epoch 00555 | Loss 0.5255 | Avg Epoch Time 3.1499s
Epoch 00555 | Valid acc: 72.04% | Test acc: 69.33%
Epoch 00556 | Loss 0.5236 | Avg Epoch Time 3.1497s
Epoch 00557 | Loss 0.5304 | Avg Epoch Time 3.1496s
Epoch 00558 | Loss 0.5172 | Avg Epoch Time 3.1496s
Epoch 00559 | Loss 0.5320 | Avg Epoch Time 3.1495s
Epoch 00560 | Loss 0.5096 | Avg Epoch Time 3.1494s
Epoch 00560 | Valid acc: 72.63% | Test acc: 70.59%
Epoch 00561 | Loss 0.5255 | Avg Epoch Time 3.1492s
Epoch 00562 | Loss 0.5236 | Avg Epoch Time 3.1491s
Epoch 00563 | Loss 0.5173 | Avg Epoch Time 3.1490s
Epoch 00564 | Loss 0.5132 | Avg Epoch Time 3.1490s
Epoch 00565 | Loss 0.5030 | Avg Epoch Time 3.1489s
Epoch 00565 | Valid acc: 72.02% | Test acc: 69.85%
Epoch 00566 | Loss 0.5137 | Avg Epoch Time 3.1487s
Epoch 00567 | Loss 0.5178 | Avg Epoch Time 3.1487s
Epoch 00568 | Loss 0.5241 | Avg Epoch Time 3.1486s
Epoch 00569 | Loss 0.5203 | Avg Epoch Time 3.1485s
Epoch 00570 | Loss 0.5188 | Avg Epoch Time 3.1484s
Epoch 00570 | Valid acc: 71.80% | Test acc: 68.47%
Epoch 00571 | Loss 0.5153 | Avg Epoch Time 3.1483s
Epoch 00572 | Loss 0.5048 | Avg Epoch Time 3.1482s
Epoch 00573 | Loss 0.5061 | Avg Epoch Time 3.1481s
Epoch 00574 | Loss 0.5072 | Avg Epoch Time 3.1480s
Epoch 00575 | Loss 0.5090 | Avg Epoch Time 3.1480s
Epoch 00575 | Valid acc: 72.44% | Test acc: 70.12%
Epoch 00576 | Loss 0.5077 | Avg Epoch Time 3.1478s
Epoch 00577 | Loss 0.4981 | Avg Epoch Time 3.1477s
Epoch 00578 | Loss 0.5071 | Avg Epoch Time 3.1476s
Epoch 00579 | Loss 0.4985 | Avg Epoch Time 3.1475s
Epoch 00580 | Loss 0.5066 | Avg Epoch Time 3.1475s
Epoch 00580 | Valid acc: 72.22% | Test acc: 70.20%
Epoch 00581 | Loss 0.5000 | Avg Epoch Time 3.1473s
Epoch 00582 | Loss 0.4980 | Avg Epoch Time 3.1472s
Epoch 00583 | Loss 0.5144 | Avg Epoch Time 3.1471s
Epoch 00584 | Loss 0.4878 | Avg Epoch Time 3.1471s
Epoch 00585 | Loss 0.5040 | Avg Epoch Time 3.1470s
Epoch 00585 | Valid acc: 72.11% | Test acc: 69.61%
Epoch 00586 | Loss 0.4957 | Avg Epoch Time 3.1468s
Epoch 00587 | Loss 0.4978 | Avg Epoch Time 3.1468s
Epoch 00588 | Loss 0.4904 | Avg Epoch Time 3.1466s
Epoch 00589 | Loss 0.4889 | Avg Epoch Time 3.1466s
Epoch 00590 | Loss 0.4932 | Avg Epoch Time 3.1465s
Epoch 00590 | Valid acc: 72.63% | Test acc: 70.83%
Epoch 00591 | Loss 0.4947 | Avg Epoch Time 3.1463s
Epoch 00592 | Loss 0.4915 | Avg Epoch Time 3.1462s
Epoch 00593 | Loss 0.4957 | Avg Epoch Time 3.1462s
Epoch 00594 | Loss 0.4912 | Avg Epoch Time 3.1461s
Epoch 00595 | Loss 0.5060 | Avg Epoch Time 3.1460s
Epoch 00595 | Valid acc: 72.21% | Test acc: 70.17%
Epoch 00596 | Loss 0.4955 | Avg Epoch Time 3.1458s
Epoch 00597 | Loss 0.5087 | Avg Epoch Time 3.1458s
Epoch 00598 | Loss 0.4863 | Avg Epoch Time 3.1457s
Epoch 00599 | Loss 0.5119 | Avg Epoch Time 3.1456s
Epoch 00600 | Loss 0.4972 | Avg Epoch Time 3.1455s
Epoch 00600 | Valid acc: 71.57% | Test acc: 69.33%
Epoch 00601 | Loss 0.4943 | Avg Epoch Time 3.1454s
Epoch 00602 | Loss 0.5044 | Avg Epoch Time 3.1453s
Epoch 00603 | Loss 0.4952 | Avg Epoch Time 3.1452s
Epoch 00604 | Loss 0.4971 | Avg Epoch Time 3.1451s
Epoch 00605 | Loss 0.4984 | Avg Epoch Time 3.1451s
Epoch 00605 | Valid acc: 72.06% | Test acc: 69.21%
Epoch 00606 | Loss 0.4875 | Avg Epoch Time 3.1449s
Epoch 00607 | Loss 0.4897 | Avg Epoch Time 3.1448s
Epoch 00608 | Loss 0.4917 | Avg Epoch Time 3.1448s
Epoch 00609 | Loss 0.4849 | Avg Epoch Time 3.1447s
Epoch 00610 | Loss 0.4845 | Avg Epoch Time 3.1446s
Epoch 00610 | Valid acc: 72.19% | Test acc: 69.85%
Epoch 00611 | Loss 0.4842 | Avg Epoch Time 3.1445s
Epoch 00612 | Loss 0.4930 | Avg Epoch Time 3.1444s
Epoch 00613 | Loss 0.4750 | Avg Epoch Time 3.1443s
Epoch 00614 | Loss 0.4915 | Avg Epoch Time 3.1443s
Epoch 00615 | Loss 0.4868 | Avg Epoch Time 3.1442s
Epoch 00615 | Valid acc: 72.07% | Test acc: 69.43%
Epoch 00616 | Loss 0.4782 | Avg Epoch Time 3.1440s
Epoch 00617 | Loss 0.4869 | Avg Epoch Time 3.1440s
Epoch 00618 | Loss 0.4907 | Avg Epoch Time 3.1439s
Epoch 00619 | Loss 0.4939 | Avg Epoch Time 3.1438s
Epoch 00620 | Loss 0.4765 | Avg Epoch Time 3.1437s
Epoch 00620 | Valid acc: 71.76% | Test acc: 68.99%
Epoch 00621 | Loss 0.4991 | Avg Epoch Time 3.1436s
Epoch 00622 | Loss 0.4741 | Avg Epoch Time 3.1435s
Epoch 00623 | Loss 0.4948 | Avg Epoch Time 3.1435s
Epoch 00624 | Loss 0.4814 | Avg Epoch Time 3.1434s
Epoch 00625 | Loss 0.4943 | Avg Epoch Time 3.1433s
Epoch 00625 | Valid acc: 72.31% | Test acc: 69.64%
Epoch 00626 | Loss 0.4911 | Avg Epoch Time 3.1432s
Epoch 00627 | Loss 0.4970 | Avg Epoch Time 3.1431s
Epoch 00628 | Loss 0.4864 | Avg Epoch Time 3.1431s
Epoch 00629 | Loss 0.4777 | Avg Epoch Time 3.1430s
Epoch 00630 | Loss 0.4809 | Avg Epoch Time 3.1429s
Epoch 00630 | Valid acc: 72.49% | Test acc: 70.84%
Epoch 00631 | Loss 0.4763 | Avg Epoch Time 3.1428s
Epoch 00632 | Loss 0.4842 | Avg Epoch Time 3.1427s
Epoch 00633 | Loss 0.4762 | Avg Epoch Time 3.1426s
Epoch 00634 | Loss 0.4752 | Avg Epoch Time 3.1426s
Epoch 00635 | Loss 0.4746 | Avg Epoch Time 3.1425s
Epoch 00635 | Valid acc: 71.60% | Test acc: 69.11%
Epoch 00636 | Loss 0.4775 | Avg Epoch Time 3.1424s
Epoch 00637 | Loss 0.4711 | Avg Epoch Time 3.1423s
Epoch 00638 | Loss 0.4718 | Avg Epoch Time 3.1423s
Epoch 00639 | Loss 0.4765 | Avg Epoch Time 3.1422s
Epoch 00640 | Loss 0.4678 | Avg Epoch Time 3.1422s
Epoch 00640 | Valid acc: 71.95% | Test acc: 69.26%
Epoch 00641 | Loss 0.4719 | Avg Epoch Time 3.1420s
Epoch 00642 | Loss 0.4629 | Avg Epoch Time 3.1420s
Epoch 00643 | Loss 0.4801 | Avg Epoch Time 3.1420s
Epoch 00644 | Loss 0.4791 | Avg Epoch Time 3.1419s
Epoch 00645 | Loss 0.4772 | Avg Epoch Time 3.1418s
Epoch 00645 | Valid acc: 71.80% | Test acc: 69.38%
Epoch 00646 | Loss 0.4799 | Avg Epoch Time 3.1417s
Epoch 00647 | Loss 0.4698 | Avg Epoch Time 3.1416s
Epoch 00648 | Loss 0.4703 | Avg Epoch Time 3.1416s
Epoch 00649 | Loss 0.4546 | Avg Epoch Time 3.1415s
Epoch 00650 | Loss 0.4693 | Avg Epoch Time 3.1415s
Epoch 00650 | Valid acc: 71.70% | Test acc: 68.76%
Epoch 00651 | Loss 0.4591 | Avg Epoch Time 3.1414s
Epoch 00652 | Loss 0.4592 | Avg Epoch Time 3.1413s
Epoch 00653 | Loss 0.4792 | Avg Epoch Time 3.1413s
Epoch 00654 | Loss 0.4687 | Avg Epoch Time 3.1412s
Epoch 00655 | Loss 0.4732 | Avg Epoch Time 3.1412s
Epoch 00655 | Valid acc: 72.06% | Test acc: 69.65%
Epoch 00656 | Loss 0.4581 | Avg Epoch Time 3.1411s
Epoch 00657 | Loss 0.4712 | Avg Epoch Time 3.1410s
Epoch 00658 | Loss 0.4577 | Avg Epoch Time 3.1409s
Epoch 00659 | Loss 0.4620 | Avg Epoch Time 3.1409s
Epoch 00660 | Loss 0.4569 | Avg Epoch Time 3.1409s
Epoch 00660 | Valid acc: 71.00% | Test acc: 67.95%
Epoch 00661 | Loss 0.4681 | Avg Epoch Time 3.1407s
Epoch 00662 | Loss 0.4616 | Avg Epoch Time 3.1407s
Epoch 00663 | Loss 0.4470 | Avg Epoch Time 3.1407s
Epoch 00664 | Loss 0.4562 | Avg Epoch Time 3.1406s
Epoch 00665 | Loss 0.4623 | Avg Epoch Time 3.1406s
Epoch 00665 | Valid acc: 71.92% | Test acc: 69.19%
Epoch 00666 | Loss 0.4554 | Avg Epoch Time 3.1405s
Epoch 00667 | Loss 0.4661 | Avg Epoch Time 3.1404s
Epoch 00668 | Loss 0.4603 | Avg Epoch Time 3.1404s
Epoch 00669 | Loss 0.4593 | Avg Epoch Time 3.1403s
Epoch 00670 | Loss 0.4577 | Avg Epoch Time 3.1403s
Epoch 00670 | Valid acc: 71.72% | Test acc: 68.85%
Epoch 00671 | Loss 0.4519 | Avg Epoch Time 3.1402s
Epoch 00672 | Loss 0.4607 | Avg Epoch Time 3.1402s
Epoch 00673 | Loss 0.4468 | Avg Epoch Time 3.1401s
Epoch 00674 | Loss 0.4453 | Avg Epoch Time 3.1401s
Epoch 00675 | Loss 0.4585 | Avg Epoch Time 3.1400s
Epoch 00675 | Valid acc: 72.15% | Test acc: 70.27%
Epoch 00676 | Loss 0.4504 | Avg Epoch Time 3.1399s
Epoch 00677 | Loss 0.4462 | Avg Epoch Time 3.1399s
Epoch 00678 | Loss 0.4526 | Avg Epoch Time 3.1398s
Epoch 00679 | Loss 0.4585 | Avg Epoch Time 3.1398s
Epoch 00680 | Loss 0.4469 | Avg Epoch Time 3.1398s
Epoch 00680 | Valid acc: 71.88% | Test acc: 69.16%
Epoch 00681 | Loss 0.4544 | Avg Epoch Time 3.1397s
Epoch 00682 | Loss 0.4707 | Avg Epoch Time 3.1397s
Epoch 00683 | Loss 0.4515 | Avg Epoch Time 3.1397s
Epoch 00684 | Loss 0.4588 | Avg Epoch Time 3.1397s
Epoch 00685 | Loss 0.4524 | Avg Epoch Time 3.1396s
Epoch 00685 | Valid acc: 71.36% | Test acc: 68.89%
Epoch 00686 | Loss 0.4594 | Avg Epoch Time 3.1395s
Epoch 00687 | Loss 0.4509 | Avg Epoch Time 3.1395s
Epoch 00688 | Loss 0.4598 | Avg Epoch Time 3.1394s
Epoch 00689 | Loss 0.4667 | Avg Epoch Time 3.1394s
Epoch 00690 | Loss 0.4514 | Avg Epoch Time 3.1394s
Epoch 00690 | Valid acc: 71.35% | Test acc: 68.19%
Epoch 00691 | Loss 0.4542 | Avg Epoch Time 3.1393s
Epoch 00692 | Loss 0.4539 | Avg Epoch Time 3.1392s
Epoch 00693 | Loss 0.4551 | Avg Epoch Time 3.1392s
Epoch 00694 | Loss 0.4563 | Avg Epoch Time 3.1392s
Epoch 00695 | Loss 0.4526 | Avg Epoch Time 3.1391s
Epoch 00695 | Valid acc: 71.03% | Test acc: 67.54%
Epoch 00696 | Loss 0.4548 | Avg Epoch Time 3.1390s
Epoch 00697 | Loss 0.4491 | Avg Epoch Time 3.1390s
Epoch 00698 | Loss 0.4449 | Avg Epoch Time 3.1390s
Epoch 00699 | Loss 0.4461 | Avg Epoch Time 3.1389s
Epoch 00700 | Loss 0.4472 | Avg Epoch Time 3.1389s
Epoch 00700 | Valid acc: 70.87% | Test acc: 67.64%
Epoch 00701 | Loss 0.4524 | Avg Epoch Time 3.1388s
Epoch 00702 | Loss 0.4326 | Avg Epoch Time 3.1388s
Epoch 00703 | Loss 0.4348 | Avg Epoch Time 3.1388s
Epoch 00704 | Loss 0.4361 | Avg Epoch Time 3.1387s
Epoch 00705 | Loss 0.4372 | Avg Epoch Time 3.1387s
Epoch 00705 | Valid acc: 70.82% | Test acc: 67.43%
Epoch 00706 | Loss 0.4430 | Avg Epoch Time 3.1388s
Epoch 00707 | Loss 0.4285 | Avg Epoch Time 3.1386s
Epoch 00708 | Loss 0.4488 | Avg Epoch Time 3.1385s
Epoch 00709 | Loss 0.4295 | Avg Epoch Time 3.1385s
Epoch 00710 | Loss 0.4410 | Avg Epoch Time 3.1385s
Epoch 00710 | Valid acc: 71.13% | Test acc: 68.16%
Epoch 00711 | Loss 0.4264 | Avg Epoch Time 3.1384s
Epoch 00712 | Loss 0.4512 | Avg Epoch Time 3.1384s
Epoch 00713 | Loss 0.4347 | Avg Epoch Time 3.1383s
Epoch 00714 | Loss 0.4407 | Avg Epoch Time 3.1383s
Epoch 00715 | Loss 0.4470 | Avg Epoch Time 3.1383s
Epoch 00715 | Valid acc: 71.43% | Test acc: 68.80%
Epoch 00716 | Loss 0.4256 | Avg Epoch Time 3.1382s
Epoch 00717 | Loss 0.4321 | Avg Epoch Time 3.1381s
Epoch 00718 | Loss 0.4344 | Avg Epoch Time 3.1381s
Epoch 00719 | Loss 0.4248 | Avg Epoch Time 3.1381s
Epoch 00720 | Loss 0.4316 | Avg Epoch Time 3.1380s
Epoch 00720 | Valid acc: 71.58% | Test acc: 68.55%
Epoch 00721 | Loss 0.4333 | Avg Epoch Time 3.1380s
Epoch 00722 | Loss 0.4386 | Avg Epoch Time 3.1379s
Epoch 00723 | Loss 0.4242 | Avg Epoch Time 3.1379s
Epoch 00724 | Loss 0.4350 | Avg Epoch Time 3.1379s
Epoch 00725 | Loss 0.4232 | Avg Epoch Time 3.1378s
Epoch 00725 | Valid acc: 70.41% | Test acc: 67.51%
Epoch 00726 | Loss 0.4331 | Avg Epoch Time 3.1378s
Epoch 00727 | Loss 0.4251 | Avg Epoch Time 3.1377s
Epoch 00728 | Loss 0.4314 | Avg Epoch Time 3.1377s
Epoch 00729 | Loss 0.4323 | Avg Epoch Time 3.1377s
Epoch 00730 | Loss 0.4323 | Avg Epoch Time 3.1376s
Epoch 00730 | Valid acc: 71.84% | Test acc: 69.56%
Epoch 00731 | Loss 0.4304 | Avg Epoch Time 3.1376s
Epoch 00732 | Loss 0.4283 | Avg Epoch Time 3.1375s
Epoch 00733 | Loss 0.4288 | Avg Epoch Time 3.1375s
Epoch 00734 | Loss 0.4333 | Avg Epoch Time 3.1374s
Epoch 00735 | Loss 0.4316 | Avg Epoch Time 3.1374s
Epoch 00735 | Valid acc: 71.38% | Test acc: 68.55%
Epoch 00736 | Loss 0.4285 | Avg Epoch Time 3.1373s
Epoch 00737 | Loss 0.4266 | Avg Epoch Time 3.1373s
Epoch 00738 | Loss 0.4312 | Avg Epoch Time 3.1372s
Epoch 00739 | Loss 0.4313 | Avg Epoch Time 3.1372s
Epoch 00740 | Loss 0.4380 | Avg Epoch Time 3.1371s
Epoch 00740 | Valid acc: 71.87% | Test acc: 69.25%
Epoch 00741 | Loss 0.4196 | Avg Epoch Time 3.1370s
Epoch 00742 | Loss 0.4335 | Avg Epoch Time 3.1370s
Epoch 00743 | Loss 0.4192 | Avg Epoch Time 3.1370s
Epoch 00744 | Loss 0.4237 | Avg Epoch Time 3.1369s
Epoch 00745 | Loss 0.4168 | Avg Epoch Time 3.1369s
Epoch 00745 | Valid acc: 71.57% | Test acc: 68.85%
Epoch 00746 | Loss 0.4202 | Avg Epoch Time 3.1368s
Epoch 00747 | Loss 0.4262 | Avg Epoch Time 3.1367s
Epoch 00748 | Loss 0.4247 | Avg Epoch Time 3.1367s
Epoch 00749 | Loss 0.4256 | Avg Epoch Time 3.1366s
Epoch 00750 | Loss 0.4227 | Avg Epoch Time 3.1366s
Epoch 00750 | Valid acc: 71.03% | Test acc: 67.63%
Epoch 00751 | Loss 0.4172 | Avg Epoch Time 3.1365s
Epoch 00752 | Loss 0.4341 | Avg Epoch Time 3.1364s
Epoch 00753 | Loss 0.4162 | Avg Epoch Time 3.1364s
Epoch 00754 | Loss 0.4279 | Avg Epoch Time 3.1363s
Epoch 00755 | Loss 0.4200 | Avg Epoch Time 3.1363s
Epoch 00755 | Valid acc: 71.34% | Test acc: 68.46%
Epoch 00756 | Loss 0.4218 | Avg Epoch Time 3.1362s
Epoch 00757 | Loss 0.4227 | Avg Epoch Time 3.1361s
Epoch 00758 | Loss 0.4184 | Avg Epoch Time 3.1361s
Epoch 00759 | Loss 0.4150 | Avg Epoch Time 3.1361s
Epoch 00760 | Loss 0.4090 | Avg Epoch Time 3.1360s
Epoch 00760 | Valid acc: 71.36% | Test acc: 69.58%
Epoch 00761 | Loss 0.4200 | Avg Epoch Time 3.1359s
Epoch 00762 | Loss 0.4120 | Avg Epoch Time 3.1359s
Epoch 00763 | Loss 0.4232 | Avg Epoch Time 3.1358s
Epoch 00764 | Loss 0.4059 | Avg Epoch Time 3.1357s
Epoch 00765 | Loss 0.4249 | Avg Epoch Time 3.1357s
Epoch 00765 | Valid acc: 71.26% | Test acc: 68.87%
Epoch 00766 | Loss 0.4000 | Avg Epoch Time 3.1356s
Epoch 00767 | Loss 0.4128 | Avg Epoch Time 3.1355s
Epoch 00768 | Loss 0.3999 | Avg Epoch Time 3.1355s
Epoch 00769 | Loss 0.4009 | Avg Epoch Time 3.1354s
Epoch 00770 | Loss 0.4012 | Avg Epoch Time 3.1354s
Epoch 00770 | Valid acc: 70.37% | Test acc: 66.91%
Epoch 00771 | Loss 0.4223 | Avg Epoch Time 3.1353s
Epoch 00772 | Loss 0.4054 | Avg Epoch Time 3.1352s
Epoch 00773 | Loss 0.4186 | Avg Epoch Time 3.1352s
Epoch 00774 | Loss 0.4019 | Avg Epoch Time 3.1351s
Epoch 00775 | Loss 0.4178 | Avg Epoch Time 3.1351s
Epoch 00775 | Valid acc: 71.96% | Test acc: 69.71%
Epoch 00776 | Loss 0.4037 | Avg Epoch Time 3.1350s
Epoch 00777 | Loss 0.4146 | Avg Epoch Time 3.1349s
Epoch 00778 | Loss 0.3968 | Avg Epoch Time 3.1349s
Epoch 00779 | Loss 0.4137 | Avg Epoch Time 3.1349s
Epoch 00780 | Loss 0.4003 | Avg Epoch Time 3.1348s
Epoch 00780 | Valid acc: 71.31% | Test acc: 68.61%
Epoch 00781 | Loss 0.4041 | Avg Epoch Time 3.1347s
Epoch 00782 | Loss 0.4234 | Avg Epoch Time 3.1347s
Epoch 00783 | Loss 0.4122 | Avg Epoch Time 3.1346s
Epoch 00784 | Loss 0.4195 | Avg Epoch Time 3.1346s
Epoch 00785 | Loss 0.4018 | Avg Epoch Time 3.1345s
Epoch 00785 | Valid acc: 71.31% | Test acc: 69.42%
Epoch 00786 | Loss 0.4147 | Avg Epoch Time 3.1344s
Epoch 00787 | Loss 0.4105 | Avg Epoch Time 3.1344s
Epoch 00788 | Loss 0.4107 | Avg Epoch Time 3.1343s
Epoch 00789 | Loss 0.4045 | Avg Epoch Time 3.1343s
Epoch 00790 | Loss 0.3995 | Avg Epoch Time 3.1342s
Epoch 00790 | Valid acc: 71.90% | Test acc: 69.64%
Epoch 00791 | Loss 0.4019 | Avg Epoch Time 3.1341s
Epoch 00792 | Loss 0.3961 | Avg Epoch Time 3.1341s
Epoch 00793 | Loss 0.4133 | Avg Epoch Time 3.1341s
Epoch 00794 | Loss 0.3940 | Avg Epoch Time 3.1340s
Epoch 00795 | Loss 0.3983 | Avg Epoch Time 3.1340s
Epoch 00795 | Valid acc: 71.98% | Test acc: 70.37%
Epoch 00796 | Loss 0.3994 | Avg Epoch Time 3.1339s
Epoch 00797 | Loss 0.4075 | Avg Epoch Time 3.1338s
Epoch 00798 | Loss 0.3840 | Avg Epoch Time 3.1338s
Epoch 00799 | Loss 0.3978 | Avg Epoch Time 3.1337s
Epoch 00800 | Loss 0.3909 | Avg Epoch Time 3.1337s
Epoch 00800 | Valid acc: 71.32% | Test acc: 69.14%
Epoch 00801 | Loss 0.4061 | Avg Epoch Time 3.1336s
Epoch 00802 | Loss 0.3791 | Avg Epoch Time 3.1335s
Epoch 00803 | Loss 0.4101 | Avg Epoch Time 3.1335s
Epoch 00804 | Loss 0.3983 | Avg Epoch Time 3.1335s
Epoch 00805 | Loss 0.3874 | Avg Epoch Time 3.1334s
Epoch 00805 | Valid acc: 70.72% | Test acc: 67.53%
Epoch 00806 | Loss 0.4034 | Avg Epoch Time 3.1333s
Epoch 00807 | Loss 0.3901 | Avg Epoch Time 3.1333s
Epoch 00808 | Loss 0.4061 | Avg Epoch Time 3.1332s
Epoch 00809 | Loss 0.3900 | Avg Epoch Time 3.1332s
Epoch 00810 | Loss 0.3940 | Avg Epoch Time 3.1331s
Epoch 00810 | Valid acc: 70.79% | Test acc: 67.25%
Epoch 00811 | Loss 0.3901 | Avg Epoch Time 3.1330s
Epoch 00812 | Loss 0.3959 | Avg Epoch Time 3.1330s
Epoch 00813 | Loss 0.3976 | Avg Epoch Time 3.1329s
Epoch 00814 | Loss 0.3867 | Avg Epoch Time 3.1329s
Epoch 00815 | Loss 0.3973 | Avg Epoch Time 3.1329s
Epoch 00815 | Valid acc: 71.53% | Test acc: 69.17%
Epoch 00816 | Loss 0.3974 | Avg Epoch Time 3.1328s
Epoch 00817 | Loss 0.4003 | Avg Epoch Time 3.1328s
Epoch 00818 | Loss 0.3889 | Avg Epoch Time 3.1327s
Epoch 00819 | Loss 0.4059 | Avg Epoch Time 3.1327s
Epoch 00820 | Loss 0.4003 | Avg Epoch Time 3.1326s
Epoch 00820 | Valid acc: 71.42% | Test acc: 68.99%
Epoch 00821 | Loss 0.3987 | Avg Epoch Time 3.1326s
Epoch 00822 | Loss 0.4074 | Avg Epoch Time 3.1325s
Epoch 00823 | Loss 0.3956 | Avg Epoch Time 3.1325s
Epoch 00824 | Loss 0.3936 | Avg Epoch Time 3.1324s
Epoch 00825 | Loss 0.3977 | Avg Epoch Time 3.1324s
Epoch 00825 | Valid acc: 71.54% | Test acc: 69.10%
Epoch 00826 | Loss 0.3840 | Avg Epoch Time 3.1323s
Epoch 00827 | Loss 0.4096 | Avg Epoch Time 3.1323s
Epoch 00828 | Loss 0.3837 | Avg Epoch Time 3.1323s
Epoch 00829 | Loss 0.4037 | Avg Epoch Time 3.1322s
Epoch 00830 | Loss 0.3835 | Avg Epoch Time 3.1322s
Epoch 00830 | Valid acc: 71.32% | Test acc: 68.34%
Epoch 00831 | Loss 0.3929 | Avg Epoch Time 3.1321s
Epoch 00832 | Loss 0.3791 | Avg Epoch Time 3.1321s
Epoch 00833 | Loss 0.3905 | Avg Epoch Time 3.1320s
Epoch 00834 | Loss 0.3905 | Avg Epoch Time 3.1320s
Epoch 00835 | Loss 0.3920 | Avg Epoch Time 3.1320s
Epoch 00835 | Valid acc: 70.13% | Test acc: 66.74%
Epoch 00836 | Loss 0.3815 | Avg Epoch Time 3.1319s
Epoch 00837 | Loss 0.3979 | Avg Epoch Time 3.1319s
Epoch 00838 | Loss 0.3774 | Avg Epoch Time 3.1318s
Epoch 00839 | Loss 0.3939 | Avg Epoch Time 3.1318s
Epoch 00840 | Loss 0.3719 | Avg Epoch Time 3.1318s
Epoch 00840 | Valid acc: 71.29% | Test acc: 69.56%
Epoch 00841 | Loss 0.3909 | Avg Epoch Time 3.1317s
Epoch 00842 | Loss 0.3711 | Avg Epoch Time 3.1317s
Epoch 00843 | Loss 0.3963 | Avg Epoch Time 3.1317s
Epoch 00844 | Loss 0.3739 | Avg Epoch Time 3.1316s
Epoch 00845 | Loss 0.3746 | Avg Epoch Time 3.1316s
Epoch 00845 | Valid acc: 70.22% | Test acc: 67.36%
Epoch 00846 | Loss 0.4019 | Avg Epoch Time 3.1315s
Epoch 00847 | Loss 0.3839 | Avg Epoch Time 3.1315s
Epoch 00848 | Loss 0.3794 | Avg Epoch Time 3.1315s
Epoch 00849 | Loss 0.3756 | Avg Epoch Time 3.1314s
Epoch 00850 | Loss 0.3733 | Avg Epoch Time 3.1314s
Epoch 00850 | Valid acc: 71.49% | Test acc: 68.99%
Epoch 00851 | Loss 0.3865 | Avg Epoch Time 3.1313s
Epoch 00852 | Loss 0.3696 | Avg Epoch Time 3.1313s
Epoch 00853 | Loss 0.3740 | Avg Epoch Time 3.1313s
Epoch 00854 | Loss 0.3830 | Avg Epoch Time 3.1313s
Epoch 00855 | Loss 0.3791 | Avg Epoch Time 3.1313s
Epoch 00855 | Valid acc: 70.86% | Test acc: 67.95%
Epoch 00856 | Loss 0.3686 | Avg Epoch Time 3.1312s
Epoch 00857 | Loss 0.3890 | Avg Epoch Time 3.1312s
Epoch 00858 | Loss 0.3620 | Avg Epoch Time 3.1312s
Epoch 00859 | Loss 0.3816 | Avg Epoch Time 3.1311s
Epoch 00860 | Loss 0.3808 | Avg Epoch Time 3.1311s
Epoch 00860 | Valid acc: 71.38% | Test acc: 69.12%
Epoch 00861 | Loss 0.3620 | Avg Epoch Time 3.1311s
Epoch 00862 | Loss 0.3816 | Avg Epoch Time 3.1311s
Epoch 00863 | Loss 0.3733 | Avg Epoch Time 3.1310s
Epoch 00864 | Loss 0.3927 | Avg Epoch Time 3.1310s
Epoch 00865 | Loss 0.3708 | Avg Epoch Time 3.1310s
Epoch 00865 | Valid acc: 71.42% | Test acc: 69.16%
Epoch 00866 | Loss 0.3800 | Avg Epoch Time 3.1309s
Epoch 00867 | Loss 0.3771 | Avg Epoch Time 3.1309s
Epoch 00868 | Loss 0.3746 | Avg Epoch Time 3.1309s
Epoch 00869 | Loss 0.3698 | Avg Epoch Time 3.1308s
Epoch 00870 | Loss 0.3673 | Avg Epoch Time 3.1308s
Epoch 00870 | Valid acc: 70.45% | Test acc: 67.90%
Epoch 00871 | Loss 0.3742 | Avg Epoch Time 3.1308s
Epoch 00872 | Loss 0.3732 | Avg Epoch Time 3.1307s
Epoch 00873 | Loss 0.3681 | Avg Epoch Time 3.1307s
Epoch 00874 | Loss 0.3665 | Avg Epoch Time 3.1307s
Epoch 00875 | Loss 0.3794 | Avg Epoch Time 3.1307s
Epoch 00875 | Valid acc: 71.26% | Test acc: 68.39%
Epoch 00876 | Loss 0.3637 | Avg Epoch Time 3.1306s
Epoch 00877 | Loss 0.3879 | Avg Epoch Time 3.1306s
Epoch 00878 | Loss 0.3657 | Avg Epoch Time 3.1306s
Epoch 00879 | Loss 0.3811 | Avg Epoch Time 3.1306s
Epoch 00880 | Loss 0.3626 | Avg Epoch Time 3.1306s
Epoch 00880 | Valid acc: 71.06% | Test acc: 68.98%
Epoch 00881 | Loss 0.3667 | Avg Epoch Time 3.1305s
Epoch 00882 | Loss 0.3593 | Avg Epoch Time 3.1305s
Epoch 00883 | Loss 0.3555 | Avg Epoch Time 3.1305s
Epoch 00884 | Loss 0.3627 | Avg Epoch Time 3.1304s
Epoch 00885 | Loss 0.3633 | Avg Epoch Time 3.1304s
Epoch 00885 | Valid acc: 71.38% | Test acc: 69.10%
Epoch 00886 | Loss 0.3610 | Avg Epoch Time 3.1304s
Epoch 00887 | Loss 0.3606 | Avg Epoch Time 3.1304s
Epoch 00888 | Loss 0.3574 | Avg Epoch Time 3.1303s
Epoch 00889 | Loss 0.3555 | Avg Epoch Time 3.1303s
Epoch 00890 | Loss 0.3573 | Avg Epoch Time 3.1303s
Epoch 00890 | Valid acc: 69.86% | Test acc: 66.20%
Epoch 00891 | Loss 0.3633 | Avg Epoch Time 3.1302s
Epoch 00892 | Loss 0.3574 | Avg Epoch Time 3.1302s
Epoch 00893 | Loss 0.3754 | Avg Epoch Time 3.1302s
Epoch 00894 | Loss 0.3442 | Avg Epoch Time 3.1302s
Epoch 00895 | Loss 0.3796 | Avg Epoch Time 3.1302s
Epoch 00895 | Valid acc: 71.71% | Test acc: 69.24%
Epoch 00896 | Loss 0.3415 | Avg Epoch Time 3.1301s
Epoch 00897 | Loss 0.3624 | Avg Epoch Time 3.1301s
Epoch 00898 | Loss 0.3543 | Avg Epoch Time 3.1301s
Epoch 00899 | Loss 0.3532 | Avg Epoch Time 3.1301s
Epoch 00900 | Loss 0.3573 | Avg Epoch Time 3.1301s
Epoch 00900 | Valid acc: 70.29% | Test acc: 67.59%
Epoch 00901 | Loss 0.3647 | Avg Epoch Time 3.1300s
Epoch 00902 | Loss 0.3560 | Avg Epoch Time 3.1300s
Epoch 00903 | Loss 0.3805 | Avg Epoch Time 3.1300s
Epoch 00904 | Loss 0.3563 | Avg Epoch Time 3.1300s
Epoch 00905 | Loss 0.3725 | Avg Epoch Time 3.1299s
Epoch 00905 | Valid acc: 70.85% | Test acc: 68.63%
Epoch 00906 | Loss 0.3485 | Avg Epoch Time 3.1299s
Epoch 00907 | Loss 0.3539 | Avg Epoch Time 3.1299s
Epoch 00908 | Loss 0.3482 | Avg Epoch Time 3.1299s
Epoch 00909 | Loss 0.3529 | Avg Epoch Time 3.1298s
Epoch 00910 | Loss 0.3650 | Avg Epoch Time 3.1298s
Epoch 00910 | Valid acc: 71.35% | Test acc: 69.38%
Epoch 00911 | Loss 0.3458 | Avg Epoch Time 3.1298s
Epoch 00912 | Loss 0.3544 | Avg Epoch Time 3.1298s
Epoch 00913 | Loss 0.3447 | Avg Epoch Time 3.1297s
Epoch 00914 | Loss 0.3594 | Avg Epoch Time 3.1297s
Epoch 00915 | Loss 0.3498 | Avg Epoch Time 3.1297s
Epoch 00915 | Valid acc: 71.70% | Test acc: 70.12%
Epoch 00916 | Loss 0.3620 | Avg Epoch Time 3.1296s
Epoch 00917 | Loss 0.3517 | Avg Epoch Time 3.1296s
Epoch 00918 | Loss 0.3615 | Avg Epoch Time 3.1296s
Epoch 00919 | Loss 0.3470 | Avg Epoch Time 3.1296s
Epoch 00920 | Loss 0.3720 | Avg Epoch Time 3.1295s
Epoch 00920 | Valid acc: 70.97% | Test acc: 68.22%
Epoch 00921 | Loss 0.3358 | Avg Epoch Time 3.1295s
Epoch 00922 | Loss 0.3689 | Avg Epoch Time 3.1294s
Epoch 00923 | Loss 0.3583 | Avg Epoch Time 3.1294s
Epoch 00924 | Loss 0.3513 | Avg Epoch Time 3.1294s
Epoch 00925 | Loss 0.3584 | Avg Epoch Time 3.1294s
Epoch 00925 | Valid acc: 71.24% | Test acc: 68.63%
Epoch 00926 | Loss 0.3397 | Avg Epoch Time 3.1293s
Epoch 00927 | Loss 0.3468 | Avg Epoch Time 3.1293s
Epoch 00928 | Loss 0.3383 | Avg Epoch Time 3.1293s
Epoch 00929 | Loss 0.3521 | Avg Epoch Time 3.1292s
Epoch 00930 | Loss 0.3351 | Avg Epoch Time 3.1292s
Epoch 00930 | Valid acc: 70.31% | Test acc: 67.31%
Epoch 00931 | Loss 0.3400 | Avg Epoch Time 3.1291s
Epoch 00932 | Loss 0.3495 | Avg Epoch Time 3.1291s
Epoch 00933 | Loss 0.3434 | Avg Epoch Time 3.1291s
Epoch 00934 | Loss 0.3407 | Avg Epoch Time 3.1290s
Epoch 00935 | Loss 0.3433 | Avg Epoch Time 3.1290s
Epoch 00935 | Valid acc: 71.24% | Test acc: 68.17%
Epoch 00936 | Loss 0.3384 | Avg Epoch Time 3.1289s
Epoch 00937 | Loss 0.3427 | Avg Epoch Time 3.1289s
Epoch 00938 | Loss 0.3462 | Avg Epoch Time 3.1289s
Epoch 00939 | Loss 0.3295 | Avg Epoch Time 3.1288s
Epoch 00940 | Loss 0.3629 | Avg Epoch Time 3.1288s
Epoch 00940 | Valid acc: 71.77% | Test acc: 69.33%
Epoch 00941 | Loss 0.3395 | Avg Epoch Time 3.1287s
Epoch 00942 | Loss 0.3517 | Avg Epoch Time 3.1287s
Epoch 00943 | Loss 0.3331 | Avg Epoch Time 3.1287s
Epoch 00944 | Loss 0.3350 | Avg Epoch Time 3.1287s
Epoch 00945 | Loss 0.3472 | Avg Epoch Time 3.1286s
Epoch 00945 | Valid acc: 70.41% | Test acc: 67.62%
Epoch 00946 | Loss 0.3326 | Avg Epoch Time 3.1285s
Epoch 00947 | Loss 0.3265 | Avg Epoch Time 3.1285s
Epoch 00948 | Loss 0.3264 | Avg Epoch Time 3.1285s
Epoch 00949 | Loss 0.3494 | Avg Epoch Time 3.1284s
Epoch 00950 | Loss 0.3469 | Avg Epoch Time 3.1284s
Epoch 00950 | Valid acc: 71.00% | Test acc: 68.95%
Epoch 00951 | Loss 0.3281 | Avg Epoch Time 3.1283s
Epoch 00952 | Loss 0.3411 | Avg Epoch Time 3.1283s
Epoch 00953 | Loss 0.3311 | Avg Epoch Time 3.1283s
Epoch 00954 | Loss 0.3297 | Avg Epoch Time 3.1282s
Epoch 00955 | Loss 0.3255 | Avg Epoch Time 3.1282s
Epoch 00955 | Valid acc: 71.66% | Test acc: 69.17%
Epoch 00956 | Loss 0.3351 | Avg Epoch Time 3.1281s
Epoch 00957 | Loss 0.3386 | Avg Epoch Time 3.1281s
Epoch 00958 | Loss 0.3292 | Avg Epoch Time 3.1280s
Epoch 00959 | Loss 0.3520 | Avg Epoch Time 3.1280s
Epoch 00960 | Loss 0.3264 | Avg Epoch Time 3.1280s
Epoch 00960 | Valid acc: 70.00% | Test acc: 67.59%
Epoch 00961 | Loss 0.3240 | Avg Epoch Time 3.1279s
Epoch 00962 | Loss 0.3231 | Avg Epoch Time 3.1279s
Epoch 00963 | Loss 0.3310 | Avg Epoch Time 3.1278s
Epoch 00964 | Loss 0.3225 | Avg Epoch Time 3.1278s
Epoch 00965 | Loss 0.3260 | Avg Epoch Time 3.1278s
Epoch 00965 | Valid acc: 71.14% | Test acc: 68.62%
Epoch 00966 | Loss 0.3292 | Avg Epoch Time 3.1277s
Epoch 00967 | Loss 0.3263 | Avg Epoch Time 3.1277s
Epoch 00968 | Loss 0.3309 | Avg Epoch Time 3.1276s
Epoch 00969 | Loss 0.3393 | Avg Epoch Time 3.1276s
Epoch 00970 | Loss 0.3233 | Avg Epoch Time 3.1276s
Epoch 00970 | Valid acc: 70.09% | Test acc: 67.73%
Epoch 00971 | Loss 0.3335 | Avg Epoch Time 3.1275s
Epoch 00972 | Loss 0.3256 | Avg Epoch Time 3.1275s
Epoch 00973 | Loss 0.3221 | Avg Epoch Time 3.1275s
Epoch 00974 | Loss 0.3324 | Avg Epoch Time 3.1274s
Epoch 00975 | Loss 0.3172 | Avg Epoch Time 3.1274s
Epoch 00975 | Valid acc: 70.65% | Test acc: 68.26%
Epoch 00976 | Loss 0.3222 | Avg Epoch Time 3.1273s
Epoch 00977 | Loss 0.3187 | Avg Epoch Time 3.1273s
Epoch 00978 | Loss 0.3215 | Avg Epoch Time 3.1273s
Epoch 00979 | Loss 0.3509 | Avg Epoch Time 3.1274s
Epoch 00980 | Loss 0.3187 | Avg Epoch Time 3.1272s
Epoch 00980 | Valid acc: 70.50% | Test acc: 68.14%
Epoch 00981 | Loss 0.3403 | Avg Epoch Time 3.1271s
Epoch 00982 | Loss 0.3252 | Avg Epoch Time 3.1271s
Epoch 00983 | Loss 0.3179 | Avg Epoch Time 3.1271s
Epoch 00984 | Loss 0.3262 | Avg Epoch Time 3.1271s
Epoch 00985 | Loss 0.3164 | Avg Epoch Time 3.1270s
Epoch 00985 | Valid acc: 71.07% | Test acc: 68.40%
Epoch 00986 | Loss 0.3182 | Avg Epoch Time 3.1269s
Epoch 00987 | Loss 0.3457 | Avg Epoch Time 3.1269s
Epoch 00988 | Loss 0.3070 | Avg Epoch Time 3.1269s
Epoch 00989 | Loss 0.3396 | Avg Epoch Time 3.1269s
Epoch 00990 | Loss 0.3171 | Avg Epoch Time 3.1268s
Epoch 00990 | Valid acc: 69.59% | Test acc: 67.18%
Epoch 00991 | Loss 0.3410 | Avg Epoch Time 3.1268s
Epoch 00992 | Loss 0.3161 | Avg Epoch Time 3.1267s
Epoch 00993 | Loss 0.3306 | Avg Epoch Time 3.1267s
Epoch 00994 | Loss 0.3164 | Avg Epoch Time 3.1267s
Epoch 00995 | Loss 0.3235 | Avg Epoch Time 3.1266s
Epoch 00995 | Valid acc: 69.94% | Test acc: 66.56%
Epoch 00996 | Loss 0.3376 | Avg Epoch Time 3.1266s
Epoch 00997 | Loss 0.3216 | Avg Epoch Time 3.1265s
Epoch 00998 | Loss 0.3338 | Avg Epoch Time 3.1265s
Epoch 00999 | Loss 0.3086 | Avg Epoch Time 3.1265s
revgnn finish time: 2025-03-22 13:42:33.212, wall-time: 3737.000s
Best TestAcc: 72.3745
revgnn finish time: 2025-03-22 13:42:33.615, wall-time: 3736.869s
revgnn finish time: 2025-03-22 13:42:33.965, wall-time: 3737.621s
revgnn finish time: 2025-03-22 13:42:34.288, wall-time: 3737.293s
