W0320 00:32:36.752000 140403469533824 torch/distributed/run.py:779] 
W0320 00:32:36.752000 140403469533824 torch/distributed/run.py:779] *****************************************
W0320 00:32:36.752000 140403469533824 torch/distributed/run.py:779] Setting OMP_NUM_THREADS environment variable for each process to be 1 in default, to avoid your system being overloaded, please further tune the variable for optimal performance in your application as needed. 
W0320 00:32:36.752000 140403469533824 torch/distributed/run.py:779] *****************************************
> initializing torch distributed ...
ogbn-arxiv load and processed successfully
Train nodes: 90941, Val nodes: 29799, Test nodes: 48603
Num of train batches: 1, num of train microbatches: 4, microbatch size: 42335
stage=2 layers=56 - 84
stage=1 layers=28 - 56
stage=0 layers=0 - 28
stage=3 layers=84 - 112
[00:32:42] /opt/dgl/src/graph/transform/metis_partition_hetero.cc:89: Partition a graph with 42335 nodes and 146418 edges into 4 parts and get 6822 edge cuts
[00:32:42] /opt/dgl/src/graph/transform/metis_partition_hetero.cc:89: Partition a graph with 42335 nodes and 146418 edges into 4 parts and get 6822 edge cuts
[00:32:42] /opt/dgl/src/graph/transform/metis_partition_hetero.cc:89: Partition a graph with 42335 nodes and 146418 edges into 4 parts and get 6822 edge cuts
[00:32:42] /opt/dgl/src/graph/transform/metis_partition_hetero.cc:89: Partition a graph with 42335 nodes and 153226 edges into 4 parts and get 6823 edge cuts
[00:32:42] /opt/dgl/src/graph/transform/metis_partition_hetero.cc:89: Partition a graph with 42335 nodes and 146418 edges into 4 parts and get 6822 edge cuts
[00:32:42] /opt/dgl/src/graph/transform/metis_partition_hetero.cc:89: Partition a graph with 42335 nodes and 153226 edges into 4 parts and get 6823 edge cuts
[00:32:42] /opt/dgl/src/graph/transform/metis_partition_hetero.cc:89: Partition a graph with 42335 nodes and 153226 edges into 4 parts and get 6823 edge cuts
[00:32:43] /opt/dgl/src/graph/transform/metis_partition_hetero.cc:89: Partition a graph with 42335 nodes and 144694 edges into 4 parts and get 6339 edge cuts
[00:32:43] /opt/dgl/src/graph/transform/metis_partition_hetero.cc:89: Partition a graph with 42335 nodes and 153226 edges into 4 parts and get 6823 edge cuts
[00:32:43] /opt/dgl/src/graph/transform/metis_partition_hetero.cc:89: Partition a graph with 42335 nodes and 144694 edges into 4 parts and get 6339 edge cuts
[00:32:43] /opt/dgl/src/graph/transform/metis_partition_hetero.cc:89: Partition a graph with 42335 nodes and 144694 edges into 4 parts and get 6339 edge cuts
[00:32:43] /opt/dgl/src/graph/transform/metis_partition_hetero.cc:89: Partition a graph with 42335 nodes and 144694 edges into 4 parts and get 6339 edge cuts
[00:32:43] /opt/dgl/src/graph/transform/metis_partition_hetero.cc:89: Partition a graph with 42335 nodes and 135136 edges into 4 parts and get 5487 edge cuts
[00:32:44] /opt/dgl/src/graph/transform/metis_partition_hetero.cc:89: Partition a graph with 42335 nodes and 135136 edges into 4 parts and get 5487 edge cuts
[00:32:44] /opt/dgl/src/graph/transform/metis_partition_hetero.cc:89: Partition a graph with 42335 nodes and 135136 edges into 4 parts and get 5487 edge cuts
revgnn start time: 2025-03-20 00:32:44.257
[00:32:44] /opt/dgl/src/graph/transform/metis_partition_hetero.cc:89: Partition a graph with 42335 nodes and 135136 edges into 4 parts and get 5487 edge cuts
revgnn start time: 2025-03-20 00:32:44.577
Training...
revgnn start time: 2025-03-20 00:32:44.581
revgnn start time: 2025-03-20 00:32:44.922
Epoch 00000 | Loss 3.8803 | Epoch Time 2.69s
Epoch 00000 | Valid acc: 7.63% | Test acc: 5.86%
Epoch 00001 | Loss 3.2835 | Epoch Time 3.02s
Epoch 00002 | Loss 3.2259 | Epoch Time 3.08s
Epoch 00003 | Loss 3.1626 | Epoch Time 3.08s
Epoch 00004 | Loss 3.1299 | Epoch Time 3.09s
Epoch 00005 | Loss 3.1166 | Avg Epoch Time 3.09s
Epoch 00005 | Valid acc: 7.63% | Test acc: 5.86%
Epoch 00006 | Loss 3.1109 | Avg Epoch Time 3.06s
Epoch 00007 | Loss 3.1069 | Avg Epoch Time 3.07s
Epoch 00008 | Loss 3.1020 | Avg Epoch Time 3.08s
Epoch 00009 | Loss 3.1002 | Avg Epoch Time 3.08s
Epoch 00010 | Loss 3.0967 | Avg Epoch Time 3.09s
Epoch 00010 | Valid acc: 7.63% | Test acc: 5.86%
Epoch 00011 | Loss 3.0985 | Avg Epoch Time 3.08s
Epoch 00012 | Loss 3.0963 | Avg Epoch Time 3.08s
Epoch 00013 | Loss 3.0918 | Avg Epoch Time 3.09s
Epoch 00014 | Loss 3.0889 | Avg Epoch Time 3.09s
Epoch 00015 | Loss 3.0865 | Avg Epoch Time 3.09s
Epoch 00015 | Valid acc: 7.63% | Test acc: 5.86%
Epoch 00016 | Loss 3.0832 | Avg Epoch Time 3.09s
Epoch 00017 | Loss 3.0787 | Avg Epoch Time 3.09s
Epoch 00018 | Loss 3.0728 | Avg Epoch Time 3.09s
Epoch 00019 | Loss 3.0637 | Avg Epoch Time 3.10s
Epoch 00020 | Loss 3.0520 | Avg Epoch Time 3.10s
Epoch 00020 | Valid acc: 7.63% | Test acc: 5.86%
Epoch 00021 | Loss 3.0410 | Avg Epoch Time 3.10s
Epoch 00022 | Loss 3.0201 | Avg Epoch Time 3.10s
Epoch 00023 | Loss 2.9964 | Avg Epoch Time 3.10s
Epoch 00024 | Loss 2.9667 | Avg Epoch Time 3.10s
Epoch 00025 | Loss 2.9308 | Avg Epoch Time 3.10s
Epoch 00025 | Valid acc: 29.26% | Test acc: 25.91%
Epoch 00026 | Loss 2.8927 | Avg Epoch Time 3.10s
Epoch 00027 | Loss 2.8559 | Avg Epoch Time 3.11s
Epoch 00028 | Loss 2.8213 | Avg Epoch Time 3.11s
Epoch 00029 | Loss 2.7939 | Avg Epoch Time 3.11s
Epoch 00030 | Loss 2.7711 | Avg Epoch Time 3.11s
Epoch 00030 | Valid acc: 29.36% | Test acc: 25.95%
Epoch 00031 | Loss 2.7393 | Avg Epoch Time 3.11s
Epoch 00032 | Loss 2.7117 | Avg Epoch Time 3.12s
Epoch 00033 | Loss 2.6928 | Avg Epoch Time 3.12s
Epoch 00034 | Loss 2.6670 | Avg Epoch Time 3.12s
Epoch 00035 | Loss 2.6429 | Avg Epoch Time 3.12s
Epoch 00035 | Valid acc: 30.74% | Test acc: 26.25%
Epoch 00036 | Loss 2.6327 | Avg Epoch Time 3.12s
Epoch 00037 | Loss 2.6162 | Avg Epoch Time 3.13s
Epoch 00038 | Loss 2.6026 | Avg Epoch Time 3.13s
Epoch 00039 | Loss 2.5873 | Avg Epoch Time 3.13s
Epoch 00040 | Loss 2.5694 | Avg Epoch Time 3.13s
Epoch 00040 | Valid acc: 31.03% | Test acc: 25.88%
Epoch 00041 | Loss 2.5623 | Avg Epoch Time 3.13s
Epoch 00042 | Loss 2.5422 | Avg Epoch Time 3.14s
Epoch 00043 | Loss 2.5251 | Avg Epoch Time 3.14s
Epoch 00044 | Loss 2.5174 | Avg Epoch Time 3.14s
Epoch 00045 | Loss 2.5049 | Avg Epoch Time 3.14s
Epoch 00045 | Valid acc: 32.97% | Test acc: 28.02%
Epoch 00046 | Loss 2.4931 | Avg Epoch Time 3.14s
Epoch 00047 | Loss 2.4941 | Avg Epoch Time 3.14s
Epoch 00048 | Loss 2.4750 | Avg Epoch Time 3.15s
Epoch 00049 | Loss 2.4826 | Avg Epoch Time 3.15s
Epoch 00050 | Loss 2.4728 | Avg Epoch Time 3.15s
Epoch 00050 | Valid acc: 35.03% | Test acc: 30.03%
Epoch 00051 | Loss 2.4621 | Avg Epoch Time 3.15s
Epoch 00052 | Loss 2.4644 | Avg Epoch Time 3.15s
Epoch 00053 | Loss 2.4481 | Avg Epoch Time 3.15s
Epoch 00054 | Loss 2.4583 | Avg Epoch Time 3.15s
Epoch 00055 | Loss 2.4382 | Avg Epoch Time 3.15s
Epoch 00055 | Valid acc: 35.43% | Test acc: 31.06%
Epoch 00056 | Loss 2.4402 | Avg Epoch Time 3.15s
Epoch 00057 | Loss 2.4403 | Avg Epoch Time 3.16s
Epoch 00058 | Loss 2.4181 | Avg Epoch Time 3.16s
Epoch 00059 | Loss 2.4368 | Avg Epoch Time 3.16s
Epoch 00060 | Loss 2.4240 | Avg Epoch Time 3.16s
Epoch 00060 | Valid acc: 35.77% | Test acc: 30.79%
Epoch 00061 | Loss 2.4032 | Avg Epoch Time 3.16s
Epoch 00062 | Loss 2.4004 | Avg Epoch Time 3.16s
Epoch 00063 | Loss 2.3956 | Avg Epoch Time 3.16s
Epoch 00064 | Loss 2.3881 | Avg Epoch Time 3.16s
Epoch 00065 | Loss 2.3818 | Avg Epoch Time 3.16s
Epoch 00065 | Valid acc: 36.82% | Test acc: 32.07%
Epoch 00066 | Loss 2.3702 | Avg Epoch Time 3.16s
Epoch 00067 | Loss 2.3687 | Avg Epoch Time 3.16s
Epoch 00068 | Loss 2.3576 | Avg Epoch Time 3.16s
Epoch 00069 | Loss 2.3492 | Avg Epoch Time 3.17s
Epoch 00070 | Loss 2.3373 | Avg Epoch Time 3.17s
Epoch 00070 | Valid acc: 36.64% | Test acc: 31.70%
Epoch 00071 | Loss 2.3686 | Avg Epoch Time 3.17s
Epoch 00072 | Loss 2.3476 | Avg Epoch Time 3.17s
Epoch 00073 | Loss 2.3011 | Avg Epoch Time 3.17s
Epoch 00074 | Loss 2.4470 | Avg Epoch Time 3.17s
Epoch 00075 | Loss 2.3046 | Avg Epoch Time 3.17s
Epoch 00075 | Valid acc: 36.86% | Test acc: 33.64%
Epoch 00076 | Loss 2.5053 | Avg Epoch Time 3.17s
Epoch 00077 | Loss 2.4617 | Avg Epoch Time 3.17s
Epoch 00078 | Loss 2.3042 | Avg Epoch Time 3.17s
Epoch 00079 | Loss 2.3553 | Avg Epoch Time 3.17s
Epoch 00080 | Loss 2.3834 | Avg Epoch Time 3.17s
Epoch 00080 | Valid acc: 38.78% | Test acc: 35.83%
Epoch 00081 | Loss 2.3064 | Avg Epoch Time 3.17s
Epoch 00082 | Loss 2.2961 | Avg Epoch Time 3.17s
Epoch 00083 | Loss 2.3146 | Avg Epoch Time 3.17s
Epoch 00084 | Loss 2.2913 | Avg Epoch Time 3.17s
Epoch 00085 | Loss 2.2597 | Avg Epoch Time 3.17s
Epoch 00085 | Valid acc: 39.38% | Test acc: 36.02%
Epoch 00086 | Loss 2.2884 | Avg Epoch Time 3.17s
Epoch 00087 | Loss 2.2616 | Avg Epoch Time 3.17s
Epoch 00088 | Loss 2.2270 | Avg Epoch Time 3.17s
Epoch 00089 | Loss 2.2426 | Avg Epoch Time 3.17s
Epoch 00090 | Loss 2.2095 | Avg Epoch Time 3.17s
Epoch 00090 | Valid acc: 41.54% | Test acc: 38.76%
Epoch 00091 | Loss 2.2146 | Avg Epoch Time 3.17s
Epoch 00092 | Loss 2.2090 | Avg Epoch Time 3.17s
Epoch 00093 | Loss 2.1747 | Avg Epoch Time 3.17s
Epoch 00094 | Loss 2.1913 | Avg Epoch Time 3.17s
Epoch 00095 | Loss 2.1822 | Avg Epoch Time 3.17s
Epoch 00095 | Valid acc: 44.29% | Test acc: 42.20%
Epoch 00096 | Loss 2.1568 | Avg Epoch Time 3.17s
Epoch 00097 | Loss 2.1707 | Avg Epoch Time 3.17s
Epoch 00098 | Loss 2.1489 | Avg Epoch Time 3.17s
Epoch 00099 | Loss 2.1457 | Avg Epoch Time 3.17s
Epoch 00100 | Loss 2.1516 | Avg Epoch Time 3.17s
Epoch 00100 | Valid acc: 45.23% | Test acc: 43.65%
Epoch 00101 | Loss 2.1230 | Avg Epoch Time 3.17s
Epoch 00102 | Loss 2.1356 | Avg Epoch Time 3.17s
Epoch 00103 | Loss 2.1281 | Avg Epoch Time 3.17s
Epoch 00104 | Loss 2.1134 | Avg Epoch Time 3.17s
Epoch 00105 | Loss 2.1180 | Avg Epoch Time 3.17s
Epoch 00105 | Valid acc: 46.04% | Test acc: 44.76%
Epoch 00106 | Loss 2.0993 | Avg Epoch Time 3.17s
Epoch 00107 | Loss 2.1055 | Avg Epoch Time 3.17s
Epoch 00108 | Loss 2.0917 | Avg Epoch Time 3.17s
Epoch 00109 | Loss 2.0939 | Avg Epoch Time 3.17s
Epoch 00110 | Loss 2.0769 | Avg Epoch Time 3.17s
Epoch 00110 | Valid acc: 45.62% | Test acc: 42.99%
Epoch 00111 | Loss 2.0708 | Avg Epoch Time 3.17s
Epoch 00112 | Loss 2.0673 | Avg Epoch Time 3.17s
Epoch 00113 | Loss 2.0544 | Avg Epoch Time 3.17s
Epoch 00114 | Loss 2.0676 | Avg Epoch Time 3.17s
Epoch 00115 | Loss 2.0514 | Avg Epoch Time 3.17s
Epoch 00115 | Valid acc: 46.04% | Test acc: 43.88%
Epoch 00116 | Loss 2.0585 | Avg Epoch Time 3.17s
Epoch 00117 | Loss 2.0487 | Avg Epoch Time 3.17s
Epoch 00118 | Loss 2.0305 | Avg Epoch Time 3.17s
Epoch 00119 | Loss 2.0548 | Avg Epoch Time 3.17s
Epoch 00120 | Loss 2.0166 | Avg Epoch Time 3.17s
Epoch 00120 | Valid acc: 45.14% | Test acc: 41.62%
Epoch 00121 | Loss 2.0820 | Avg Epoch Time 3.17s
Epoch 00122 | Loss 2.0457 | Avg Epoch Time 3.17s
Epoch 00123 | Loss 2.0376 | Avg Epoch Time 3.17s
Epoch 00124 | Loss 2.0337 | Avg Epoch Time 3.17s
Epoch 00125 | Loss 2.0370 | Avg Epoch Time 3.17s
Epoch 00125 | Valid acc: 46.17% | Test acc: 43.60%
Epoch 00126 | Loss 2.0295 | Avg Epoch Time 3.17s
Epoch 00127 | Loss 2.0121 | Avg Epoch Time 3.17s
Epoch 00128 | Loss 2.0016 | Avg Epoch Time 3.17s
Epoch 00129 | Loss 1.9963 | Avg Epoch Time 3.17s
Epoch 00130 | Loss 2.0198 | Avg Epoch Time 3.17s
Epoch 00130 | Valid acc: 47.48% | Test acc: 45.17%
Epoch 00131 | Loss 1.9825 | Avg Epoch Time 3.17s
Epoch 00132 | Loss 2.0312 | Avg Epoch Time 3.17s
Epoch 00133 | Loss 2.0095 | Avg Epoch Time 3.17s
Epoch 00134 | Loss 1.9922 | Avg Epoch Time 3.17s
Epoch 00135 | Loss 1.9963 | Avg Epoch Time 3.17s
Epoch 00135 | Valid acc: 46.48% | Test acc: 43.11%
Epoch 00136 | Loss 1.9882 | Avg Epoch Time 3.17s
Epoch 00137 | Loss 1.9726 | Avg Epoch Time 3.17s
Epoch 00138 | Loss 1.9876 | Avg Epoch Time 3.17s
Epoch 00139 | Loss 1.9628 | Avg Epoch Time 3.17s
Epoch 00140 | Loss 1.9739 | Avg Epoch Time 3.17s
Epoch 00140 | Valid acc: 46.63% | Test acc: 43.30%
Epoch 00141 | Loss 1.9711 | Avg Epoch Time 3.17s
Epoch 00142 | Loss 1.9561 | Avg Epoch Time 3.17s
Epoch 00143 | Loss 1.9461 | Avg Epoch Time 3.17s
Epoch 00144 | Loss 1.9607 | Avg Epoch Time 3.17s
Epoch 00145 | Loss 1.9223 | Avg Epoch Time 3.17s
Epoch 00145 | Valid acc: 47.74% | Test acc: 44.39%
Epoch 00146 | Loss 1.9462 | Avg Epoch Time 3.17s
Epoch 00147 | Loss 1.9242 | Avg Epoch Time 3.17s
Epoch 00148 | Loss 1.9224 | Avg Epoch Time 3.17s
Epoch 00149 | Loss 1.9187 | Avg Epoch Time 3.17s
Epoch 00150 | Loss 1.8946 | Avg Epoch Time 3.17s
Epoch 00150 | Valid acc: 48.06% | Test acc: 43.97%
Epoch 00151 | Loss 1.9242 | Avg Epoch Time 3.17s
Epoch 00152 | Loss 1.9108 | Avg Epoch Time 3.17s
Epoch 00153 | Loss 1.9029 | Avg Epoch Time 3.17s
Epoch 00154 | Loss 1.8964 | Avg Epoch Time 3.17s
Epoch 00155 | Loss 1.9025 | Avg Epoch Time 3.17s
Epoch 00155 | Valid acc: 50.47% | Test acc: 47.88%
Epoch 00156 | Loss 1.8622 | Avg Epoch Time 3.17s
Epoch 00157 | Loss 1.8899 | Avg Epoch Time 3.17s
Epoch 00158 | Loss 1.8725 | Avg Epoch Time 3.17s
Epoch 00159 | Loss 1.8838 | Avg Epoch Time 3.17s
Epoch 00160 | Loss 1.8584 | Avg Epoch Time 3.17s
Epoch 00160 | Valid acc: 50.11% | Test acc: 47.61%
Epoch 00161 | Loss 1.8637 | Avg Epoch Time 3.17s
Epoch 00162 | Loss 1.8468 | Avg Epoch Time 3.17s
Epoch 00163 | Loss 1.8508 | Avg Epoch Time 3.17s
Epoch 00164 | Loss 1.8536 | Avg Epoch Time 3.17s
Epoch 00165 | Loss 1.8140 | Avg Epoch Time 3.17s
Epoch 00165 | Valid acc: 50.71% | Test acc: 47.23%
Epoch 00166 | Loss 1.8429 | Avg Epoch Time 3.17s
Epoch 00167 | Loss 1.8119 | Avg Epoch Time 3.17s
Epoch 00168 | Loss 1.8409 | Avg Epoch Time 3.17s
Epoch 00169 | Loss 1.8247 | Avg Epoch Time 3.17s
Epoch 00170 | Loss 1.8124 | Avg Epoch Time 3.17s
Epoch 00170 | Valid acc: 51.53% | Test acc: 47.92%
Epoch 00171 | Loss 1.8012 | Avg Epoch Time 3.17s
Epoch 00172 | Loss 1.8059 | Avg Epoch Time 3.17s
Epoch 00173 | Loss 1.8076 | Avg Epoch Time 3.17s
Epoch 00174 | Loss 1.7780 | Avg Epoch Time 3.17s
Epoch 00175 | Loss 1.8008 | Avg Epoch Time 3.17s
Epoch 00175 | Valid acc: 51.26% | Test acc: 46.91%
Epoch 00176 | Loss 1.7826 | Avg Epoch Time 3.17s
Epoch 00177 | Loss 1.7712 | Avg Epoch Time 3.17s
Epoch 00178 | Loss 1.7755 | Avg Epoch Time 3.17s
Epoch 00179 | Loss 1.7766 | Avg Epoch Time 3.17s
Epoch 00180 | Loss 1.7600 | Avg Epoch Time 3.17s
Epoch 00180 | Valid acc: 51.63% | Test acc: 47.80%
Epoch 00181 | Loss 1.7543 | Avg Epoch Time 3.17s
Epoch 00182 | Loss 1.7638 | Avg Epoch Time 3.17s
Epoch 00183 | Loss 1.7544 | Avg Epoch Time 3.17s
Epoch 00184 | Loss 1.7445 | Avg Epoch Time 3.17s
Epoch 00185 | Loss 1.7625 | Avg Epoch Time 3.17s
Epoch 00185 | Valid acc: 52.21% | Test acc: 48.66%
Epoch 00186 | Loss 1.7322 | Avg Epoch Time 3.17s
Epoch 00187 | Loss 1.7680 | Avg Epoch Time 3.17s
Epoch 00188 | Loss 1.7462 | Avg Epoch Time 3.17s
Epoch 00189 | Loss 1.7297 | Avg Epoch Time 3.17s
Epoch 00190 | Loss 1.7458 | Avg Epoch Time 3.17s
Epoch 00190 | Valid acc: 51.93% | Test acc: 47.53%
Epoch 00191 | Loss 1.7380 | Avg Epoch Time 3.17s
Epoch 00192 | Loss 1.7289 | Avg Epoch Time 3.17s
Epoch 00193 | Loss 1.7303 | Avg Epoch Time 3.17s
Epoch 00194 | Loss 1.7112 | Avg Epoch Time 3.17s
Epoch 00195 | Loss 1.7339 | Avg Epoch Time 3.17s
Epoch 00195 | Valid acc: 52.05% | Test acc: 47.91%
Epoch 00196 | Loss 1.7076 | Avg Epoch Time 3.17s
Epoch 00197 | Loss 1.7123 | Avg Epoch Time 3.17s
Epoch 00198 | Loss 1.7228 | Avg Epoch Time 3.17s
Epoch 00199 | Loss 1.7067 | Avg Epoch Time 3.17s
Epoch 00200 | Loss 1.7090 | Avg Epoch Time 3.17s
Epoch 00200 | Valid acc: 52.16% | Test acc: 48.01%
Epoch 00201 | Loss 1.7059 | Avg Epoch Time 3.17s
Epoch 00202 | Loss 1.7013 | Avg Epoch Time 3.17s
Epoch 00203 | Loss 1.6846 | Avg Epoch Time 3.17s
Epoch 00204 | Loss 1.7089 | Avg Epoch Time 3.17s
Epoch 00205 | Loss 1.6742 | Avg Epoch Time 3.17s
Epoch 00205 | Valid acc: 52.38% | Test acc: 48.20%
Epoch 00206 | Loss 1.6909 | Avg Epoch Time 3.17s
Epoch 00207 | Loss 1.6741 | Avg Epoch Time 3.17s
Epoch 00208 | Loss 1.6930 | Avg Epoch Time 3.17s
Epoch 00209 | Loss 1.6755 | Avg Epoch Time 3.17s
Epoch 00210 | Loss 1.6786 | Avg Epoch Time 3.17s
Epoch 00210 | Valid acc: 53.13% | Test acc: 49.09%
Epoch 00211 | Loss 1.6742 | Avg Epoch Time 3.17s
Epoch 00212 | Loss 1.6957 | Avg Epoch Time 3.17s
Epoch 00213 | Loss 1.6599 | Avg Epoch Time 3.17s
Epoch 00214 | Loss 1.6784 | Avg Epoch Time 3.17s
Epoch 00215 | Loss 1.6795 | Avg Epoch Time 3.17s
Epoch 00215 | Valid acc: 53.55% | Test acc: 50.27%
Epoch 00216 | Loss 1.6569 | Avg Epoch Time 3.17s
Epoch 00217 | Loss 1.6570 | Avg Epoch Time 3.17s
Epoch 00218 | Loss 1.6528 | Avg Epoch Time 3.17s
Epoch 00219 | Loss 1.6615 | Avg Epoch Time 3.17s
Epoch 00220 | Loss 1.6442 | Avg Epoch Time 3.17s
Epoch 00220 | Valid acc: 53.01% | Test acc: 49.10%
Epoch 00221 | Loss 1.6512 | Avg Epoch Time 3.17s
Epoch 00222 | Loss 1.6463 | Avg Epoch Time 3.17s
Epoch 00223 | Loss 1.6490 | Avg Epoch Time 3.17s
Epoch 00224 | Loss 1.6263 | Avg Epoch Time 3.17s
Epoch 00225 | Loss 1.6402 | Avg Epoch Time 3.17s
Epoch 00225 | Valid acc: 54.48% | Test acc: 51.47%
Epoch 00226 | Loss 1.6338 | Avg Epoch Time 3.17s
Epoch 00227 | Loss 1.6224 | Avg Epoch Time 3.17s
Epoch 00228 | Loss 1.6232 | Avg Epoch Time 3.17s
Epoch 00229 | Loss 1.6211 | Avg Epoch Time 3.17s
Epoch 00230 | Loss 1.6277 | Avg Epoch Time 3.17s
Epoch 00230 | Valid acc: 54.54% | Test acc: 51.36%
Epoch 00231 | Loss 1.6135 | Avg Epoch Time 3.17s
Epoch 00232 | Loss 1.6098 | Avg Epoch Time 3.17s
Epoch 00233 | Loss 1.6179 | Avg Epoch Time 3.17s
Epoch 00234 | Loss 1.6069 | Avg Epoch Time 3.17s
Epoch 00235 | Loss 1.6108 | Avg Epoch Time 3.17s
Epoch 00235 | Valid acc: 54.96% | Test acc: 51.76%
Epoch 00236 | Loss 1.6084 | Avg Epoch Time 3.17s
Epoch 00237 | Loss 1.6057 | Avg Epoch Time 3.17s
Epoch 00238 | Loss 1.5962 | Avg Epoch Time 3.17s
Epoch 00239 | Loss 1.5995 | Avg Epoch Time 3.17s
Epoch 00240 | Loss 1.6053 | Avg Epoch Time 3.17s
Epoch 00240 | Valid acc: 54.18% | Test acc: 49.81%
Epoch 00241 | Loss 1.5853 | Avg Epoch Time 3.17s
Epoch 00242 | Loss 1.6024 | Avg Epoch Time 3.17s
Epoch 00243 | Loss 1.5861 | Avg Epoch Time 3.17s
Epoch 00244 | Loss 1.5846 | Avg Epoch Time 3.18s
Epoch 00245 | Loss 1.5880 | Avg Epoch Time 3.18s
Epoch 00245 | Valid acc: 55.05% | Test acc: 50.92%
Epoch 00246 | Loss 1.5822 | Avg Epoch Time 3.18s
Epoch 00247 | Loss 1.5896 | Avg Epoch Time 3.18s
Epoch 00248 | Loss 1.5754 | Avg Epoch Time 3.18s
Epoch 00249 | Loss 1.5698 | Avg Epoch Time 3.18s
Epoch 00250 | Loss 1.5855 | Avg Epoch Time 3.18s
Epoch 00250 | Valid acc: 54.55% | Test acc: 50.23%
Epoch 00251 | Loss 1.5657 | Avg Epoch Time 3.18s
Epoch 00252 | Loss 1.5776 | Avg Epoch Time 3.18s
Epoch 00253 | Loss 1.5724 | Avg Epoch Time 3.18s
Epoch 00254 | Loss 1.5746 | Avg Epoch Time 3.18s
Epoch 00255 | Loss 1.5642 | Avg Epoch Time 3.18s
Epoch 00255 | Valid acc: 54.71% | Test acc: 50.65%
Epoch 00256 | Loss 1.5634 | Avg Epoch Time 3.18s
Epoch 00257 | Loss 1.5655 | Avg Epoch Time 3.18s
Epoch 00258 | Loss 1.5615 | Avg Epoch Time 3.18s
Epoch 00259 | Loss 1.5545 | Avg Epoch Time 3.18s
Epoch 00260 | Loss 1.5549 | Avg Epoch Time 3.18s
Epoch 00260 | Valid acc: 54.88% | Test acc: 50.86%
Epoch 00261 | Loss 1.5585 | Avg Epoch Time 3.18s
Epoch 00262 | Loss 1.5545 | Avg Epoch Time 3.18s
Epoch 00263 | Loss 1.5573 | Avg Epoch Time 3.18s
Epoch 00264 | Loss 1.5483 | Avg Epoch Time 3.18s
Epoch 00265 | Loss 1.5515 | Avg Epoch Time 3.18s
Epoch 00265 | Valid acc: 54.54% | Test acc: 50.18%
Epoch 00266 | Loss 1.5469 | Avg Epoch Time 3.18s
Epoch 00267 | Loss 1.5444 | Avg Epoch Time 3.18s
Epoch 00268 | Loss 1.5478 | Avg Epoch Time 3.18s
Epoch 00269 | Loss 1.5339 | Avg Epoch Time 3.18s
Epoch 00270 | Loss 1.5487 | Avg Epoch Time 3.18s
Epoch 00270 | Valid acc: 55.39% | Test acc: 51.39%
Epoch 00271 | Loss 1.5335 | Avg Epoch Time 3.18s
Epoch 00272 | Loss 1.5342 | Avg Epoch Time 3.18s
Epoch 00273 | Loss 1.5400 | Avg Epoch Time 3.18s
Epoch 00274 | Loss 1.5307 | Avg Epoch Time 3.18s
Epoch 00275 | Loss 1.5303 | Avg Epoch Time 3.18s
Epoch 00275 | Valid acc: 54.95% | Test acc: 50.27%
Epoch 00276 | Loss 1.5297 | Avg Epoch Time 3.18s
Epoch 00277 | Loss 1.5276 | Avg Epoch Time 3.18s
Epoch 00278 | Loss 1.5288 | Avg Epoch Time 3.18s
Epoch 00279 | Loss 1.5237 | Avg Epoch Time 3.18s
Epoch 00280 | Loss 1.5166 | Avg Epoch Time 3.18s
Epoch 00280 | Valid acc: 55.92% | Test acc: 52.36%
Epoch 00281 | Loss 1.5272 | Avg Epoch Time 3.18s
Epoch 00282 | Loss 1.5162 | Avg Epoch Time 3.18s
Epoch 00283 | Loss 1.5157 | Avg Epoch Time 3.18s
Epoch 00284 | Loss 1.5295 | Avg Epoch Time 3.18s
Epoch 00285 | Loss 1.5098 | Avg Epoch Time 3.18s
Epoch 00285 | Valid acc: 56.25% | Test acc: 52.34%
Epoch 00286 | Loss 1.5201 | Avg Epoch Time 3.18s
Epoch 00287 | Loss 1.5189 | Avg Epoch Time 3.18s
Epoch 00288 | Loss 1.5149 | Avg Epoch Time 3.18s
Epoch 00289 | Loss 1.5144 | Avg Epoch Time 3.18s
Epoch 00290 | Loss 1.5227 | Avg Epoch Time 3.18s
Epoch 00290 | Valid acc: 55.61% | Test acc: 52.00%
Epoch 00291 | Loss 1.5090 | Avg Epoch Time 3.18s
Epoch 00292 | Loss 1.5057 | Avg Epoch Time 3.18s
Epoch 00293 | Loss 1.5089 | Avg Epoch Time 3.18s
Epoch 00294 | Loss 1.5100 | Avg Epoch Time 3.18s
Epoch 00295 | Loss 1.5049 | Avg Epoch Time 3.18s
Epoch 00295 | Valid acc: 55.86% | Test acc: 51.51%
Epoch 00296 | Loss 1.4942 | Avg Epoch Time 3.18s
Epoch 00297 | Loss 1.5248 | Avg Epoch Time 3.18s
Epoch 00298 | Loss 1.4917 | Avg Epoch Time 3.18s
Epoch 00299 | Loss 1.5190 | Avg Epoch Time 3.18s
Epoch 00300 | Loss 1.4979 | Avg Epoch Time 3.18s
Epoch 00300 | Valid acc: 55.75% | Test acc: 51.99%
Epoch 00301 | Loss 1.5147 | Avg Epoch Time 3.18s
Epoch 00302 | Loss 1.4964 | Avg Epoch Time 3.18s
Epoch 00303 | Loss 1.5002 | Avg Epoch Time 3.18s
Epoch 00304 | Loss 1.5027 | Avg Epoch Time 3.18s
Epoch 00305 | Loss 1.5007 | Avg Epoch Time 3.18s
Epoch 00305 | Valid acc: 55.46% | Test acc: 50.94%
Epoch 00306 | Loss 1.5061 | Avg Epoch Time 3.18s
Epoch 00307 | Loss 1.5014 | Avg Epoch Time 3.18s
Epoch 00308 | Loss 1.5017 | Avg Epoch Time 3.18s
Epoch 00309 | Loss 1.4953 | Avg Epoch Time 3.18s
Epoch 00310 | Loss 1.4842 | Avg Epoch Time 3.18s
Epoch 00310 | Valid acc: 55.26% | Test acc: 50.58%
Epoch 00311 | Loss 1.4965 | Avg Epoch Time 3.18s
Epoch 00312 | Loss 1.4918 | Avg Epoch Time 3.18s
Epoch 00313 | Loss 1.4855 | Avg Epoch Time 3.18s
Epoch 00314 | Loss 1.4864 | Avg Epoch Time 3.18s
Epoch 00315 | Loss 1.4819 | Avg Epoch Time 3.18s
Epoch 00315 | Valid acc: 56.47% | Test acc: 52.26%
Epoch 00316 | Loss 1.4751 | Avg Epoch Time 3.17s
Epoch 00317 | Loss 1.4751 | Avg Epoch Time 3.17s
Epoch 00318 | Loss 1.4831 | Avg Epoch Time 3.17s
Epoch 00319 | Loss 1.4771 | Avg Epoch Time 3.17s
Epoch 00320 | Loss 1.4726 | Avg Epoch Time 3.17s
Epoch 00320 | Valid acc: 55.93% | Test acc: 51.97%
Epoch 00321 | Loss 1.4779 | Avg Epoch Time 3.17s
Epoch 00322 | Loss 1.4756 | Avg Epoch Time 3.17s
Epoch 00323 | Loss 1.4684 | Avg Epoch Time 3.17s
Epoch 00324 | Loss 1.4648 | Avg Epoch Time 3.17s
Epoch 00325 | Loss 1.4714 | Avg Epoch Time 3.17s
Epoch 00325 | Valid acc: 55.49% | Test acc: 50.91%
Epoch 00326 | Loss 1.4701 | Avg Epoch Time 3.17s
Epoch 00327 | Loss 1.4629 | Avg Epoch Time 3.17s
Epoch 00328 | Loss 1.4711 | Avg Epoch Time 3.17s
Epoch 00329 | Loss 1.4593 | Avg Epoch Time 3.17s
Epoch 00330 | Loss 1.4685 | Avg Epoch Time 3.17s
Epoch 00330 | Valid acc: 55.63% | Test acc: 50.54%
Epoch 00331 | Loss 1.4618 | Avg Epoch Time 3.17s
Epoch 00332 | Loss 1.4614 | Avg Epoch Time 3.17s
Epoch 00333 | Loss 1.4607 | Avg Epoch Time 3.17s
Epoch 00334 | Loss 1.4518 | Avg Epoch Time 3.17s
Epoch 00335 | Loss 1.4695 | Avg Epoch Time 3.17s
Epoch 00335 | Valid acc: 56.21% | Test acc: 51.72%
Epoch 00336 | Loss 1.4485 | Avg Epoch Time 3.17s
Epoch 00337 | Loss 1.4601 | Avg Epoch Time 3.17s
Epoch 00338 | Loss 1.4480 | Avg Epoch Time 3.17s
Epoch 00339 | Loss 1.4657 | Avg Epoch Time 3.17s
Epoch 00340 | Loss 1.4490 | Avg Epoch Time 3.17s
Epoch 00340 | Valid acc: 56.55% | Test acc: 51.99%
Epoch 00341 | Loss 1.4618 | Avg Epoch Time 3.17s
Epoch 00342 | Loss 1.4493 | Avg Epoch Time 3.17s
Epoch 00343 | Loss 1.4521 | Avg Epoch Time 3.17s
Epoch 00344 | Loss 1.4446 | Avg Epoch Time 3.17s
Epoch 00345 | Loss 1.4504 | Avg Epoch Time 3.17s
Epoch 00345 | Valid acc: 56.67% | Test acc: 52.51%
Epoch 00346 | Loss 1.4433 | Avg Epoch Time 3.17s
Epoch 00347 | Loss 1.4591 | Avg Epoch Time 3.17s
Epoch 00348 | Loss 1.4514 | Avg Epoch Time 3.17s
Epoch 00349 | Loss 1.4463 | Avg Epoch Time 3.17s
Epoch 00350 | Loss 1.4414 | Avg Epoch Time 3.17s
Epoch 00350 | Valid acc: 56.29% | Test acc: 51.58%
Epoch 00351 | Loss 1.4486 | Avg Epoch Time 3.17s
Epoch 00352 | Loss 1.4515 | Avg Epoch Time 3.17s
Epoch 00353 | Loss 1.4404 | Avg Epoch Time 3.17s
Epoch 00354 | Loss 1.4506 | Avg Epoch Time 3.17s
Epoch 00355 | Loss 1.4352 | Avg Epoch Time 3.17s
Epoch 00355 | Valid acc: 56.21% | Test acc: 51.40%
Epoch 00356 | Loss 1.4405 | Avg Epoch Time 3.17s
Epoch 00357 | Loss 1.4401 | Avg Epoch Time 3.17s
Epoch 00358 | Loss 1.4388 | Avg Epoch Time 3.17s
Epoch 00359 | Loss 1.4468 | Avg Epoch Time 3.17s
Epoch 00360 | Loss 1.4316 | Avg Epoch Time 3.17s
Epoch 00360 | Valid acc: 57.38% | Test acc: 53.28%
Epoch 00361 | Loss 1.4400 | Avg Epoch Time 3.17s
Epoch 00362 | Loss 1.4360 | Avg Epoch Time 3.17s
Epoch 00363 | Loss 1.4302 | Avg Epoch Time 3.17s
Epoch 00364 | Loss 1.4373 | Avg Epoch Time 3.17s
Epoch 00365 | Loss 1.4213 | Avg Epoch Time 3.17s
Epoch 00365 | Valid acc: 57.16% | Test acc: 53.01%
Epoch 00366 | Loss 1.4359 | Avg Epoch Time 3.17s
Epoch 00367 | Loss 1.4196 | Avg Epoch Time 3.17s
Epoch 00368 | Loss 1.4356 | Avg Epoch Time 3.17s
Epoch 00369 | Loss 1.4242 | Avg Epoch Time 3.17s
Epoch 00370 | Loss 1.4296 | Avg Epoch Time 3.17s
Epoch 00370 | Valid acc: 56.32% | Test acc: 51.38%
Epoch 00371 | Loss 1.4257 | Avg Epoch Time 3.17s
Epoch 00372 | Loss 1.4181 | Avg Epoch Time 3.17s
Epoch 00373 | Loss 1.4189 | Avg Epoch Time 3.17s
Epoch 00374 | Loss 1.4152 | Avg Epoch Time 3.17s
Epoch 00375 | Loss 1.4170 | Avg Epoch Time 3.17s
Epoch 00375 | Valid acc: 57.14% | Test acc: 52.58%
Epoch 00376 | Loss 1.4094 | Avg Epoch Time 3.17s
Epoch 00377 | Loss 1.4197 | Avg Epoch Time 3.17s
Epoch 00378 | Loss 1.4140 | Avg Epoch Time 3.17s
Epoch 00379 | Loss 1.4148 | Avg Epoch Time 3.17s
Epoch 00380 | Loss 1.4084 | Avg Epoch Time 3.17s
Epoch 00380 | Valid acc: 57.30% | Test acc: 53.30%
Epoch 00381 | Loss 1.4146 | Avg Epoch Time 3.17s
Epoch 00382 | Loss 1.4159 | Avg Epoch Time 3.17s
Epoch 00383 | Loss 1.4145 | Avg Epoch Time 3.18s
Epoch 00384 | Loss 1.4151 | Avg Epoch Time 3.18s
Epoch 00385 | Loss 1.4057 | Avg Epoch Time 3.18s
Epoch 00385 | Valid acc: 56.75% | Test acc: 51.99%
Epoch 00386 | Loss 1.4213 | Avg Epoch Time 3.18s
Epoch 00387 | Loss 1.4012 | Avg Epoch Time 3.18s
Epoch 00388 | Loss 1.4143 | Avg Epoch Time 3.18s
Epoch 00389 | Loss 1.4062 | Avg Epoch Time 3.18s
Epoch 00390 | Loss 1.4030 | Avg Epoch Time 3.18s
Epoch 00390 | Valid acc: 57.37% | Test acc: 53.19%
Epoch 00391 | Loss 1.3946 | Avg Epoch Time 3.18s
Epoch 00392 | Loss 1.4087 | Avg Epoch Time 3.18s
Epoch 00393 | Loss 1.4012 | Avg Epoch Time 3.18s
Epoch 00394 | Loss 1.4032 | Avg Epoch Time 3.18s
Epoch 00395 | Loss 1.4119 | Avg Epoch Time 3.18s
Epoch 00395 | Valid acc: 56.16% | Test acc: 50.49%
Epoch 00396 | Loss 1.4090 | Avg Epoch Time 3.18s
Epoch 00397 | Loss 1.3980 | Avg Epoch Time 3.18s
Epoch 00398 | Loss 1.3935 | Avg Epoch Time 3.18s
Epoch 00399 | Loss 1.3982 | Avg Epoch Time 3.18s
Epoch 00400 | Loss 1.3964 | Avg Epoch Time 3.18s
Epoch 00400 | Valid acc: 57.18% | Test acc: 52.58%
Epoch 00401 | Loss 1.3915 | Avg Epoch Time 3.18s
Epoch 00402 | Loss 1.3980 | Avg Epoch Time 3.18s
Epoch 00403 | Loss 1.4037 | Avg Epoch Time 3.18s
Epoch 00404 | Loss 1.3843 | Avg Epoch Time 3.18s
Epoch 00405 | Loss 1.4103 | Avg Epoch Time 3.18s
Epoch 00405 | Valid acc: 57.45% | Test acc: 52.98%
Epoch 00406 | Loss 1.3962 | Avg Epoch Time 3.18s
Epoch 00407 | Loss 1.3976 | Avg Epoch Time 3.18s
Epoch 00408 | Loss 1.4029 | Avg Epoch Time 3.18s
Epoch 00409 | Loss 1.3861 | Avg Epoch Time 3.18s
Epoch 00410 | Loss 1.3937 | Avg Epoch Time 3.18s
Epoch 00410 | Valid acc: 56.72% | Test acc: 51.26%
Epoch 00411 | Loss 1.3849 | Avg Epoch Time 3.18s
Epoch 00412 | Loss 1.3895 | Avg Epoch Time 3.18s
Epoch 00413 | Loss 1.3869 | Avg Epoch Time 3.18s
Epoch 00414 | Loss 1.3865 | Avg Epoch Time 3.18s
Epoch 00415 | Loss 1.3929 | Avg Epoch Time 3.18s
Epoch 00415 | Valid acc: 57.34% | Test acc: 52.77%
Epoch 00416 | Loss 1.3758 | Avg Epoch Time 3.18s
Epoch 00417 | Loss 1.3821 | Avg Epoch Time 3.18s
Epoch 00418 | Loss 1.3772 | Avg Epoch Time 3.18s
Epoch 00419 | Loss 1.3846 | Avg Epoch Time 3.18s
Epoch 00420 | Loss 1.3854 | Avg Epoch Time 3.18s
Epoch 00420 | Valid acc: 57.87% | Test acc: 53.88%
Epoch 00421 | Loss 1.3718 | Avg Epoch Time 3.18s
Epoch 00422 | Loss 1.3817 | Avg Epoch Time 3.18s
Epoch 00423 | Loss 1.3840 | Avg Epoch Time 3.18s
Epoch 00424 | Loss 1.3840 | Avg Epoch Time 3.18s
Epoch 00425 | Loss 1.3734 | Avg Epoch Time 3.18s
Epoch 00425 | Valid acc: 57.82% | Test acc: 53.45%
Epoch 00426 | Loss 1.3630 | Avg Epoch Time 3.18s
Epoch 00427 | Loss 1.3888 | Avg Epoch Time 3.18s
Epoch 00428 | Loss 1.3711 | Avg Epoch Time 3.18s
Epoch 00429 | Loss 1.3897 | Avg Epoch Time 3.18s
Epoch 00430 | Loss 1.3784 | Avg Epoch Time 3.18s
Epoch 00430 | Valid acc: 57.56% | Test acc: 53.37%
Epoch 00431 | Loss 1.3930 | Avg Epoch Time 3.18s
Epoch 00432 | Loss 1.3721 | Avg Epoch Time 3.18s
Epoch 00433 | Loss 1.3834 | Avg Epoch Time 3.18s
Epoch 00434 | Loss 1.3768 | Avg Epoch Time 3.18s
Epoch 00435 | Loss 1.3666 | Avg Epoch Time 3.18s
Epoch 00435 | Valid acc: 57.07% | Test acc: 51.96%
Epoch 00436 | Loss 1.3813 | Avg Epoch Time 3.18s
Epoch 00437 | Loss 1.3711 | Avg Epoch Time 3.18s
Epoch 00438 | Loss 1.3788 | Avg Epoch Time 3.18s
Epoch 00439 | Loss 1.3720 | Avg Epoch Time 3.18s
Epoch 00440 | Loss 1.3697 | Avg Epoch Time 3.18s
Epoch 00440 | Valid acc: 57.98% | Test acc: 53.37%
Epoch 00441 | Loss 1.3639 | Avg Epoch Time 3.18s
Epoch 00442 | Loss 1.3799 | Avg Epoch Time 3.18s
Epoch 00443 | Loss 1.3669 | Avg Epoch Time 3.18s
Epoch 00444 | Loss 1.3653 | Avg Epoch Time 3.18s
Epoch 00445 | Loss 1.3757 | Avg Epoch Time 3.18s
Epoch 00445 | Valid acc: 57.62% | Test acc: 53.43%
Epoch 00446 | Loss 1.3552 | Avg Epoch Time 3.18s
Epoch 00447 | Loss 1.3810 | Avg Epoch Time 3.18s
Epoch 00448 | Loss 1.3614 | Avg Epoch Time 3.18s
Epoch 00449 | Loss 1.3751 | Avg Epoch Time 3.18s
Epoch 00450 | Loss 1.3579 | Avg Epoch Time 3.18s
Epoch 00450 | Valid acc: 57.79% | Test acc: 53.21%
Epoch 00451 | Loss 1.3671 | Avg Epoch Time 3.18s
Epoch 00452 | Loss 1.3564 | Avg Epoch Time 3.18s
Epoch 00453 | Loss 1.3490 | Avg Epoch Time 3.18s
Epoch 00454 | Loss 1.3678 | Avg Epoch Time 3.18s
Epoch 00455 | Loss 1.3621 | Avg Epoch Time 3.18s
Epoch 00455 | Valid acc: 56.68% | Test acc: 52.34%
Epoch 00456 | Loss 1.3754 | Avg Epoch Time 3.18s
Epoch 00457 | Loss 1.3542 | Avg Epoch Time 3.18s
Epoch 00458 | Loss 1.3704 | Avg Epoch Time 3.18s
Epoch 00459 | Loss 1.3555 | Avg Epoch Time 3.18s
Epoch 00460 | Loss 1.3592 | Avg Epoch Time 3.18s
Epoch 00460 | Valid acc: 57.65% | Test acc: 52.98%
Epoch 00461 | Loss 1.3470 | Avg Epoch Time 3.18s
Epoch 00462 | Loss 1.3634 | Avg Epoch Time 3.18s
Epoch 00463 | Loss 1.3527 | Avg Epoch Time 3.18s
Epoch 00464 | Loss 1.3588 | Avg Epoch Time 3.18s
Epoch 00465 | Loss 1.3504 | Avg Epoch Time 3.18s
Epoch 00465 | Valid acc: 58.49% | Test acc: 53.99%
Epoch 00466 | Loss 1.3508 | Avg Epoch Time 3.18s
Epoch 00467 | Loss 1.3453 | Avg Epoch Time 3.18s
Epoch 00468 | Loss 1.3491 | Avg Epoch Time 3.18s
Epoch 00469 | Loss 1.3512 | Avg Epoch Time 3.18s
Epoch 00470 | Loss 1.3455 | Avg Epoch Time 3.18s
Epoch 00470 | Valid acc: 57.06% | Test acc: 51.49%
Epoch 00471 | Loss 1.3508 | Avg Epoch Time 3.18s
Epoch 00472 | Loss 1.3391 | Avg Epoch Time 3.18s
Epoch 00473 | Loss 1.3487 | Avg Epoch Time 3.18s
Epoch 00474 | Loss 1.3432 | Avg Epoch Time 3.18s
Epoch 00475 | Loss 1.3425 | Avg Epoch Time 3.18s
Epoch 00475 | Valid acc: 57.48% | Test acc: 52.76%
Epoch 00476 | Loss 1.3467 | Avg Epoch Time 3.18s
Epoch 00477 | Loss 1.3413 | Avg Epoch Time 3.18s
Epoch 00478 | Loss 1.3462 | Avg Epoch Time 3.18s
Epoch 00479 | Loss 1.3384 | Avg Epoch Time 3.18s
Epoch 00480 | Loss 1.3256 | Avg Epoch Time 3.18s
Epoch 00480 | Valid acc: 57.63% | Test acc: 52.43%
Epoch 00481 | Loss 1.3341 | Avg Epoch Time 3.18s
Epoch 00482 | Loss 1.3330 | Avg Epoch Time 3.18s
Epoch 00483 | Loss 1.3342 | Avg Epoch Time 3.18s
Epoch 00484 | Loss 1.3497 | Avg Epoch Time 3.18s
Epoch 00485 | Loss 1.3277 | Avg Epoch Time 3.18s
Epoch 00485 | Valid acc: 58.10% | Test acc: 53.47%
Epoch 00486 | Loss 1.3492 | Avg Epoch Time 3.18s
Epoch 00487 | Loss 1.3418 | Avg Epoch Time 3.18s
Epoch 00488 | Loss 1.3413 | Avg Epoch Time 3.18s
Epoch 00489 | Loss 1.3371 | Avg Epoch Time 3.18s
Epoch 00490 | Loss 1.3299 | Avg Epoch Time 3.18s
Epoch 00490 | Valid acc: 58.13% | Test acc: 53.67%
Epoch 00491 | Loss 1.3302 | Avg Epoch Time 3.18s
Epoch 00492 | Loss 1.3337 | Avg Epoch Time 3.18s
Epoch 00493 | Loss 1.3267 | Avg Epoch Time 3.18s
Epoch 00494 | Loss 1.3426 | Avg Epoch Time 3.18s
Epoch 00495 | Loss 1.3231 | Avg Epoch Time 3.18s
Epoch 00495 | Valid acc: 57.50% | Test acc: 52.53%
Epoch 00496 | Loss 1.3453 | Avg Epoch Time 3.18s
Epoch 00497 | Loss 1.3245 | Avg Epoch Time 3.18s
Epoch 00498 | Loss 1.3292 | Avg Epoch Time 3.18s
Epoch 00499 | Loss 1.3365 | Avg Epoch Time 3.18s
Epoch 00500 | Loss 1.3220 | Avg Epoch Time 3.18s
Epoch 00500 | Valid acc: 57.51% | Test acc: 52.84%
Epoch 00501 | Loss 1.3415 | Avg Epoch Time 3.18s
Epoch 00502 | Loss 1.3353 | Avg Epoch Time 3.18s
Epoch 00503 | Loss 1.3308 | Avg Epoch Time 3.18s
Epoch 00504 | Loss 1.3288 | Avg Epoch Time 3.18s
Epoch 00505 | Loss 1.3389 | Avg Epoch Time 3.18s
Epoch 00505 | Valid acc: 58.17% | Test acc: 53.79%
Epoch 00506 | Loss 1.3222 | Avg Epoch Time 3.18s
Epoch 00507 | Loss 1.3162 | Avg Epoch Time 3.18s
Epoch 00508 | Loss 1.3210 | Avg Epoch Time 3.18s
Epoch 00509 | Loss 1.3280 | Avg Epoch Time 3.18s
Epoch 00510 | Loss 1.3185 | Avg Epoch Time 3.18s
Epoch 00510 | Valid acc: 58.50% | Test acc: 53.95%
Epoch 00511 | Loss 1.3121 | Avg Epoch Time 3.18s
Epoch 00512 | Loss 1.3173 | Avg Epoch Time 3.18s
Epoch 00513 | Loss 1.3063 | Avg Epoch Time 3.18s
Epoch 00514 | Loss 1.3072 | Avg Epoch Time 3.18s
Epoch 00515 | Loss 1.3196 | Avg Epoch Time 3.18s
Epoch 00515 | Valid acc: 57.56% | Test acc: 52.90%
Epoch 00516 | Loss 1.3176 | Avg Epoch Time 3.18s
Epoch 00517 | Loss 1.3142 | Avg Epoch Time 3.18s
Epoch 00518 | Loss 1.3072 | Avg Epoch Time 3.18s
Epoch 00519 | Loss 1.3228 | Avg Epoch Time 3.18s
Epoch 00520 | Loss 1.3065 | Avg Epoch Time 3.18s
Epoch 00520 | Valid acc: 58.58% | Test acc: 54.16%
Epoch 00521 | Loss 1.3136 | Avg Epoch Time 3.18s
Epoch 00522 | Loss 1.3150 | Avg Epoch Time 3.18s
Epoch 00523 | Loss 1.3051 | Avg Epoch Time 3.18s
Epoch 00524 | Loss 1.3121 | Avg Epoch Time 3.18s
Epoch 00525 | Loss 1.2968 | Avg Epoch Time 3.18s
Epoch 00525 | Valid acc: 57.27% | Test acc: 51.80%
Epoch 00526 | Loss 1.3104 | Avg Epoch Time 3.18s
Epoch 00527 | Loss 1.3008 | Avg Epoch Time 3.18s
Epoch 00528 | Loss 1.3096 | Avg Epoch Time 3.18s
Epoch 00529 | Loss 1.3074 | Avg Epoch Time 3.18s
Epoch 00530 | Loss 1.3108 | Avg Epoch Time 3.18s
Epoch 00530 | Valid acc: 57.88% | Test acc: 52.88%
Epoch 00531 | Loss 1.3042 | Avg Epoch Time 3.18s
Epoch 00532 | Loss 1.3026 | Avg Epoch Time 3.18s
Epoch 00533 | Loss 1.3106 | Avg Epoch Time 3.18s
Epoch 00534 | Loss 1.3059 | Avg Epoch Time 3.18s
Epoch 00535 | Loss 1.3092 | Avg Epoch Time 3.18s
Epoch 00535 | Valid acc: 58.84% | Test acc: 53.83%
Epoch 00536 | Loss 1.2905 | Avg Epoch Time 3.18s
Epoch 00537 | Loss 1.3088 | Avg Epoch Time 3.18s
Epoch 00538 | Loss 1.2931 | Avg Epoch Time 3.18s
Epoch 00539 | Loss 1.2971 | Avg Epoch Time 3.18s
Epoch 00540 | Loss 1.2970 | Avg Epoch Time 3.18s
Epoch 00540 | Valid acc: 57.62% | Test acc: 52.50%
Epoch 00541 | Loss 1.3049 | Avg Epoch Time 3.18s
Epoch 00542 | Loss 1.2896 | Avg Epoch Time 3.18s
Epoch 00543 | Loss 1.2960 | Avg Epoch Time 3.18s
Epoch 00544 | Loss 1.2946 | Avg Epoch Time 3.18s
Epoch 00545 | Loss 1.2934 | Avg Epoch Time 3.18s
Epoch 00545 | Valid acc: 58.83% | Test acc: 54.47%
Epoch 00546 | Loss 1.2892 | Avg Epoch Time 3.18s
Epoch 00547 | Loss 1.3034 | Avg Epoch Time 3.18s
Epoch 00548 | Loss 1.2937 | Avg Epoch Time 3.18s
Epoch 00549 | Loss 1.2937 | Avg Epoch Time 3.18s
Epoch 00550 | Loss 1.2862 | Avg Epoch Time 3.18s
Epoch 00550 | Valid acc: 58.30% | Test acc: 53.28%
Epoch 00551 | Loss 1.2961 | Avg Epoch Time 3.18s
Epoch 00552 | Loss 1.2937 | Avg Epoch Time 3.18s
Epoch 00553 | Loss 1.2924 | Avg Epoch Time 3.18s
Epoch 00554 | Loss 1.2927 | Avg Epoch Time 3.18s
Epoch 00555 | Loss 1.2791 | Avg Epoch Time 3.18s
Epoch 00555 | Valid acc: 58.42% | Test acc: 53.67%
Epoch 00556 | Loss 1.2904 | Avg Epoch Time 3.18s
Epoch 00557 | Loss 1.2816 | Avg Epoch Time 3.18s
Epoch 00558 | Loss 1.2936 | Avg Epoch Time 3.18s
Epoch 00559 | Loss 1.2833 | Avg Epoch Time 3.18s
Epoch 00560 | Loss 1.2891 | Avg Epoch Time 3.18s
Epoch 00560 | Valid acc: 58.06% | Test acc: 53.37%
Epoch 00561 | Loss 1.2899 | Avg Epoch Time 3.18s
Epoch 00562 | Loss 1.2829 | Avg Epoch Time 3.18s
Epoch 00563 | Loss 1.2939 | Avg Epoch Time 3.18s
Epoch 00564 | Loss 1.2842 | Avg Epoch Time 3.18s
Epoch 00565 | Loss 1.2836 | Avg Epoch Time 3.18s
Epoch 00565 | Valid acc: 57.65% | Test acc: 52.52%
Epoch 00566 | Loss 1.2868 | Avg Epoch Time 3.18s
Epoch 00567 | Loss 1.2881 | Avg Epoch Time 3.18s
Epoch 00568 | Loss 1.2907 | Avg Epoch Time 3.18s
Epoch 00569 | Loss 1.2854 | Avg Epoch Time 3.18s
Epoch 00570 | Loss 1.2757 | Avg Epoch Time 3.18s
Epoch 00570 | Valid acc: 58.67% | Test acc: 54.16%
Epoch 00571 | Loss 1.2790 | Avg Epoch Time 3.18s
Epoch 00572 | Loss 1.2791 | Avg Epoch Time 3.18s
Epoch 00573 | Loss 1.2778 | Avg Epoch Time 3.18s
Epoch 00574 | Loss 1.2677 | Avg Epoch Time 3.18s
Epoch 00575 | Loss 1.2788 | Avg Epoch Time 3.18s
Epoch 00575 | Valid acc: 58.05% | Test acc: 52.93%
Epoch 00576 | Loss 1.2747 | Avg Epoch Time 3.18s
Epoch 00577 | Loss 1.2742 | Avg Epoch Time 3.18s
Epoch 00578 | Loss 1.2661 | Avg Epoch Time 3.18s
Epoch 00579 | Loss 1.2729 | Avg Epoch Time 3.18s
Epoch 00580 | Loss 1.2846 | Avg Epoch Time 3.18s
Epoch 00580 | Valid acc: 58.54% | Test acc: 53.79%
Epoch 00581 | Loss 1.2657 | Avg Epoch Time 3.18s
Epoch 00582 | Loss 1.2775 | Avg Epoch Time 3.18s
Epoch 00583 | Loss 1.2691 | Avg Epoch Time 3.18s
Epoch 00584 | Loss 1.2698 | Avg Epoch Time 3.18s
Epoch 00585 | Loss 1.2732 | Avg Epoch Time 3.18s
Epoch 00585 | Valid acc: 57.91% | Test acc: 52.42%
Epoch 00586 | Loss 1.2699 | Avg Epoch Time 3.18s
Epoch 00587 | Loss 1.2715 | Avg Epoch Time 3.18s
Epoch 00588 | Loss 1.2658 | Avg Epoch Time 3.18s
Epoch 00589 | Loss 1.2727 | Avg Epoch Time 3.18s
Epoch 00590 | Loss 1.2655 | Avg Epoch Time 3.18s
Epoch 00590 | Valid acc: 58.56% | Test acc: 54.40%
Epoch 00591 | Loss 1.2719 | Avg Epoch Time 3.18s
Epoch 00592 | Loss 1.2583 | Avg Epoch Time 3.18s
Epoch 00593 | Loss 1.2605 | Avg Epoch Time 3.18s
Epoch 00594 | Loss 1.2648 | Avg Epoch Time 3.18s
Epoch 00595 | Loss 1.2568 | Avg Epoch Time 3.18s
Epoch 00595 | Valid acc: 58.55% | Test acc: 53.32%
Epoch 00596 | Loss 1.2545 | Avg Epoch Time 3.18s
Epoch 00597 | Loss 1.2699 | Avg Epoch Time 3.18s
Epoch 00598 | Loss 1.2563 | Avg Epoch Time 3.18s
Epoch 00599 | Loss 1.2659 | Avg Epoch Time 3.18s
Epoch 00600 | Loss 1.2633 | Avg Epoch Time 3.18s
Epoch 00600 | Valid acc: 58.10% | Test acc: 52.79%
Epoch 00601 | Loss 1.2552 | Avg Epoch Time 3.18s
Epoch 00602 | Loss 1.2660 | Avg Epoch Time 3.18s
Epoch 00603 | Loss 1.2527 | Avg Epoch Time 3.18s
Epoch 00604 | Loss 1.2788 | Avg Epoch Time 3.18s
Epoch 00605 | Loss 1.2535 | Avg Epoch Time 3.18s
Epoch 00605 | Valid acc: 58.21% | Test acc: 53.84%
Epoch 00606 | Loss 1.2915 | Avg Epoch Time 3.18s
Epoch 00607 | Loss 1.2569 | Avg Epoch Time 3.18s
Epoch 00608 | Loss 1.2994 | Avg Epoch Time 3.18s
Epoch 00609 | Loss 1.2636 | Avg Epoch Time 3.18s
Epoch 00610 | Loss 1.2823 | Avg Epoch Time 3.18s
Epoch 00610 | Valid acc: 58.88% | Test acc: 54.35%
Epoch 00611 | Loss 1.2755 | Avg Epoch Time 3.18s
Epoch 00612 | Loss 1.2776 | Avg Epoch Time 3.18s
Epoch 00613 | Loss 1.2801 | Avg Epoch Time 3.18s
Epoch 00614 | Loss 1.2739 | Avg Epoch Time 3.18s
Epoch 00615 | Loss 1.2648 | Avg Epoch Time 3.18s
Epoch 00615 | Valid acc: 58.35% | Test acc: 53.60%
Epoch 00616 | Loss 1.2631 | Avg Epoch Time 3.18s
Epoch 00617 | Loss 1.2598 | Avg Epoch Time 3.18s
Epoch 00618 | Loss 1.2538 | Avg Epoch Time 3.18s
Epoch 00619 | Loss 1.2686 | Avg Epoch Time 3.18s
Epoch 00620 | Loss 1.2548 | Avg Epoch Time 3.18s
Epoch 00620 | Valid acc: 58.89% | Test acc: 54.44%
Epoch 00621 | Loss 1.2571 | Avg Epoch Time 3.18s
Epoch 00622 | Loss 1.2566 | Avg Epoch Time 3.18s
Epoch 00623 | Loss 1.2546 | Avg Epoch Time 3.18s
Epoch 00624 | Loss 1.2583 | Avg Epoch Time 3.18s
Epoch 00625 | Loss 1.2573 | Avg Epoch Time 3.18s
Epoch 00625 | Valid acc: 59.16% | Test acc: 55.09%
Epoch 00626 | Loss 1.2621 | Avg Epoch Time 3.18s
Epoch 00627 | Loss 1.2504 | Avg Epoch Time 3.18s
Epoch 00628 | Loss 1.2522 | Avg Epoch Time 3.18s
Epoch 00629 | Loss 1.2605 | Avg Epoch Time 3.18s
Epoch 00630 | Loss 1.2392 | Avg Epoch Time 3.18s
Epoch 00630 | Valid acc: 58.21% | Test acc: 53.38%
Epoch 00631 | Loss 1.2512 | Avg Epoch Time 3.18s
Epoch 00632 | Loss 1.2454 | Avg Epoch Time 3.18s
Epoch 00633 | Loss 1.2409 | Avg Epoch Time 3.18s
Epoch 00634 | Loss 1.2476 | Avg Epoch Time 3.18s
Epoch 00635 | Loss 1.2437 | Avg Epoch Time 3.18s
Epoch 00635 | Valid acc: 57.65% | Test acc: 52.41%
Epoch 00636 | Loss 1.2453 | Avg Epoch Time 3.18s
Epoch 00637 | Loss 1.2512 | Avg Epoch Time 3.18s
Epoch 00638 | Loss 1.2372 | Avg Epoch Time 3.18s
Epoch 00639 | Loss 1.2404 | Avg Epoch Time 3.18s
Epoch 00640 | Loss 1.2372 | Avg Epoch Time 3.18s
Epoch 00640 | Valid acc: 58.23% | Test acc: 53.70%
Epoch 00641 | Loss 1.2411 | Avg Epoch Time 3.18s
Epoch 00642 | Loss 1.2404 | Avg Epoch Time 3.18s
Epoch 00643 | Loss 1.2439 | Avg Epoch Time 3.18s
Epoch 00644 | Loss 1.2428 | Avg Epoch Time 3.18s
Epoch 00645 | Loss 1.2371 | Avg Epoch Time 3.18s
Epoch 00645 | Valid acc: 58.66% | Test acc: 53.90%
Epoch 00646 | Loss 1.2444 | Avg Epoch Time 3.18s
Epoch 00647 | Loss 1.2346 | Avg Epoch Time 3.18s
Epoch 00648 | Loss 1.2391 | Avg Epoch Time 3.18s
Epoch 00649 | Loss 1.2266 | Avg Epoch Time 3.18s
Epoch 00650 | Loss 1.2379 | Avg Epoch Time 3.18s
Epoch 00650 | Valid acc: 58.86% | Test acc: 54.06%
Epoch 00651 | Loss 1.2423 | Avg Epoch Time 3.18s
Epoch 00652 | Loss 1.2381 | Avg Epoch Time 3.18s
Epoch 00653 | Loss 1.2395 | Avg Epoch Time 3.18s
Epoch 00654 | Loss 1.2318 | Avg Epoch Time 3.18s
Epoch 00655 | Loss 1.2424 | Avg Epoch Time 3.18s
Epoch 00655 | Valid acc: 58.23% | Test acc: 53.22%
Epoch 00656 | Loss 1.2273 | Avg Epoch Time 3.18s
Epoch 00657 | Loss 1.2297 | Avg Epoch Time 3.18s
Epoch 00658 | Loss 1.2347 | Avg Epoch Time 3.18s
Epoch 00659 | Loss 1.2377 | Avg Epoch Time 3.18s
Epoch 00660 | Loss 1.2262 | Avg Epoch Time 3.18s
Epoch 00660 | Valid acc: 58.53% | Test acc: 53.22%
Epoch 00661 | Loss 1.2403 | Avg Epoch Time 3.18s
Epoch 00662 | Loss 1.2178 | Avg Epoch Time 3.18s
Epoch 00663 | Loss 1.2444 | Avg Epoch Time 3.18s
Epoch 00664 | Loss 1.2249 | Avg Epoch Time 3.18s
Epoch 00665 | Loss 1.2419 | Avg Epoch Time 3.18s
Epoch 00665 | Valid acc: 58.69% | Test acc: 53.78%
Epoch 00666 | Loss 1.2334 | Avg Epoch Time 3.18s
Epoch 00667 | Loss 1.2256 | Avg Epoch Time 3.18s
Epoch 00668 | Loss 1.2375 | Avg Epoch Time 3.18s
Epoch 00669 | Loss 1.2273 | Avg Epoch Time 3.18s
Epoch 00670 | Loss 1.2286 | Avg Epoch Time 3.18s
Epoch 00670 | Valid acc: 58.68% | Test acc: 54.15%
Epoch 00671 | Loss 1.2254 | Avg Epoch Time 3.18s
Epoch 00672 | Loss 1.2251 | Avg Epoch Time 3.18s
Epoch 00673 | Loss 1.2352 | Avg Epoch Time 3.18s
Epoch 00674 | Loss 1.2215 | Avg Epoch Time 3.18s
Epoch 00675 | Loss 1.2172 | Avg Epoch Time 3.18s
Epoch 00675 | Valid acc: 58.94% | Test acc: 54.84%
Epoch 00676 | Loss 1.2189 | Avg Epoch Time 3.18s
Epoch 00677 | Loss 1.2369 | Avg Epoch Time 3.18s
Epoch 00678 | Loss 1.2230 | Avg Epoch Time 3.18s
Epoch 00679 | Loss 1.2189 | Avg Epoch Time 3.18s
Epoch 00680 | Loss 1.2198 | Avg Epoch Time 3.18s
Epoch 00680 | Valid acc: 58.85% | Test acc: 54.00%
Epoch 00681 | Loss 1.2212 | Avg Epoch Time 3.18s
Epoch 00682 | Loss 1.2175 | Avg Epoch Time 3.18s
Epoch 00683 | Loss 1.2247 | Avg Epoch Time 3.18s
Epoch 00684 | Loss 1.2104 | Avg Epoch Time 3.18s
Epoch 00685 | Loss 1.2233 | Avg Epoch Time 3.18s
Epoch 00685 | Valid acc: 58.85% | Test acc: 54.06%
Epoch 00686 | Loss 1.2094 | Avg Epoch Time 3.18s
Epoch 00687 | Loss 1.2262 | Avg Epoch Time 3.18s
Epoch 00688 | Loss 1.2311 | Avg Epoch Time 3.18s
Epoch 00689 | Loss 1.2102 | Avg Epoch Time 3.18s
Epoch 00690 | Loss 1.2116 | Avg Epoch Time 3.18s
Epoch 00690 | Valid acc: 57.56% | Test acc: 52.28%
Epoch 00691 | Loss 1.2310 | Avg Epoch Time 3.18s
Epoch 00692 | Loss 1.2104 | Avg Epoch Time 3.18s
Epoch 00693 | Loss 1.2150 | Avg Epoch Time 3.18s
Epoch 00694 | Loss 1.2179 | Avg Epoch Time 3.18s
Epoch 00695 | Loss 1.2176 | Avg Epoch Time 3.18s
Epoch 00695 | Valid acc: 58.31% | Test acc: 53.28%
Epoch 00696 | Loss 1.2037 | Avg Epoch Time 3.18s
Epoch 00697 | Loss 1.2174 | Avg Epoch Time 3.18s
Epoch 00698 | Loss 1.2078 | Avg Epoch Time 3.18s
Epoch 00699 | Loss 1.2051 | Avg Epoch Time 3.18s
Epoch 00700 | Loss 1.2265 | Avg Epoch Time 3.18s
Epoch 00700 | Valid acc: 58.32% | Test acc: 53.36%
Epoch 00701 | Loss 1.2075 | Avg Epoch Time 3.18s
Epoch 00702 | Loss 1.2193 | Avg Epoch Time 3.18s
Epoch 00703 | Loss 1.1980 | Avg Epoch Time 3.18s
Epoch 00704 | Loss 1.2044 | Avg Epoch Time 3.18s
Epoch 00705 | Loss 1.2098 | Avg Epoch Time 3.18s
Epoch 00705 | Valid acc: 58.78% | Test acc: 53.86%
Epoch 00706 | Loss 1.2018 | Avg Epoch Time 3.18s
Epoch 00707 | Loss 1.2106 | Avg Epoch Time 3.18s
Epoch 00708 | Loss 1.2011 | Avg Epoch Time 3.18s
Epoch 00709 | Loss 1.2240 | Avg Epoch Time 3.18s
Epoch 00710 | Loss 1.2086 | Avg Epoch Time 3.18s
Epoch 00710 | Valid acc: 59.08% | Test acc: 54.44%
Epoch 00711 | Loss 1.2133 | Avg Epoch Time 3.18s
Epoch 00712 | Loss 1.2150 | Avg Epoch Time 3.18s
Epoch 00713 | Loss 1.1991 | Avg Epoch Time 3.18s
Epoch 00714 | Loss 1.2097 | Avg Epoch Time 3.18s
Epoch 00715 | Loss 1.2151 | Avg Epoch Time 3.18s
Epoch 00715 | Valid acc: 59.37% | Test acc: 54.69%
Epoch 00716 | Loss 1.1994 | Avg Epoch Time 3.18s
Epoch 00717 | Loss 1.2043 | Avg Epoch Time 3.18s
Epoch 00718 | Loss 1.2052 | Avg Epoch Time 3.18s
Epoch 00719 | Loss 1.2026 | Avg Epoch Time 3.18s
Epoch 00720 | Loss 1.1976 | Avg Epoch Time 3.18s
Epoch 00720 | Valid acc: 59.05% | Test acc: 54.69%
Epoch 00721 | Loss 1.1942 | Avg Epoch Time 3.18s
Epoch 00722 | Loss 1.1941 | Avg Epoch Time 3.18s
Epoch 00723 | Loss 1.1896 | Avg Epoch Time 3.18s
Epoch 00724 | Loss 1.2018 | Avg Epoch Time 3.18s
Epoch 00725 | Loss 1.1912 | Avg Epoch Time 3.18s
Epoch 00725 | Valid acc: 58.93% | Test acc: 54.23%
Epoch 00726 | Loss 1.2133 | Avg Epoch Time 3.18s
Epoch 00727 | Loss 1.2023 | Avg Epoch Time 3.18s
Epoch 00728 | Loss 1.2032 | Avg Epoch Time 3.18s
Epoch 00729 | Loss 1.1902 | Avg Epoch Time 3.18s
Epoch 00730 | Loss 1.2043 | Avg Epoch Time 3.18s
Epoch 00730 | Valid acc: 58.17% | Test acc: 53.39%
Epoch 00731 | Loss 1.2091 | Avg Epoch Time 3.18s
Epoch 00732 | Loss 1.1957 | Avg Epoch Time 3.18s
Epoch 00733 | Loss 1.1913 | Avg Epoch Time 3.18s
Epoch 00734 | Loss 1.1942 | Avg Epoch Time 3.18s
Epoch 00735 | Loss 1.2092 | Avg Epoch Time 3.18s
Epoch 00735 | Valid acc: 58.48% | Test acc: 53.77%
Epoch 00736 | Loss 1.1857 | Avg Epoch Time 3.18s
Epoch 00737 | Loss 1.1985 | Avg Epoch Time 3.18s
Epoch 00738 | Loss 1.1941 | Avg Epoch Time 3.18s
Epoch 00739 | Loss 1.1915 | Avg Epoch Time 3.18s
Epoch 00740 | Loss 1.1815 | Avg Epoch Time 3.18s
Epoch 00740 | Valid acc: 58.24% | Test acc: 53.57%
Epoch 00741 | Loss 1.1985 | Avg Epoch Time 3.18s
Epoch 00742 | Loss 1.1890 | Avg Epoch Time 3.18s
Epoch 00743 | Loss 1.1984 | Avg Epoch Time 3.18s
Epoch 00744 | Loss 1.1786 | Avg Epoch Time 3.18s
Epoch 00745 | Loss 1.2003 | Avg Epoch Time 3.18s
Epoch 00745 | Valid acc: 59.12% | Test acc: 54.61%
Epoch 00746 | Loss 1.1812 | Avg Epoch Time 3.18s
Epoch 00747 | Loss 1.2056 | Avg Epoch Time 3.18s
Epoch 00748 | Loss 1.1850 | Avg Epoch Time 3.18s
Epoch 00749 | Loss 1.1986 | Avg Epoch Time 3.18s
Epoch 00750 | Loss 1.1852 | Avg Epoch Time 3.18s
Epoch 00750 | Valid acc: 58.90% | Test acc: 54.17%
Epoch 00751 | Loss 1.1834 | Avg Epoch Time 3.18s
Epoch 00752 | Loss 1.1964 | Avg Epoch Time 3.18s
Epoch 00753 | Loss 1.1987 | Avg Epoch Time 3.18s
Epoch 00754 | Loss 1.1893 | Avg Epoch Time 3.18s
Epoch 00755 | Loss 1.1915 | Avg Epoch Time 3.18s
Epoch 00755 | Valid acc: 58.23% | Test acc: 53.35%
Epoch 00756 | Loss 1.1921 | Avg Epoch Time 3.18s
Epoch 00757 | Loss 1.1783 | Avg Epoch Time 3.18s
Epoch 00758 | Loss 1.1857 | Avg Epoch Time 3.18s
Epoch 00759 | Loss 1.1803 | Avg Epoch Time 3.18s
Epoch 00760 | Loss 1.1775 | Avg Epoch Time 3.18s
Epoch 00760 | Valid acc: 58.04% | Test acc: 53.24%
Epoch 00761 | Loss 1.1739 | Avg Epoch Time 3.18s
Epoch 00762 | Loss 1.1726 | Avg Epoch Time 3.18s
Epoch 00763 | Loss 1.1738 | Avg Epoch Time 3.18s
Epoch 00764 | Loss 1.1687 | Avg Epoch Time 3.18s
Epoch 00765 | Loss 1.1699 | Avg Epoch Time 3.18s
Epoch 00765 | Valid acc: 58.76% | Test acc: 54.18%
Epoch 00766 | Loss 1.1646 | Avg Epoch Time 3.18s
Epoch 00767 | Loss 1.1647 | Avg Epoch Time 3.18s
Epoch 00768 | Loss 1.1633 | Avg Epoch Time 3.18s
Epoch 00769 | Loss 1.1657 | Avg Epoch Time 3.18s
Epoch 00770 | Loss 1.1674 | Avg Epoch Time 3.18s
Epoch 00770 | Valid acc: 58.95% | Test acc: 54.69%
Epoch 00771 | Loss 1.1635 | Avg Epoch Time 3.18s
Epoch 00772 | Loss 1.1671 | Avg Epoch Time 3.18s
Epoch 00773 | Loss 1.1714 | Avg Epoch Time 3.18s
Epoch 00774 | Loss 1.1684 | Avg Epoch Time 3.18s
Epoch 00775 | Loss 1.1777 | Avg Epoch Time 3.18s
Epoch 00775 | Valid acc: 58.39% | Test acc: 53.26%
Epoch 00776 | Loss 1.1742 | Avg Epoch Time 3.18s
Epoch 00777 | Loss 1.1654 | Avg Epoch Time 3.18s
Epoch 00778 | Loss 1.1751 | Avg Epoch Time 3.18s
Epoch 00779 | Loss 1.1846 | Avg Epoch Time 3.18s
Epoch 00780 | Loss 1.1637 | Avg Epoch Time 3.18s
Epoch 00780 | Valid acc: 58.47% | Test acc: 53.89%
Epoch 00781 | Loss 1.1735 | Avg Epoch Time 3.18s
Epoch 00782 | Loss 1.1547 | Avg Epoch Time 3.18s
Epoch 00783 | Loss 1.1710 | Avg Epoch Time 3.18s
Epoch 00784 | Loss 1.1655 | Avg Epoch Time 3.18s
Epoch 00785 | Loss 1.1689 | Avg Epoch Time 3.18s
Epoch 00785 | Valid acc: 59.53% | Test acc: 55.03%
Epoch 00786 | Loss 1.1682 | Avg Epoch Time 3.18s
Epoch 00787 | Loss 1.1612 | Avg Epoch Time 3.18s
Epoch 00788 | Loss 1.1663 | Avg Epoch Time 3.18s
Epoch 00789 | Loss 1.1653 | Avg Epoch Time 3.18s
Epoch 00790 | Loss 1.1872 | Avg Epoch Time 3.18s
Epoch 00790 | Valid acc: 58.79% | Test acc: 54.45%
Epoch 00791 | Loss 1.1633 | Avg Epoch Time 3.18s
Epoch 00792 | Loss 1.1706 | Avg Epoch Time 3.18s
Epoch 00793 | Loss 1.1649 | Avg Epoch Time 3.18s
Epoch 00794 | Loss 1.1604 | Avg Epoch Time 3.18s
Epoch 00795 | Loss 1.1660 | Avg Epoch Time 3.18s
Epoch 00795 | Valid acc: 58.11% | Test acc: 53.00%
Epoch 00796 | Loss 1.1701 | Avg Epoch Time 3.18s
Epoch 00797 | Loss 1.1620 | Avg Epoch Time 3.18s
Epoch 00798 | Loss 1.1668 | Avg Epoch Time 3.18s
Epoch 00799 | Loss 1.1736 | Avg Epoch Time 3.18s
Epoch 00800 | Loss 1.1502 | Avg Epoch Time 3.18s
Epoch 00800 | Valid acc: 58.25% | Test acc: 53.28%
Epoch 00801 | Loss 1.1533 | Avg Epoch Time 3.18s
Epoch 00802 | Loss 1.1538 | Avg Epoch Time 3.18s
Epoch 00803 | Loss 1.1601 | Avg Epoch Time 3.18s
Epoch 00804 | Loss 1.1505 | Avg Epoch Time 3.18s
Epoch 00805 | Loss 1.1556 | Avg Epoch Time 3.18s
Epoch 00805 | Valid acc: 58.31% | Test acc: 53.44%
Epoch 00806 | Loss 1.1586 | Avg Epoch Time 3.18s
Epoch 00807 | Loss 1.1541 | Avg Epoch Time 3.18s
Epoch 00808 | Loss 1.1523 | Avg Epoch Time 3.18s
Epoch 00809 | Loss 1.1575 | Avg Epoch Time 3.18s
Epoch 00810 | Loss 1.1425 | Avg Epoch Time 3.18s
Epoch 00810 | Valid acc: 59.23% | Test acc: 55.30%
Epoch 00811 | Loss 1.1727 | Avg Epoch Time 3.18s
Epoch 00812 | Loss 1.1420 | Avg Epoch Time 3.18s
Epoch 00813 | Loss 1.1588 | Avg Epoch Time 3.18s
Epoch 00814 | Loss 1.1527 | Avg Epoch Time 3.18s
Epoch 00815 | Loss 1.1501 | Avg Epoch Time 3.18s
Epoch 00815 | Valid acc: 58.13% | Test acc: 52.45%
Epoch 00816 | Loss 1.1659 | Avg Epoch Time 3.18s
Epoch 00817 | Loss 1.1525 | Avg Epoch Time 3.18s
Epoch 00818 | Loss 1.1659 | Avg Epoch Time 3.18s
Epoch 00819 | Loss 1.1476 | Avg Epoch Time 3.18s
Epoch 00820 | Loss 1.1516 | Avg Epoch Time 3.18s
Epoch 00820 | Valid acc: 57.21% | Test acc: 51.26%
Epoch 00821 | Loss 1.1697 | Avg Epoch Time 3.18s
Epoch 00822 | Loss 1.1542 | Avg Epoch Time 3.18s
Epoch 00823 | Loss 1.1585 | Avg Epoch Time 3.18s
Epoch 00824 | Loss 1.1575 | Avg Epoch Time 3.18s
Epoch 00825 | Loss 1.1394 | Avg Epoch Time 3.18s
Epoch 00825 | Valid acc: 58.30% | Test acc: 53.94%
Epoch 00826 | Loss 1.1646 | Avg Epoch Time 3.18s
Epoch 00827 | Loss 1.1515 | Avg Epoch Time 3.18s
Epoch 00828 | Loss 1.1448 | Avg Epoch Time 3.18s
Epoch 00829 | Loss 1.1593 | Avg Epoch Time 3.18s
Epoch 00830 | Loss 1.1415 | Avg Epoch Time 3.18s
Epoch 00830 | Valid acc: 58.46% | Test acc: 53.70%
Epoch 00831 | Loss 1.1400 | Avg Epoch Time 3.18s
Epoch 00832 | Loss 1.1541 | Avg Epoch Time 3.18s
Epoch 00833 | Loss 1.1458 | Avg Epoch Time 3.18s
Epoch 00834 | Loss 1.1461 | Avg Epoch Time 3.18s
Epoch 00835 | Loss 1.1511 | Avg Epoch Time 3.18s
Epoch 00835 | Valid acc: 58.62% | Test acc: 53.82%
Epoch 00836 | Loss 1.1317 | Avg Epoch Time 3.18s
Epoch 00837 | Loss 1.1477 | Avg Epoch Time 3.18s
Epoch 00838 | Loss 1.1401 | Avg Epoch Time 3.18s
Epoch 00839 | Loss 1.1396 | Avg Epoch Time 3.18s
Epoch 00840 | Loss 1.1373 | Avg Epoch Time 3.18s
Epoch 00840 | Valid acc: 58.84% | Test acc: 54.48%
Epoch 00841 | Loss 1.1411 | Avg Epoch Time 3.18s
Epoch 00842 | Loss 1.1351 | Avg Epoch Time 3.18s
Epoch 00843 | Loss 1.1389 | Avg Epoch Time 3.18s
Epoch 00844 | Loss 1.1410 | Avg Epoch Time 3.18s
Epoch 00845 | Loss 1.1531 | Avg Epoch Time 3.18s
Epoch 00845 | Valid acc: 59.39% | Test acc: 54.89%
Epoch 00846 | Loss 1.1354 | Avg Epoch Time 3.18s
Epoch 00847 | Loss 1.1747 | Avg Epoch Time 3.18s
Epoch 00848 | Loss 1.1404 | Avg Epoch Time 3.18s
Epoch 00849 | Loss 1.1613 | Avg Epoch Time 3.18s
Epoch 00850 | Loss 1.1375 | Avg Epoch Time 3.18s
Epoch 00850 | Valid acc: 58.11% | Test acc: 52.78%
Epoch 00851 | Loss 1.1547 | Avg Epoch Time 3.18s
Epoch 00852 | Loss 1.1462 | Avg Epoch Time 3.18s
Epoch 00853 | Loss 1.1574 | Avg Epoch Time 3.18s
Epoch 00854 | Loss 1.1543 | Avg Epoch Time 3.18s
Epoch 00855 | Loss 1.1521 | Avg Epoch Time 3.18s
Epoch 00855 | Valid acc: 58.32% | Test acc: 53.26%
Epoch 00856 | Loss 1.1438 | Avg Epoch Time 3.18s
Epoch 00857 | Loss 1.1339 | Avg Epoch Time 3.18s
Epoch 00858 | Loss 1.1286 | Avg Epoch Time 3.18s
Epoch 00859 | Loss 1.1459 | Avg Epoch Time 3.18s
Epoch 00860 | Loss 1.1326 | Avg Epoch Time 3.18s
Epoch 00860 | Valid acc: 57.33% | Test acc: 52.40%
Epoch 00861 | Loss 1.1465 | Avg Epoch Time 3.18s
Epoch 00862 | Loss 1.1319 | Avg Epoch Time 3.18s
Epoch 00863 | Loss 1.1274 | Avg Epoch Time 3.18s
Epoch 00864 | Loss 1.1364 | Avg Epoch Time 3.18s
Epoch 00865 | Loss 1.1268 | Avg Epoch Time 3.18s
Epoch 00865 | Valid acc: 58.48% | Test acc: 53.77%
Epoch 00866 | Loss 1.1386 | Avg Epoch Time 3.18s
Epoch 00867 | Loss 1.1224 | Avg Epoch Time 3.18s
Epoch 00868 | Loss 1.1372 | Avg Epoch Time 3.18s
Epoch 00869 | Loss 1.1372 | Avg Epoch Time 3.18s
Epoch 00870 | Loss 1.1412 | Avg Epoch Time 3.18s
Epoch 00870 | Valid acc: 59.26% | Test acc: 54.94%
Epoch 00871 | Loss 1.1343 | Avg Epoch Time 3.18s
Epoch 00872 | Loss 1.1304 | Avg Epoch Time 3.18s
Epoch 00873 | Loss 1.1389 | Avg Epoch Time 3.18s
Epoch 00874 | Loss 1.1219 | Avg Epoch Time 3.18s
Epoch 00875 | Loss 1.1428 | Avg Epoch Time 3.18s
Epoch 00875 | Valid acc: 59.39% | Test acc: 54.84%
Epoch 00876 | Loss 1.1217 | Avg Epoch Time 3.18s
Epoch 00877 | Loss 1.1348 | Avg Epoch Time 3.18s
Epoch 00878 | Loss 1.1299 | Avg Epoch Time 3.18s
Epoch 00879 | Loss 1.1210 | Avg Epoch Time 3.18s
Epoch 00880 | Loss 1.1352 | Avg Epoch Time 3.18s
Epoch 00880 | Valid acc: 58.96% | Test acc: 54.01%
Epoch 00881 | Loss 1.1280 | Avg Epoch Time 3.18s
Epoch 00882 | Loss 1.1270 | Avg Epoch Time 3.18s
Epoch 00883 | Loss 1.1431 | Avg Epoch Time 3.18s
Epoch 00884 | Loss 1.1160 | Avg Epoch Time 3.18s
Epoch 00885 | Loss 1.1383 | Avg Epoch Time 3.18s
Epoch 00885 | Valid acc: 58.30% | Test acc: 53.24%
Epoch 00886 | Loss 1.1220 | Avg Epoch Time 3.18s
Epoch 00887 | Loss 1.1318 | Avg Epoch Time 3.18s
Epoch 00888 | Loss 1.1344 | Avg Epoch Time 3.18s
Epoch 00889 | Loss 1.1220 | Avg Epoch Time 3.18s
Epoch 00890 | Loss 1.1273 | Avg Epoch Time 3.18s
Epoch 00890 | Valid acc: 58.24% | Test acc: 53.11%
Epoch 00891 | Loss 1.1156 | Avg Epoch Time 3.18s
Epoch 00892 | Loss 1.1308 | Avg Epoch Time 3.18s
Epoch 00893 | Loss 1.1178 | Avg Epoch Time 3.18s
Epoch 00894 | Loss 1.1213 | Avg Epoch Time 3.18s
Epoch 00895 | Loss 1.1207 | Avg Epoch Time 3.18s
Epoch 00895 | Valid acc: 58.58% | Test acc: 54.65%
Epoch 00896 | Loss 1.1362 | Avg Epoch Time 3.18s
Epoch 00897 | Loss 1.1177 | Avg Epoch Time 3.18s
Epoch 00898 | Loss 1.1095 | Avg Epoch Time 3.18s
Epoch 00899 | Loss 1.1225 | Avg Epoch Time 3.18s
Epoch 00900 | Loss 1.1221 | Avg Epoch Time 3.18s
Epoch 00900 | Valid acc: 57.77% | Test acc: 52.70%
Epoch 00901 | Loss 1.1320 | Avg Epoch Time 3.18s
Epoch 00902 | Loss 1.1184 | Avg Epoch Time 3.18s
Epoch 00903 | Loss 1.1088 | Avg Epoch Time 3.18s
Epoch 00904 | Loss 1.1310 | Avg Epoch Time 3.18s
Epoch 00905 | Loss 1.1174 | Avg Epoch Time 3.18s
Epoch 00905 | Valid acc: 58.42% | Test acc: 53.59%
Epoch 00906 | Loss 1.1387 | Avg Epoch Time 3.18s
Epoch 00907 | Loss 1.1218 | Avg Epoch Time 3.18s
Epoch 00908 | Loss 1.1158 | Avg Epoch Time 3.18s
Epoch 00909 | Loss 1.1210 | Avg Epoch Time 3.18s
Epoch 00910 | Loss 1.1071 | Avg Epoch Time 3.18s
Epoch 00910 | Valid acc: 58.29% | Test acc: 53.67%
Epoch 00911 | Loss 1.1360 | Avg Epoch Time 3.18s
Epoch 00912 | Loss 1.1056 | Avg Epoch Time 3.18s
Epoch 00913 | Loss 1.1295 | Avg Epoch Time 3.18s
Epoch 00914 | Loss 1.1190 | Avg Epoch Time 3.18s
Epoch 00915 | Loss 1.1151 | Avg Epoch Time 3.18s
Epoch 00915 | Valid acc: 58.84% | Test acc: 54.40%
Epoch 00916 | Loss 1.1117 | Avg Epoch Time 3.18s
Epoch 00917 | Loss 1.1080 | Avg Epoch Time 3.18s
Epoch 00918 | Loss 1.1106 | Avg Epoch Time 3.18s
Epoch 00919 | Loss 1.1079 | Avg Epoch Time 3.18s
Epoch 00920 | Loss 1.1139 | Avg Epoch Time 3.18s
Epoch 00920 | Valid acc: 58.18% | Test acc: 53.36%
Epoch 00921 | Loss 1.1064 | Avg Epoch Time 3.18s
Epoch 00922 | Loss 1.1189 | Avg Epoch Time 3.18s
Epoch 00923 | Loss 1.1171 | Avg Epoch Time 3.18s
Epoch 00924 | Loss 1.1256 | Avg Epoch Time 3.18s
Epoch 00925 | Loss 1.1046 | Avg Epoch Time 3.18s
Epoch 00925 | Valid acc: 58.74% | Test acc: 54.20%
Epoch 00926 | Loss 1.1152 | Avg Epoch Time 3.18s
Epoch 00927 | Loss 1.1003 | Avg Epoch Time 3.18s
Epoch 00928 | Loss 1.1134 | Avg Epoch Time 3.18s
Epoch 00929 | Loss 1.1096 | Avg Epoch Time 3.18s
Epoch 00930 | Loss 1.1000 | Avg Epoch Time 3.18s
Epoch 00930 | Valid acc: 58.89% | Test acc: 54.59%
Epoch 00931 | Loss 1.0957 | Avg Epoch Time 3.18s
Epoch 00932 | Loss 1.0940 | Avg Epoch Time 3.18s
Epoch 00933 | Loss 1.1003 | Avg Epoch Time 3.18s
Epoch 00934 | Loss 1.1036 | Avg Epoch Time 3.18s
Epoch 00935 | Loss 1.0984 | Avg Epoch Time 3.18s
Epoch 00935 | Valid acc: 58.31% | Test acc: 53.62%
Epoch 00936 | Loss 1.0942 | Avg Epoch Time 3.18s
Epoch 00937 | Loss 1.1078 | Avg Epoch Time 3.18s
Epoch 00938 | Loss 1.0897 | Avg Epoch Time 3.18s
Epoch 00939 | Loss 1.1020 | Avg Epoch Time 3.18s
Epoch 00940 | Loss 1.1078 | Avg Epoch Time 3.18s
Epoch 00940 | Valid acc: 59.04% | Test acc: 54.40%
Epoch 00941 | Loss 1.0957 | Avg Epoch Time 3.18s
Epoch 00942 | Loss 1.0865 | Avg Epoch Time 3.18s
Epoch 00943 | Loss 1.0899 | Avg Epoch Time 3.18s
Epoch 00944 | Loss 1.0994 | Avg Epoch Time 3.18s
Epoch 00945 | Loss 1.0834 | Avg Epoch Time 3.18s
Epoch 00945 | Valid acc: 58.16% | Test acc: 53.76%
Epoch 00946 | Loss 1.0937 | Avg Epoch Time 3.18s
Epoch 00947 | Loss 1.0884 | Avg Epoch Time 3.18s
Epoch 00948 | Loss 1.1047 | Avg Epoch Time 3.18s
Epoch 00949 | Loss 1.0769 | Avg Epoch Time 3.18s
Epoch 00950 | Loss 1.0821 | Avg Epoch Time 3.18s
Epoch 00950 | Valid acc: 58.61% | Test acc: 54.33%
Epoch 00951 | Loss 1.0979 | Avg Epoch Time 3.18s
Epoch 00952 | Loss 1.0776 | Avg Epoch Time 3.18s
Epoch 00953 | Loss 1.0938 | Avg Epoch Time 3.18s
Epoch 00954 | Loss 1.0800 | Avg Epoch Time 3.18s
Epoch 00955 | Loss 1.0982 | Avg Epoch Time 3.18s
Epoch 00955 | Valid acc: 58.65% | Test acc: 53.36%
Epoch 00956 | Loss 1.0728 | Avg Epoch Time 3.18s
Epoch 00957 | Loss 1.1142 | Avg Epoch Time 3.18s
Epoch 00958 | Loss 1.0936 | Avg Epoch Time 3.18s
Epoch 00959 | Loss 1.0923 | Avg Epoch Time 3.18s
Epoch 00960 | Loss 1.0835 | Avg Epoch Time 3.18s
Epoch 00960 | Valid acc: 58.53% | Test acc: 53.09%
Epoch 00961 | Loss 1.0906 | Avg Epoch Time 3.18s
Epoch 00962 | Loss 1.0991 | Avg Epoch Time 3.18s
Epoch 00963 | Loss 1.0854 | Avg Epoch Time 3.18s
Epoch 00964 | Loss 1.0948 | Avg Epoch Time 3.18s
Epoch 00965 | Loss 1.0806 | Avg Epoch Time 3.18s
Epoch 00965 | Valid acc: 58.94% | Test acc: 54.71%
Epoch 00966 | Loss 1.1123 | Avg Epoch Time 3.18s
Epoch 00967 | Loss 1.0776 | Avg Epoch Time 3.18s
Epoch 00968 | Loss 1.1008 | Avg Epoch Time 3.18s
Epoch 00969 | Loss 1.0963 | Avg Epoch Time 3.18s
Epoch 00970 | Loss 1.0830 | Avg Epoch Time 3.18s
Epoch 00970 | Valid acc: 57.67% | Test acc: 52.26%
Epoch 00971 | Loss 1.1190 | Avg Epoch Time 3.18s
Epoch 00972 | Loss 1.0849 | Avg Epoch Time 3.18s
Epoch 00973 | Loss 1.0861 | Avg Epoch Time 3.18s
Epoch 00974 | Loss 1.1004 | Avg Epoch Time 3.18s
Epoch 00975 | Loss 1.0814 | Avg Epoch Time 3.18s
Epoch 00975 | Valid acc: 59.04% | Test acc: 55.98%
Epoch 00976 | Loss 1.1134 | Avg Epoch Time 3.18s
Epoch 00977 | Loss 1.0892 | Avg Epoch Time 3.18s
Epoch 00978 | Loss 1.0966 | Avg Epoch Time 3.18s
Epoch 00979 | Loss 1.0944 | Avg Epoch Time 3.18s
Epoch 00980 | Loss 1.0948 | Avg Epoch Time 3.18s
Epoch 00980 | Valid acc: 58.30% | Test acc: 53.33%
Epoch 00981 | Loss 1.0929 | Avg Epoch Time 3.18s
Epoch 00982 | Loss 1.1079 | Avg Epoch Time 3.18s
Epoch 00983 | Loss 1.0793 | Avg Epoch Time 3.18s
Epoch 00984 | Loss 1.1013 | Avg Epoch Time 3.18s
Epoch 00985 | Loss 1.0805 | Avg Epoch Time 3.18s
Epoch 00985 | Valid acc: 58.05% | Test acc: 53.09%
Epoch 00986 | Loss 1.0951 | Avg Epoch Time 3.18s
Epoch 00987 | Loss 1.0821 | Avg Epoch Time 3.18s
Epoch 00988 | Loss 1.0746 | Avg Epoch Time 3.18s
Epoch 00989 | Loss 1.0809 | Avg Epoch Time 3.18s
Epoch 00990 | Loss 1.0848 | Avg Epoch Time 3.18s
Epoch 00990 | Valid acc: 58.73% | Test acc: 53.75%
Epoch 00991 | Loss 1.0712 | Avg Epoch Time 3.18s
Epoch 00992 | Loss 1.0728 | Avg Epoch Time 3.18s
Epoch 00993 | Loss 1.0628 | Avg Epoch Time 3.18s
Epoch 00994 | Loss 1.0834 | Avg Epoch Time 3.18s
Epoch 00995 | Loss 1.0720 | Avg Epoch Time 3.18s
Epoch 00995 | Valid acc: 58.24% | Test acc: 52.93%
Epoch 00996 | Loss 1.0711 | Avg Epoch Time 3.18s
Epoch 00997 | Loss 1.0856 | Avg Epoch Time 3.18s
Epoch 00998 | Loss 1.0652 | Avg Epoch Time 3.18s
Epoch 00999 | Loss 1.0626 | Avg Epoch Time 3.18s
revgnn finish time: 2025-03-20 01:36:03.824, wall-time: 3798.902s
Test accuracy 55.9815
revgnn finish time: 2025-03-20 01:36:04.077, wall-time: 3799.820s
revgnn finish time: 2025-03-20 01:36:04.423, wall-time: 3799.845s
revgnn finish time: 2025-03-20 01:36:04.928, wall-time: 3800.348s
