(tigraph) (base) yezhisheng@n122-228-066:~/tigraph$ torchrun --nnodes 1 --nproc_per_node 4 --master_port 2923 revgat_pp_trainonall.py --dataset ogbn-arxiv --num_layers 20 --hidden_channels 256 --bs 169340 --mb_size 84670 --dropout 0.5 --lr 0.002 --epochs 500
W0408 11:57:21.119000 140616061838336 torch/distributed/run.py:779] 
W0408 11:57:21.119000 140616061838336 torch/distributed/run.py:779] *****************************************
W0408 11:57:21.119000 140616061838336 torch/distributed/run.py:779] Setting OMP_NUM_THREADS environment variable for each process to be 1 in default, to avoid your system being overloaded, please further tune the variable for optimal performance in your application as needed. 
W0408 11:57:21.119000 140616061838336 torch/distributed/run.py:779] *****************************************
> initializing torch distributed ...
ogbn-arxiv load successfully
Total nodes: 169340, Train nodes: 90941, Val nodes: 29799, Test nodes: 48600
Num of train batches: 1, num of train microbatches: 2, microbatch size: 84670
stage=0 layers=0 - 4
stage=2 layers=10 - 14
stage=1 layers=5 - 9
stage=3 layers=15 - 19
Training...
Epoch 00000 | Loss 6.5347 | Epoch Time 8.52s
Valid acc 3.79% | Test acc 3.84%
Epoch 00001 | Loss 7.4045 | Epoch Time 1.57s
Epoch 00002 | Loss 7.7495 | Epoch Time 1.57s
Epoch 00003 | Loss 5.1222 | Epoch Time 1.61s
Epoch 00004 | Loss 4.0371 | Epoch Time 1.58s
Epoch 00005 | Loss 3.4231 | Epoch Time 1.62s
Valid acc 32.95% | Test acc 35.49%
Epoch 00006 | Loss 3.3856 | Epoch Time 1.57s
Epoch 00007 | Loss 2.8896 | Epoch Time 1.59s
Epoch 00008 | Loss 2.8549 | Epoch Time 1.59s
Epoch 00009 | Loss 2.7019 | Epoch Time 1.59s
Epoch 00010 | Loss 2.5937 | Epoch Time 1.60s
Valid acc 33.67% | Test acc 35.20%
Epoch 00011 | Loss 2.4952 | Epoch Time 1.56s
Epoch 00012 | Loss 2.3653 | Epoch Time 1.58s
Epoch 00013 | Loss 2.3595 | Epoch Time 1.61s
Epoch 00014 | Loss 2.3690 | Epoch Time 1.62s
Epoch 00015 | Loss 2.3629 | Epoch Time 1.63s
Valid acc 45.69% | Test acc 43.91%
Epoch 00016 | Loss 2.2516 | Epoch Time 1.59s
Epoch 00017 | Loss 2.1906 | Epoch Time 1.60s
Epoch 00018 | Loss 2.1949 | Epoch Time 1.63s
Epoch 00019 | Loss 2.2689 | Epoch Time 1.59s
Epoch 00020 | Loss 2.2486 | Epoch Time 1.59s
Valid acc 47.53% | Test acc 49.13%
Epoch 00021 | Loss 2.2517 | Epoch Time 1.58s