(tigraph) (base) yezhisheng@n122-228-066:~/tigraph$ CUDA_VISIBLE_DEVICES=1 TOKENIZERS_PARALLELISM=True torchrun --nnodes=1 --nproc_per_node=1 -m lm_workloads.lm_core.train_lm dataset ogbn-arxiv lm.train.use_gpt True
rank: 0, PID: 1509868
/data01/home/yezhisheng/miniconda3/envs/tigraph/lib/python3.11/site-packages/ogb/nodeproppred/dataset_pyg.py:69: FutureWarning: You are using `torch.load` with `weights_only=False` (the current default value), which uses the default pickle module implicitly. It is possible to construct malicious pickle data which will execute arbitrary code during unpickling (See https://github.com/pytorch/pytorch/blob/main/SECURITY.md#untrusted-models for more details). In a future release, the default value for `weights_only` will be flipped to `True`. This limits the functions that could be executed during unpickling. Arbitrary objects will no longer be allowed to be loaded via this mode unless they are explicitly allowlisted by the user via `torch.serialization.add_safe_globals`. We recommend you start setting `weights_only=True` for any use case where you don't have full control of the loaded file. Please open an issue on GitHub for any issues related to this experimental feature.
  self.data, self.slices = torch.load(self.processed_paths[0])
using gpt: /data01/home/yezhisheng/tigraph/TAPE/gpt_responses/ogbn-arxiv
/data01/home/yezhisheng/miniconda3/envs/tigraph/lib/python3.11/site-packages/transformers/tokenization_utils_base.py:1601: FutureWarning: `clean_up_tokenization_spaces` was not set. It will be set to `True` by default. This behavior will be depracted in transformers v4.45, and will be then set to `False` by default. For more details check this issue: https://github.com/huggingface/transformers/issues/31884
  warnings.warn(
Tokenizer in 58.5014 seconds.
Train nodes: 90941, Val nodes: 29799, Test nodes: 48603

Number of parameters: 138705320
Start running train at 04-10 10:14:55
/data01/home/yezhisheng/miniconda3/envs/tigraph/lib/python3.11/site-packages/transformers/training_args.py:1525: FutureWarning: `evaluation_strategy` is deprecated and will be removed in version 4.46 of 🤗 Transformers. Use `eval_strategy` instead
  warnings.warn(
[2025-04-10 10:14:57,537] [INFO] [real_accelerator.py:203:get_accelerator] Setting ds_accelerator to cuda (auto detect)
[rank0]:[W410 10:15:00.884993280 reducer.cpp:1400] Warning: find_unused_parameters=True was specified in DDP constructor, but did not find any unused parameters in the forward pass. This flag results in an extra traversal of the autograd graph every iteration,  which can adversely affect performance. If your model indeed never has any unused parameters in the forward pass, consider turning this flag off. Note that this warning may be a false positive if your model has flow control causing later iterations to have unused parameters. (function operator())
{'loss': 3.7731, 'grad_norm': 1.909102439880371, 'learning_rate': 1.9997360781208763e-05, 'epoch': 0.000395882818685669}
Rank 0, Iter 2/7578: Loss = 3.7731, Iter Time = 0.3087 s.
{'loss': 3.7262, 'grad_norm': 2.4685239791870117, 'learning_rate': 1.9994721562417525e-05, 'epoch': 0.000791765637371338}
Rank 0, Iter 3/7578: Loss = 3.7262, Iter Time = 0.3052 s.
{'loss': 3.7458, 'grad_norm': 2.1578688621520996, 'learning_rate': 1.999208234362629e-05, 'epoch': 0.0011876484560570072}
Rank 0, Iter 4/7578: Loss = 3.7458, Iter Time = 0.3052 s.
{'loss': 3.684, 'grad_norm': 1.8578898906707764, 'learning_rate': 1.998944312483505e-05, 'epoch': 0.001583531274742676}
Rank 0, Iter 5/7578: Loss = 3.6840, Iter Time = 0.3094 s.
{'loss': 3.6019, 'grad_norm': 9.157170295715332, 'learning_rate': 1.9986803906043813e-05, 'epoch': 0.001979414093428345}
Rank 0, Iter 6/7578: Loss = 3.6019, Iter Time = 0.3057 s.
{'loss': 3.7537, 'grad_norm': 8.955111503601074, 'learning_rate': 1.9984164687252575e-05, 'epoch': 0.0023752969121140144}
Rank 0, Iter 7/7578: Loss = 3.7537, Iter Time = 0.3053 s.
{'loss': 3.6395, 'grad_norm': 5.344491481781006, 'learning_rate': 1.998152546846134e-05, 'epoch': 0.0027711797307996833}
Rank 0, Iter 8/7578: Loss = 3.6395, Iter Time = 0.3078 s.
{'loss': 3.5539, 'grad_norm': 3.246096134185791, 'learning_rate': 1.99788862496701e-05, 'epoch': 0.003167062549485352}
Rank 0, Iter 9/7578: Loss = 3.5539, Iter Time = 0.3157 s.
{'loss': 3.5337, 'grad_norm': 3.923241138458252, 'learning_rate': 1.9976247030878863e-05, 'epoch': 0.0035629453681710215}
Rank 0, Iter 10/7578: Loss = 3.5337, Iter Time = 0.3119 s.
{'loss': 3.4261, 'grad_norm': 3.3566880226135254, 'learning_rate': 1.9973607812087624e-05, 'epoch': 0.00395882818685669}
Rank 0, Iter 11/7578: Loss = 3.4261, Iter Time = 0.3099 s.
{'loss': 3.5847, 'grad_norm': 3.2617850303649902, 'learning_rate': 1.9970968593296386e-05, 'epoch': 0.00435471100554236}
Rank 0, Iter 12/7578: Loss = 3.5847, Iter Time = 0.3094 s.
{'loss': 3.4488, 'grad_norm': 3.170427083969116, 'learning_rate': 1.9968329374505148e-05, 'epoch': 0.004750593824228029}
Rank 0, Iter 13/7578: Loss = 3.4488, Iter Time = 0.3069 s.
{'loss': 3.5571, 'grad_norm': 4.468853950500488, 'learning_rate': 1.996569015571391e-05, 'epoch': 0.005146476642913698}
Rank 0, Iter 14/7578: Loss = 3.5571, Iter Time = 0.3040 s.
{'loss': 3.6207, 'grad_norm': nan, 'learning_rate': 1.996569015571391e-05, 'epoch': 0.0055423594615993665}
Rank 0, Iter 15/7578: Loss = 3.6207, Iter Time = 0.3078 s.
{'loss': 3.5372, 'grad_norm': 4.300567626953125, 'learning_rate': 1.996305093692267e-05, 'epoch': 0.0059382422802850355}
Rank 0, Iter 16/7578: Loss = 3.5372, Iter Time = 0.3065 s.
{'loss': 3.6249, 'grad_norm': 2.076237678527832, 'learning_rate': 1.9960411718131432e-05, 'epoch': 0.006334125098970704}
Rank 0, Iter 17/7578: Loss = 3.6249, Iter Time = 0.3082 s.
{'loss': 3.6779, 'grad_norm': 3.615910530090332, 'learning_rate': 1.9957772499340197e-05, 'epoch': 0.006730007917656373}
Rank 0, Iter 18/7578: Loss = 3.6779, Iter Time = 0.3135 s.
{'loss': 3.5901, 'grad_norm': 2.6736109256744385, 'learning_rate': 1.995513328054896e-05, 'epoch': 0.007125890736342043}
Rank 0, Iter 19/7578: Loss = 3.5901, Iter Time = 0.3175 s.
{'loss': 3.65, 'grad_norm': 1.9690252542495728, 'learning_rate': 1.995249406175772e-05, 'epoch': 0.007521773555027712}
Rank 0, Iter 20/7578: Loss = 3.6500, Iter Time = 0.3097 s.
{'loss': 3.7, 'grad_norm': 1.8874163627624512, 'learning_rate': 1.9949854842966482e-05, 'epoch': 0.00791765637371338}
Rank 0, Iter 21/7578: Loss = 3.7000, Iter Time = 0.3083 s.
{'loss': 3.5882, 'grad_norm': 4.627802848815918, 'learning_rate': 1.9947215624175247e-05, 'epoch': 0.00831353919239905}
Rank 0, Iter 22/7578: Loss = 3.5882, Iter Time = 0.3041 s.
{'loss': 3.6217, 'grad_norm': nan, 'learning_rate': 1.9947215624175247e-05, 'epoch': 0.00870942201108472}
Rank 0, Iter 23/7578: Loss = 3.6217, Iter Time = 0.3072 s.
{'loss': 3.581, 'grad_norm': 4.4341864585876465, 'learning_rate': 1.994457640538401e-05, 'epoch': 0.009105304829770388}
Rank 0, Iter 24/7578: Loss = 3.5810, Iter Time = 0.3070 s.
{'loss': 3.5574, 'grad_norm': 5.014019966125488, 'learning_rate': 1.994193718659277e-05, 'epoch': 0.009501187648456057}
Rank 0, Iter 25/7578: Loss = 3.5574, Iter Time = 0.3050 s.
{'loss': 3.4657, 'grad_norm': nan, 'learning_rate': 1.994193718659277e-05, 'epoch': 0.009897070467141725}
Rank 0, Iter 26/7578: Loss = 3.4657, Iter Time = 0.3075 s.
{'loss': 3.6184, 'grad_norm': 7.144235134124756, 'learning_rate': 1.9939297967801532e-05, 'epoch': 0.010292953285827395}
Rank 0, Iter 27/7578: Loss = 3.6184, Iter Time = 0.3065 s.
{'loss': 3.5182, 'grad_norm': 24.600027084350586, 'learning_rate': 1.9936658749010293e-05, 'epoch': 0.010688836104513063}
Rank 0, Iter 28/7578: Loss = 3.5182, Iter Time = 0.3085 s.
{'loss': 3.5163, 'grad_norm': 2.4943416118621826, 'learning_rate': 1.993401953021906e-05, 'epoch': 0.011084718923198733}
Rank 0, Iter 29/7578: Loss = 3.5163, Iter Time = 0.3065 s.
{'loss': 3.6079, 'grad_norm': 2.262942314147949, 'learning_rate': 1.993138031142782e-05, 'epoch': 0.011480601741884403}
Rank 0, Iter 30/7578: Loss = 3.6079, Iter Time = 0.3065 s.
{'loss': 3.3573, 'grad_norm': 12.660319328308105, 'learning_rate': 1.992874109263658e-05, 'epoch': 0.011876484560570071}
Rank 0, Iter 31/7578: Loss = 3.3573, Iter Time = 0.3072 s.
{'loss': 3.5942, 'grad_norm': 12.294607162475586, 'learning_rate': 1.9926101873845343e-05, 'epoch': 0.01227236737925574}
Rank 0, Iter 32/7578: Loss = 3.5942, Iter Time = 0.3065 s.
{'loss': 3.4658, 'grad_norm': 2.5004775524139404, 'learning_rate': 1.9923462655054108e-05, 'epoch': 0.012668250197941409}
Rank 0, Iter 33/7578: Loss = 3.4658, Iter Time = 0.3067 s.
{'loss': 3.3193, 'grad_norm': 2.705936908721924, 'learning_rate': 1.992082343626287e-05, 'epoch': 0.013064133016627079}
Rank 0, Iter 34/7578: Loss = 3.3193, Iter Time = 0.3071 s.
{'loss': 3.3164, 'grad_norm': 2.615199327468872, 'learning_rate': 1.991818421747163e-05, 'epoch': 0.013460015835312747}
Rank 0, Iter 35/7578: Loss = 3.3164, Iter Time = 0.3076 s.
{'loss': 3.3902, 'grad_norm': 2.586400032043457, 'learning_rate': 1.9915544998680393e-05, 'epoch': 0.013855898653998416}
Rank 0, Iter 36/7578: Loss = 3.3902, Iter Time = 0.3089 s.
{'loss': 3.3113, 'grad_norm': 4.018609523773193, 'learning_rate': 1.9912905779889154e-05, 'epoch': 0.014251781472684086}
Rank 0, Iter 37/7578: Loss = 3.3113, Iter Time = 0.3097 s.
{'loss': 3.3377, 'grad_norm': 2.9718551635742188, 'learning_rate': 1.9910266561097916e-05, 'epoch': 0.014647664291369754}
Rank 0, Iter 38/7578: Loss = 3.3377, Iter Time = 0.3148 s.
{'loss': 3.3846, 'grad_norm': 2.784431219100952, 'learning_rate': 1.9907627342306678e-05, 'epoch': 0.015043547110055424}
Rank 0, Iter 39/7578: Loss = 3.3846, Iter Time = 0.3076 s.
{'loss': 3.3564, 'grad_norm': 3.5124523639678955, 'learning_rate': 1.990498812351544e-05, 'epoch': 0.015439429928741092}
Rank 0, Iter 40/7578: Loss = 3.3564, Iter Time = 0.3105 s.
{'loss': 3.4374, 'grad_norm': 3.693366289138794, 'learning_rate': 1.99023489047242e-05, 'epoch': 0.01583531274742676}
Rank 0, Iter 41/7578: Loss = 3.4374, Iter Time = 0.3257 s.
{'loss': 3.1566, 'grad_norm': 3.3136813640594482, 'learning_rate': 1.9899709685932966e-05, 'epoch': 0.01623119556611243}
Rank 0, Iter 42/7578: Loss = 3.1566, Iter Time = 0.3081 s.
{'loss': 3.4327, 'grad_norm': 3.6566858291625977, 'learning_rate': 1.9897070467141727e-05, 'epoch': 0.0166270783847981}
Rank 0, Iter 43/7578: Loss = 3.4327, Iter Time = 0.3077 s.
{'loss': 3.1885, 'grad_norm': 3.4160408973693848, 'learning_rate': 1.989443124835049e-05, 'epoch': 0.017022961203483768}
Rank 0, Iter 44/7578: Loss = 3.1885, Iter Time = 0.3102 s.
{'loss': 3.34, 'grad_norm': 3.5752270221710205, 'learning_rate': 1.989179202955925e-05, 'epoch': 0.01741884402216944}
Rank 0, Iter 45/7578: Loss = 3.3400, Iter Time = 0.3087 s.
{'loss': 3.3106, 'grad_norm': 3.2409253120422363, 'learning_rate': 1.9889152810768012e-05, 'epoch': 0.017814726840855107}
Rank 0, Iter 46/7578: Loss = 3.3106, Iter Time = 0.3068 s.
{'loss': 3.2792, 'grad_norm': 3.499423027038574, 'learning_rate': 1.9886513591976777e-05, 'epoch': 0.018210609659540775}
Rank 0, Iter 47/7578: Loss = 3.2792, Iter Time = 0.3072 s.
{'loss': 3.4922, 'grad_norm': 3.467316150665283, 'learning_rate': 1.988387437318554e-05, 'epoch': 0.018606492478226443}
Rank 0, Iter 48/7578: Loss = 3.4922, Iter Time = 0.3062 s.
{'loss': 3.2495, 'grad_norm': 5.927906036376953, 'learning_rate': 1.98812351543943e-05, 'epoch': 0.019002375296912115}
Rank 0, Iter 49/7578: Loss = 3.2495, Iter Time = 0.3068 s.
{'loss': 3.0724, 'grad_norm': 3.3671560287475586, 'learning_rate': 1.9878595935603062e-05, 'epoch': 0.019398258115597783}
Rank 0, Iter 50/7578: Loss = 3.0724, Iter Time = 0.3067 s.
{'loss': 3.1341, 'grad_norm': 4.29472541809082, 'learning_rate': 1.9875956716811827e-05, 'epoch': 0.01979414093428345}
Rank 0, Iter 51/7578: Loss = 3.1341, Iter Time = 0.3059 s.
{'loss': 3.3836, 'grad_norm': 4.4376301765441895, 'learning_rate': 1.987331749802059e-05, 'epoch': 0.020190023752969122}
Rank 0, Iter 52/7578: Loss = 3.3836, Iter Time = 0.3070 s.
{'loss': 3.2672, 'grad_norm': 3.91204833984375, 'learning_rate': 1.987067827922935e-05, 'epoch': 0.02058590657165479}
Rank 0, Iter 53/7578: Loss = 3.2672, Iter Time = 0.3073 s.
{'loss': 3.0279, 'grad_norm': 3.8686726093292236, 'learning_rate': 1.9868039060438112e-05, 'epoch': 0.02098178939034046}
Rank 0, Iter 54/7578: Loss = 3.0279, Iter Time = 0.3108 s.
{'loss': 3.1904, 'grad_norm': 3.2808618545532227, 'learning_rate': 1.9865399841646877e-05, 'epoch': 0.021377672209026127}
Rank 0, Iter 55/7578: Loss = 3.1904, Iter Time = 0.3077 s.
{'loss': 3.4251, 'grad_norm': 3.656266450881958, 'learning_rate': 1.9862760622855638e-05, 'epoch': 0.021773555027711798}
Rank 0, Iter 56/7578: Loss = 3.4251, Iter Time = 0.3063 s.
{'loss': 3.1536, 'grad_norm': 6.2455363273620605, 'learning_rate': 1.98601214040644e-05, 'epoch': 0.022169437846397466}
Rank 0, Iter 57/7578: Loss = 3.1536, Iter Time = 0.3127 s.
{'loss': 3.1512, 'grad_norm': 3.18251895904541, 'learning_rate': 1.985748218527316e-05, 'epoch': 0.022565320665083134}
Rank 0, Iter 58/7578: Loss = 3.1512, Iter Time = 0.3068 s.
{'loss': 3.0707, 'grad_norm': 4.274542331695557, 'learning_rate': 1.9854842966481923e-05, 'epoch': 0.022961203483768806}
Rank 0, Iter 59/7578: Loss = 3.0707, Iter Time = 0.3080 s.
{'loss': 3.0796, 'grad_norm': 5.050852298736572, 'learning_rate': 1.9852203747690685e-05, 'epoch': 0.023357086302454474}
Rank 0, Iter 60/7578: Loss = 3.0796, Iter Time = 0.3115 s.
{'loss': 3.1619, 'grad_norm': 4.790260314941406, 'learning_rate': 1.9849564528899446e-05, 'epoch': 0.023752969121140142}
Rank 0, Iter 61/7578: Loss = 3.1619, Iter Time = 0.3103 s.
{'loss': 3.0542, 'grad_norm': 4.384932518005371, 'learning_rate': 1.9846925310108208e-05, 'epoch': 0.02414885193982581}
Rank 0, Iter 62/7578: Loss = 3.0542, Iter Time = 0.3083 s.
{'loss': 2.9405, 'grad_norm': 4.235872745513916, 'learning_rate': 1.984428609131697e-05, 'epoch': 0.02454473475851148}
Rank 0, Iter 63/7578: Loss = 2.9405, Iter Time = 0.3088 s.
{'loss': 3.16, 'grad_norm': 6.4918904304504395, 'learning_rate': 1.9841646872525734e-05, 'epoch': 0.02494061757719715}
Rank 0, Iter 64/7578: Loss = 3.1600, Iter Time = 0.3066 s.
{'loss': 3.366, 'grad_norm': 5.8137969970703125, 'learning_rate': 1.9839007653734496e-05, 'epoch': 0.025336500395882817}
Rank 0, Iter 65/7578: Loss = 3.3660, Iter Time = 0.3060 s.
{'loss': 3.1229, 'grad_norm': 5.052182674407959, 'learning_rate': 1.9836368434943258e-05, 'epoch': 0.02573238321456849}
Rank 0, Iter 66/7578: Loss = 3.1229, Iter Time = 0.3049 s.
{'loss': 3.0016, 'grad_norm': 4.024558067321777, 'learning_rate': 1.983372921615202e-05, 'epoch': 0.026128266033254157}
Rank 0, Iter 67/7578: Loss = 3.0016, Iter Time = 0.3061 s.
{'loss': 2.9899, 'grad_norm': 4.9398651123046875, 'learning_rate': 1.983108999736078e-05, 'epoch': 0.026524148851939825}
Rank 0, Iter 68/7578: Loss = 2.9899, Iter Time = 0.3073 s.
{'loss': 3.1394, 'grad_norm': 5.340860366821289, 'learning_rate': 1.9828450778569546e-05, 'epoch': 0.026920031670625493}
Rank 0, Iter 69/7578: Loss = 3.1394, Iter Time = 0.3069 s.
{'loss': 3.1834, 'grad_norm': 5.0026960372924805, 'learning_rate': 1.9825811559778307e-05, 'epoch': 0.027315914489311165}
Rank 0, Iter 70/7578: Loss = 3.1834, Iter Time = 0.3069 s.
{'loss': 2.7449, 'grad_norm': 4.191409111022949, 'learning_rate': 1.982317234098707e-05, 'epoch': 0.027711797307996833}
Rank 0, Iter 71/7578: Loss = 2.7449, Iter Time = 0.3074 s.
{'loss': 3.1951, 'grad_norm': 3.848973035812378, 'learning_rate': 1.982053312219583e-05, 'epoch': 0.0281076801266825}
Rank 0, Iter 72/7578: Loss = 3.1951, Iter Time = 0.3067 s.
{'loss': 2.8506, 'grad_norm': 4.031938076019287, 'learning_rate': 1.9817893903404595e-05, 'epoch': 0.028503562945368172}
Rank 0, Iter 73/7578: Loss = 2.8506, Iter Time = 0.3066 s.
{'loss': 2.801, 'grad_norm': 3.8432626724243164, 'learning_rate': 1.9815254684613357e-05, 'epoch': 0.02889944576405384}
Rank 0, Iter 74/7578: Loss = 2.8010, Iter Time = 0.3067 s.
{'loss': 2.8867, 'grad_norm': 4.062777996063232, 'learning_rate': 1.981261546582212e-05, 'epoch': 0.02929532858273951}
Rank 0, Iter 75/7578: Loss = 2.8867, Iter Time = 0.3066 s.
{'loss': 2.7085, 'grad_norm': 4.104654788970947, 'learning_rate': 1.980997624703088e-05, 'epoch': 0.029691211401425176}
Rank 0, Iter 76/7578: Loss = 2.7085, Iter Time = 0.3094 s.
{'loss': 3.0176, 'grad_norm': 3.929304838180542, 'learning_rate': 1.9807337028239645e-05, 'epoch': 0.030087094220110848}
Rank 0, Iter 77/7578: Loss = 3.0176, Iter Time = 0.3102 s.
{'loss': 2.867, 'grad_norm': 3.464061737060547, 'learning_rate': 1.9804697809448407e-05, 'epoch': 0.030482977038796516}
Rank 0, Iter 78/7578: Loss = 2.8670, Iter Time = 0.3064 s.
{'loss': 2.7976, 'grad_norm': 3.5339255332946777, 'learning_rate': 1.980205859065717e-05, 'epoch': 0.030878859857482184}
Rank 0, Iter 79/7578: Loss = 2.7976, Iter Time = 0.3067 s.
{'loss': 2.6232, 'grad_norm': 3.546720504760742, 'learning_rate': 1.979941937186593e-05, 'epoch': 0.03127474267616785}
Rank 0, Iter 80/7578: Loss = 2.6232, Iter Time = 0.3074 s.
{'loss': 2.8481, 'grad_norm': 3.5237536430358887, 'learning_rate': 1.979678015307469e-05, 'epoch': 0.03167062549485352}
Rank 0, Iter 81/7578: Loss = 2.8481, Iter Time = 0.3058 s.
{'loss': 2.8939, 'grad_norm': 3.7343928813934326, 'learning_rate': 1.9794140934283453e-05, 'epoch': 0.032066508313539195}
Rank 0, Iter 82/7578: Loss = 2.8939, Iter Time = 0.3056 s.
{'loss': 2.5787, 'grad_norm': 3.8032798767089844, 'learning_rate': 1.9791501715492215e-05, 'epoch': 0.03246239113222486}
Rank 0, Iter 83/7578: Loss = 2.5787, Iter Time = 0.3052 s.
{'loss': 2.9928, 'grad_norm': 4.398657321929932, 'learning_rate': 1.9788862496700976e-05, 'epoch': 0.03285827395091053}
Rank 0, Iter 84/7578: Loss = 2.9928, Iter Time = 0.3076 s.
{'loss': 2.7116, 'grad_norm': 4.006437301635742, 'learning_rate': 1.9786223277909738e-05, 'epoch': 0.0332541567695962}
Rank 0, Iter 85/7578: Loss = 2.7116, Iter Time = 0.3075 s.
{'loss': 2.815, 'grad_norm': 4.860788345336914, 'learning_rate': 1.9783584059118503e-05, 'epoch': 0.03365003958828187}
Rank 0, Iter 86/7578: Loss = 2.8150, Iter Time = 0.3062 s.
{'loss': 2.5762, 'grad_norm': 4.294497489929199, 'learning_rate': 1.9780944840327265e-05, 'epoch': 0.034045922406967535}
Rank 0, Iter 87/7578: Loss = 2.5762, Iter Time = 0.3062 s.
{'loss': 2.5347, 'grad_norm': 3.8464303016662598, 'learning_rate': 1.9778305621536026e-05, 'epoch': 0.0344418052256532}
Rank 0, Iter 88/7578: Loss = 2.5347, Iter Time = 0.3071 s.
{'loss': 2.5951, 'grad_norm': 4.200743675231934, 'learning_rate': 1.9775666402744788e-05, 'epoch': 0.03483768804433888}
Rank 0, Iter 89/7578: Loss = 2.5951, Iter Time = 0.3096 s.
{'loss': 2.9479, 'grad_norm': 4.209240436553955, 'learning_rate': 1.977302718395355e-05, 'epoch': 0.035233570863024546}
Rank 0, Iter 90/7578: Loss = 2.9479, Iter Time = 0.3098 s.
{'loss': 2.7642, 'grad_norm': 4.180373668670654, 'learning_rate': 1.9770387965162314e-05, 'epoch': 0.035629453681710214}
Rank 0, Iter 91/7578: Loss = 2.7642, Iter Time = 0.3080 s.
{'loss': 2.5327, 'grad_norm': 3.781449794769287, 'learning_rate': 1.9767748746371076e-05, 'epoch': 0.03602533650039588}
Rank 0, Iter 92/7578: Loss = 2.5327, Iter Time = 0.3084 s.
{'loss': 2.7279, 'grad_norm': 3.7942447662353516, 'learning_rate': 1.9765109527579837e-05, 'epoch': 0.03642121931908155}
Rank 0, Iter 93/7578: Loss = 2.7279, Iter Time = 0.3115 s.
{'loss': 2.7188, 'grad_norm': 7.133258819580078, 'learning_rate': 1.97624703087886e-05, 'epoch': 0.03681710213776722}
Rank 0, Iter 94/7578: Loss = 2.7188, Iter Time = 0.3076 s.
{'loss': 2.6285, 'grad_norm': 3.5534443855285645, 'learning_rate': 1.9759831089997364e-05, 'epoch': 0.03721298495645289}
Rank 0, Iter 95/7578: Loss = 2.6285, Iter Time = 0.3078 s.
{'loss': 2.5782, 'grad_norm': 3.316106081008911, 'learning_rate': 1.9757191871206126e-05, 'epoch': 0.03760886777513856}
Rank 0, Iter 96/7578: Loss = 2.5782, Iter Time = 0.3083 s.
{'loss': 2.5734, 'grad_norm': 5.367709159851074, 'learning_rate': 1.9754552652414887e-05, 'epoch': 0.03800475059382423}
Rank 0, Iter 97/7578: Loss = 2.5734, Iter Time = 1.4886 s.
{'loss': 2.5847, 'grad_norm': 3.779752254486084, 'learning_rate': 1.975191343362365e-05, 'epoch': 0.0384006334125099}
Rank 0, Iter 98/7578: Loss = 2.5847, Iter Time = 0.3075 s.
{'loss': 2.6071, 'grad_norm': 4.086088180541992, 'learning_rate': 1.974927421483241e-05, 'epoch': 0.038796516231195566}
Rank 0, Iter 99/7578: Loss = 2.6071, Iter Time = 0.3074 s.
{'loss': 2.3936, 'grad_norm': 2.966412305831909, 'learning_rate': 1.9746634996041175e-05, 'epoch': 0.039192399049881234}
Rank 0, Iter 100/7578: Loss = 2.3936, Iter Time = 0.3091 s.
{'loss': 2.7764, 'grad_norm': 3.935380220413208, 'learning_rate': 1.9743995777249937e-05, 'epoch': 0.0395882818685669}
Rank 0, Iter 101/7578: Loss = 2.7764, Iter Time = 0.3087 s.
{'loss': 2.7324, 'grad_norm': 4.565807819366455, 'learning_rate': 1.97413565584587e-05, 'epoch': 0.03998416468725257}
Rank 0, Iter 102/7578: Loss = 2.7324, Iter Time = 0.3091 s.
{'loss': 2.7263, 'grad_norm': 3.5914998054504395, 'learning_rate': 1.973871733966746e-05, 'epoch': 0.040380047505938245}
Rank 0, Iter 103/7578: Loss = 2.7263, Iter Time = 0.3070 s.
{'loss': 2.4753, 'grad_norm': 3.701514482498169, 'learning_rate': 1.9736078120876222e-05, 'epoch': 0.04077593032462391}
Rank 0, Iter 104/7578: Loss = 2.4753, Iter Time = 0.3081 s.
{'loss': 2.6656, 'grad_norm': 3.822493314743042, 'learning_rate': 1.9733438902084983e-05, 'epoch': 0.04117181314330958}
Rank 0, Iter 105/7578: Loss = 2.6656, Iter Time = 0.3092 s.
{'loss': 2.4814, 'grad_norm': 3.3437440395355225, 'learning_rate': 1.9730799683293745e-05, 'epoch': 0.04156769596199525}
Rank 0, Iter 106/7578: Loss = 2.4814, Iter Time = 0.3072 s.
{'loss': 2.9455, 'grad_norm': 4.711843967437744, 'learning_rate': 1.9728160464502507e-05, 'epoch': 0.04196357878068092}
Rank 0, Iter 107/7578: Loss = 2.9455, Iter Time = 0.3071 s.
{'loss': 2.6456, 'grad_norm': 4.42628812789917, 'learning_rate': 1.972552124571127e-05, 'epoch': 0.042359461599366585}
Rank 0, Iter 108/7578: Loss = 2.6456, Iter Time = 0.3068 s.
{'loss': 2.7571, 'grad_norm': 4.565848350524902, 'learning_rate': 1.9722882026920033e-05, 'epoch': 0.04275534441805225}
Rank 0, Iter 109/7578: Loss = 2.7571, Iter Time = 0.3072 s.
{'loss': 2.428, 'grad_norm': 4.115926265716553, 'learning_rate': 1.9720242808128795e-05, 'epoch': 0.04315122723673793}
Rank 0, Iter 110/7578: Loss = 2.4280, Iter Time = 0.3096 s.
{'loss': 2.5911, 'grad_norm': 3.5723319053649902, 'learning_rate': 1.9717603589337556e-05, 'epoch': 0.043547110055423596}
Rank 0, Iter 111/7578: Loss = 2.5911, Iter Time = 0.3056 s.
{'loss': 2.9264, 'grad_norm': 5.018520355224609, 'learning_rate': 1.9714964370546318e-05, 'epoch': 0.043942992874109264}
Rank 0, Iter 112/7578: Loss = 2.9264, Iter Time = 0.3076 s.
{'loss': 2.6425, 'grad_norm': 4.1833391189575195, 'learning_rate': 1.9712325151755083e-05, 'epoch': 0.04433887569279493}
Rank 0, Iter 113/7578: Loss = 2.6425, Iter Time = 0.3112 s.
{'loss': 2.5112, 'grad_norm': 4.17214822769165, 'learning_rate': 1.9709685932963844e-05, 'epoch': 0.0447347585114806}
Rank 0, Iter 114/7578: Loss = 2.5112, Iter Time = 0.3083 s.
{'loss': 2.7374, 'grad_norm': 4.099846363067627, 'learning_rate': 1.9707046714172606e-05, 'epoch': 0.04513064133016627}
Rank 0, Iter 115/7578: Loss = 2.7374, Iter Time = 0.3109 s.
{'loss': 2.3834, 'grad_norm': 3.9975717067718506, 'learning_rate': 1.9704407495381368e-05, 'epoch': 0.045526524148851936}
Rank 0, Iter 116/7578: Loss = 2.3834, Iter Time = 0.3107 s.
{'loss': 2.7746, 'grad_norm': 4.9420857429504395, 'learning_rate': 1.9701768276590133e-05, 'epoch': 0.04592240696753761}
Rank 0, Iter 117/7578: Loss = 2.7746, Iter Time = 0.3070 s.
{'loss': 2.8294, 'grad_norm': 4.404997825622559, 'learning_rate': 1.9699129057798894e-05, 'epoch': 0.04631828978622328}
Rank 0, Iter 118/7578: Loss = 2.8294, Iter Time = 0.3093 s.
{'loss': 2.6327, 'grad_norm': 4.434368133544922, 'learning_rate': 1.9696489839007656e-05, 'epoch': 0.04671417260490895}
Rank 0, Iter 119/7578: Loss = 2.6327, Iter Time = 0.3073 s.
{'loss': 2.5611, 'grad_norm': 3.595106601715088, 'learning_rate': 1.9693850620216417e-05, 'epoch': 0.047110055423594616}
Rank 0, Iter 120/7578: Loss = 2.5611, Iter Time = 0.3097 s.
{'loss': 2.2735, 'grad_norm': 2.9857025146484375, 'learning_rate': 1.969121140142518e-05, 'epoch': 0.047505938242280284}
Rank 0, Iter 121/7578: Loss = 2.2735, Iter Time = 0.3104 s.
{'loss': 2.5607, 'grad_norm': 3.833575487136841, 'learning_rate': 1.9688572182633944e-05, 'epoch': 0.04790182106096595}
Rank 0, Iter 122/7578: Loss = 2.5607, Iter Time = 0.3085 s.
{'loss': 2.5464, 'grad_norm': 3.5886411666870117, 'learning_rate': 1.9685932963842706e-05, 'epoch': 0.04829770387965162}
Rank 0, Iter 123/7578: Loss = 2.5464, Iter Time = 0.3065 s.
{'loss': 2.6122, 'grad_norm': 4.313549518585205, 'learning_rate': 1.9683293745051467e-05, 'epoch': 0.048693586698337295}
Rank 0, Iter 124/7578: Loss = 2.6122, Iter Time = 0.3107 s.
{'loss': 2.577, 'grad_norm': 4.473026275634766, 'learning_rate': 1.968065452626023e-05, 'epoch': 0.04908946951702296}
Rank 0, Iter 125/7578: Loss = 2.5770, Iter Time = 0.3092 s.
{'loss': 2.365, 'grad_norm': 3.879624128341675, 'learning_rate': 1.967801530746899e-05, 'epoch': 0.04948535233570863}
Rank 0, Iter 126/7578: Loss = 2.3650, Iter Time = 0.3116 s.
{'loss': 2.2852, 'grad_norm': 3.9759578704833984, 'learning_rate': 1.9675376088677752e-05, 'epoch': 0.0498812351543943}
Rank 0, Iter 127/7578: Loss = 2.2852, Iter Time = 0.3185 s.
{'loss': 2.532, 'grad_norm': 4.727848052978516, 'learning_rate': 1.9672736869886514e-05, 'epoch': 0.05027711797307997}
Rank 0, Iter 128/7578: Loss = 2.5320, Iter Time = 0.3153 s.
{'loss': 2.5372, 'grad_norm': 4.083613872528076, 'learning_rate': 1.967009765109528e-05, 'epoch': 0.050673000791765635}
Rank 0, Iter 129/7578: Loss = 2.5372, Iter Time = 0.3126 s.
{'loss': 2.3185, 'grad_norm': 3.516918659210205, 'learning_rate': 1.966745843230404e-05, 'epoch': 0.0510688836104513}
Rank 0, Iter 130/7578: Loss = 2.3185, Iter Time = 0.3128 s.
{'loss': 2.6142, 'grad_norm': 3.857779026031494, 'learning_rate': 1.96648192135128e-05, 'epoch': 0.05146476642913698}
Rank 0, Iter 131/7578: Loss = 2.6142, Iter Time = 0.3143 s.
{'loss': 2.3476, 'grad_norm': 3.2178828716278076, 'learning_rate': 1.9662179994721563e-05, 'epoch': 0.051860649247822646}
Rank 0, Iter 132/7578: Loss = 2.3476, Iter Time = 0.3134 s.
{'loss': 2.4547, 'grad_norm': 3.69926118850708, 'learning_rate': 1.9659540775930325e-05, 'epoch': 0.052256532066508314}
Rank 0, Iter 133/7578: Loss = 2.4547, Iter Time = 0.3107 s.
{'loss': 2.7004, 'grad_norm': 4.783569812774658, 'learning_rate': 1.9656901557139086e-05, 'epoch': 0.05265241488519398}
Rank 0, Iter 134/7578: Loss = 2.7004, Iter Time = 0.3175 s.
{'loss': 2.5953, 'grad_norm': 3.932573080062866, 'learning_rate': 1.965426233834785e-05, 'epoch': 0.05304829770387965}
Rank 0, Iter 135/7578: Loss = 2.5953, Iter Time = 0.3145 s.
{'loss': 2.7099, 'grad_norm': 4.340261459350586, 'learning_rate': 1.9651623119556613e-05, 'epoch': 0.05344418052256532}
Rank 0, Iter 136/7578: Loss = 2.7099, Iter Time = 0.3168 s.
{'loss': 2.5148, 'grad_norm': 4.09529447555542, 'learning_rate': 1.9648983900765375e-05, 'epoch': 0.053840063341250986}
Rank 0, Iter 137/7578: Loss = 2.5148, Iter Time = 0.3129 s.
{'loss': 2.3241, 'grad_norm': 3.873342514038086, 'learning_rate': 1.9646344681974136e-05, 'epoch': 0.05423594615993666}
Rank 0, Iter 138/7578: Loss = 2.3241, Iter Time = 0.3175 s.
{'loss': 2.6815, 'grad_norm': 4.564121723175049, 'learning_rate': 1.96437054631829e-05, 'epoch': 0.05463182897862233}
Rank 0, Iter 139/7578: Loss = 2.6815, Iter Time = 0.3157 s.
{'loss': 2.6287, 'grad_norm': 4.334619522094727, 'learning_rate': 1.9641066244391663e-05, 'epoch': 0.055027711797308}
Rank 0, Iter 140/7578: Loss = 2.6287, Iter Time = 0.3211 s.
{'loss': 2.5007, 'grad_norm': 4.258737087249756, 'learning_rate': 1.9638427025600424e-05, 'epoch': 0.055423594615993665}
Rank 0, Iter 141/7578: Loss = 2.5007, Iter Time = 0.3101 s.
{'loss': 2.2086, 'grad_norm': 3.442329168319702, 'learning_rate': 1.9635787806809186e-05, 'epoch': 0.055819477434679333}
Rank 0, Iter 142/7578: Loss = 2.2086, Iter Time = 0.3216 s.
{'loss': 2.3806, 'grad_norm': 3.58170747756958, 'learning_rate': 1.9633148588017948e-05, 'epoch': 0.056215360253365}
Rank 0, Iter 143/7578: Loss = 2.3806, Iter Time = 0.3101 s.
{'loss': 2.5939, 'grad_norm': 4.205141067504883, 'learning_rate': 1.9630509369226713e-05, 'epoch': 0.05661124307205067}
Rank 0, Iter 144/7578: Loss = 2.5939, Iter Time = 0.3168 s.
{'loss': 2.3877, 'grad_norm': 3.8927688598632812, 'learning_rate': 1.9627870150435474e-05, 'epoch': 0.057007125890736345}
Rank 0, Iter 145/7578: Loss = 2.3877, Iter Time = 5.9360 s.
{'loss': 2.6236, 'grad_norm': 3.926670789718628, 'learning_rate': 1.9625230931644236e-05, 'epoch': 0.05740300870942201}
Rank 0, Iter 146/7578: Loss = 2.6236, Iter Time = 0.5999 s.
{'loss': 2.4327, 'grad_norm': 3.9139809608459473, 'learning_rate': 1.9622591712852997e-05, 'epoch': 0.05779889152810768}
Rank 0, Iter 147/7578: Loss = 2.4327, Iter Time = 0.3131 s.
{'loss': 2.2012, 'grad_norm': 4.096180438995361, 'learning_rate': 1.961995249406176e-05, 'epoch': 0.05819477434679335}
Rank 0, Iter 148/7578: Loss = 2.2012, Iter Time = 0.3187 s.
{'loss': 2.4387, 'grad_norm': 3.7338225841522217, 'learning_rate': 1.961731327527052e-05, 'epoch': 0.05859065716547902}
Rank 0, Iter 149/7578: Loss = 2.4387, Iter Time = 0.3137 s.
{'loss': 2.5777, 'grad_norm': 4.543009281158447, 'learning_rate': 1.9614674056479282e-05, 'epoch': 0.058986539984164685}
Rank 0, Iter 150/7578: Loss = 2.5777, Iter Time = 0.3115 s.
{'loss': 2.3055, 'grad_norm': 4.096522331237793, 'learning_rate': 1.9612034837688047e-05, 'epoch': 0.05938242280285035}
Rank 0, Iter 151/7578: Loss = 2.3055, Iter Time = 0.3116 s.
{'loss': 2.5469, 'grad_norm': 5.069754123687744, 'learning_rate': 1.960939561889681e-05, 'epoch': 0.05977830562153603}
Rank 0, Iter 152/7578: Loss = 2.5469, Iter Time = 0.3118 s.
{'loss': 2.5041, 'grad_norm': 3.876995325088501, 'learning_rate': 1.960675640010557e-05, 'epoch': 0.060174188440221696}
Rank 0, Iter 153/7578: Loss = 2.5041, Iter Time = 1.8544 s.
{'loss': 2.3662, 'grad_norm': 3.9096903800964355, 'learning_rate': 1.9604117181314332e-05, 'epoch': 0.060570071258907364}
Rank 0, Iter 154/7578: Loss = 2.3662, Iter Time = 0.5417 s.
{'loss': 2.5982, 'grad_norm': 4.181964874267578, 'learning_rate': 1.9601477962523093e-05, 'epoch': 0.06096595407759303}
Rank 0, Iter 155/7578: Loss = 2.5982, Iter Time = 0.7166 s.
{'loss': 2.3945, 'grad_norm': 4.937455177307129, 'learning_rate': 1.9598838743731855e-05, 'epoch': 0.0613618368962787}
Rank 0, Iter 156/7578: Loss = 2.3945, Iter Time = 0.6845 s.
{'loss': 2.3902, 'grad_norm': 4.418145179748535, 'learning_rate': 1.959619952494062e-05, 'epoch': 0.06175771971496437}
Rank 0, Iter 157/7578: Loss = 2.3902, Iter Time = 0.6805 s.
{'loss': 2.48, 'grad_norm': 4.150885105133057, 'learning_rate': 1.959356030614938e-05, 'epoch': 0.062153602533650036}
Rank 0, Iter 158/7578: Loss = 2.4800, Iter Time = 1.5834 s.
{'loss': 2.6495, 'grad_norm': 4.247275352478027, 'learning_rate': 1.9590921087358143e-05, 'epoch': 0.0625494853523357}
Rank 0, Iter 159/7578: Loss = 2.6495, Iter Time = 0.7802 s.
{'loss': 2.4329, 'grad_norm': 3.931969165802002, 'learning_rate': 1.9588281868566905e-05, 'epoch': 0.06294536817102138}
Rank 0, Iter 160/7578: Loss = 2.4329, Iter Time = 0.6842 s.
{'loss': 2.375, 'grad_norm': 4.708012580871582, 'learning_rate': 1.958564264977567e-05, 'epoch': 0.06334125098970704}
Rank 0, Iter 161/7578: Loss = 2.3750, Iter Time = 1.6271 s.
{'loss': 2.3861, 'grad_norm': 4.057267665863037, 'learning_rate': 1.958300343098443e-05, 'epoch': 0.06373713380839272}
Rank 0, Iter 162/7578: Loss = 2.3861, Iter Time = 0.6573 s.
{'loss': 2.3969, 'grad_norm': 4.436832904815674, 'learning_rate': 1.9580364212193193e-05, 'epoch': 0.06413301662707839}
Rank 0, Iter 163/7578: Loss = 2.3969, Iter Time = 0.8126 s.
{'loss': 2.4322, 'grad_norm': 4.074984550476074, 'learning_rate': 1.9577724993401955e-05, 'epoch': 0.06452889944576405}
Rank 0, Iter 164/7578: Loss = 2.4322, Iter Time = 0.6893 s.
{'loss': 2.3623, 'grad_norm': 3.604170560836792, 'learning_rate': 1.9575085774610716e-05, 'epoch': 0.06492478226444973}
Rank 0, Iter 165/7578: Loss = 2.3623, Iter Time = 1.6374 s.
{'loss': 2.3695, 'grad_norm': 4.008185386657715, 'learning_rate': 1.957244655581948e-05, 'epoch': 0.06532066508313539}
Rank 0, Iter 166/7578: Loss = 2.3695, Iter Time = 0.8171 s.
{'loss': 2.3316, 'grad_norm': 3.9425952434539795, 'learning_rate': 1.9569807337028243e-05, 'epoch': 0.06571654790182106}
Rank 0, Iter 167/7578: Loss = 2.3316, Iter Time = 0.6802 s.
{'loss': 2.3278, 'grad_norm': 3.8814072608947754, 'learning_rate': 1.9567168118237004e-05, 'epoch': 0.06611243072050672}
Rank 0, Iter 168/7578: Loss = 2.3278, Iter Time = 1.6802 s.
{'loss': 2.247, 'grad_norm': 3.4300155639648438, 'learning_rate': 1.9564528899445766e-05, 'epoch': 0.0665083135391924}
Rank 0, Iter 169/7578: Loss = 2.2470, Iter Time = 0.6248 s.
{'loss': 2.5293, 'grad_norm': 5.6541337966918945, 'learning_rate': 1.9561889680654527e-05, 'epoch': 0.06690419635787807}
Rank 0, Iter 170/7578: Loss = 2.5293, Iter Time = 0.7797 s.
{'loss': 2.4865, 'grad_norm': 4.396960258483887, 'learning_rate': 1.955925046186329e-05, 'epoch': 0.06730007917656373}
Rank 0, Iter 171/7578: Loss = 2.4865, Iter Time = 0.6865 s.
{'loss': 2.3112, 'grad_norm': 4.167169570922852, 'learning_rate': 1.955661124307205e-05, 'epoch': 0.06769596199524941}
Rank 0, Iter 172/7578: Loss = 2.3112, Iter Time = 1.5790 s.
{'loss': 2.2721, 'grad_norm': 3.665320873260498, 'learning_rate': 1.9553972024280816e-05, 'epoch': 0.06809184481393507}
Rank 0, Iter 173/7578: Loss = 2.2721, Iter Time = 0.7996 s.
{'loss': 2.6835, 'grad_norm': 4.520546913146973, 'learning_rate': 1.9551332805489577e-05, 'epoch': 0.06848772763262075}
Rank 0, Iter 174/7578: Loss = 2.6835, Iter Time = 0.6851 s.
{'loss': 2.447, 'grad_norm': 4.9506425857543945, 'learning_rate': 1.954869358669834e-05, 'epoch': 0.0688836104513064}
Rank 0, Iter 175/7578: Loss = 2.4470, Iter Time = 0.6861 s.
{'loss': 2.4565, 'grad_norm': 4.049743175506592, 'learning_rate': 1.95460543679071e-05, 'epoch': 0.06927949326999208}
Rank 0, Iter 176/7578: Loss = 2.4565, Iter Time = 1.6536 s.
{'loss': 2.7996, 'grad_norm': 4.786410808563232, 'learning_rate': 1.9543415149115862e-05, 'epoch': 0.06967537608867776}
Rank 0, Iter 177/7578: Loss = 2.7996, Iter Time = 0.7874 s.
{'loss': 2.6999, 'grad_norm': 5.550910949707031, 'learning_rate': 1.9540775930324624e-05, 'epoch': 0.07007125890736342}
Rank 0, Iter 178/7578: Loss = 2.6999, Iter Time = 0.6846 s.
{'loss': 2.764, 'grad_norm': 5.061236381530762, 'learning_rate': 1.953813671153339e-05, 'epoch': 0.07046714172604909}
Rank 0, Iter 179/7578: Loss = 2.7640, Iter Time = 1.6242 s.
{'loss': 2.2023, 'grad_norm': 3.579172372817993, 'learning_rate': 1.953549749274215e-05, 'epoch': 0.07086302454473475}
Rank 0, Iter 180/7578: Loss = 2.2023, Iter Time = 0.6843 s.
{'loss': 2.4648, 'grad_norm': 3.8587045669555664, 'learning_rate': 1.9532858273950912e-05, 'epoch': 0.07125890736342043}
Rank 0, Iter 181/7578: Loss = 2.4648, Iter Time = 0.7248 s.
{'loss': 2.5597, 'grad_norm': 5.089500904083252, 'learning_rate': 1.9530219055159673e-05, 'epoch': 0.07165479018210609}
Rank 0, Iter 182/7578: Loss = 2.5597, Iter Time = 0.6814 s.
{'loss': 2.4486, 'grad_norm': 4.536450386047363, 'learning_rate': 1.9527579836368435e-05, 'epoch': 0.07205067300079177}
Rank 0, Iter 183/7578: Loss = 2.4486, Iter Time = 1.5270 s.
{'loss': 2.6347, 'grad_norm': 4.470980644226074, 'learning_rate': 1.95249406175772e-05, 'epoch': 0.07244655581947744}
Rank 0, Iter 184/7578: Loss = 2.6347, Iter Time = 0.5506 s.
{'loss': 2.2108, 'grad_norm': 4.361641883850098, 'learning_rate': 1.952230139878596e-05, 'epoch': 0.0728424386381631}
Rank 0, Iter 185/7578: Loss = 2.2108, Iter Time = 0.7159 s.
{'loss': 2.5024, 'grad_norm': 5.2595953941345215, 'learning_rate': 1.9519662179994723e-05, 'epoch': 0.07323832145684878}
Rank 0, Iter 186/7578: Loss = 2.5024, Iter Time = 0.6839 s.
{'loss': 1.9759, 'grad_norm': 3.4413630962371826, 'learning_rate': 1.9517022961203485e-05, 'epoch': 0.07363420427553444}
Rank 0, Iter 187/7578: Loss = 1.9759, Iter Time = 1.6319 s.
{'loss': 2.1052, 'grad_norm': 3.9826364517211914, 'learning_rate': 1.951438374241225e-05, 'epoch': 0.07403008709422011}
Rank 0, Iter 188/7578: Loss = 2.1052, Iter Time = 0.6845 s.
{'loss': 2.1954, 'grad_norm': 3.823702096939087, 'learning_rate': 1.951174452362101e-05, 'epoch': 0.07442596991290577}
Rank 0, Iter 189/7578: Loss = 2.1954, Iter Time = 0.7455 s.
{'loss': 2.4841, 'grad_norm': 4.2878193855285645, 'learning_rate': 1.9509105304829773e-05, 'epoch': 0.07482185273159145}
Rank 0, Iter 190/7578: Loss = 2.4841, Iter Time = 0.6865 s.
{'loss': 2.495, 'grad_norm': 4.572722911834717, 'learning_rate': 1.9506466086038534e-05, 'epoch': 0.07521773555027712}
Rank 0, Iter 191/7578: Loss = 2.4950, Iter Time = 1.6027 s.
{'loss': 2.6161, 'grad_norm': 4.619984149932861, 'learning_rate': 1.9503826867247296e-05, 'epoch': 0.07561361836896278}
Rank 0, Iter 192/7578: Loss = 2.6161, Iter Time = 0.7697 s.
{'loss': 2.2196, 'grad_norm': 3.2510619163513184, 'learning_rate': 1.9501187648456058e-05, 'epoch': 0.07600950118764846}
Rank 0, Iter 193/7578: Loss = 2.2196, Iter Time = 0.6817 s.
{'loss': 2.5886, 'grad_norm': 4.585025787353516, 'learning_rate': 1.949854842966482e-05, 'epoch': 0.07640538400633412}
Rank 0, Iter 194/7578: Loss = 2.5886, Iter Time = 0.6772 s.
{'loss': 2.5229, 'grad_norm': 4.638098239898682, 'learning_rate': 1.9495909210873584e-05, 'epoch': 0.0768012668250198}
Rank 0, Iter 195/7578: Loss = 2.5229, Iter Time = 1.6257 s.
{'loss': 2.5348, 'grad_norm': 3.9504506587982178, 'learning_rate': 1.9493269992082346e-05, 'epoch': 0.07719714964370546}
Rank 0, Iter 196/7578: Loss = 2.5348, Iter Time = 0.7940 s.
{'loss': 2.4307, 'grad_norm': 4.061091423034668, 'learning_rate': 1.9490630773291107e-05, 'epoch': 0.07759303246239113}
Rank 0, Iter 197/7578: Loss = 2.4307, Iter Time = 0.6889 s.
{'loss': 2.453, 'grad_norm': 4.189489364624023, 'learning_rate': 1.948799155449987e-05, 'epoch': 0.0779889152810768}
Rank 0, Iter 198/7578: Loss = 2.4530, Iter Time = 1.6246 s.
{'loss': 2.2105, 'grad_norm': 3.867767095565796, 'learning_rate': 1.948535233570863e-05, 'epoch': 0.07838479809976247}
Rank 0, Iter 199/7578: Loss = 2.2105, Iter Time = 0.6703 s.
{'loss': 2.4781, 'grad_norm': 4.078731060028076, 'learning_rate': 1.9482713116917392e-05, 'epoch': 0.07878068091844814}
Rank 0, Iter 200/7578: Loss = 2.4781, Iter Time = 0.7680 s.
{'loss': 2.243, 'grad_norm': 3.48588228225708, 'learning_rate': 1.9480073898126157e-05, 'epoch': 0.0791765637371338}
Rank 0, Iter 201/7578: Loss = 2.2430, Iter Time = 0.6820 s.
{'loss': 2.4162, 'grad_norm': 4.368855953216553, 'learning_rate': 1.947743467933492e-05, 'epoch': 0.07957244655581948}
Rank 0, Iter 202/7578: Loss = 2.4162, Iter Time = 1.6135 s.
{'loss': 2.4253, 'grad_norm': 4.483999252319336, 'learning_rate': 1.947479546054368e-05, 'epoch': 0.07996832937450514}
Rank 0, Iter 203/7578: Loss = 2.4253, Iter Time = 0.7774 s.
{'loss': 2.6247, 'grad_norm': 6.002477645874023, 'learning_rate': 1.9472156241752442e-05, 'epoch': 0.08036421219319081}
Rank 0, Iter 204/7578: Loss = 2.6247, Iter Time = 0.6866 s.
{'loss': 2.3378, 'grad_norm': 3.8343746662139893, 'learning_rate': 1.9469517022961203e-05, 'epoch': 0.08076009501187649}
Rank 0, Iter 205/7578: Loss = 2.3378, Iter Time = 0.6843 s.
{'loss': 2.4319, 'grad_norm': 4.088162422180176, 'learning_rate': 1.946687780416997e-05, 'epoch': 0.08115597783056215}
Rank 0, Iter 206/7578: Loss = 2.4319, Iter Time = 1.6305 s.
{'loss': 2.3168, 'grad_norm': 4.349137306213379, 'learning_rate': 1.946423858537873e-05, 'epoch': 0.08155186064924783}
Rank 0, Iter 207/7578: Loss = 2.3168, Iter Time = 0.7950 s.
{'loss': 2.5109, 'grad_norm': 4.676213264465332, 'learning_rate': 1.946159936658749e-05, 'epoch': 0.08194774346793349}
Rank 0, Iter 208/7578: Loss = 2.5109, Iter Time = 0.6873 s.
{'loss': 2.3107, 'grad_norm': 4.94730806350708, 'learning_rate': 1.9458960147796253e-05, 'epoch': 0.08234362628661916}
Rank 0, Iter 209/7578: Loss = 2.3107, Iter Time = 1.6248 s.
{'loss': 2.3704, 'grad_norm': 4.600767135620117, 'learning_rate': 1.9456320929005018e-05, 'epoch': 0.08273950910530482}
Rank 0, Iter 210/7578: Loss = 2.3704, Iter Time = 0.6860 s.
{'loss': 2.2459, 'grad_norm': 3.716402292251587, 'learning_rate': 1.945368171021378e-05, 'epoch': 0.0831353919239905}
Rank 0, Iter 211/7578: Loss = 2.2459, Iter Time = 0.7247 s.
{'loss': 2.4795, 'grad_norm': 5.171925067901611, 'learning_rate': 1.945104249142254e-05, 'epoch': 0.08353127474267617}
Rank 0, Iter 212/7578: Loss = 2.4795, Iter Time = 0.6849 s.
{'loss': 2.4219, 'grad_norm': 3.697467803955078, 'learning_rate': 1.9448403272631303e-05, 'epoch': 0.08392715756136183}
Rank 0, Iter 213/7578: Loss = 2.4219, Iter Time = 1.5736 s.
{'loss': 2.6816, 'grad_norm': 4.744025707244873, 'learning_rate': 1.9445764053840065e-05, 'epoch': 0.08432304038004751}
Rank 0, Iter 214/7578: Loss = 2.6816, Iter Time = 0.7959 s.
{'loss': 2.3452, 'grad_norm': 4.089226722717285, 'learning_rate': 1.9443124835048826e-05, 'epoch': 0.08471892319873317}
Rank 0, Iter 215/7578: Loss = 2.3452, Iter Time = 0.6007 s.
{'loss': 2.2446, 'grad_norm': 3.5601584911346436, 'learning_rate': 1.9440485616257588e-05, 'epoch': 0.08511480601741885}
Rank 0, Iter 216/7578: Loss = 2.2446, Iter Time = 0.3123 s.
{'loss': 2.7374, 'grad_norm': 5.137751579284668, 'learning_rate': 1.9437846397466353e-05, 'epoch': 0.0855106888361045}
Rank 0, Iter 217/7578: Loss = 2.7374, Iter Time = 0.3167 s.
{'loss': 2.1123, 'grad_norm': 3.589085340499878, 'learning_rate': 1.9435207178675114e-05, 'epoch': 0.08590657165479018}
Rank 0, Iter 218/7578: Loss = 2.1123, Iter Time = 0.3079 s.
{'loss': 2.3942, 'grad_norm': 4.393865585327148, 'learning_rate': 1.9432567959883876e-05, 'epoch': 0.08630245447347586}
Rank 0, Iter 219/7578: Loss = 2.3942, Iter Time = 0.3097 s.
{'loss': 2.5573, 'grad_norm': 4.489099502563477, 'learning_rate': 1.9429928741092638e-05, 'epoch': 0.08669833729216152}